[2021-12-12 08:39:28,526] {processor.py:162} INFO - Started process (PID=257) to work on /home/airflow/.local/lib/python3.8/site-packages/airflow/example_dags/example_xcomargs.py
[2021-12-12 08:39:28,528] {processor.py:613} INFO - Processing file /home/airflow/.local/lib/python3.8/site-packages/airflow/example_dags/example_xcomargs.py for tasks to queue
[2021-12-12 08:39:28,530] {logging_mixin.py:109} INFO - [2021-12-12 08:39:28,529] {dagbag.py:496} INFO - Filling up the DagBag from /home/airflow/.local/lib/python3.8/site-packages/airflow/example_dags/example_xcomargs.py
[2021-12-12 08:39:28,554] {processor.py:623} INFO - DAG(s) dict_keys(['example_xcom_args', 'example_xcom_args_with_operators']) retrieved from /home/airflow/.local/lib/python3.8/site-packages/airflow/example_dags/example_xcomargs.py
[2021-12-12 08:39:30,991] {logging_mixin.py:109} WARNING - /home/airflow/.local/lib/python3.8/site-packages/snowflake/connector/options.py:94 UserWarning: You have an incompatible version of 'pyarrow' installed (3.0.0), please install a version that adheres to: 'pyarrow<5.1.0,>=5.0.0; extra == "pandas"'
[2021-12-12 08:39:31,497] {logging_mixin.py:109} INFO - [2021-12-12 08:39:31,496] {dag.py:1833} INFO - Sync 2 DAGs
[2021-12-12 08:39:31,507] {logging_mixin.py:109} INFO - [2021-12-12 08:39:31,506] {dag.py:1852} INFO - Creating ORM DAG for example_xcom_args
[2021-12-12 08:39:31,508] {logging_mixin.py:109} INFO - [2021-12-12 08:39:31,508] {dag.py:1852} INFO - Creating ORM DAG for example_xcom_args_with_operators
[2021-12-12 08:39:31,514] {logging_mixin.py:109} INFO - [2021-12-12 08:39:31,514] {dag.py:2306} INFO - Setting next_dagrun for example_xcom_args to None
[2021-12-12 08:39:31,516] {logging_mixin.py:109} INFO - [2021-12-12 08:39:31,516] {dag.py:2306} INFO - Setting next_dagrun for example_xcom_args_with_operators to None
[2021-12-12 08:39:31,531] {processor.py:170} INFO - Processing /home/airflow/.local/lib/python3.8/site-packages/airflow/example_dags/example_xcomargs.py took 3.011 seconds
[2021-12-12 08:40:01,777] {processor.py:162} INFO - Started process (PID=374) to work on /home/airflow/.local/lib/python3.8/site-packages/airflow/example_dags/example_xcomargs.py
[2021-12-12 08:40:01,780] {processor.py:613} INFO - Processing file /home/airflow/.local/lib/python3.8/site-packages/airflow/example_dags/example_xcomargs.py for tasks to queue
[2021-12-12 08:40:01,782] {logging_mixin.py:109} INFO - [2021-12-12 08:40:01,782] {dagbag.py:496} INFO - Filling up the DagBag from /home/airflow/.local/lib/python3.8/site-packages/airflow/example_dags/example_xcomargs.py
[2021-12-12 08:40:01,809] {processor.py:623} INFO - DAG(s) dict_keys(['example_xcom_args', 'example_xcom_args_with_operators']) retrieved from /home/airflow/.local/lib/python3.8/site-packages/airflow/example_dags/example_xcomargs.py
[2021-12-12 08:40:02,261] {logging_mixin.py:109} INFO - [2021-12-12 08:40:02,261] {dag.py:1833} INFO - Sync 2 DAGs
[2021-12-12 08:40:02,287] {logging_mixin.py:109} INFO - [2021-12-12 08:40:02,287] {dag.py:2306} INFO - Setting next_dagrun for example_xcom_args to None
[2021-12-12 08:40:02,301] {logging_mixin.py:109} INFO - [2021-12-12 08:40:02,301] {dag.py:2306} INFO - Setting next_dagrun for example_xcom_args_with_operators to None
[2021-12-12 08:40:02,325] {processor.py:170} INFO - Processing /home/airflow/.local/lib/python3.8/site-packages/airflow/example_dags/example_xcomargs.py took 0.552 seconds
[2021-12-12 08:40:32,503] {processor.py:162} INFO - Started process (PID=422) to work on /home/airflow/.local/lib/python3.8/site-packages/airflow/example_dags/example_xcomargs.py
[2021-12-12 08:40:32,505] {processor.py:613} INFO - Processing file /home/airflow/.local/lib/python3.8/site-packages/airflow/example_dags/example_xcomargs.py for tasks to queue
[2021-12-12 08:40:32,507] {logging_mixin.py:109} INFO - [2021-12-12 08:40:32,507] {dagbag.py:496} INFO - Filling up the DagBag from /home/airflow/.local/lib/python3.8/site-packages/airflow/example_dags/example_xcomargs.py
[2021-12-12 08:40:32,528] {processor.py:623} INFO - DAG(s) dict_keys(['example_xcom_args', 'example_xcom_args_with_operators']) retrieved from /home/airflow/.local/lib/python3.8/site-packages/airflow/example_dags/example_xcomargs.py
[2021-12-12 08:40:32,752] {logging_mixin.py:109} INFO - [2021-12-12 08:40:32,752] {dag.py:1833} INFO - Sync 2 DAGs
[2021-12-12 08:40:32,765] {logging_mixin.py:109} INFO - [2021-12-12 08:40:32,765] {dag.py:2306} INFO - Setting next_dagrun for example_xcom_args to None
[2021-12-12 08:40:32,766] {logging_mixin.py:109} INFO - [2021-12-12 08:40:32,766] {dag.py:2306} INFO - Setting next_dagrun for example_xcom_args_with_operators to None
[2021-12-12 08:40:32,779] {processor.py:170} INFO - Processing /home/airflow/.local/lib/python3.8/site-packages/airflow/example_dags/example_xcomargs.py took 0.280 seconds
[2021-12-12 08:41:03,191] {processor.py:162} INFO - Started process (PID=479) to work on /home/airflow/.local/lib/python3.8/site-packages/airflow/example_dags/example_xcomargs.py
[2021-12-12 08:41:03,199] {processor.py:613} INFO - Processing file /home/airflow/.local/lib/python3.8/site-packages/airflow/example_dags/example_xcomargs.py for tasks to queue
[2021-12-12 08:41:03,204] {logging_mixin.py:109} INFO - [2021-12-12 08:41:03,203] {dagbag.py:496} INFO - Filling up the DagBag from /home/airflow/.local/lib/python3.8/site-packages/airflow/example_dags/example_xcomargs.py
[2021-12-12 08:41:03,264] {processor.py:623} INFO - DAG(s) dict_keys(['example_xcom_args', 'example_xcom_args_with_operators']) retrieved from /home/airflow/.local/lib/python3.8/site-packages/airflow/example_dags/example_xcomargs.py
[2021-12-12 08:41:03,921] {logging_mixin.py:109} INFO - [2021-12-12 08:41:03,921] {dag.py:1833} INFO - Sync 2 DAGs
[2021-12-12 08:41:03,950] {logging_mixin.py:109} INFO - [2021-12-12 08:41:03,950] {dag.py:2306} INFO - Setting next_dagrun for example_xcom_args to None
[2021-12-12 08:41:03,953] {logging_mixin.py:109} INFO - [2021-12-12 08:41:03,953] {dag.py:2306} INFO - Setting next_dagrun for example_xcom_args_with_operators to None
[2021-12-12 08:41:03,970] {processor.py:170} INFO - Processing /home/airflow/.local/lib/python3.8/site-packages/airflow/example_dags/example_xcomargs.py took 0.793 seconds
[2021-12-12 08:41:34,289] {processor.py:162} INFO - Started process (PID=528) to work on /home/airflow/.local/lib/python3.8/site-packages/airflow/example_dags/example_xcomargs.py
[2021-12-12 08:41:34,293] {processor.py:613} INFO - Processing file /home/airflow/.local/lib/python3.8/site-packages/airflow/example_dags/example_xcomargs.py for tasks to queue
[2021-12-12 08:41:34,296] {logging_mixin.py:109} INFO - [2021-12-12 08:41:34,296] {dagbag.py:496} INFO - Filling up the DagBag from /home/airflow/.local/lib/python3.8/site-packages/airflow/example_dags/example_xcomargs.py
[2021-12-12 08:41:34,331] {processor.py:623} INFO - DAG(s) dict_keys(['example_xcom_args', 'example_xcom_args_with_operators']) retrieved from /home/airflow/.local/lib/python3.8/site-packages/airflow/example_dags/example_xcomargs.py
[2021-12-12 08:41:34,550] {logging_mixin.py:109} INFO - [2021-12-12 08:41:34,550] {dag.py:1833} INFO - Sync 2 DAGs
[2021-12-12 08:41:34,563] {logging_mixin.py:109} INFO - [2021-12-12 08:41:34,562] {dag.py:2306} INFO - Setting next_dagrun for example_xcom_args to None
[2021-12-12 08:41:34,564] {logging_mixin.py:109} INFO - [2021-12-12 08:41:34,564] {dag.py:2306} INFO - Setting next_dagrun for example_xcom_args_with_operators to None
[2021-12-12 08:41:34,577] {processor.py:170} INFO - Processing /home/airflow/.local/lib/python3.8/site-packages/airflow/example_dags/example_xcomargs.py took 0.293 seconds
[2021-12-12 08:42:05,134] {processor.py:162} INFO - Started process (PID=587) to work on /home/airflow/.local/lib/python3.8/site-packages/airflow/example_dags/example_xcomargs.py
[2021-12-12 08:42:05,138] {processor.py:613} INFO - Processing file /home/airflow/.local/lib/python3.8/site-packages/airflow/example_dags/example_xcomargs.py for tasks to queue
[2021-12-12 08:42:05,140] {logging_mixin.py:109} INFO - [2021-12-12 08:42:05,140] {dagbag.py:496} INFO - Filling up the DagBag from /home/airflow/.local/lib/python3.8/site-packages/airflow/example_dags/example_xcomargs.py
[2021-12-12 08:42:05,189] {processor.py:623} INFO - DAG(s) dict_keys(['example_xcom_args', 'example_xcom_args_with_operators']) retrieved from /home/airflow/.local/lib/python3.8/site-packages/airflow/example_dags/example_xcomargs.py
[2021-12-12 08:42:05,486] {logging_mixin.py:109} INFO - [2021-12-12 08:42:05,486] {dag.py:1833} INFO - Sync 2 DAGs
[2021-12-12 08:42:05,506] {logging_mixin.py:109} INFO - [2021-12-12 08:42:05,505] {dag.py:2306} INFO - Setting next_dagrun for example_xcom_args to None
[2021-12-12 08:42:05,507] {logging_mixin.py:109} INFO - [2021-12-12 08:42:05,507] {dag.py:2306} INFO - Setting next_dagrun for example_xcom_args_with_operators to None
[2021-12-12 08:42:05,523] {processor.py:170} INFO - Processing /home/airflow/.local/lib/python3.8/site-packages/airflow/example_dags/example_xcomargs.py took 0.401 seconds
[2021-12-12 08:42:35,608] {processor.py:162} INFO - Started process (PID=637) to work on /home/airflow/.local/lib/python3.8/site-packages/airflow/example_dags/example_xcomargs.py
[2021-12-12 08:42:35,611] {processor.py:613} INFO - Processing file /home/airflow/.local/lib/python3.8/site-packages/airflow/example_dags/example_xcomargs.py for tasks to queue
[2021-12-12 08:42:35,613] {logging_mixin.py:109} INFO - [2021-12-12 08:42:35,613] {dagbag.py:496} INFO - Filling up the DagBag from /home/airflow/.local/lib/python3.8/site-packages/airflow/example_dags/example_xcomargs.py
[2021-12-12 08:42:35,634] {processor.py:623} INFO - DAG(s) dict_keys(['example_xcom_args', 'example_xcom_args_with_operators']) retrieved from /home/airflow/.local/lib/python3.8/site-packages/airflow/example_dags/example_xcomargs.py
[2021-12-12 08:42:35,661] {logging_mixin.py:109} INFO - [2021-12-12 08:42:35,661] {dag.py:1833} INFO - Sync 2 DAGs
[2021-12-12 08:42:35,676] {logging_mixin.py:109} INFO - [2021-12-12 08:42:35,676] {dag.py:2306} INFO - Setting next_dagrun for example_xcom_args to None
[2021-12-12 08:42:35,678] {logging_mixin.py:109} INFO - [2021-12-12 08:42:35,678] {dag.py:2306} INFO - Setting next_dagrun for example_xcom_args_with_operators to None
[2021-12-12 08:42:35,689] {processor.py:170} INFO - Processing /home/airflow/.local/lib/python3.8/site-packages/airflow/example_dags/example_xcomargs.py took 0.086 seconds
[2021-12-12 08:43:05,946] {processor.py:162} INFO - Started process (PID=686) to work on /home/airflow/.local/lib/python3.8/site-packages/airflow/example_dags/example_xcomargs.py
[2021-12-12 08:43:05,949] {processor.py:613} INFO - Processing file /home/airflow/.local/lib/python3.8/site-packages/airflow/example_dags/example_xcomargs.py for tasks to queue
[2021-12-12 08:43:05,951] {logging_mixin.py:109} INFO - [2021-12-12 08:43:05,951] {dagbag.py:496} INFO - Filling up the DagBag from /home/airflow/.local/lib/python3.8/site-packages/airflow/example_dags/example_xcomargs.py
[2021-12-12 08:43:05,975] {processor.py:623} INFO - DAG(s) dict_keys(['example_xcom_args', 'example_xcom_args_with_operators']) retrieved from /home/airflow/.local/lib/python3.8/site-packages/airflow/example_dags/example_xcomargs.py
[2021-12-12 08:43:06,222] {logging_mixin.py:109} INFO - [2021-12-12 08:43:06,222] {dag.py:1833} INFO - Sync 2 DAGs
[2021-12-12 08:43:06,235] {logging_mixin.py:109} INFO - [2021-12-12 08:43:06,235] {dag.py:2306} INFO - Setting next_dagrun for example_xcom_args to None
[2021-12-12 08:43:06,236] {logging_mixin.py:109} INFO - [2021-12-12 08:43:06,236] {dag.py:2306} INFO - Setting next_dagrun for example_xcom_args_with_operators to None
[2021-12-12 08:43:06,248] {processor.py:170} INFO - Processing /home/airflow/.local/lib/python3.8/site-packages/airflow/example_dags/example_xcomargs.py took 0.307 seconds
[2021-12-12 08:43:36,600] {processor.py:162} INFO - Started process (PID=744) to work on /home/airflow/.local/lib/python3.8/site-packages/airflow/example_dags/example_xcomargs.py
[2021-12-12 08:43:36,602] {processor.py:613} INFO - Processing file /home/airflow/.local/lib/python3.8/site-packages/airflow/example_dags/example_xcomargs.py for tasks to queue
[2021-12-12 08:43:36,604] {logging_mixin.py:109} INFO - [2021-12-12 08:43:36,604] {dagbag.py:496} INFO - Filling up the DagBag from /home/airflow/.local/lib/python3.8/site-packages/airflow/example_dags/example_xcomargs.py
[2021-12-12 08:43:36,634] {processor.py:623} INFO - DAG(s) dict_keys(['example_xcom_args', 'example_xcom_args_with_operators']) retrieved from /home/airflow/.local/lib/python3.8/site-packages/airflow/example_dags/example_xcomargs.py
[2021-12-12 08:43:36,876] {logging_mixin.py:109} INFO - [2021-12-12 08:43:36,876] {dag.py:1833} INFO - Sync 2 DAGs
[2021-12-12 08:43:36,889] {logging_mixin.py:109} INFO - [2021-12-12 08:43:36,889] {dag.py:2306} INFO - Setting next_dagrun for example_xcom_args to None
[2021-12-12 08:43:36,891] {logging_mixin.py:109} INFO - [2021-12-12 08:43:36,891] {dag.py:2306} INFO - Setting next_dagrun for example_xcom_args_with_operators to None
[2021-12-12 08:43:36,902] {processor.py:170} INFO - Processing /home/airflow/.local/lib/python3.8/site-packages/airflow/example_dags/example_xcomargs.py took 0.307 seconds
[2021-12-12 08:44:07,390] {processor.py:162} INFO - Started process (PID=799) to work on /home/airflow/.local/lib/python3.8/site-packages/airflow/example_dags/example_xcomargs.py
[2021-12-12 08:44:07,393] {processor.py:613} INFO - Processing file /home/airflow/.local/lib/python3.8/site-packages/airflow/example_dags/example_xcomargs.py for tasks to queue
[2021-12-12 08:44:07,395] {logging_mixin.py:109} INFO - [2021-12-12 08:44:07,395] {dagbag.py:496} INFO - Filling up the DagBag from /home/airflow/.local/lib/python3.8/site-packages/airflow/example_dags/example_xcomargs.py
[2021-12-12 08:44:07,428] {processor.py:623} INFO - DAG(s) dict_keys(['example_xcom_args', 'example_xcom_args_with_operators']) retrieved from /home/airflow/.local/lib/python3.8/site-packages/airflow/example_dags/example_xcomargs.py
[2021-12-12 08:44:08,045] {logging_mixin.py:109} INFO - [2021-12-12 08:44:08,045] {dag.py:1833} INFO - Sync 2 DAGs
[2021-12-12 08:44:08,090] {logging_mixin.py:109} INFO - [2021-12-12 08:44:08,089] {dag.py:2306} INFO - Setting next_dagrun for example_xcom_args to None
[2021-12-12 08:44:08,095] {logging_mixin.py:109} INFO - [2021-12-12 08:44:08,094] {dag.py:2306} INFO - Setting next_dagrun for example_xcom_args_with_operators to None
[2021-12-12 08:44:08,136] {processor.py:170} INFO - Processing /home/airflow/.local/lib/python3.8/site-packages/airflow/example_dags/example_xcomargs.py took 0.751 seconds
[2021-12-12 08:44:38,264] {processor.py:162} INFO - Started process (PID=851) to work on /home/airflow/.local/lib/python3.8/site-packages/airflow/example_dags/example_xcomargs.py
[2021-12-12 08:44:38,266] {processor.py:613} INFO - Processing file /home/airflow/.local/lib/python3.8/site-packages/airflow/example_dags/example_xcomargs.py for tasks to queue
[2021-12-12 08:44:38,268] {logging_mixin.py:109} INFO - [2021-12-12 08:44:38,267] {dagbag.py:496} INFO - Filling up the DagBag from /home/airflow/.local/lib/python3.8/site-packages/airflow/example_dags/example_xcomargs.py
[2021-12-12 08:44:38,287] {processor.py:623} INFO - DAG(s) dict_keys(['example_xcom_args', 'example_xcom_args_with_operators']) retrieved from /home/airflow/.local/lib/python3.8/site-packages/airflow/example_dags/example_xcomargs.py
[2021-12-12 08:44:38,547] {logging_mixin.py:109} INFO - [2021-12-12 08:44:38,547] {dag.py:1833} INFO - Sync 2 DAGs
[2021-12-12 08:44:38,565] {logging_mixin.py:109} INFO - [2021-12-12 08:44:38,565] {dag.py:2306} INFO - Setting next_dagrun for example_xcom_args to None
[2021-12-12 08:44:38,567] {logging_mixin.py:109} INFO - [2021-12-12 08:44:38,566] {dag.py:2306} INFO - Setting next_dagrun for example_xcom_args_with_operators to None
[2021-12-12 08:44:38,581] {processor.py:170} INFO - Processing /home/airflow/.local/lib/python3.8/site-packages/airflow/example_dags/example_xcomargs.py took 0.321 seconds
[2021-12-12 08:52:27,159] {processor.py:162} INFO - Started process (PID=74) to work on /home/airflow/.local/lib/python3.8/site-packages/airflow/example_dags/example_xcomargs.py
[2021-12-12 08:52:27,164] {processor.py:613} INFO - Processing file /home/airflow/.local/lib/python3.8/site-packages/airflow/example_dags/example_xcomargs.py for tasks to queue
[2021-12-12 08:52:27,168] {logging_mixin.py:109} INFO - [2021-12-12 08:52:27,168] {dagbag.py:496} INFO - Filling up the DagBag from /home/airflow/.local/lib/python3.8/site-packages/airflow/example_dags/example_xcomargs.py
[2021-12-12 08:52:27,223] {processor.py:623} INFO - DAG(s) dict_keys(['example_xcom_args', 'example_xcom_args_with_operators']) retrieved from /home/airflow/.local/lib/python3.8/site-packages/airflow/example_dags/example_xcomargs.py
[2021-12-12 08:52:27,643] {logging_mixin.py:109} INFO - [2021-12-12 08:52:27,643] {dag.py:1833} INFO - Sync 2 DAGs
[2021-12-12 08:52:27,666] {logging_mixin.py:109} INFO - [2021-12-12 08:52:27,665] {dag.py:2306} INFO - Setting next_dagrun for example_xcom_args to None
[2021-12-12 08:52:27,669] {logging_mixin.py:109} INFO - [2021-12-12 08:52:27,669] {dag.py:2306} INFO - Setting next_dagrun for example_xcom_args_with_operators to None
[2021-12-12 08:52:27,688] {processor.py:170} INFO - Processing /home/airflow/.local/lib/python3.8/site-packages/airflow/example_dags/example_xcomargs.py took 0.539 seconds
[2021-12-12 08:52:58,289] {processor.py:162} INFO - Started process (PID=134) to work on /home/airflow/.local/lib/python3.8/site-packages/airflow/example_dags/example_xcomargs.py
[2021-12-12 08:52:58,293] {processor.py:613} INFO - Processing file /home/airflow/.local/lib/python3.8/site-packages/airflow/example_dags/example_xcomargs.py for tasks to queue
[2021-12-12 08:52:58,294] {logging_mixin.py:109} INFO - [2021-12-12 08:52:58,294] {dagbag.py:496} INFO - Filling up the DagBag from /home/airflow/.local/lib/python3.8/site-packages/airflow/example_dags/example_xcomargs.py
[2021-12-12 08:52:58,321] {processor.py:623} INFO - DAG(s) dict_keys(['example_xcom_args', 'example_xcom_args_with_operators']) retrieved from /home/airflow/.local/lib/python3.8/site-packages/airflow/example_dags/example_xcomargs.py
[2021-12-12 08:52:58,540] {logging_mixin.py:109} INFO - [2021-12-12 08:52:58,539] {dag.py:1833} INFO - Sync 2 DAGs
[2021-12-12 08:52:58,556] {logging_mixin.py:109} INFO - [2021-12-12 08:52:58,556] {dag.py:2306} INFO - Setting next_dagrun for example_xcom_args to None
[2021-12-12 08:52:58,558] {logging_mixin.py:109} INFO - [2021-12-12 08:52:58,558] {dag.py:2306} INFO - Setting next_dagrun for example_xcom_args_with_operators to None
[2021-12-12 08:52:58,573] {processor.py:170} INFO - Processing /home/airflow/.local/lib/python3.8/site-packages/airflow/example_dags/example_xcomargs.py took 0.290 seconds
[2021-12-12 08:53:29,118] {processor.py:162} INFO - Started process (PID=182) to work on /home/airflow/.local/lib/python3.8/site-packages/airflow/example_dags/example_xcomargs.py
[2021-12-12 08:53:29,122] {processor.py:613} INFO - Processing file /home/airflow/.local/lib/python3.8/site-packages/airflow/example_dags/example_xcomargs.py for tasks to queue
[2021-12-12 08:53:29,123] {logging_mixin.py:109} INFO - [2021-12-12 08:53:29,123] {dagbag.py:496} INFO - Filling up the DagBag from /home/airflow/.local/lib/python3.8/site-packages/airflow/example_dags/example_xcomargs.py
[2021-12-12 08:53:29,142] {processor.py:623} INFO - DAG(s) dict_keys(['example_xcom_args', 'example_xcom_args_with_operators']) retrieved from /home/airflow/.local/lib/python3.8/site-packages/airflow/example_dags/example_xcomargs.py
[2021-12-12 08:53:29,352] {logging_mixin.py:109} INFO - [2021-12-12 08:53:29,352] {dag.py:1833} INFO - Sync 2 DAGs
[2021-12-12 08:53:29,365] {logging_mixin.py:109} INFO - [2021-12-12 08:53:29,364] {dag.py:2306} INFO - Setting next_dagrun for example_xcom_args to None
[2021-12-12 08:53:29,366] {logging_mixin.py:109} INFO - [2021-12-12 08:53:29,366] {dag.py:2306} INFO - Setting next_dagrun for example_xcom_args_with_operators to None
[2021-12-12 08:53:29,379] {processor.py:170} INFO - Processing /home/airflow/.local/lib/python3.8/site-packages/airflow/example_dags/example_xcomargs.py took 0.264 seconds
[2021-12-12 08:53:59,452] {processor.py:162} INFO - Started process (PID=241) to work on /home/airflow/.local/lib/python3.8/site-packages/airflow/example_dags/example_xcomargs.py
[2021-12-12 08:53:59,455] {processor.py:613} INFO - Processing file /home/airflow/.local/lib/python3.8/site-packages/airflow/example_dags/example_xcomargs.py for tasks to queue
[2021-12-12 08:53:59,457] {logging_mixin.py:109} INFO - [2021-12-12 08:53:59,457] {dagbag.py:496} INFO - Filling up the DagBag from /home/airflow/.local/lib/python3.8/site-packages/airflow/example_dags/example_xcomargs.py
[2021-12-12 08:53:59,479] {processor.py:623} INFO - DAG(s) dict_keys(['example_xcom_args', 'example_xcom_args_with_operators']) retrieved from /home/airflow/.local/lib/python3.8/site-packages/airflow/example_dags/example_xcomargs.py
[2021-12-12 08:53:59,743] {logging_mixin.py:109} INFO - [2021-12-12 08:53:59,743] {dag.py:1833} INFO - Sync 2 DAGs
[2021-12-12 08:53:59,756] {logging_mixin.py:109} INFO - [2021-12-12 08:53:59,756] {dag.py:2306} INFO - Setting next_dagrun for example_xcom_args to None
[2021-12-12 08:53:59,757] {logging_mixin.py:109} INFO - [2021-12-12 08:53:59,757] {dag.py:2306} INFO - Setting next_dagrun for example_xcom_args_with_operators to None
[2021-12-12 08:53:59,769] {processor.py:170} INFO - Processing /home/airflow/.local/lib/python3.8/site-packages/airflow/example_dags/example_xcomargs.py took 0.321 seconds
[2021-12-12 08:54:29,893] {processor.py:162} INFO - Started process (PID=302) to work on /home/airflow/.local/lib/python3.8/site-packages/airflow/example_dags/example_xcomargs.py
[2021-12-12 08:54:29,896] {processor.py:613} INFO - Processing file /home/airflow/.local/lib/python3.8/site-packages/airflow/example_dags/example_xcomargs.py for tasks to queue
[2021-12-12 08:54:29,899] {logging_mixin.py:109} INFO - [2021-12-12 08:54:29,898] {dagbag.py:496} INFO - Filling up the DagBag from /home/airflow/.local/lib/python3.8/site-packages/airflow/example_dags/example_xcomargs.py
[2021-12-12 08:54:29,923] {processor.py:623} INFO - DAG(s) dict_keys(['example_xcom_args', 'example_xcom_args_with_operators']) retrieved from /home/airflow/.local/lib/python3.8/site-packages/airflow/example_dags/example_xcomargs.py
[2021-12-12 08:54:30,270] {logging_mixin.py:109} INFO - [2021-12-12 08:54:30,270] {dag.py:1833} INFO - Sync 2 DAGs
[2021-12-12 08:54:30,289] {logging_mixin.py:109} INFO - [2021-12-12 08:54:30,289] {dag.py:2306} INFO - Setting next_dagrun for example_xcom_args to None
[2021-12-12 08:54:30,291] {logging_mixin.py:109} INFO - [2021-12-12 08:54:30,291] {dag.py:2306} INFO - Setting next_dagrun for example_xcom_args_with_operators to None
[2021-12-12 08:54:30,308] {processor.py:170} INFO - Processing /home/airflow/.local/lib/python3.8/site-packages/airflow/example_dags/example_xcomargs.py took 0.422 seconds
[2021-12-12 08:55:00,609] {processor.py:162} INFO - Started process (PID=349) to work on /home/airflow/.local/lib/python3.8/site-packages/airflow/example_dags/example_xcomargs.py
[2021-12-12 08:55:00,611] {processor.py:613} INFO - Processing file /home/airflow/.local/lib/python3.8/site-packages/airflow/example_dags/example_xcomargs.py for tasks to queue
[2021-12-12 08:55:00,613] {logging_mixin.py:109} INFO - [2021-12-12 08:55:00,612] {dagbag.py:496} INFO - Filling up the DagBag from /home/airflow/.local/lib/python3.8/site-packages/airflow/example_dags/example_xcomargs.py
[2021-12-12 08:55:00,636] {processor.py:623} INFO - DAG(s) dict_keys(['example_xcom_args', 'example_xcom_args_with_operators']) retrieved from /home/airflow/.local/lib/python3.8/site-packages/airflow/example_dags/example_xcomargs.py
[2021-12-12 08:55:00,853] {logging_mixin.py:109} INFO - [2021-12-12 08:55:00,852] {dag.py:1833} INFO - Sync 2 DAGs
[2021-12-12 08:55:00,867] {logging_mixin.py:109} INFO - [2021-12-12 08:55:00,867] {dag.py:2306} INFO - Setting next_dagrun for example_xcom_args to None
[2021-12-12 08:55:00,868] {logging_mixin.py:109} INFO - [2021-12-12 08:55:00,868] {dag.py:2306} INFO - Setting next_dagrun for example_xcom_args_with_operators to None
[2021-12-12 08:55:00,885] {processor.py:170} INFO - Processing /home/airflow/.local/lib/python3.8/site-packages/airflow/example_dags/example_xcomargs.py took 0.280 seconds
[2021-12-12 08:55:30,954] {processor.py:162} INFO - Started process (PID=404) to work on /home/airflow/.local/lib/python3.8/site-packages/airflow/example_dags/example_xcomargs.py
[2021-12-12 08:55:30,956] {processor.py:613} INFO - Processing file /home/airflow/.local/lib/python3.8/site-packages/airflow/example_dags/example_xcomargs.py for tasks to queue
[2021-12-12 08:55:30,958] {logging_mixin.py:109} INFO - [2021-12-12 08:55:30,958] {dagbag.py:496} INFO - Filling up the DagBag from /home/airflow/.local/lib/python3.8/site-packages/airflow/example_dags/example_xcomargs.py
[2021-12-12 08:55:30,981] {processor.py:623} INFO - DAG(s) dict_keys(['example_xcom_args', 'example_xcom_args_with_operators']) retrieved from /home/airflow/.local/lib/python3.8/site-packages/airflow/example_dags/example_xcomargs.py
[2021-12-12 08:55:31,209] {logging_mixin.py:109} INFO - [2021-12-12 08:55:31,209] {dag.py:1833} INFO - Sync 2 DAGs
[2021-12-12 08:55:31,224] {logging_mixin.py:109} INFO - [2021-12-12 08:55:31,224] {dag.py:2306} INFO - Setting next_dagrun for example_xcom_args to None
[2021-12-12 08:55:31,225] {logging_mixin.py:109} INFO - [2021-12-12 08:55:31,225] {dag.py:2306} INFO - Setting next_dagrun for example_xcom_args_with_operators to None
[2021-12-12 08:55:31,238] {processor.py:170} INFO - Processing /home/airflow/.local/lib/python3.8/site-packages/airflow/example_dags/example_xcomargs.py took 0.289 seconds
[2021-12-12 08:56:01,394] {processor.py:162} INFO - Started process (PID=454) to work on /home/airflow/.local/lib/python3.8/site-packages/airflow/example_dags/example_xcomargs.py
[2021-12-12 08:56:01,397] {processor.py:613} INFO - Processing file /home/airflow/.local/lib/python3.8/site-packages/airflow/example_dags/example_xcomargs.py for tasks to queue
[2021-12-12 08:56:01,403] {logging_mixin.py:109} INFO - [2021-12-12 08:56:01,402] {dagbag.py:496} INFO - Filling up the DagBag from /home/airflow/.local/lib/python3.8/site-packages/airflow/example_dags/example_xcomargs.py
[2021-12-12 08:56:01,464] {processor.py:623} INFO - DAG(s) dict_keys(['example_xcom_args', 'example_xcom_args_with_operators']) retrieved from /home/airflow/.local/lib/python3.8/site-packages/airflow/example_dags/example_xcomargs.py
[2021-12-12 08:56:02,193] {logging_mixin.py:109} INFO - [2021-12-12 08:56:02,193] {dag.py:1833} INFO - Sync 2 DAGs
[2021-12-12 08:56:02,217] {logging_mixin.py:109} INFO - [2021-12-12 08:56:02,217] {dag.py:2306} INFO - Setting next_dagrun for example_xcom_args to None
[2021-12-12 08:56:02,220] {logging_mixin.py:109} INFO - [2021-12-12 08:56:02,220] {dag.py:2306} INFO - Setting next_dagrun for example_xcom_args_with_operators to None
[2021-12-12 08:56:02,242] {processor.py:170} INFO - Processing /home/airflow/.local/lib/python3.8/site-packages/airflow/example_dags/example_xcomargs.py took 0.856 seconds
