[2021-12-12 08:39:10,477] {processor.py:162} INFO - Started process (PID=176) to work on /home/airflow/.local/lib/python3.8/site-packages/airflow/example_dags/example_complex.py
[2021-12-12 08:39:10,480] {processor.py:613} INFO - Processing file /home/airflow/.local/lib/python3.8/site-packages/airflow/example_dags/example_complex.py for tasks to queue
[2021-12-12 08:39:10,481] {logging_mixin.py:109} INFO - [2021-12-12 08:39:10,481] {dagbag.py:496} INFO - Filling up the DagBag from /home/airflow/.local/lib/python3.8/site-packages/airflow/example_dags/example_complex.py
[2021-12-12 08:39:10,516] {processor.py:623} INFO - DAG(s) dict_keys(['example_complex']) retrieved from /home/airflow/.local/lib/python3.8/site-packages/airflow/example_dags/example_complex.py
[2021-12-12 08:39:13,125] {logging_mixin.py:109} WARNING - /home/airflow/.local/lib/python3.8/site-packages/snowflake/connector/options.py:94 UserWarning: You have an incompatible version of 'pyarrow' installed (3.0.0), please install a version that adheres to: 'pyarrow<5.1.0,>=5.0.0; extra == "pandas"'
[2021-12-12 08:39:13,407] {logging_mixin.py:109} INFO - [2021-12-12 08:39:13,407] {dag.py:1833} INFO - Sync 1 DAGs
[2021-12-12 08:39:13,415] {logging_mixin.py:109} INFO - [2021-12-12 08:39:13,415] {dag.py:1852} INFO - Creating ORM DAG for example_complex
[2021-12-12 08:39:13,421] {logging_mixin.py:109} INFO - [2021-12-12 08:39:13,421] {dag.py:2306} INFO - Setting next_dagrun for example_complex to None
[2021-12-12 08:39:13,436] {processor.py:170} INFO - Processing /home/airflow/.local/lib/python3.8/site-packages/airflow/example_dags/example_complex.py took 2.964 seconds
[2021-12-12 08:39:44,270] {processor.py:162} INFO - Started process (PID=348) to work on /home/airflow/.local/lib/python3.8/site-packages/airflow/example_dags/example_complex.py
[2021-12-12 08:39:44,272] {processor.py:613} INFO - Processing file /home/airflow/.local/lib/python3.8/site-packages/airflow/example_dags/example_complex.py for tasks to queue
[2021-12-12 08:39:44,274] {logging_mixin.py:109} INFO - [2021-12-12 08:39:44,274] {dagbag.py:496} INFO - Filling up the DagBag from /home/airflow/.local/lib/python3.8/site-packages/airflow/example_dags/example_complex.py
[2021-12-12 08:39:44,296] {processor.py:623} INFO - DAG(s) dict_keys(['example_complex']) retrieved from /home/airflow/.local/lib/python3.8/site-packages/airflow/example_dags/example_complex.py
[2021-12-12 08:39:44,325] {logging_mixin.py:109} INFO - [2021-12-12 08:39:44,325] {dag.py:1833} INFO - Sync 1 DAGs
[2021-12-12 08:39:44,341] {logging_mixin.py:109} INFO - [2021-12-12 08:39:44,340] {dag.py:2306} INFO - Setting next_dagrun for example_complex to None
[2021-12-12 08:39:44,352] {processor.py:170} INFO - Processing /home/airflow/.local/lib/python3.8/site-packages/airflow/example_dags/example_complex.py took 0.087 seconds
[2021-12-12 08:40:14,826] {processor.py:162} INFO - Started process (PID=404) to work on /home/airflow/.local/lib/python3.8/site-packages/airflow/example_dags/example_complex.py
[2021-12-12 08:40:14,829] {processor.py:613} INFO - Processing file /home/airflow/.local/lib/python3.8/site-packages/airflow/example_dags/example_complex.py for tasks to queue
[2021-12-12 08:40:14,831] {logging_mixin.py:109} INFO - [2021-12-12 08:40:14,831] {dagbag.py:496} INFO - Filling up the DagBag from /home/airflow/.local/lib/python3.8/site-packages/airflow/example_dags/example_complex.py
[2021-12-12 08:40:14,863] {processor.py:623} INFO - DAG(s) dict_keys(['example_complex']) retrieved from /home/airflow/.local/lib/python3.8/site-packages/airflow/example_dags/example_complex.py
[2021-12-12 08:40:14,905] {logging_mixin.py:109} INFO - [2021-12-12 08:40:14,905] {dag.py:1833} INFO - Sync 1 DAGs
[2021-12-12 08:40:14,931] {logging_mixin.py:109} INFO - [2021-12-12 08:40:14,931] {dag.py:2306} INFO - Setting next_dagrun for example_complex to None
[2021-12-12 08:40:14,956] {processor.py:170} INFO - Processing /home/airflow/.local/lib/python3.8/site-packages/airflow/example_dags/example_complex.py took 0.136 seconds
[2021-12-12 08:40:45,079] {processor.py:162} INFO - Started process (PID=452) to work on /home/airflow/.local/lib/python3.8/site-packages/airflow/example_dags/example_complex.py
[2021-12-12 08:40:45,082] {processor.py:613} INFO - Processing file /home/airflow/.local/lib/python3.8/site-packages/airflow/example_dags/example_complex.py for tasks to queue
[2021-12-12 08:40:45,084] {logging_mixin.py:109} INFO - [2021-12-12 08:40:45,084] {dagbag.py:496} INFO - Filling up the DagBag from /home/airflow/.local/lib/python3.8/site-packages/airflow/example_dags/example_complex.py
[2021-12-12 08:40:45,114] {processor.py:623} INFO - DAG(s) dict_keys(['example_complex']) retrieved from /home/airflow/.local/lib/python3.8/site-packages/airflow/example_dags/example_complex.py
[2021-12-12 08:40:45,150] {logging_mixin.py:109} INFO - [2021-12-12 08:40:45,150] {dag.py:1833} INFO - Sync 1 DAGs
[2021-12-12 08:40:45,169] {logging_mixin.py:109} INFO - [2021-12-12 08:40:45,169] {dag.py:2306} INFO - Setting next_dagrun for example_complex to None
[2021-12-12 08:40:45,184] {processor.py:170} INFO - Processing /home/airflow/.local/lib/python3.8/site-packages/airflow/example_dags/example_complex.py took 0.109 seconds
[2021-12-12 08:41:15,571] {processor.py:162} INFO - Started process (PID=501) to work on /home/airflow/.local/lib/python3.8/site-packages/airflow/example_dags/example_complex.py
[2021-12-12 08:41:15,574] {processor.py:613} INFO - Processing file /home/airflow/.local/lib/python3.8/site-packages/airflow/example_dags/example_complex.py for tasks to queue
[2021-12-12 08:41:15,576] {logging_mixin.py:109} INFO - [2021-12-12 08:41:15,576] {dagbag.py:496} INFO - Filling up the DagBag from /home/airflow/.local/lib/python3.8/site-packages/airflow/example_dags/example_complex.py
[2021-12-12 08:41:15,604] {processor.py:623} INFO - DAG(s) dict_keys(['example_complex']) retrieved from /home/airflow/.local/lib/python3.8/site-packages/airflow/example_dags/example_complex.py
[2021-12-12 08:41:15,655] {logging_mixin.py:109} INFO - [2021-12-12 08:41:15,655] {dag.py:1833} INFO - Sync 1 DAGs
[2021-12-12 08:41:15,684] {logging_mixin.py:109} INFO - [2021-12-12 08:41:15,683] {dag.py:2306} INFO - Setting next_dagrun for example_complex to None
[2021-12-12 08:41:15,705] {processor.py:170} INFO - Processing /home/airflow/.local/lib/python3.8/site-packages/airflow/example_dags/example_complex.py took 0.138 seconds
[2021-12-12 08:41:46,087] {processor.py:162} INFO - Started process (PID=558) to work on /home/airflow/.local/lib/python3.8/site-packages/airflow/example_dags/example_complex.py
[2021-12-12 08:41:46,090] {processor.py:613} INFO - Processing file /home/airflow/.local/lib/python3.8/site-packages/airflow/example_dags/example_complex.py for tasks to queue
[2021-12-12 08:41:46,092] {logging_mixin.py:109} INFO - [2021-12-12 08:41:46,092] {dagbag.py:496} INFO - Filling up the DagBag from /home/airflow/.local/lib/python3.8/site-packages/airflow/example_dags/example_complex.py
[2021-12-12 08:41:46,118] {processor.py:623} INFO - DAG(s) dict_keys(['example_complex']) retrieved from /home/airflow/.local/lib/python3.8/site-packages/airflow/example_dags/example_complex.py
[2021-12-12 08:41:46,162] {logging_mixin.py:109} INFO - [2021-12-12 08:41:46,162] {dag.py:1833} INFO - Sync 1 DAGs
[2021-12-12 08:41:46,182] {logging_mixin.py:109} INFO - [2021-12-12 08:41:46,182] {dag.py:2306} INFO - Setting next_dagrun for example_complex to None
[2021-12-12 08:41:46,200] {processor.py:170} INFO - Processing /home/airflow/.local/lib/python3.8/site-packages/airflow/example_dags/example_complex.py took 0.117 seconds
[2021-12-12 08:42:16,953] {processor.py:162} INFO - Started process (PID=617) to work on /home/airflow/.local/lib/python3.8/site-packages/airflow/example_dags/example_complex.py
[2021-12-12 08:42:16,955] {processor.py:613} INFO - Processing file /home/airflow/.local/lib/python3.8/site-packages/airflow/example_dags/example_complex.py for tasks to queue
[2021-12-12 08:42:16,957] {logging_mixin.py:109} INFO - [2021-12-12 08:42:16,956] {dagbag.py:496} INFO - Filling up the DagBag from /home/airflow/.local/lib/python3.8/site-packages/airflow/example_dags/example_complex.py
[2021-12-12 08:42:16,988] {processor.py:623} INFO - DAG(s) dict_keys(['example_complex']) retrieved from /home/airflow/.local/lib/python3.8/site-packages/airflow/example_dags/example_complex.py
[2021-12-12 08:42:17,028] {logging_mixin.py:109} INFO - [2021-12-12 08:42:17,028] {dag.py:1833} INFO - Sync 1 DAGs
[2021-12-12 08:42:17,046] {logging_mixin.py:109} INFO - [2021-12-12 08:42:17,046] {dag.py:2306} INFO - Setting next_dagrun for example_complex to None
[2021-12-12 08:42:17,060] {processor.py:170} INFO - Processing /home/airflow/.local/lib/python3.8/site-packages/airflow/example_dags/example_complex.py took 0.111 seconds
[2021-12-12 08:42:48,057] {processor.py:162} INFO - Started process (PID=668) to work on /home/airflow/.local/lib/python3.8/site-packages/airflow/example_dags/example_complex.py
[2021-12-12 08:42:48,064] {processor.py:613} INFO - Processing file /home/airflow/.local/lib/python3.8/site-packages/airflow/example_dags/example_complex.py for tasks to queue
[2021-12-12 08:42:48,065] {logging_mixin.py:109} INFO - [2021-12-12 08:42:48,065] {dagbag.py:496} INFO - Filling up the DagBag from /home/airflow/.local/lib/python3.8/site-packages/airflow/example_dags/example_complex.py
[2021-12-12 08:42:48,104] {processor.py:623} INFO - DAG(s) dict_keys(['example_complex']) retrieved from /home/airflow/.local/lib/python3.8/site-packages/airflow/example_dags/example_complex.py
[2021-12-12 08:42:48,167] {logging_mixin.py:109} INFO - [2021-12-12 08:42:48,166] {dag.py:1833} INFO - Sync 1 DAGs
[2021-12-12 08:42:48,195] {logging_mixin.py:109} INFO - [2021-12-12 08:42:48,194] {dag.py:2306} INFO - Setting next_dagrun for example_complex to None
[2021-12-12 08:42:48,216] {processor.py:170} INFO - Processing /home/airflow/.local/lib/python3.8/site-packages/airflow/example_dags/example_complex.py took 0.162 seconds
[2021-12-12 08:43:18,902] {processor.py:162} INFO - Started process (PID=716) to work on /home/airflow/.local/lib/python3.8/site-packages/airflow/example_dags/example_complex.py
[2021-12-12 08:43:18,907] {processor.py:613} INFO - Processing file /home/airflow/.local/lib/python3.8/site-packages/airflow/example_dags/example_complex.py for tasks to queue
[2021-12-12 08:43:18,910] {logging_mixin.py:109} INFO - [2021-12-12 08:43:18,909] {dagbag.py:496} INFO - Filling up the DagBag from /home/airflow/.local/lib/python3.8/site-packages/airflow/example_dags/example_complex.py
[2021-12-12 08:43:18,952] {processor.py:623} INFO - DAG(s) dict_keys(['example_complex']) retrieved from /home/airflow/.local/lib/python3.8/site-packages/airflow/example_dags/example_complex.py
[2021-12-12 08:43:19,011] {logging_mixin.py:109} INFO - [2021-12-12 08:43:19,011] {dag.py:1833} INFO - Sync 1 DAGs
[2021-12-12 08:43:19,041] {logging_mixin.py:109} INFO - [2021-12-12 08:43:19,041] {dag.py:2306} INFO - Setting next_dagrun for example_complex to None
[2021-12-12 08:43:19,064] {processor.py:170} INFO - Processing /home/airflow/.local/lib/python3.8/site-packages/airflow/example_dags/example_complex.py took 0.167 seconds
[2021-12-12 08:43:49,657] {processor.py:162} INFO - Started process (PID=774) to work on /home/airflow/.local/lib/python3.8/site-packages/airflow/example_dags/example_complex.py
[2021-12-12 08:43:49,676] {processor.py:613} INFO - Processing file /home/airflow/.local/lib/python3.8/site-packages/airflow/example_dags/example_complex.py for tasks to queue
[2021-12-12 08:43:49,679] {logging_mixin.py:109} INFO - [2021-12-12 08:43:49,679] {dagbag.py:496} INFO - Filling up the DagBag from /home/airflow/.local/lib/python3.8/site-packages/airflow/example_dags/example_complex.py
[2021-12-12 08:43:49,739] {processor.py:623} INFO - DAG(s) dict_keys(['example_complex']) retrieved from /home/airflow/.local/lib/python3.8/site-packages/airflow/example_dags/example_complex.py
[2021-12-12 08:43:49,798] {logging_mixin.py:109} INFO - [2021-12-12 08:43:49,798] {dag.py:1833} INFO - Sync 1 DAGs
[2021-12-12 08:43:49,831] {logging_mixin.py:109} INFO - [2021-12-12 08:43:49,830] {dag.py:2306} INFO - Setting next_dagrun for example_complex to None
[2021-12-12 08:43:49,880] {processor.py:170} INFO - Processing /home/airflow/.local/lib/python3.8/site-packages/airflow/example_dags/example_complex.py took 0.242 seconds
[2021-12-12 08:44:20,492] {processor.py:162} INFO - Started process (PID=822) to work on /home/airflow/.local/lib/python3.8/site-packages/airflow/example_dags/example_complex.py
[2021-12-12 08:44:20,495] {processor.py:613} INFO - Processing file /home/airflow/.local/lib/python3.8/site-packages/airflow/example_dags/example_complex.py for tasks to queue
[2021-12-12 08:44:20,498] {logging_mixin.py:109} INFO - [2021-12-12 08:44:20,497] {dagbag.py:496} INFO - Filling up the DagBag from /home/airflow/.local/lib/python3.8/site-packages/airflow/example_dags/example_complex.py
[2021-12-12 08:44:20,525] {processor.py:623} INFO - DAG(s) dict_keys(['example_complex']) retrieved from /home/airflow/.local/lib/python3.8/site-packages/airflow/example_dags/example_complex.py
[2021-12-12 08:44:20,567] {logging_mixin.py:109} INFO - [2021-12-12 08:44:20,567] {dag.py:1833} INFO - Sync 1 DAGs
[2021-12-12 08:44:20,590] {logging_mixin.py:109} INFO - [2021-12-12 08:44:20,589] {dag.py:2306} INFO - Setting next_dagrun for example_complex to None
[2021-12-12 08:44:20,607] {processor.py:170} INFO - Processing /home/airflow/.local/lib/python3.8/site-packages/airflow/example_dags/example_complex.py took 0.122 seconds
[2021-12-12 08:52:25,918] {processor.py:162} INFO - Started process (PID=65) to work on /home/airflow/.local/lib/python3.8/site-packages/airflow/example_dags/example_complex.py
[2021-12-12 08:52:25,921] {processor.py:613} INFO - Processing file /home/airflow/.local/lib/python3.8/site-packages/airflow/example_dags/example_complex.py for tasks to queue
[2021-12-12 08:52:25,923] {logging_mixin.py:109} INFO - [2021-12-12 08:52:25,923] {dagbag.py:496} INFO - Filling up the DagBag from /home/airflow/.local/lib/python3.8/site-packages/airflow/example_dags/example_complex.py
[2021-12-12 08:52:25,981] {processor.py:623} INFO - DAG(s) dict_keys(['example_complex']) retrieved from /home/airflow/.local/lib/python3.8/site-packages/airflow/example_dags/example_complex.py
[2021-12-12 08:52:26,121] {logging_mixin.py:109} INFO - [2021-12-12 08:52:26,121] {dag.py:1833} INFO - Sync 1 DAGs
[2021-12-12 08:52:26,150] {logging_mixin.py:109} INFO - [2021-12-12 08:52:26,150] {dag.py:2306} INFO - Setting next_dagrun for example_complex to None
[2021-12-12 08:52:26,195] {processor.py:170} INFO - Processing /home/airflow/.local/lib/python3.8/site-packages/airflow/example_dags/example_complex.py took 0.284 seconds
[2021-12-12 08:52:56,604] {processor.py:162} INFO - Started process (PID=125) to work on /home/airflow/.local/lib/python3.8/site-packages/airflow/example_dags/example_complex.py
[2021-12-12 08:52:56,606] {processor.py:613} INFO - Processing file /home/airflow/.local/lib/python3.8/site-packages/airflow/example_dags/example_complex.py for tasks to queue
[2021-12-12 08:52:56,607] {logging_mixin.py:109} INFO - [2021-12-12 08:52:56,607] {dagbag.py:496} INFO - Filling up the DagBag from /home/airflow/.local/lib/python3.8/site-packages/airflow/example_dags/example_complex.py
[2021-12-12 08:52:56,631] {processor.py:623} INFO - DAG(s) dict_keys(['example_complex']) retrieved from /home/airflow/.local/lib/python3.8/site-packages/airflow/example_dags/example_complex.py
[2021-12-12 08:52:56,666] {logging_mixin.py:109} INFO - [2021-12-12 08:52:56,666] {dag.py:1833} INFO - Sync 1 DAGs
[2021-12-12 08:52:56,687] {logging_mixin.py:109} INFO - [2021-12-12 08:52:56,687] {dag.py:2306} INFO - Setting next_dagrun for example_complex to None
[2021-12-12 08:52:56,705] {processor.py:170} INFO - Processing /home/airflow/.local/lib/python3.8/site-packages/airflow/example_dags/example_complex.py took 0.106 seconds
[2021-12-12 08:53:27,447] {processor.py:162} INFO - Started process (PID=173) to work on /home/airflow/.local/lib/python3.8/site-packages/airflow/example_dags/example_complex.py
[2021-12-12 08:53:27,450] {processor.py:613} INFO - Processing file /home/airflow/.local/lib/python3.8/site-packages/airflow/example_dags/example_complex.py for tasks to queue
[2021-12-12 08:53:27,452] {logging_mixin.py:109} INFO - [2021-12-12 08:53:27,452] {dagbag.py:496} INFO - Filling up the DagBag from /home/airflow/.local/lib/python3.8/site-packages/airflow/example_dags/example_complex.py
[2021-12-12 08:53:27,476] {processor.py:623} INFO - DAG(s) dict_keys(['example_complex']) retrieved from /home/airflow/.local/lib/python3.8/site-packages/airflow/example_dags/example_complex.py
[2021-12-12 08:53:27,510] {logging_mixin.py:109} INFO - [2021-12-12 08:53:27,510] {dag.py:1833} INFO - Sync 1 DAGs
[2021-12-12 08:53:27,530] {logging_mixin.py:109} INFO - [2021-12-12 08:53:27,530] {dag.py:2306} INFO - Setting next_dagrun for example_complex to None
[2021-12-12 08:53:27,546] {processor.py:170} INFO - Processing /home/airflow/.local/lib/python3.8/site-packages/airflow/example_dags/example_complex.py took 0.103 seconds
[2021-12-12 08:53:57,883] {processor.py:162} INFO - Started process (PID=230) to work on /home/airflow/.local/lib/python3.8/site-packages/airflow/example_dags/example_complex.py
[2021-12-12 08:53:57,884] {processor.py:613} INFO - Processing file /home/airflow/.local/lib/python3.8/site-packages/airflow/example_dags/example_complex.py for tasks to queue
[2021-12-12 08:53:57,886] {logging_mixin.py:109} INFO - [2021-12-12 08:53:57,886] {dagbag.py:496} INFO - Filling up the DagBag from /home/airflow/.local/lib/python3.8/site-packages/airflow/example_dags/example_complex.py
[2021-12-12 08:53:57,908] {processor.py:623} INFO - DAG(s) dict_keys(['example_complex']) retrieved from /home/airflow/.local/lib/python3.8/site-packages/airflow/example_dags/example_complex.py
[2021-12-12 08:53:57,953] {logging_mixin.py:109} INFO - [2021-12-12 08:53:57,953] {dag.py:1833} INFO - Sync 1 DAGs
[2021-12-12 08:53:57,970] {logging_mixin.py:109} INFO - [2021-12-12 08:53:57,970] {dag.py:2306} INFO - Setting next_dagrun for example_complex to None
[2021-12-12 08:53:57,983] {processor.py:170} INFO - Processing /home/airflow/.local/lib/python3.8/site-packages/airflow/example_dags/example_complex.py took 0.104 seconds
[2021-12-12 08:54:28,750] {processor.py:162} INFO - Started process (PID=282) to work on /home/airflow/.local/lib/python3.8/site-packages/airflow/example_dags/example_complex.py
[2021-12-12 08:54:28,752] {processor.py:613} INFO - Processing file /home/airflow/.local/lib/python3.8/site-packages/airflow/example_dags/example_complex.py for tasks to queue
[2021-12-12 08:54:28,754] {logging_mixin.py:109} INFO - [2021-12-12 08:54:28,754] {dagbag.py:496} INFO - Filling up the DagBag from /home/airflow/.local/lib/python3.8/site-packages/airflow/example_dags/example_complex.py
[2021-12-12 08:54:28,791] {processor.py:623} INFO - DAG(s) dict_keys(['example_complex']) retrieved from /home/airflow/.local/lib/python3.8/site-packages/airflow/example_dags/example_complex.py
[2021-12-12 08:54:28,831] {logging_mixin.py:109} INFO - [2021-12-12 08:54:28,831] {dag.py:1833} INFO - Sync 1 DAGs
[2021-12-12 08:54:28,856] {logging_mixin.py:109} INFO - [2021-12-12 08:54:28,856] {dag.py:2306} INFO - Setting next_dagrun for example_complex to None
[2021-12-12 08:54:28,873] {processor.py:170} INFO - Processing /home/airflow/.local/lib/python3.8/site-packages/airflow/example_dags/example_complex.py took 0.130 seconds
[2021-12-12 08:54:58,903] {processor.py:162} INFO - Started process (PID=337) to work on /home/airflow/.local/lib/python3.8/site-packages/airflow/example_dags/example_complex.py
[2021-12-12 08:54:58,906] {processor.py:613} INFO - Processing file /home/airflow/.local/lib/python3.8/site-packages/airflow/example_dags/example_complex.py for tasks to queue
[2021-12-12 08:54:58,907] {logging_mixin.py:109} INFO - [2021-12-12 08:54:58,907] {dagbag.py:496} INFO - Filling up the DagBag from /home/airflow/.local/lib/python3.8/site-packages/airflow/example_dags/example_complex.py
[2021-12-12 08:54:58,930] {processor.py:623} INFO - DAG(s) dict_keys(['example_complex']) retrieved from /home/airflow/.local/lib/python3.8/site-packages/airflow/example_dags/example_complex.py
[2021-12-12 08:54:58,961] {logging_mixin.py:109} INFO - [2021-12-12 08:54:58,961] {dag.py:1833} INFO - Sync 1 DAGs
[2021-12-12 08:54:58,976] {logging_mixin.py:109} INFO - [2021-12-12 08:54:58,975] {dag.py:2306} INFO - Setting next_dagrun for example_complex to None
[2021-12-12 08:54:58,987] {processor.py:170} INFO - Processing /home/airflow/.local/lib/python3.8/site-packages/airflow/example_dags/example_complex.py took 0.088 seconds
[2021-12-12 08:55:29,496] {processor.py:162} INFO - Started process (PID=395) to work on /home/airflow/.local/lib/python3.8/site-packages/airflow/example_dags/example_complex.py
[2021-12-12 08:55:29,498] {processor.py:613} INFO - Processing file /home/airflow/.local/lib/python3.8/site-packages/airflow/example_dags/example_complex.py for tasks to queue
[2021-12-12 08:55:29,500] {logging_mixin.py:109} INFO - [2021-12-12 08:55:29,499] {dagbag.py:496} INFO - Filling up the DagBag from /home/airflow/.local/lib/python3.8/site-packages/airflow/example_dags/example_complex.py
[2021-12-12 08:55:29,520] {processor.py:623} INFO - DAG(s) dict_keys(['example_complex']) retrieved from /home/airflow/.local/lib/python3.8/site-packages/airflow/example_dags/example_complex.py
[2021-12-12 08:55:29,549] {logging_mixin.py:109} INFO - [2021-12-12 08:55:29,549] {dag.py:1833} INFO - Sync 1 DAGs
[2021-12-12 08:55:29,563] {logging_mixin.py:109} INFO - [2021-12-12 08:55:29,563] {dag.py:2306} INFO - Setting next_dagrun for example_complex to None
[2021-12-12 08:55:29,576] {processor.py:170} INFO - Processing /home/airflow/.local/lib/python3.8/site-packages/airflow/example_dags/example_complex.py took 0.085 seconds
[2021-12-12 08:56:00,471] {processor.py:162} INFO - Started process (PID=443) to work on /home/airflow/.local/lib/python3.8/site-packages/airflow/example_dags/example_complex.py
[2021-12-12 08:56:00,476] {processor.py:613} INFO - Processing file /home/airflow/.local/lib/python3.8/site-packages/airflow/example_dags/example_complex.py for tasks to queue
[2021-12-12 08:56:00,478] {logging_mixin.py:109} INFO - [2021-12-12 08:56:00,478] {dagbag.py:496} INFO - Filling up the DagBag from /home/airflow/.local/lib/python3.8/site-packages/airflow/example_dags/example_complex.py
[2021-12-12 08:56:00,514] {processor.py:623} INFO - DAG(s) dict_keys(['example_complex']) retrieved from /home/airflow/.local/lib/python3.8/site-packages/airflow/example_dags/example_complex.py
[2021-12-12 08:56:00,558] {logging_mixin.py:109} INFO - [2021-12-12 08:56:00,558] {dag.py:1833} INFO - Sync 1 DAGs
[2021-12-12 08:56:00,579] {logging_mixin.py:109} INFO - [2021-12-12 08:56:00,579] {dag.py:2306} INFO - Setting next_dagrun for example_complex to None
[2021-12-12 08:56:00,595] {processor.py:170} INFO - Processing /home/airflow/.local/lib/python3.8/site-packages/airflow/example_dags/example_complex.py took 0.128 seconds
