[2021-12-12 08:38:58,333] {processor.py:162} INFO - Started process (PID=120) to work on /home/airflow/.local/lib/python3.8/site-packages/airflow/example_dags/example_branch_operator.py
[2021-12-12 08:38:58,335] {processor.py:613} INFO - Processing file /home/airflow/.local/lib/python3.8/site-packages/airflow/example_dags/example_branch_operator.py for tasks to queue
[2021-12-12 08:38:58,337] {logging_mixin.py:109} INFO - [2021-12-12 08:38:58,337] {dagbag.py:496} INFO - Filling up the DagBag from /home/airflow/.local/lib/python3.8/site-packages/airflow/example_dags/example_branch_operator.py
[2021-12-12 08:38:58,360] {processor.py:623} INFO - DAG(s) dict_keys(['example_branch_operator']) retrieved from /home/airflow/.local/lib/python3.8/site-packages/airflow/example_dags/example_branch_operator.py
[2021-12-12 08:39:02,013] {logging_mixin.py:109} WARNING - /home/airflow/.local/lib/python3.8/site-packages/snowflake/connector/options.py:94 UserWarning: You have an incompatible version of 'pyarrow' installed (3.0.0), please install a version that adheres to: 'pyarrow<5.1.0,>=5.0.0; extra == "pandas"'
[2021-12-12 08:39:02,589] {logging_mixin.py:109} INFO - [2021-12-12 08:39:02,588] {dag.py:1833} INFO - Sync 1 DAGs
[2021-12-12 08:39:02,602] {logging_mixin.py:109} INFO - [2021-12-12 08:39:02,602] {dag.py:1852} INFO - Creating ORM DAG for example_branch_operator
[2021-12-12 08:39:02,616] {logging_mixin.py:109} INFO - [2021-12-12 08:39:02,616] {dag.py:2306} INFO - Setting next_dagrun for example_branch_operator to 2021-12-10 00:00:00+00:00
[2021-12-12 08:39:02,637] {processor.py:170} INFO - Processing /home/airflow/.local/lib/python3.8/site-packages/airflow/example_dags/example_branch_operator.py took 4.308 seconds
[2021-12-12 08:39:43,566] {processor.py:162} INFO - Started process (PID=341) to work on /home/airflow/.local/lib/python3.8/site-packages/airflow/example_dags/example_branch_operator.py
[2021-12-12 08:39:43,569] {processor.py:613} INFO - Processing file /home/airflow/.local/lib/python3.8/site-packages/airflow/example_dags/example_branch_operator.py for tasks to queue
[2021-12-12 08:39:43,570] {logging_mixin.py:109} INFO - [2021-12-12 08:39:43,570] {dagbag.py:496} INFO - Filling up the DagBag from /home/airflow/.local/lib/python3.8/site-packages/airflow/example_dags/example_branch_operator.py
[2021-12-12 08:39:43,588] {processor.py:623} INFO - DAG(s) dict_keys(['example_branch_operator']) retrieved from /home/airflow/.local/lib/python3.8/site-packages/airflow/example_dags/example_branch_operator.py
[2021-12-12 08:39:43,616] {logging_mixin.py:109} INFO - [2021-12-12 08:39:43,616] {dag.py:1833} INFO - Sync 1 DAGs
[2021-12-12 08:39:43,636] {logging_mixin.py:109} INFO - [2021-12-12 08:39:43,636] {dag.py:2306} INFO - Setting next_dagrun for example_branch_operator to 2021-12-10 00:00:00+00:00
[2021-12-12 08:39:43,651] {processor.py:170} INFO - Processing /home/airflow/.local/lib/python3.8/site-packages/airflow/example_dags/example_branch_operator.py took 0.089 seconds
[2021-12-12 08:40:14,388] {processor.py:162} INFO - Started process (PID=398) to work on /home/airflow/.local/lib/python3.8/site-packages/airflow/example_dags/example_branch_operator.py
[2021-12-12 08:40:14,391] {processor.py:613} INFO - Processing file /home/airflow/.local/lib/python3.8/site-packages/airflow/example_dags/example_branch_operator.py for tasks to queue
[2021-12-12 08:40:14,394] {logging_mixin.py:109} INFO - [2021-12-12 08:40:14,394] {dagbag.py:496} INFO - Filling up the DagBag from /home/airflow/.local/lib/python3.8/site-packages/airflow/example_dags/example_branch_operator.py
[2021-12-12 08:40:14,413] {processor.py:623} INFO - DAG(s) dict_keys(['example_branch_operator']) retrieved from /home/airflow/.local/lib/python3.8/site-packages/airflow/example_dags/example_branch_operator.py
[2021-12-12 08:40:14,447] {logging_mixin.py:109} INFO - [2021-12-12 08:40:14,447] {dag.py:1833} INFO - Sync 1 DAGs
[2021-12-12 08:40:14,469] {logging_mixin.py:109} INFO - [2021-12-12 08:40:14,469] {dag.py:2306} INFO - Setting next_dagrun for example_branch_operator to 2021-12-10 00:00:00+00:00
[2021-12-12 08:40:14,485] {processor.py:170} INFO - Processing /home/airflow/.local/lib/python3.8/site-packages/airflow/example_dags/example_branch_operator.py took 0.102 seconds
[2021-12-12 08:40:44,731] {processor.py:162} INFO - Started process (PID=446) to work on /home/airflow/.local/lib/python3.8/site-packages/airflow/example_dags/example_branch_operator.py
[2021-12-12 08:40:44,733] {processor.py:613} INFO - Processing file /home/airflow/.local/lib/python3.8/site-packages/airflow/example_dags/example_branch_operator.py for tasks to queue
[2021-12-12 08:40:44,734] {logging_mixin.py:109} INFO - [2021-12-12 08:40:44,734] {dagbag.py:496} INFO - Filling up the DagBag from /home/airflow/.local/lib/python3.8/site-packages/airflow/example_dags/example_branch_operator.py
[2021-12-12 08:40:44,751] {processor.py:623} INFO - DAG(s) dict_keys(['example_branch_operator']) retrieved from /home/airflow/.local/lib/python3.8/site-packages/airflow/example_dags/example_branch_operator.py
[2021-12-12 08:40:44,778] {logging_mixin.py:109} INFO - [2021-12-12 08:40:44,777] {dag.py:1833} INFO - Sync 1 DAGs
[2021-12-12 08:40:44,797] {logging_mixin.py:109} INFO - [2021-12-12 08:40:44,797] {dag.py:2306} INFO - Setting next_dagrun for example_branch_operator to 2021-12-10 00:00:00+00:00
[2021-12-12 08:40:44,810] {processor.py:170} INFO - Processing /home/airflow/.local/lib/python3.8/site-packages/airflow/example_dags/example_branch_operator.py took 0.084 seconds
[2021-12-12 08:41:15,180] {processor.py:162} INFO - Started process (PID=495) to work on /home/airflow/.local/lib/python3.8/site-packages/airflow/example_dags/example_branch_operator.py
[2021-12-12 08:41:15,182] {processor.py:613} INFO - Processing file /home/airflow/.local/lib/python3.8/site-packages/airflow/example_dags/example_branch_operator.py for tasks to queue
[2021-12-12 08:41:15,184] {logging_mixin.py:109} INFO - [2021-12-12 08:41:15,183] {dagbag.py:496} INFO - Filling up the DagBag from /home/airflow/.local/lib/python3.8/site-packages/airflow/example_dags/example_branch_operator.py
[2021-12-12 08:41:15,200] {processor.py:623} INFO - DAG(s) dict_keys(['example_branch_operator']) retrieved from /home/airflow/.local/lib/python3.8/site-packages/airflow/example_dags/example_branch_operator.py
[2021-12-12 08:41:15,229] {logging_mixin.py:109} INFO - [2021-12-12 08:41:15,229] {dag.py:1833} INFO - Sync 1 DAGs
[2021-12-12 08:41:15,250] {logging_mixin.py:109} INFO - [2021-12-12 08:41:15,250] {dag.py:2306} INFO - Setting next_dagrun for example_branch_operator to 2021-12-10 00:00:00+00:00
[2021-12-12 08:41:15,267] {processor.py:170} INFO - Processing /home/airflow/.local/lib/python3.8/site-packages/airflow/example_dags/example_branch_operator.py took 0.091 seconds
[2021-12-12 08:41:45,623] {processor.py:162} INFO - Started process (PID=552) to work on /home/airflow/.local/lib/python3.8/site-packages/airflow/example_dags/example_branch_operator.py
[2021-12-12 08:41:45,625] {processor.py:613} INFO - Processing file /home/airflow/.local/lib/python3.8/site-packages/airflow/example_dags/example_branch_operator.py for tasks to queue
[2021-12-12 08:41:45,627] {logging_mixin.py:109} INFO - [2021-12-12 08:41:45,627] {dagbag.py:496} INFO - Filling up the DagBag from /home/airflow/.local/lib/python3.8/site-packages/airflow/example_dags/example_branch_operator.py
[2021-12-12 08:41:45,647] {processor.py:623} INFO - DAG(s) dict_keys(['example_branch_operator']) retrieved from /home/airflow/.local/lib/python3.8/site-packages/airflow/example_dags/example_branch_operator.py
[2021-12-12 08:41:45,685] {logging_mixin.py:109} INFO - [2021-12-12 08:41:45,685] {dag.py:1833} INFO - Sync 1 DAGs
[2021-12-12 08:41:45,710] {logging_mixin.py:109} INFO - [2021-12-12 08:41:45,710] {dag.py:2306} INFO - Setting next_dagrun for example_branch_operator to 2021-12-10 00:00:00+00:00
[2021-12-12 08:41:45,727] {processor.py:170} INFO - Processing /home/airflow/.local/lib/python3.8/site-packages/airflow/example_dags/example_branch_operator.py took 0.109 seconds
[2021-12-12 08:42:16,583] {processor.py:162} INFO - Started process (PID=603) to work on /home/airflow/.local/lib/python3.8/site-packages/airflow/example_dags/example_branch_operator.py
[2021-12-12 08:42:16,586] {processor.py:613} INFO - Processing file /home/airflow/.local/lib/python3.8/site-packages/airflow/example_dags/example_branch_operator.py for tasks to queue
[2021-12-12 08:42:16,587] {logging_mixin.py:109} INFO - [2021-12-12 08:42:16,587] {dagbag.py:496} INFO - Filling up the DagBag from /home/airflow/.local/lib/python3.8/site-packages/airflow/example_dags/example_branch_operator.py
[2021-12-12 08:42:16,608] {processor.py:623} INFO - DAG(s) dict_keys(['example_branch_operator']) retrieved from /home/airflow/.local/lib/python3.8/site-packages/airflow/example_dags/example_branch_operator.py
[2021-12-12 08:42:16,635] {logging_mixin.py:109} INFO - [2021-12-12 08:42:16,635] {dag.py:1833} INFO - Sync 1 DAGs
[2021-12-12 08:42:16,655] {logging_mixin.py:109} INFO - [2021-12-12 08:42:16,655] {dag.py:2306} INFO - Setting next_dagrun for example_branch_operator to 2021-12-10 00:00:00+00:00
[2021-12-12 08:42:16,671] {processor.py:170} INFO - Processing /home/airflow/.local/lib/python3.8/site-packages/airflow/example_dags/example_branch_operator.py took 0.093 seconds
[2021-12-12 08:42:47,506] {processor.py:162} INFO - Started process (PID=662) to work on /home/airflow/.local/lib/python3.8/site-packages/airflow/example_dags/example_branch_operator.py
[2021-12-12 08:42:47,514] {processor.py:613} INFO - Processing file /home/airflow/.local/lib/python3.8/site-packages/airflow/example_dags/example_branch_operator.py for tasks to queue
[2021-12-12 08:42:47,516] {logging_mixin.py:109} INFO - [2021-12-12 08:42:47,516] {dagbag.py:496} INFO - Filling up the DagBag from /home/airflow/.local/lib/python3.8/site-packages/airflow/example_dags/example_branch_operator.py
[2021-12-12 08:42:47,549] {processor.py:623} INFO - DAG(s) dict_keys(['example_branch_operator']) retrieved from /home/airflow/.local/lib/python3.8/site-packages/airflow/example_dags/example_branch_operator.py
[2021-12-12 08:42:47,584] {logging_mixin.py:109} INFO - [2021-12-12 08:42:47,584] {dag.py:1833} INFO - Sync 1 DAGs
[2021-12-12 08:42:47,644] {logging_mixin.py:109} INFO - [2021-12-12 08:42:47,644] {dag.py:2306} INFO - Setting next_dagrun for example_branch_operator to 2021-12-10 00:00:00+00:00
[2021-12-12 08:42:47,675] {processor.py:170} INFO - Processing /home/airflow/.local/lib/python3.8/site-packages/airflow/example_dags/example_branch_operator.py took 0.174 seconds
[2021-12-12 08:43:18,449] {processor.py:162} INFO - Started process (PID=710) to work on /home/airflow/.local/lib/python3.8/site-packages/airflow/example_dags/example_branch_operator.py
[2021-12-12 08:43:18,454] {processor.py:613} INFO - Processing file /home/airflow/.local/lib/python3.8/site-packages/airflow/example_dags/example_branch_operator.py for tasks to queue
[2021-12-12 08:43:18,456] {logging_mixin.py:109} INFO - [2021-12-12 08:43:18,456] {dagbag.py:496} INFO - Filling up the DagBag from /home/airflow/.local/lib/python3.8/site-packages/airflow/example_dags/example_branch_operator.py
[2021-12-12 08:43:18,479] {processor.py:623} INFO - DAG(s) dict_keys(['example_branch_operator']) retrieved from /home/airflow/.local/lib/python3.8/site-packages/airflow/example_dags/example_branch_operator.py
[2021-12-12 08:43:18,516] {logging_mixin.py:109} INFO - [2021-12-12 08:43:18,515] {dag.py:1833} INFO - Sync 1 DAGs
[2021-12-12 08:43:18,543] {logging_mixin.py:109} INFO - [2021-12-12 08:43:18,543] {dag.py:2306} INFO - Setting next_dagrun for example_branch_operator to 2021-12-10 00:00:00+00:00
[2021-12-12 08:43:18,566] {processor.py:170} INFO - Processing /home/airflow/.local/lib/python3.8/site-packages/airflow/example_dags/example_branch_operator.py took 0.121 seconds
[2021-12-12 08:43:48,955] {processor.py:162} INFO - Started process (PID=768) to work on /home/airflow/.local/lib/python3.8/site-packages/airflow/example_dags/example_branch_operator.py
[2021-12-12 08:43:48,958] {processor.py:613} INFO - Processing file /home/airflow/.local/lib/python3.8/site-packages/airflow/example_dags/example_branch_operator.py for tasks to queue
[2021-12-12 08:43:48,960] {logging_mixin.py:109} INFO - [2021-12-12 08:43:48,960] {dagbag.py:496} INFO - Filling up the DagBag from /home/airflow/.local/lib/python3.8/site-packages/airflow/example_dags/example_branch_operator.py
[2021-12-12 08:43:48,978] {processor.py:623} INFO - DAG(s) dict_keys(['example_branch_operator']) retrieved from /home/airflow/.local/lib/python3.8/site-packages/airflow/example_dags/example_branch_operator.py
[2021-12-12 08:43:49,009] {logging_mixin.py:109} INFO - [2021-12-12 08:43:49,009] {dag.py:1833} INFO - Sync 1 DAGs
[2021-12-12 08:43:49,036] {logging_mixin.py:109} INFO - [2021-12-12 08:43:49,036] {dag.py:2306} INFO - Setting next_dagrun for example_branch_operator to 2021-12-10 00:00:00+00:00
[2021-12-12 08:43:49,054] {processor.py:170} INFO - Processing /home/airflow/.local/lib/python3.8/site-packages/airflow/example_dags/example_branch_operator.py took 0.103 seconds
[2021-12-12 08:44:19,183] {processor.py:162} INFO - Started process (PID=816) to work on /home/airflow/.local/lib/python3.8/site-packages/airflow/example_dags/example_branch_operator.py
[2021-12-12 08:44:19,184] {processor.py:613} INFO - Processing file /home/airflow/.local/lib/python3.8/site-packages/airflow/example_dags/example_branch_operator.py for tasks to queue
[2021-12-12 08:44:19,186] {logging_mixin.py:109} INFO - [2021-12-12 08:44:19,186] {dagbag.py:496} INFO - Filling up the DagBag from /home/airflow/.local/lib/python3.8/site-packages/airflow/example_dags/example_branch_operator.py
[2021-12-12 08:44:19,200] {processor.py:623} INFO - DAG(s) dict_keys(['example_branch_operator']) retrieved from /home/airflow/.local/lib/python3.8/site-packages/airflow/example_dags/example_branch_operator.py
[2021-12-12 08:44:19,220] {logging_mixin.py:109} INFO - [2021-12-12 08:44:19,220] {dag.py:1833} INFO - Sync 1 DAGs
[2021-12-12 08:44:19,236] {logging_mixin.py:109} INFO - [2021-12-12 08:44:19,236] {dag.py:2306} INFO - Setting next_dagrun for example_branch_operator to 2021-12-10 00:00:00+00:00
[2021-12-12 08:44:19,246] {processor.py:170} INFO - Processing /home/airflow/.local/lib/python3.8/site-packages/airflow/example_dags/example_branch_operator.py took 0.067 seconds
[2021-12-12 08:52:25,212] {processor.py:162} INFO - Started process (PID=59) to work on /home/airflow/.local/lib/python3.8/site-packages/airflow/example_dags/example_branch_operator.py
[2021-12-12 08:52:25,214] {processor.py:613} INFO - Processing file /home/airflow/.local/lib/python3.8/site-packages/airflow/example_dags/example_branch_operator.py for tasks to queue
[2021-12-12 08:52:25,216] {logging_mixin.py:109} INFO - [2021-12-12 08:52:25,216] {dagbag.py:496} INFO - Filling up the DagBag from /home/airflow/.local/lib/python3.8/site-packages/airflow/example_dags/example_branch_operator.py
[2021-12-12 08:52:25,257] {processor.py:623} INFO - DAG(s) dict_keys(['example_branch_operator']) retrieved from /home/airflow/.local/lib/python3.8/site-packages/airflow/example_dags/example_branch_operator.py
[2021-12-12 08:52:25,314] {logging_mixin.py:109} INFO - [2021-12-12 08:52:25,314] {dag.py:1833} INFO - Sync 1 DAGs
[2021-12-12 08:52:25,341] {logging_mixin.py:109} INFO - [2021-12-12 08:52:25,340] {dag.py:2306} INFO - Setting next_dagrun for example_branch_operator to 2021-12-10 00:00:00+00:00
[2021-12-12 08:52:25,359] {processor.py:170} INFO - Processing /home/airflow/.local/lib/python3.8/site-packages/airflow/example_dags/example_branch_operator.py took 0.153 seconds
[2021-12-12 08:52:56,197] {processor.py:162} INFO - Started process (PID=119) to work on /home/airflow/.local/lib/python3.8/site-packages/airflow/example_dags/example_branch_operator.py
[2021-12-12 08:52:56,201] {processor.py:613} INFO - Processing file /home/airflow/.local/lib/python3.8/site-packages/airflow/example_dags/example_branch_operator.py for tasks to queue
[2021-12-12 08:52:56,204] {logging_mixin.py:109} INFO - [2021-12-12 08:52:56,204] {dagbag.py:496} INFO - Filling up the DagBag from /home/airflow/.local/lib/python3.8/site-packages/airflow/example_dags/example_branch_operator.py
[2021-12-12 08:52:56,228] {processor.py:623} INFO - DAG(s) dict_keys(['example_branch_operator']) retrieved from /home/airflow/.local/lib/python3.8/site-packages/airflow/example_dags/example_branch_operator.py
[2021-12-12 08:52:56,270] {logging_mixin.py:109} INFO - [2021-12-12 08:52:56,270] {dag.py:1833} INFO - Sync 1 DAGs
[2021-12-12 08:52:56,292] {logging_mixin.py:109} INFO - [2021-12-12 08:52:56,292] {dag.py:2306} INFO - Setting next_dagrun for example_branch_operator to 2021-12-10 00:00:00+00:00
[2021-12-12 08:52:56,313] {processor.py:170} INFO - Processing /home/airflow/.local/lib/python3.8/site-packages/airflow/example_dags/example_branch_operator.py took 0.121 seconds
[2021-12-12 08:53:27,067] {processor.py:162} INFO - Started process (PID=167) to work on /home/airflow/.local/lib/python3.8/site-packages/airflow/example_dags/example_branch_operator.py
[2021-12-12 08:53:27,070] {processor.py:613} INFO - Processing file /home/airflow/.local/lib/python3.8/site-packages/airflow/example_dags/example_branch_operator.py for tasks to queue
[2021-12-12 08:53:27,072] {logging_mixin.py:109} INFO - [2021-12-12 08:53:27,072] {dagbag.py:496} INFO - Filling up the DagBag from /home/airflow/.local/lib/python3.8/site-packages/airflow/example_dags/example_branch_operator.py
[2021-12-12 08:53:27,102] {processor.py:623} INFO - DAG(s) dict_keys(['example_branch_operator']) retrieved from /home/airflow/.local/lib/python3.8/site-packages/airflow/example_dags/example_branch_operator.py
[2021-12-12 08:53:27,140] {logging_mixin.py:109} INFO - [2021-12-12 08:53:27,140] {dag.py:1833} INFO - Sync 1 DAGs
[2021-12-12 08:53:27,160] {logging_mixin.py:109} INFO - [2021-12-12 08:53:27,160] {dag.py:2306} INFO - Setting next_dagrun for example_branch_operator to 2021-12-10 00:00:00+00:00
[2021-12-12 08:53:27,172] {processor.py:170} INFO - Processing /home/airflow/.local/lib/python3.8/site-packages/airflow/example_dags/example_branch_operator.py took 0.111 seconds
[2021-12-12 08:53:57,553] {processor.py:162} INFO - Started process (PID=224) to work on /home/airflow/.local/lib/python3.8/site-packages/airflow/example_dags/example_branch_operator.py
[2021-12-12 08:53:57,555] {processor.py:613} INFO - Processing file /home/airflow/.local/lib/python3.8/site-packages/airflow/example_dags/example_branch_operator.py for tasks to queue
[2021-12-12 08:53:57,556] {logging_mixin.py:109} INFO - [2021-12-12 08:53:57,556] {dagbag.py:496} INFO - Filling up the DagBag from /home/airflow/.local/lib/python3.8/site-packages/airflow/example_dags/example_branch_operator.py
[2021-12-12 08:53:57,576] {processor.py:623} INFO - DAG(s) dict_keys(['example_branch_operator']) retrieved from /home/airflow/.local/lib/python3.8/site-packages/airflow/example_dags/example_branch_operator.py
[2021-12-12 08:53:57,602] {logging_mixin.py:109} INFO - [2021-12-12 08:53:57,602] {dag.py:1833} INFO - Sync 1 DAGs
[2021-12-12 08:53:57,620] {logging_mixin.py:109} INFO - [2021-12-12 08:53:57,620] {dag.py:2306} INFO - Setting next_dagrun for example_branch_operator to 2021-12-10 00:00:00+00:00
[2021-12-12 08:53:57,632] {processor.py:170} INFO - Processing /home/airflow/.local/lib/python3.8/site-packages/airflow/example_dags/example_branch_operator.py took 0.083 seconds
[2021-12-12 08:54:28,209] {processor.py:162} INFO - Started process (PID=274) to work on /home/airflow/.local/lib/python3.8/site-packages/airflow/example_dags/example_branch_operator.py
[2021-12-12 08:54:28,212] {processor.py:613} INFO - Processing file /home/airflow/.local/lib/python3.8/site-packages/airflow/example_dags/example_branch_operator.py for tasks to queue
[2021-12-12 08:54:28,215] {logging_mixin.py:109} INFO - [2021-12-12 08:54:28,215] {dagbag.py:496} INFO - Filling up the DagBag from /home/airflow/.local/lib/python3.8/site-packages/airflow/example_dags/example_branch_operator.py
[2021-12-12 08:54:28,241] {processor.py:623} INFO - DAG(s) dict_keys(['example_branch_operator']) retrieved from /home/airflow/.local/lib/python3.8/site-packages/airflow/example_dags/example_branch_operator.py
[2021-12-12 08:54:28,280] {logging_mixin.py:109} INFO - [2021-12-12 08:54:28,280] {dag.py:1833} INFO - Sync 1 DAGs
[2021-12-12 08:54:28,307] {logging_mixin.py:109} INFO - [2021-12-12 08:54:28,307] {dag.py:2306} INFO - Setting next_dagrun for example_branch_operator to 2021-12-10 00:00:00+00:00
[2021-12-12 08:54:28,323] {processor.py:170} INFO - Processing /home/airflow/.local/lib/python3.8/site-packages/airflow/example_dags/example_branch_operator.py took 0.118 seconds
[2021-12-12 08:54:58,586] {processor.py:162} INFO - Started process (PID=331) to work on /home/airflow/.local/lib/python3.8/site-packages/airflow/example_dags/example_branch_operator.py
[2021-12-12 08:54:58,588] {processor.py:613} INFO - Processing file /home/airflow/.local/lib/python3.8/site-packages/airflow/example_dags/example_branch_operator.py for tasks to queue
[2021-12-12 08:54:58,590] {logging_mixin.py:109} INFO - [2021-12-12 08:54:58,589] {dagbag.py:496} INFO - Filling up the DagBag from /home/airflow/.local/lib/python3.8/site-packages/airflow/example_dags/example_branch_operator.py
[2021-12-12 08:54:58,609] {processor.py:623} INFO - DAG(s) dict_keys(['example_branch_operator']) retrieved from /home/airflow/.local/lib/python3.8/site-packages/airflow/example_dags/example_branch_operator.py
[2021-12-12 08:54:58,633] {logging_mixin.py:109} INFO - [2021-12-12 08:54:58,633] {dag.py:1833} INFO - Sync 1 DAGs
[2021-12-12 08:54:58,651] {logging_mixin.py:109} INFO - [2021-12-12 08:54:58,651] {dag.py:2306} INFO - Setting next_dagrun for example_branch_operator to 2021-12-10 00:00:00+00:00
[2021-12-12 08:54:58,663] {processor.py:170} INFO - Processing /home/airflow/.local/lib/python3.8/site-packages/airflow/example_dags/example_branch_operator.py took 0.082 seconds
[2021-12-12 08:55:29,114] {processor.py:162} INFO - Started process (PID=389) to work on /home/airflow/.local/lib/python3.8/site-packages/airflow/example_dags/example_branch_operator.py
[2021-12-12 08:55:29,116] {processor.py:613} INFO - Processing file /home/airflow/.local/lib/python3.8/site-packages/airflow/example_dags/example_branch_operator.py for tasks to queue
[2021-12-12 08:55:29,118] {logging_mixin.py:109} INFO - [2021-12-12 08:55:29,118] {dagbag.py:496} INFO - Filling up the DagBag from /home/airflow/.local/lib/python3.8/site-packages/airflow/example_dags/example_branch_operator.py
[2021-12-12 08:55:29,136] {processor.py:623} INFO - DAG(s) dict_keys(['example_branch_operator']) retrieved from /home/airflow/.local/lib/python3.8/site-packages/airflow/example_dags/example_branch_operator.py
[2021-12-12 08:55:29,166] {logging_mixin.py:109} INFO - [2021-12-12 08:55:29,166] {dag.py:1833} INFO - Sync 1 DAGs
[2021-12-12 08:55:29,185] {logging_mixin.py:109} INFO - [2021-12-12 08:55:29,184] {dag.py:2306} INFO - Setting next_dagrun for example_branch_operator to 2021-12-10 00:00:00+00:00
[2021-12-12 08:55:29,197] {processor.py:170} INFO - Processing /home/airflow/.local/lib/python3.8/site-packages/airflow/example_dags/example_branch_operator.py took 0.087 seconds
[2021-12-12 08:55:59,974] {processor.py:162} INFO - Started process (PID=437) to work on /home/airflow/.local/lib/python3.8/site-packages/airflow/example_dags/example_branch_operator.py
[2021-12-12 08:55:59,976] {processor.py:613} INFO - Processing file /home/airflow/.local/lib/python3.8/site-packages/airflow/example_dags/example_branch_operator.py for tasks to queue
[2021-12-12 08:55:59,979] {logging_mixin.py:109} INFO - [2021-12-12 08:55:59,979] {dagbag.py:496} INFO - Filling up the DagBag from /home/airflow/.local/lib/python3.8/site-packages/airflow/example_dags/example_branch_operator.py
[2021-12-12 08:56:00,018] {processor.py:623} INFO - DAG(s) dict_keys(['example_branch_operator']) retrieved from /home/airflow/.local/lib/python3.8/site-packages/airflow/example_dags/example_branch_operator.py
[2021-12-12 08:56:00,082] {logging_mixin.py:109} INFO - [2021-12-12 08:56:00,082] {dag.py:1833} INFO - Sync 1 DAGs
[2021-12-12 08:56:00,121] {logging_mixin.py:109} INFO - [2021-12-12 08:56:00,121] {dag.py:2306} INFO - Setting next_dagrun for example_branch_operator to 2021-12-10 00:00:00+00:00
[2021-12-12 08:56:00,141] {processor.py:170} INFO - Processing /home/airflow/.local/lib/python3.8/site-packages/airflow/example_dags/example_branch_operator.py took 0.172 seconds
