[2021-12-12 08:39:13,497] {processor.py:162} INFO - Started process (PID=192) to work on /home/airflow/.local/lib/python3.8/site-packages/airflow/example_dags/example_kubernetes_executor.py
[2021-12-12 08:39:13,499] {processor.py:613} INFO - Processing file /home/airflow/.local/lib/python3.8/site-packages/airflow/example_dags/example_kubernetes_executor.py for tasks to queue
[2021-12-12 08:39:13,501] {logging_mixin.py:109} INFO - [2021-12-12 08:39:13,501] {dagbag.py:496} INFO - Filling up the DagBag from /home/airflow/.local/lib/python3.8/site-packages/airflow/example_dags/example_kubernetes_executor.py
[2021-12-12 08:39:13,517] {processor.py:623} INFO - DAG(s) dict_keys(['example_kubernetes_executor']) retrieved from /home/airflow/.local/lib/python3.8/site-packages/airflow/example_dags/example_kubernetes_executor.py
[2021-12-12 08:39:20,616] {logging_mixin.py:109} WARNING - /home/airflow/.local/lib/python3.8/site-packages/snowflake/connector/options.py:94 UserWarning: You have an incompatible version of 'pyarrow' installed (3.0.0), please install a version that adheres to: 'pyarrow<5.1.0,>=5.0.0; extra == "pandas"'
[2021-12-12 08:39:21,142] {logging_mixin.py:109} INFO - [2021-12-12 08:39:21,141] {dag.py:1833} INFO - Sync 1 DAGs
[2021-12-12 08:39:21,161] {logging_mixin.py:109} INFO - [2021-12-12 08:39:21,160] {dag.py:1852} INFO - Creating ORM DAG for example_kubernetes_executor
[2021-12-12 08:39:21,171] {logging_mixin.py:109} INFO - [2021-12-12 08:39:21,171] {dag.py:2306} INFO - Setting next_dagrun for example_kubernetes_executor to None
[2021-12-12 08:39:21,192] {processor.py:170} INFO - Processing /home/airflow/.local/lib/python3.8/site-packages/airflow/example_dags/example_kubernetes_executor.py took 7.727 seconds
[2021-12-12 08:39:51,411] {processor.py:162} INFO - Started process (PID=359) to work on /home/airflow/.local/lib/python3.8/site-packages/airflow/example_dags/example_kubernetes_executor.py
[2021-12-12 08:39:51,415] {processor.py:613} INFO - Processing file /home/airflow/.local/lib/python3.8/site-packages/airflow/example_dags/example_kubernetes_executor.py for tasks to queue
[2021-12-12 08:39:51,417] {logging_mixin.py:109} INFO - [2021-12-12 08:39:51,417] {dagbag.py:496} INFO - Filling up the DagBag from /home/airflow/.local/lib/python3.8/site-packages/airflow/example_dags/example_kubernetes_executor.py
[2021-12-12 08:39:51,433] {processor.py:623} INFO - DAG(s) dict_keys(['example_kubernetes_executor']) retrieved from /home/airflow/.local/lib/python3.8/site-packages/airflow/example_dags/example_kubernetes_executor.py
[2021-12-12 08:39:51,459] {logging_mixin.py:109} INFO - [2021-12-12 08:39:51,459] {dag.py:1833} INFO - Sync 1 DAGs
[2021-12-12 08:39:51,475] {logging_mixin.py:109} INFO - [2021-12-12 08:39:51,474] {dag.py:2306} INFO - Setting next_dagrun for example_kubernetes_executor to None
[2021-12-12 08:39:51,488] {processor.py:170} INFO - Processing /home/airflow/.local/lib/python3.8/site-packages/airflow/example_dags/example_kubernetes_executor.py took 0.080 seconds
[2021-12-12 08:40:22,126] {processor.py:162} INFO - Started process (PID=407) to work on /home/airflow/.local/lib/python3.8/site-packages/airflow/example_dags/example_kubernetes_executor.py
[2021-12-12 08:40:22,128] {processor.py:613} INFO - Processing file /home/airflow/.local/lib/python3.8/site-packages/airflow/example_dags/example_kubernetes_executor.py for tasks to queue
[2021-12-12 08:40:22,130] {logging_mixin.py:109} INFO - [2021-12-12 08:40:22,130] {dagbag.py:496} INFO - Filling up the DagBag from /home/airflow/.local/lib/python3.8/site-packages/airflow/example_dags/example_kubernetes_executor.py
[2021-12-12 08:40:22,145] {processor.py:623} INFO - DAG(s) dict_keys(['example_kubernetes_executor']) retrieved from /home/airflow/.local/lib/python3.8/site-packages/airflow/example_dags/example_kubernetes_executor.py
[2021-12-12 08:40:22,174] {logging_mixin.py:109} INFO - [2021-12-12 08:40:22,173] {dag.py:1833} INFO - Sync 1 DAGs
[2021-12-12 08:40:22,189] {logging_mixin.py:109} INFO - [2021-12-12 08:40:22,189] {dag.py:2306} INFO - Setting next_dagrun for example_kubernetes_executor to None
[2021-12-12 08:40:22,202] {processor.py:170} INFO - Processing /home/airflow/.local/lib/python3.8/site-packages/airflow/example_dags/example_kubernetes_executor.py took 0.080 seconds
[2021-12-12 08:40:52,261] {processor.py:162} INFO - Started process (PID=463) to work on /home/airflow/.local/lib/python3.8/site-packages/airflow/example_dags/example_kubernetes_executor.py
[2021-12-12 08:40:52,265] {processor.py:613} INFO - Processing file /home/airflow/.local/lib/python3.8/site-packages/airflow/example_dags/example_kubernetes_executor.py for tasks to queue
[2021-12-12 08:40:52,267] {logging_mixin.py:109} INFO - [2021-12-12 08:40:52,267] {dagbag.py:496} INFO - Filling up the DagBag from /home/airflow/.local/lib/python3.8/site-packages/airflow/example_dags/example_kubernetes_executor.py
[2021-12-12 08:40:52,283] {processor.py:623} INFO - DAG(s) dict_keys(['example_kubernetes_executor']) retrieved from /home/airflow/.local/lib/python3.8/site-packages/airflow/example_dags/example_kubernetes_executor.py
[2021-12-12 08:40:52,310] {logging_mixin.py:109} INFO - [2021-12-12 08:40:52,310] {dag.py:1833} INFO - Sync 1 DAGs
[2021-12-12 08:40:52,327] {logging_mixin.py:109} INFO - [2021-12-12 08:40:52,327] {dag.py:2306} INFO - Setting next_dagrun for example_kubernetes_executor to None
[2021-12-12 08:40:52,342] {processor.py:170} INFO - Processing /home/airflow/.local/lib/python3.8/site-packages/airflow/example_dags/example_kubernetes_executor.py took 0.085 seconds
[2021-12-12 08:41:22,901] {processor.py:162} INFO - Started process (PID=513) to work on /home/airflow/.local/lib/python3.8/site-packages/airflow/example_dags/example_kubernetes_executor.py
[2021-12-12 08:41:22,904] {processor.py:613} INFO - Processing file /home/airflow/.local/lib/python3.8/site-packages/airflow/example_dags/example_kubernetes_executor.py for tasks to queue
[2021-12-12 08:41:22,906] {logging_mixin.py:109} INFO - [2021-12-12 08:41:22,906] {dagbag.py:496} INFO - Filling up the DagBag from /home/airflow/.local/lib/python3.8/site-packages/airflow/example_dags/example_kubernetes_executor.py
[2021-12-12 08:41:22,921] {processor.py:623} INFO - DAG(s) dict_keys(['example_kubernetes_executor']) retrieved from /home/airflow/.local/lib/python3.8/site-packages/airflow/example_dags/example_kubernetes_executor.py
[2021-12-12 08:41:22,954] {logging_mixin.py:109} INFO - [2021-12-12 08:41:22,954] {dag.py:1833} INFO - Sync 1 DAGs
[2021-12-12 08:41:22,973] {logging_mixin.py:109} INFO - [2021-12-12 08:41:22,973] {dag.py:2306} INFO - Setting next_dagrun for example_kubernetes_executor to None
[2021-12-12 08:41:22,991] {processor.py:170} INFO - Processing /home/airflow/.local/lib/python3.8/site-packages/airflow/example_dags/example_kubernetes_executor.py took 0.095 seconds
[2021-12-12 08:41:53,367] {processor.py:162} INFO - Started process (PID=571) to work on /home/airflow/.local/lib/python3.8/site-packages/airflow/example_dags/example_kubernetes_executor.py
[2021-12-12 08:41:53,371] {processor.py:613} INFO - Processing file /home/airflow/.local/lib/python3.8/site-packages/airflow/example_dags/example_kubernetes_executor.py for tasks to queue
[2021-12-12 08:41:53,374] {logging_mixin.py:109} INFO - [2021-12-12 08:41:53,374] {dagbag.py:496} INFO - Filling up the DagBag from /home/airflow/.local/lib/python3.8/site-packages/airflow/example_dags/example_kubernetes_executor.py
[2021-12-12 08:41:53,402] {processor.py:623} INFO - DAG(s) dict_keys(['example_kubernetes_executor']) retrieved from /home/airflow/.local/lib/python3.8/site-packages/airflow/example_dags/example_kubernetes_executor.py
[2021-12-12 08:41:53,446] {logging_mixin.py:109} INFO - [2021-12-12 08:41:53,445] {dag.py:1833} INFO - Sync 1 DAGs
[2021-12-12 08:41:53,477] {logging_mixin.py:109} INFO - [2021-12-12 08:41:53,477] {dag.py:2306} INFO - Setting next_dagrun for example_kubernetes_executor to None
[2021-12-12 08:41:53,500] {processor.py:170} INFO - Processing /home/airflow/.local/lib/python3.8/site-packages/airflow/example_dags/example_kubernetes_executor.py took 0.137 seconds
[2021-12-12 08:42:24,201] {processor.py:162} INFO - Started process (PID=621) to work on /home/airflow/.local/lib/python3.8/site-packages/airflow/example_dags/example_kubernetes_executor.py
[2021-12-12 08:42:24,203] {processor.py:613} INFO - Processing file /home/airflow/.local/lib/python3.8/site-packages/airflow/example_dags/example_kubernetes_executor.py for tasks to queue
[2021-12-12 08:42:24,204] {logging_mixin.py:109} INFO - [2021-12-12 08:42:24,204] {dagbag.py:496} INFO - Filling up the DagBag from /home/airflow/.local/lib/python3.8/site-packages/airflow/example_dags/example_kubernetes_executor.py
[2021-12-12 08:42:24,220] {processor.py:623} INFO - DAG(s) dict_keys(['example_kubernetes_executor']) retrieved from /home/airflow/.local/lib/python3.8/site-packages/airflow/example_dags/example_kubernetes_executor.py
[2021-12-12 08:42:24,245] {logging_mixin.py:109} INFO - [2021-12-12 08:42:24,245] {dag.py:1833} INFO - Sync 1 DAGs
[2021-12-12 08:42:24,258] {logging_mixin.py:109} INFO - [2021-12-12 08:42:24,258] {dag.py:2306} INFO - Setting next_dagrun for example_kubernetes_executor to None
[2021-12-12 08:42:24,268] {processor.py:170} INFO - Processing /home/airflow/.local/lib/python3.8/site-packages/airflow/example_dags/example_kubernetes_executor.py took 0.072 seconds
[2021-12-12 08:42:54,314] {processor.py:162} INFO - Started process (PID=671) to work on /home/airflow/.local/lib/python3.8/site-packages/airflow/example_dags/example_kubernetes_executor.py
[2021-12-12 08:42:54,316] {processor.py:613} INFO - Processing file /home/airflow/.local/lib/python3.8/site-packages/airflow/example_dags/example_kubernetes_executor.py for tasks to queue
[2021-12-12 08:42:54,318] {logging_mixin.py:109} INFO - [2021-12-12 08:42:54,318] {dagbag.py:496} INFO - Filling up the DagBag from /home/airflow/.local/lib/python3.8/site-packages/airflow/example_dags/example_kubernetes_executor.py
[2021-12-12 08:42:54,331] {processor.py:623} INFO - DAG(s) dict_keys(['example_kubernetes_executor']) retrieved from /home/airflow/.local/lib/python3.8/site-packages/airflow/example_dags/example_kubernetes_executor.py
[2021-12-12 08:42:54,356] {logging_mixin.py:109} INFO - [2021-12-12 08:42:54,356] {dag.py:1833} INFO - Sync 1 DAGs
[2021-12-12 08:42:54,373] {logging_mixin.py:109} INFO - [2021-12-12 08:42:54,372] {dag.py:2306} INFO - Setting next_dagrun for example_kubernetes_executor to None
[2021-12-12 08:42:54,387] {processor.py:170} INFO - Processing /home/airflow/.local/lib/python3.8/site-packages/airflow/example_dags/example_kubernetes_executor.py took 0.078 seconds
[2021-12-12 08:43:25,235] {processor.py:162} INFO - Started process (PID=728) to work on /home/airflow/.local/lib/python3.8/site-packages/airflow/example_dags/example_kubernetes_executor.py
[2021-12-12 08:43:25,237] {processor.py:613} INFO - Processing file /home/airflow/.local/lib/python3.8/site-packages/airflow/example_dags/example_kubernetes_executor.py for tasks to queue
[2021-12-12 08:43:25,239] {logging_mixin.py:109} INFO - [2021-12-12 08:43:25,239] {dagbag.py:496} INFO - Filling up the DagBag from /home/airflow/.local/lib/python3.8/site-packages/airflow/example_dags/example_kubernetes_executor.py
[2021-12-12 08:43:25,252] {processor.py:623} INFO - DAG(s) dict_keys(['example_kubernetes_executor']) retrieved from /home/airflow/.local/lib/python3.8/site-packages/airflow/example_dags/example_kubernetes_executor.py
[2021-12-12 08:43:25,277] {logging_mixin.py:109} INFO - [2021-12-12 08:43:25,277] {dag.py:1833} INFO - Sync 1 DAGs
[2021-12-12 08:43:25,291] {logging_mixin.py:109} INFO - [2021-12-12 08:43:25,291] {dag.py:2306} INFO - Setting next_dagrun for example_kubernetes_executor to None
[2021-12-12 08:43:25,302] {processor.py:170} INFO - Processing /home/airflow/.local/lib/python3.8/site-packages/airflow/example_dags/example_kubernetes_executor.py took 0.071 seconds
[2021-12-12 08:43:55,985] {processor.py:162} INFO - Started process (PID=785) to work on /home/airflow/.local/lib/python3.8/site-packages/airflow/example_dags/example_kubernetes_executor.py
[2021-12-12 08:43:55,998] {processor.py:613} INFO - Processing file /home/airflow/.local/lib/python3.8/site-packages/airflow/example_dags/example_kubernetes_executor.py for tasks to queue
[2021-12-12 08:43:56,000] {logging_mixin.py:109} INFO - [2021-12-12 08:43:56,000] {dagbag.py:496} INFO - Filling up the DagBag from /home/airflow/.local/lib/python3.8/site-packages/airflow/example_dags/example_kubernetes_executor.py
[2021-12-12 08:43:56,013] {processor.py:623} INFO - DAG(s) dict_keys(['example_kubernetes_executor']) retrieved from /home/airflow/.local/lib/python3.8/site-packages/airflow/example_dags/example_kubernetes_executor.py
[2021-12-12 08:43:56,035] {logging_mixin.py:109} INFO - [2021-12-12 08:43:56,035] {dag.py:1833} INFO - Sync 1 DAGs
[2021-12-12 08:43:56,048] {logging_mixin.py:109} INFO - [2021-12-12 08:43:56,048] {dag.py:2306} INFO - Setting next_dagrun for example_kubernetes_executor to None
[2021-12-12 08:43:56,059] {processor.py:170} INFO - Processing /home/airflow/.local/lib/python3.8/site-packages/airflow/example_dags/example_kubernetes_executor.py took 0.079 seconds
[2021-12-12 08:44:26,674] {processor.py:162} INFO - Started process (PID=834) to work on /home/airflow/.local/lib/python3.8/site-packages/airflow/example_dags/example_kubernetes_executor.py
[2021-12-12 08:44:26,677] {processor.py:613} INFO - Processing file /home/airflow/.local/lib/python3.8/site-packages/airflow/example_dags/example_kubernetes_executor.py for tasks to queue
[2021-12-12 08:44:26,678] {logging_mixin.py:109} INFO - [2021-12-12 08:44:26,678] {dagbag.py:496} INFO - Filling up the DagBag from /home/airflow/.local/lib/python3.8/site-packages/airflow/example_dags/example_kubernetes_executor.py
[2021-12-12 08:44:26,702] {processor.py:623} INFO - DAG(s) dict_keys(['example_kubernetes_executor']) retrieved from /home/airflow/.local/lib/python3.8/site-packages/airflow/example_dags/example_kubernetes_executor.py
[2021-12-12 08:44:26,730] {logging_mixin.py:109} INFO - [2021-12-12 08:44:26,729] {dag.py:1833} INFO - Sync 1 DAGs
[2021-12-12 08:44:26,755] {logging_mixin.py:109} INFO - [2021-12-12 08:44:26,754] {dag.py:2306} INFO - Setting next_dagrun for example_kubernetes_executor to None
[2021-12-12 08:44:26,779] {processor.py:170} INFO - Processing /home/airflow/.local/lib/python3.8/site-packages/airflow/example_dags/example_kubernetes_executor.py took 0.109 seconds
[2021-12-12 08:52:26,393] {processor.py:162} INFO - Started process (PID=67) to work on /home/airflow/.local/lib/python3.8/site-packages/airflow/example_dags/example_kubernetes_executor.py
[2021-12-12 08:52:26,400] {processor.py:613} INFO - Processing file /home/airflow/.local/lib/python3.8/site-packages/airflow/example_dags/example_kubernetes_executor.py for tasks to queue
[2021-12-12 08:52:26,406] {logging_mixin.py:109} INFO - [2021-12-12 08:52:26,404] {dagbag.py:496} INFO - Filling up the DagBag from /home/airflow/.local/lib/python3.8/site-packages/airflow/example_dags/example_kubernetes_executor.py
[2021-12-12 08:52:26,463] {processor.py:623} INFO - DAG(s) dict_keys(['example_kubernetes_executor']) retrieved from /home/airflow/.local/lib/python3.8/site-packages/airflow/example_dags/example_kubernetes_executor.py
[2021-12-12 08:52:26,540] {logging_mixin.py:109} INFO - [2021-12-12 08:52:26,540] {dag.py:1833} INFO - Sync 1 DAGs
[2021-12-12 08:52:26,587] {logging_mixin.py:109} INFO - [2021-12-12 08:52:26,587] {dag.py:2306} INFO - Setting next_dagrun for example_kubernetes_executor to None
[2021-12-12 08:52:26,608] {processor.py:170} INFO - Processing /home/airflow/.local/lib/python3.8/site-packages/airflow/example_dags/example_kubernetes_executor.py took 0.230 seconds
[2021-12-12 08:52:56,744] {processor.py:162} INFO - Started process (PID=127) to work on /home/airflow/.local/lib/python3.8/site-packages/airflow/example_dags/example_kubernetes_executor.py
[2021-12-12 08:52:56,746] {processor.py:613} INFO - Processing file /home/airflow/.local/lib/python3.8/site-packages/airflow/example_dags/example_kubernetes_executor.py for tasks to queue
[2021-12-12 08:52:56,749] {logging_mixin.py:109} INFO - [2021-12-12 08:52:56,748] {dagbag.py:496} INFO - Filling up the DagBag from /home/airflow/.local/lib/python3.8/site-packages/airflow/example_dags/example_kubernetes_executor.py
[2021-12-12 08:52:56,767] {processor.py:623} INFO - DAG(s) dict_keys(['example_kubernetes_executor']) retrieved from /home/airflow/.local/lib/python3.8/site-packages/airflow/example_dags/example_kubernetes_executor.py
[2021-12-12 08:52:56,800] {logging_mixin.py:109} INFO - [2021-12-12 08:52:56,800] {dag.py:1833} INFO - Sync 1 DAGs
[2021-12-12 08:52:56,823] {logging_mixin.py:109} INFO - [2021-12-12 08:52:56,823] {dag.py:2306} INFO - Setting next_dagrun for example_kubernetes_executor to None
[2021-12-12 08:52:56,837] {processor.py:170} INFO - Processing /home/airflow/.local/lib/python3.8/site-packages/airflow/example_dags/example_kubernetes_executor.py took 0.099 seconds
[2021-12-12 08:53:27,577] {processor.py:162} INFO - Started process (PID=175) to work on /home/airflow/.local/lib/python3.8/site-packages/airflow/example_dags/example_kubernetes_executor.py
[2021-12-12 08:53:27,579] {processor.py:613} INFO - Processing file /home/airflow/.local/lib/python3.8/site-packages/airflow/example_dags/example_kubernetes_executor.py for tasks to queue
[2021-12-12 08:53:27,581] {logging_mixin.py:109} INFO - [2021-12-12 08:53:27,581] {dagbag.py:496} INFO - Filling up the DagBag from /home/airflow/.local/lib/python3.8/site-packages/airflow/example_dags/example_kubernetes_executor.py
[2021-12-12 08:53:27,597] {processor.py:623} INFO - DAG(s) dict_keys(['example_kubernetes_executor']) retrieved from /home/airflow/.local/lib/python3.8/site-packages/airflow/example_dags/example_kubernetes_executor.py
[2021-12-12 08:53:27,633] {logging_mixin.py:109} INFO - [2021-12-12 08:53:27,633] {dag.py:1833} INFO - Sync 1 DAGs
[2021-12-12 08:53:27,653] {logging_mixin.py:109} INFO - [2021-12-12 08:53:27,653] {dag.py:2306} INFO - Setting next_dagrun for example_kubernetes_executor to None
[2021-12-12 08:53:27,672] {processor.py:170} INFO - Processing /home/airflow/.local/lib/python3.8/site-packages/airflow/example_dags/example_kubernetes_executor.py took 0.101 seconds
[2021-12-12 08:53:58,010] {processor.py:162} INFO - Started process (PID=232) to work on /home/airflow/.local/lib/python3.8/site-packages/airflow/example_dags/example_kubernetes_executor.py
[2021-12-12 08:53:58,012] {processor.py:613} INFO - Processing file /home/airflow/.local/lib/python3.8/site-packages/airflow/example_dags/example_kubernetes_executor.py for tasks to queue
[2021-12-12 08:53:58,014] {logging_mixin.py:109} INFO - [2021-12-12 08:53:58,014] {dagbag.py:496} INFO - Filling up the DagBag from /home/airflow/.local/lib/python3.8/site-packages/airflow/example_dags/example_kubernetes_executor.py
[2021-12-12 08:53:58,034] {processor.py:623} INFO - DAG(s) dict_keys(['example_kubernetes_executor']) retrieved from /home/airflow/.local/lib/python3.8/site-packages/airflow/example_dags/example_kubernetes_executor.py
[2021-12-12 08:53:58,062] {logging_mixin.py:109} INFO - [2021-12-12 08:53:58,062] {dag.py:1833} INFO - Sync 1 DAGs
[2021-12-12 08:53:58,081] {logging_mixin.py:109} INFO - [2021-12-12 08:53:58,081] {dag.py:2306} INFO - Setting next_dagrun for example_kubernetes_executor to None
[2021-12-12 08:53:58,093] {processor.py:170} INFO - Processing /home/airflow/.local/lib/python3.8/site-packages/airflow/example_dags/example_kubernetes_executor.py took 0.087 seconds
[2021-12-12 08:54:29,036] {processor.py:162} INFO - Started process (PID=291) to work on /home/airflow/.local/lib/python3.8/site-packages/airflow/example_dags/example_kubernetes_executor.py
[2021-12-12 08:54:29,040] {processor.py:613} INFO - Processing file /home/airflow/.local/lib/python3.8/site-packages/airflow/example_dags/example_kubernetes_executor.py for tasks to queue
[2021-12-12 08:54:29,042] {logging_mixin.py:109} INFO - [2021-12-12 08:54:29,042] {dagbag.py:496} INFO - Filling up the DagBag from /home/airflow/.local/lib/python3.8/site-packages/airflow/example_dags/example_kubernetes_executor.py
[2021-12-12 08:54:29,062] {processor.py:623} INFO - DAG(s) dict_keys(['example_kubernetes_executor']) retrieved from /home/airflow/.local/lib/python3.8/site-packages/airflow/example_dags/example_kubernetes_executor.py
[2021-12-12 08:54:29,103] {logging_mixin.py:109} INFO - [2021-12-12 08:54:29,103] {dag.py:1833} INFO - Sync 1 DAGs
[2021-12-12 08:54:29,129] {logging_mixin.py:109} INFO - [2021-12-12 08:54:29,129] {dag.py:2306} INFO - Setting next_dagrun for example_kubernetes_executor to None
[2021-12-12 08:54:29,146] {processor.py:170} INFO - Processing /home/airflow/.local/lib/python3.8/site-packages/airflow/example_dags/example_kubernetes_executor.py took 0.118 seconds
[2021-12-12 08:54:59,919] {processor.py:162} INFO - Started process (PID=339) to work on /home/airflow/.local/lib/python3.8/site-packages/airflow/example_dags/example_kubernetes_executor.py
[2021-12-12 08:54:59,921] {processor.py:613} INFO - Processing file /home/airflow/.local/lib/python3.8/site-packages/airflow/example_dags/example_kubernetes_executor.py for tasks to queue
[2021-12-12 08:54:59,922] {logging_mixin.py:109} INFO - [2021-12-12 08:54:59,922] {dagbag.py:496} INFO - Filling up the DagBag from /home/airflow/.local/lib/python3.8/site-packages/airflow/example_dags/example_kubernetes_executor.py
[2021-12-12 08:54:59,939] {processor.py:623} INFO - DAG(s) dict_keys(['example_kubernetes_executor']) retrieved from /home/airflow/.local/lib/python3.8/site-packages/airflow/example_dags/example_kubernetes_executor.py
[2021-12-12 08:54:59,971] {logging_mixin.py:109} INFO - [2021-12-12 08:54:59,971] {dag.py:1833} INFO - Sync 1 DAGs
[2021-12-12 08:54:59,992] {logging_mixin.py:109} INFO - [2021-12-12 08:54:59,992] {dag.py:2306} INFO - Setting next_dagrun for example_kubernetes_executor to None
[2021-12-12 08:55:00,007] {processor.py:170} INFO - Processing /home/airflow/.local/lib/python3.8/site-packages/airflow/example_dags/example_kubernetes_executor.py took 0.092 seconds
[2021-12-12 08:55:30,510] {processor.py:162} INFO - Started process (PID=397) to work on /home/airflow/.local/lib/python3.8/site-packages/airflow/example_dags/example_kubernetes_executor.py
[2021-12-12 08:55:30,512] {processor.py:613} INFO - Processing file /home/airflow/.local/lib/python3.8/site-packages/airflow/example_dags/example_kubernetes_executor.py for tasks to queue
[2021-12-12 08:55:30,514] {logging_mixin.py:109} INFO - [2021-12-12 08:55:30,514] {dagbag.py:496} INFO - Filling up the DagBag from /home/airflow/.local/lib/python3.8/site-packages/airflow/example_dags/example_kubernetes_executor.py
[2021-12-12 08:55:30,536] {processor.py:623} INFO - DAG(s) dict_keys(['example_kubernetes_executor']) retrieved from /home/airflow/.local/lib/python3.8/site-packages/airflow/example_dags/example_kubernetes_executor.py
[2021-12-12 08:55:30,566] {logging_mixin.py:109} INFO - [2021-12-12 08:55:30,566] {dag.py:1833} INFO - Sync 1 DAGs
[2021-12-12 08:55:30,589] {logging_mixin.py:109} INFO - [2021-12-12 08:55:30,589] {dag.py:2306} INFO - Setting next_dagrun for example_kubernetes_executor to None
[2021-12-12 08:55:30,608] {processor.py:170} INFO - Processing /home/airflow/.local/lib/python3.8/site-packages/airflow/example_dags/example_kubernetes_executor.py took 0.102 seconds
[2021-12-12 08:56:00,794] {processor.py:162} INFO - Started process (PID=445) to work on /home/airflow/.local/lib/python3.8/site-packages/airflow/example_dags/example_kubernetes_executor.py
[2021-12-12 08:56:00,797] {processor.py:613} INFO - Processing file /home/airflow/.local/lib/python3.8/site-packages/airflow/example_dags/example_kubernetes_executor.py for tasks to queue
[2021-12-12 08:56:00,800] {logging_mixin.py:109} INFO - [2021-12-12 08:56:00,800] {dagbag.py:496} INFO - Filling up the DagBag from /home/airflow/.local/lib/python3.8/site-packages/airflow/example_dags/example_kubernetes_executor.py
[2021-12-12 08:56:00,817] {processor.py:623} INFO - DAG(s) dict_keys(['example_kubernetes_executor']) retrieved from /home/airflow/.local/lib/python3.8/site-packages/airflow/example_dags/example_kubernetes_executor.py
[2021-12-12 08:56:00,846] {logging_mixin.py:109} INFO - [2021-12-12 08:56:00,846] {dag.py:1833} INFO - Sync 1 DAGs
[2021-12-12 08:56:00,865] {logging_mixin.py:109} INFO - [2021-12-12 08:56:00,865] {dag.py:2306} INFO - Setting next_dagrun for example_kubernetes_executor to None
[2021-12-12 08:56:00,880] {processor.py:170} INFO - Processing /home/airflow/.local/lib/python3.8/site-packages/airflow/example_dags/example_kubernetes_executor.py took 0.092 seconds
