[2021-12-12 08:39:11,088] {processor.py:162} INFO - Started process (PID=183) to work on /home/airflow/.local/lib/python3.8/site-packages/airflow/example_dags/example_kubernetes_executor_config.py
[2021-12-12 08:39:11,091] {processor.py:613} INFO - Processing file /home/airflow/.local/lib/python3.8/site-packages/airflow/example_dags/example_kubernetes_executor_config.py for tasks to queue
[2021-12-12 08:39:11,092] {logging_mixin.py:109} INFO - [2021-12-12 08:39:11,092] {dagbag.py:496} INFO - Filling up the DagBag from /home/airflow/.local/lib/python3.8/site-packages/airflow/example_dags/example_kubernetes_executor_config.py
[2021-12-12 08:39:11,115] {processor.py:623} INFO - DAG(s) dict_keys(['example_kubernetes_executor_config']) retrieved from /home/airflow/.local/lib/python3.8/site-packages/airflow/example_dags/example_kubernetes_executor_config.py
[2021-12-12 08:39:13,541] {logging_mixin.py:109} WARNING - /home/airflow/.local/lib/python3.8/site-packages/snowflake/connector/options.py:94 UserWarning: You have an incompatible version of 'pyarrow' installed (3.0.0), please install a version that adheres to: 'pyarrow<5.1.0,>=5.0.0; extra == "pandas"'
[2021-12-12 08:39:14,790] {logging_mixin.py:109} INFO - [2021-12-12 08:39:14,778] {dag.py:1833} INFO - Sync 1 DAGs
[2021-12-12 08:39:14,821] {logging_mixin.py:109} INFO - [2021-12-12 08:39:14,820] {dag.py:1852} INFO - Creating ORM DAG for example_kubernetes_executor_config
[2021-12-12 08:39:14,835] {logging_mixin.py:109} INFO - [2021-12-12 08:39:14,835] {dag.py:2306} INFO - Setting next_dagrun for example_kubernetes_executor_config to None
[2021-12-12 08:39:14,868] {processor.py:170} INFO - Processing /home/airflow/.local/lib/python3.8/site-packages/airflow/example_dags/example_kubernetes_executor_config.py took 3.814 seconds
[2021-12-12 08:39:45,393] {processor.py:162} INFO - Started process (PID=349) to work on /home/airflow/.local/lib/python3.8/site-packages/airflow/example_dags/example_kubernetes_executor_config.py
[2021-12-12 08:39:45,396] {processor.py:613} INFO - Processing file /home/airflow/.local/lib/python3.8/site-packages/airflow/example_dags/example_kubernetes_executor_config.py for tasks to queue
[2021-12-12 08:39:45,397] {logging_mixin.py:109} INFO - [2021-12-12 08:39:45,397] {dagbag.py:496} INFO - Filling up the DagBag from /home/airflow/.local/lib/python3.8/site-packages/airflow/example_dags/example_kubernetes_executor_config.py
[2021-12-12 08:39:45,424] {processor.py:623} INFO - DAG(s) dict_keys(['example_kubernetes_executor_config']) retrieved from /home/airflow/.local/lib/python3.8/site-packages/airflow/example_dags/example_kubernetes_executor_config.py
[2021-12-12 08:39:45,457] {logging_mixin.py:109} INFO - [2021-12-12 08:39:45,457] {dag.py:1833} INFO - Sync 1 DAGs
[2021-12-12 08:39:45,476] {logging_mixin.py:109} INFO - [2021-12-12 08:39:45,476] {dag.py:2306} INFO - Setting next_dagrun for example_kubernetes_executor_config to None
[2021-12-12 08:39:45,489] {processor.py:170} INFO - Processing /home/airflow/.local/lib/python3.8/site-packages/airflow/example_dags/example_kubernetes_executor_config.py took 0.101 seconds
[2021-12-12 08:40:16,003] {processor.py:162} INFO - Started process (PID=406) to work on /home/airflow/.local/lib/python3.8/site-packages/airflow/example_dags/example_kubernetes_executor_config.py
[2021-12-12 08:40:16,006] {processor.py:613} INFO - Processing file /home/airflow/.local/lib/python3.8/site-packages/airflow/example_dags/example_kubernetes_executor_config.py for tasks to queue
[2021-12-12 08:40:16,011] {logging_mixin.py:109} INFO - [2021-12-12 08:40:16,011] {dagbag.py:496} INFO - Filling up the DagBag from /home/airflow/.local/lib/python3.8/site-packages/airflow/example_dags/example_kubernetes_executor_config.py
[2021-12-12 08:40:16,033] {processor.py:623} INFO - DAG(s) dict_keys(['example_kubernetes_executor_config']) retrieved from /home/airflow/.local/lib/python3.8/site-packages/airflow/example_dags/example_kubernetes_executor_config.py
[2021-12-12 08:40:16,064] {logging_mixin.py:109} INFO - [2021-12-12 08:40:16,064] {dag.py:1833} INFO - Sync 1 DAGs
[2021-12-12 08:40:16,086] {logging_mixin.py:109} INFO - [2021-12-12 08:40:16,086] {dag.py:2306} INFO - Setting next_dagrun for example_kubernetes_executor_config to None
[2021-12-12 08:40:16,100] {processor.py:170} INFO - Processing /home/airflow/.local/lib/python3.8/site-packages/airflow/example_dags/example_kubernetes_executor_config.py took 0.103 seconds
[2021-12-12 08:40:46,217] {processor.py:162} INFO - Started process (PID=454) to work on /home/airflow/.local/lib/python3.8/site-packages/airflow/example_dags/example_kubernetes_executor_config.py
[2021-12-12 08:40:46,218] {processor.py:613} INFO - Processing file /home/airflow/.local/lib/python3.8/site-packages/airflow/example_dags/example_kubernetes_executor_config.py for tasks to queue
[2021-12-12 08:40:46,220] {logging_mixin.py:109} INFO - [2021-12-12 08:40:46,220] {dagbag.py:496} INFO - Filling up the DagBag from /home/airflow/.local/lib/python3.8/site-packages/airflow/example_dags/example_kubernetes_executor_config.py
[2021-12-12 08:40:46,237] {processor.py:623} INFO - DAG(s) dict_keys(['example_kubernetes_executor_config']) retrieved from /home/airflow/.local/lib/python3.8/site-packages/airflow/example_dags/example_kubernetes_executor_config.py
[2021-12-12 08:40:46,270] {logging_mixin.py:109} INFO - [2021-12-12 08:40:46,270] {dag.py:1833} INFO - Sync 1 DAGs
[2021-12-12 08:40:46,290] {logging_mixin.py:109} INFO - [2021-12-12 08:40:46,289] {dag.py:2306} INFO - Setting next_dagrun for example_kubernetes_executor_config to None
[2021-12-12 08:40:46,303] {processor.py:170} INFO - Processing /home/airflow/.local/lib/python3.8/site-packages/airflow/example_dags/example_kubernetes_executor_config.py took 0.090 seconds
[2021-12-12 08:41:16,773] {processor.py:162} INFO - Started process (PID=512) to work on /home/airflow/.local/lib/python3.8/site-packages/airflow/example_dags/example_kubernetes_executor_config.py
[2021-12-12 08:41:16,776] {processor.py:613} INFO - Processing file /home/airflow/.local/lib/python3.8/site-packages/airflow/example_dags/example_kubernetes_executor_config.py for tasks to queue
[2021-12-12 08:41:16,778] {logging_mixin.py:109} INFO - [2021-12-12 08:41:16,778] {dagbag.py:496} INFO - Filling up the DagBag from /home/airflow/.local/lib/python3.8/site-packages/airflow/example_dags/example_kubernetes_executor_config.py
[2021-12-12 08:41:16,796] {processor.py:623} INFO - DAG(s) dict_keys(['example_kubernetes_executor_config']) retrieved from /home/airflow/.local/lib/python3.8/site-packages/airflow/example_dags/example_kubernetes_executor_config.py
[2021-12-12 08:41:16,829] {logging_mixin.py:109} INFO - [2021-12-12 08:41:16,829] {dag.py:1833} INFO - Sync 1 DAGs
[2021-12-12 08:41:16,847] {logging_mixin.py:109} INFO - [2021-12-12 08:41:16,847] {dag.py:2306} INFO - Setting next_dagrun for example_kubernetes_executor_config to None
[2021-12-12 08:41:16,862] {processor.py:170} INFO - Processing /home/airflow/.local/lib/python3.8/site-packages/airflow/example_dags/example_kubernetes_executor_config.py took 0.093 seconds
[2021-12-12 08:41:47,233] {processor.py:162} INFO - Started process (PID=560) to work on /home/airflow/.local/lib/python3.8/site-packages/airflow/example_dags/example_kubernetes_executor_config.py
[2021-12-12 08:41:47,236] {processor.py:613} INFO - Processing file /home/airflow/.local/lib/python3.8/site-packages/airflow/example_dags/example_kubernetes_executor_config.py for tasks to queue
[2021-12-12 08:41:47,238] {logging_mixin.py:109} INFO - [2021-12-12 08:41:47,237] {dagbag.py:496} INFO - Filling up the DagBag from /home/airflow/.local/lib/python3.8/site-packages/airflow/example_dags/example_kubernetes_executor_config.py
[2021-12-12 08:41:47,254] {processor.py:623} INFO - DAG(s) dict_keys(['example_kubernetes_executor_config']) retrieved from /home/airflow/.local/lib/python3.8/site-packages/airflow/example_dags/example_kubernetes_executor_config.py
[2021-12-12 08:41:47,282] {logging_mixin.py:109} INFO - [2021-12-12 08:41:47,282] {dag.py:1833} INFO - Sync 1 DAGs
[2021-12-12 08:41:47,298] {logging_mixin.py:109} INFO - [2021-12-12 08:41:47,298] {dag.py:2306} INFO - Setting next_dagrun for example_kubernetes_executor_config to None
[2021-12-12 08:41:47,313] {processor.py:170} INFO - Processing /home/airflow/.local/lib/python3.8/site-packages/airflow/example_dags/example_kubernetes_executor_config.py took 0.084 seconds
[2021-12-12 08:42:18,090] {processor.py:162} INFO - Started process (PID=620) to work on /home/airflow/.local/lib/python3.8/site-packages/airflow/example_dags/example_kubernetes_executor_config.py
[2021-12-12 08:42:18,092] {processor.py:613} INFO - Processing file /home/airflow/.local/lib/python3.8/site-packages/airflow/example_dags/example_kubernetes_executor_config.py for tasks to queue
[2021-12-12 08:42:18,093] {logging_mixin.py:109} INFO - [2021-12-12 08:42:18,093] {dagbag.py:496} INFO - Filling up the DagBag from /home/airflow/.local/lib/python3.8/site-packages/airflow/example_dags/example_kubernetes_executor_config.py
[2021-12-12 08:42:18,108] {processor.py:623} INFO - DAG(s) dict_keys(['example_kubernetes_executor_config']) retrieved from /home/airflow/.local/lib/python3.8/site-packages/airflow/example_dags/example_kubernetes_executor_config.py
[2021-12-12 08:42:18,135] {logging_mixin.py:109} INFO - [2021-12-12 08:42:18,135] {dag.py:1833} INFO - Sync 1 DAGs
[2021-12-12 08:42:18,154] {logging_mixin.py:109} INFO - [2021-12-12 08:42:18,154] {dag.py:2306} INFO - Setting next_dagrun for example_kubernetes_executor_config to None
[2021-12-12 08:42:18,168] {processor.py:170} INFO - Processing /home/airflow/.local/lib/python3.8/site-packages/airflow/example_dags/example_kubernetes_executor_config.py took 0.081 seconds
[2021-12-12 08:42:48,257] {processor.py:162} INFO - Started process (PID=670) to work on /home/airflow/.local/lib/python3.8/site-packages/airflow/example_dags/example_kubernetes_executor_config.py
[2021-12-12 08:42:48,260] {processor.py:613} INFO - Processing file /home/airflow/.local/lib/python3.8/site-packages/airflow/example_dags/example_kubernetes_executor_config.py for tasks to queue
[2021-12-12 08:42:48,263] {logging_mixin.py:109} INFO - [2021-12-12 08:42:48,262] {dagbag.py:496} INFO - Filling up the DagBag from /home/airflow/.local/lib/python3.8/site-packages/airflow/example_dags/example_kubernetes_executor_config.py
[2021-12-12 08:42:48,282] {processor.py:623} INFO - DAG(s) dict_keys(['example_kubernetes_executor_config']) retrieved from /home/airflow/.local/lib/python3.8/site-packages/airflow/example_dags/example_kubernetes_executor_config.py
[2021-12-12 08:42:48,320] {logging_mixin.py:109} INFO - [2021-12-12 08:42:48,320] {dag.py:1833} INFO - Sync 1 DAGs
[2021-12-12 08:42:48,344] {logging_mixin.py:109} INFO - [2021-12-12 08:42:48,344] {dag.py:2306} INFO - Setting next_dagrun for example_kubernetes_executor_config to None
[2021-12-12 08:42:48,364] {processor.py:170} INFO - Processing /home/airflow/.local/lib/python3.8/site-packages/airflow/example_dags/example_kubernetes_executor_config.py took 0.112 seconds
[2021-12-12 08:43:18,946] {processor.py:162} INFO - Started process (PID=717) to work on /home/airflow/.local/lib/python3.8/site-packages/airflow/example_dags/example_kubernetes_executor_config.py
[2021-12-12 08:43:18,953] {processor.py:613} INFO - Processing file /home/airflow/.local/lib/python3.8/site-packages/airflow/example_dags/example_kubernetes_executor_config.py for tasks to queue
[2021-12-12 08:43:18,955] {logging_mixin.py:109} INFO - [2021-12-12 08:43:18,954] {dagbag.py:496} INFO - Filling up the DagBag from /home/airflow/.local/lib/python3.8/site-packages/airflow/example_dags/example_kubernetes_executor_config.py
[2021-12-12 08:43:18,987] {processor.py:623} INFO - DAG(s) dict_keys(['example_kubernetes_executor_config']) retrieved from /home/airflow/.local/lib/python3.8/site-packages/airflow/example_dags/example_kubernetes_executor_config.py
[2021-12-12 08:43:19,050] {logging_mixin.py:109} INFO - [2021-12-12 08:43:19,050] {dag.py:1833} INFO - Sync 1 DAGs
[2021-12-12 08:43:19,089] {logging_mixin.py:109} INFO - [2021-12-12 08:43:19,089] {dag.py:2306} INFO - Setting next_dagrun for example_kubernetes_executor_config to None
[2021-12-12 08:43:19,113] {processor.py:170} INFO - Processing /home/airflow/.local/lib/python3.8/site-packages/airflow/example_dags/example_kubernetes_executor_config.py took 0.173 seconds
[2021-12-12 08:43:49,691] {processor.py:162} INFO - Started process (PID=775) to work on /home/airflow/.local/lib/python3.8/site-packages/airflow/example_dags/example_kubernetes_executor_config.py
[2021-12-12 08:43:49,703] {processor.py:613} INFO - Processing file /home/airflow/.local/lib/python3.8/site-packages/airflow/example_dags/example_kubernetes_executor_config.py for tasks to queue
[2021-12-12 08:43:49,707] {logging_mixin.py:109} INFO - [2021-12-12 08:43:49,706] {dagbag.py:496} INFO - Filling up the DagBag from /home/airflow/.local/lib/python3.8/site-packages/airflow/example_dags/example_kubernetes_executor_config.py
[2021-12-12 08:43:49,743] {processor.py:623} INFO - DAG(s) dict_keys(['example_kubernetes_executor_config']) retrieved from /home/airflow/.local/lib/python3.8/site-packages/airflow/example_dags/example_kubernetes_executor_config.py
[2021-12-12 08:43:49,788] {logging_mixin.py:109} INFO - [2021-12-12 08:43:49,788] {dag.py:1833} INFO - Sync 1 DAGs
[2021-12-12 08:43:49,814] {logging_mixin.py:109} INFO - [2021-12-12 08:43:49,814] {dag.py:2306} INFO - Setting next_dagrun for example_kubernetes_executor_config to None
[2021-12-12 08:43:49,833] {processor.py:170} INFO - Processing /home/airflow/.local/lib/python3.8/site-packages/airflow/example_dags/example_kubernetes_executor_config.py took 0.148 seconds
[2021-12-12 08:44:20,497] {processor.py:162} INFO - Started process (PID=823) to work on /home/airflow/.local/lib/python3.8/site-packages/airflow/example_dags/example_kubernetes_executor_config.py
[2021-12-12 08:44:20,500] {processor.py:613} INFO - Processing file /home/airflow/.local/lib/python3.8/site-packages/airflow/example_dags/example_kubernetes_executor_config.py for tasks to queue
[2021-12-12 08:44:20,502] {logging_mixin.py:109} INFO - [2021-12-12 08:44:20,501] {dagbag.py:496} INFO - Filling up the DagBag from /home/airflow/.local/lib/python3.8/site-packages/airflow/example_dags/example_kubernetes_executor_config.py
[2021-12-12 08:44:20,522] {processor.py:623} INFO - DAG(s) dict_keys(['example_kubernetes_executor_config']) retrieved from /home/airflow/.local/lib/python3.8/site-packages/airflow/example_dags/example_kubernetes_executor_config.py
[2021-12-12 08:44:20,557] {logging_mixin.py:109} INFO - [2021-12-12 08:44:20,556] {dag.py:1833} INFO - Sync 1 DAGs
[2021-12-12 08:44:20,574] {logging_mixin.py:109} INFO - [2021-12-12 08:44:20,574] {dag.py:2306} INFO - Setting next_dagrun for example_kubernetes_executor_config to None
[2021-12-12 08:44:20,592] {processor.py:170} INFO - Processing /home/airflow/.local/lib/python3.8/site-packages/airflow/example_dags/example_kubernetes_executor_config.py took 0.099 seconds
[2021-12-12 08:52:26,230] {processor.py:162} INFO - Started process (PID=66) to work on /home/airflow/.local/lib/python3.8/site-packages/airflow/example_dags/example_kubernetes_executor_config.py
[2021-12-12 08:52:26,233] {processor.py:613} INFO - Processing file /home/airflow/.local/lib/python3.8/site-packages/airflow/example_dags/example_kubernetes_executor_config.py for tasks to queue
[2021-12-12 08:52:26,235] {logging_mixin.py:109} INFO - [2021-12-12 08:52:26,235] {dagbag.py:496} INFO - Filling up the DagBag from /home/airflow/.local/lib/python3.8/site-packages/airflow/example_dags/example_kubernetes_executor_config.py
[2021-12-12 08:52:26,265] {processor.py:623} INFO - DAG(s) dict_keys(['example_kubernetes_executor_config']) retrieved from /home/airflow/.local/lib/python3.8/site-packages/airflow/example_dags/example_kubernetes_executor_config.py
[2021-12-12 08:52:26,314] {logging_mixin.py:109} INFO - [2021-12-12 08:52:26,314] {dag.py:1833} INFO - Sync 1 DAGs
[2021-12-12 08:52:26,337] {logging_mixin.py:109} INFO - [2021-12-12 08:52:26,337] {dag.py:2306} INFO - Setting next_dagrun for example_kubernetes_executor_config to None
[2021-12-12 08:52:26,352] {processor.py:170} INFO - Processing /home/airflow/.local/lib/python3.8/site-packages/airflow/example_dags/example_kubernetes_executor_config.py took 0.128 seconds
[2021-12-12 08:52:56,706] {processor.py:162} INFO - Started process (PID=126) to work on /home/airflow/.local/lib/python3.8/site-packages/airflow/example_dags/example_kubernetes_executor_config.py
[2021-12-12 08:52:56,708] {processor.py:613} INFO - Processing file /home/airflow/.local/lib/python3.8/site-packages/airflow/example_dags/example_kubernetes_executor_config.py for tasks to queue
[2021-12-12 08:52:56,712] {logging_mixin.py:109} INFO - [2021-12-12 08:52:56,712] {dagbag.py:496} INFO - Filling up the DagBag from /home/airflow/.local/lib/python3.8/site-packages/airflow/example_dags/example_kubernetes_executor_config.py
[2021-12-12 08:52:56,734] {processor.py:623} INFO - DAG(s) dict_keys(['example_kubernetes_executor_config']) retrieved from /home/airflow/.local/lib/python3.8/site-packages/airflow/example_dags/example_kubernetes_executor_config.py
[2021-12-12 08:52:56,770] {logging_mixin.py:109} INFO - [2021-12-12 08:52:56,770] {dag.py:1833} INFO - Sync 1 DAGs
[2021-12-12 08:52:56,789] {logging_mixin.py:109} INFO - [2021-12-12 08:52:56,788] {dag.py:2306} INFO - Setting next_dagrun for example_kubernetes_executor_config to None
[2021-12-12 08:52:56,803] {processor.py:170} INFO - Processing /home/airflow/.local/lib/python3.8/site-packages/airflow/example_dags/example_kubernetes_executor_config.py took 0.102 seconds
[2021-12-12 08:53:27,541] {processor.py:162} INFO - Started process (PID=174) to work on /home/airflow/.local/lib/python3.8/site-packages/airflow/example_dags/example_kubernetes_executor_config.py
[2021-12-12 08:53:27,543] {processor.py:613} INFO - Processing file /home/airflow/.local/lib/python3.8/site-packages/airflow/example_dags/example_kubernetes_executor_config.py for tasks to queue
[2021-12-12 08:53:27,545] {logging_mixin.py:109} INFO - [2021-12-12 08:53:27,545] {dagbag.py:496} INFO - Filling up the DagBag from /home/airflow/.local/lib/python3.8/site-packages/airflow/example_dags/example_kubernetes_executor_config.py
[2021-12-12 08:53:27,566] {processor.py:623} INFO - DAG(s) dict_keys(['example_kubernetes_executor_config']) retrieved from /home/airflow/.local/lib/python3.8/site-packages/airflow/example_dags/example_kubernetes_executor_config.py
[2021-12-12 08:53:27,605] {logging_mixin.py:109} INFO - [2021-12-12 08:53:27,604] {dag.py:1833} INFO - Sync 1 DAGs
[2021-12-12 08:53:27,622] {logging_mixin.py:109} INFO - [2021-12-12 08:53:27,622] {dag.py:2306} INFO - Setting next_dagrun for example_kubernetes_executor_config to None
[2021-12-12 08:53:27,636] {processor.py:170} INFO - Processing /home/airflow/.local/lib/python3.8/site-packages/airflow/example_dags/example_kubernetes_executor_config.py took 0.098 seconds
[2021-12-12 08:53:57,900] {processor.py:162} INFO - Started process (PID=231) to work on /home/airflow/.local/lib/python3.8/site-packages/airflow/example_dags/example_kubernetes_executor_config.py
[2021-12-12 08:53:57,901] {processor.py:613} INFO - Processing file /home/airflow/.local/lib/python3.8/site-packages/airflow/example_dags/example_kubernetes_executor_config.py for tasks to queue
[2021-12-12 08:53:57,903] {logging_mixin.py:109} INFO - [2021-12-12 08:53:57,903] {dagbag.py:496} INFO - Filling up the DagBag from /home/airflow/.local/lib/python3.8/site-packages/airflow/example_dags/example_kubernetes_executor_config.py
[2021-12-12 08:53:57,921] {processor.py:623} INFO - DAG(s) dict_keys(['example_kubernetes_executor_config']) retrieved from /home/airflow/.local/lib/python3.8/site-packages/airflow/example_dags/example_kubernetes_executor_config.py
[2021-12-12 08:53:57,965] {logging_mixin.py:109} INFO - [2021-12-12 08:53:57,965] {dag.py:1833} INFO - Sync 1 DAGs
[2021-12-12 08:53:57,981] {logging_mixin.py:109} INFO - [2021-12-12 08:53:57,981] {dag.py:2306} INFO - Setting next_dagrun for example_kubernetes_executor_config to None
[2021-12-12 08:53:57,993] {processor.py:170} INFO - Processing /home/airflow/.local/lib/python3.8/site-packages/airflow/example_dags/example_kubernetes_executor_config.py took 0.097 seconds
[2021-12-12 08:54:28,905] {processor.py:162} INFO - Started process (PID=289) to work on /home/airflow/.local/lib/python3.8/site-packages/airflow/example_dags/example_kubernetes_executor_config.py
[2021-12-12 08:54:28,908] {processor.py:613} INFO - Processing file /home/airflow/.local/lib/python3.8/site-packages/airflow/example_dags/example_kubernetes_executor_config.py for tasks to queue
[2021-12-12 08:54:28,910] {logging_mixin.py:109} INFO - [2021-12-12 08:54:28,910] {dagbag.py:496} INFO - Filling up the DagBag from /home/airflow/.local/lib/python3.8/site-packages/airflow/example_dags/example_kubernetes_executor_config.py
[2021-12-12 08:54:28,926] {processor.py:623} INFO - DAG(s) dict_keys(['example_kubernetes_executor_config']) retrieved from /home/airflow/.local/lib/python3.8/site-packages/airflow/example_dags/example_kubernetes_executor_config.py
[2021-12-12 08:54:28,963] {logging_mixin.py:109} INFO - [2021-12-12 08:54:28,963] {dag.py:1833} INFO - Sync 1 DAGs
[2021-12-12 08:54:28,983] {logging_mixin.py:109} INFO - [2021-12-12 08:54:28,983] {dag.py:2306} INFO - Setting next_dagrun for example_kubernetes_executor_config to None
[2021-12-12 08:54:28,998] {processor.py:170} INFO - Processing /home/airflow/.local/lib/python3.8/site-packages/airflow/example_dags/example_kubernetes_executor_config.py took 0.097 seconds
[2021-12-12 08:54:59,911] {processor.py:162} INFO - Started process (PID=338) to work on /home/airflow/.local/lib/python3.8/site-packages/airflow/example_dags/example_kubernetes_executor_config.py
[2021-12-12 08:54:59,914] {processor.py:613} INFO - Processing file /home/airflow/.local/lib/python3.8/site-packages/airflow/example_dags/example_kubernetes_executor_config.py for tasks to queue
[2021-12-12 08:54:59,915] {logging_mixin.py:109} INFO - [2021-12-12 08:54:59,915] {dagbag.py:496} INFO - Filling up the DagBag from /home/airflow/.local/lib/python3.8/site-packages/airflow/example_dags/example_kubernetes_executor_config.py
[2021-12-12 08:54:59,932] {processor.py:623} INFO - DAG(s) dict_keys(['example_kubernetes_executor_config']) retrieved from /home/airflow/.local/lib/python3.8/site-packages/airflow/example_dags/example_kubernetes_executor_config.py
[2021-12-12 08:54:59,968] {logging_mixin.py:109} INFO - [2021-12-12 08:54:59,968] {dag.py:1833} INFO - Sync 1 DAGs
[2021-12-12 08:54:59,986] {logging_mixin.py:109} INFO - [2021-12-12 08:54:59,986] {dag.py:2306} INFO - Setting next_dagrun for example_kubernetes_executor_config to None
[2021-12-12 08:54:59,999] {processor.py:170} INFO - Processing /home/airflow/.local/lib/python3.8/site-packages/airflow/example_dags/example_kubernetes_executor_config.py took 0.092 seconds
[2021-12-12 08:55:30,502] {processor.py:162} INFO - Started process (PID=396) to work on /home/airflow/.local/lib/python3.8/site-packages/airflow/example_dags/example_kubernetes_executor_config.py
[2021-12-12 08:55:30,504] {processor.py:613} INFO - Processing file /home/airflow/.local/lib/python3.8/site-packages/airflow/example_dags/example_kubernetes_executor_config.py for tasks to queue
[2021-12-12 08:55:30,506] {logging_mixin.py:109} INFO - [2021-12-12 08:55:30,506] {dagbag.py:496} INFO - Filling up the DagBag from /home/airflow/.local/lib/python3.8/site-packages/airflow/example_dags/example_kubernetes_executor_config.py
[2021-12-12 08:55:30,524] {processor.py:623} INFO - DAG(s) dict_keys(['example_kubernetes_executor_config']) retrieved from /home/airflow/.local/lib/python3.8/site-packages/airflow/example_dags/example_kubernetes_executor_config.py
[2021-12-12 08:55:30,555] {logging_mixin.py:109} INFO - [2021-12-12 08:55:30,555] {dag.py:1833} INFO - Sync 1 DAGs
[2021-12-12 08:55:30,571] {logging_mixin.py:109} INFO - [2021-12-12 08:55:30,571] {dag.py:2306} INFO - Setting next_dagrun for example_kubernetes_executor_config to None
[2021-12-12 08:55:30,583] {processor.py:170} INFO - Processing /home/airflow/.local/lib/python3.8/site-packages/airflow/example_dags/example_kubernetes_executor_config.py took 0.085 seconds
[2021-12-12 08:56:00,650] {processor.py:162} INFO - Started process (PID=444) to work on /home/airflow/.local/lib/python3.8/site-packages/airflow/example_dags/example_kubernetes_executor_config.py
[2021-12-12 08:56:00,654] {processor.py:613} INFO - Processing file /home/airflow/.local/lib/python3.8/site-packages/airflow/example_dags/example_kubernetes_executor_config.py for tasks to queue
[2021-12-12 08:56:00,657] {logging_mixin.py:109} INFO - [2021-12-12 08:56:00,657] {dagbag.py:496} INFO - Filling up the DagBag from /home/airflow/.local/lib/python3.8/site-packages/airflow/example_dags/example_kubernetes_executor_config.py
[2021-12-12 08:56:00,688] {processor.py:623} INFO - DAG(s) dict_keys(['example_kubernetes_executor_config']) retrieved from /home/airflow/.local/lib/python3.8/site-packages/airflow/example_dags/example_kubernetes_executor_config.py
[2021-12-12 08:56:00,730] {logging_mixin.py:109} INFO - [2021-12-12 08:56:00,730] {dag.py:1833} INFO - Sync 1 DAGs
[2021-12-12 08:56:00,751] {logging_mixin.py:109} INFO - [2021-12-12 08:56:00,751] {dag.py:2306} INFO - Setting next_dagrun for example_kubernetes_executor_config to None
[2021-12-12 08:56:00,763] {processor.py:170} INFO - Processing /home/airflow/.local/lib/python3.8/site-packages/airflow/example_dags/example_kubernetes_executor_config.py took 0.124 seconds
