[2021-12-12 08:39:25,200] {processor.py:162} INFO - Started process (PID=234) to work on /home/airflow/.local/lib/python3.8/site-packages/airflow/example_dags/example_bash_operator.py
[2021-12-12 08:39:25,203] {processor.py:613} INFO - Processing file /home/airflow/.local/lib/python3.8/site-packages/airflow/example_dags/example_bash_operator.py for tasks to queue
[2021-12-12 08:39:25,204] {logging_mixin.py:109} INFO - [2021-12-12 08:39:25,204] {dagbag.py:496} INFO - Filling up the DagBag from /home/airflow/.local/lib/python3.8/site-packages/airflow/example_dags/example_bash_operator.py
[2021-12-12 08:39:25,225] {processor.py:623} INFO - DAG(s) dict_keys(['example_bash_operator']) retrieved from /home/airflow/.local/lib/python3.8/site-packages/airflow/example_dags/example_bash_operator.py
[2021-12-12 08:39:27,737] {logging_mixin.py:109} WARNING - /home/airflow/.local/lib/python3.8/site-packages/snowflake/connector/options.py:94 UserWarning: You have an incompatible version of 'pyarrow' installed (3.0.0), please install a version that adheres to: 'pyarrow<5.1.0,>=5.0.0; extra == "pandas"'
[2021-12-12 08:39:27,981] {logging_mixin.py:109} INFO - [2021-12-12 08:39:27,981] {dag.py:1833} INFO - Sync 1 DAGs
[2021-12-12 08:39:27,990] {logging_mixin.py:109} INFO - [2021-12-12 08:39:27,990] {dag.py:1852} INFO - Creating ORM DAG for example_bash_operator
[2021-12-12 08:39:27,999] {logging_mixin.py:109} INFO - [2021-12-12 08:39:27,998] {dag.py:2306} INFO - Setting next_dagrun for example_bash_operator to 2021-12-10 00:00:00+00:00
[2021-12-12 08:39:28,012] {processor.py:170} INFO - Processing /home/airflow/.local/lib/python3.8/site-packages/airflow/example_dags/example_bash_operator.py took 2.817 seconds
[2021-12-12 08:39:58,656] {processor.py:162} INFO - Started process (PID=363) to work on /home/airflow/.local/lib/python3.8/site-packages/airflow/example_dags/example_bash_operator.py
[2021-12-12 08:39:58,658] {processor.py:613} INFO - Processing file /home/airflow/.local/lib/python3.8/site-packages/airflow/example_dags/example_bash_operator.py for tasks to queue
[2021-12-12 08:39:58,660] {logging_mixin.py:109} INFO - [2021-12-12 08:39:58,660] {dagbag.py:496} INFO - Filling up the DagBag from /home/airflow/.local/lib/python3.8/site-packages/airflow/example_dags/example_bash_operator.py
[2021-12-12 08:39:58,677] {processor.py:623} INFO - DAG(s) dict_keys(['example_bash_operator']) retrieved from /home/airflow/.local/lib/python3.8/site-packages/airflow/example_dags/example_bash_operator.py
[2021-12-12 08:39:58,703] {logging_mixin.py:109} INFO - [2021-12-12 08:39:58,703] {dag.py:1833} INFO - Sync 1 DAGs
[2021-12-12 08:39:58,721] {logging_mixin.py:109} INFO - [2021-12-12 08:39:58,721] {dag.py:2306} INFO - Setting next_dagrun for example_bash_operator to 2021-12-10 00:00:00+00:00
[2021-12-12 08:39:58,733] {processor.py:170} INFO - Processing /home/airflow/.local/lib/python3.8/site-packages/airflow/example_dags/example_bash_operator.py took 0.081 seconds
[2021-12-12 08:40:29,382] {processor.py:162} INFO - Started process (PID=419) to work on /home/airflow/.local/lib/python3.8/site-packages/airflow/example_dags/example_bash_operator.py
[2021-12-12 08:40:29,385] {processor.py:613} INFO - Processing file /home/airflow/.local/lib/python3.8/site-packages/airflow/example_dags/example_bash_operator.py for tasks to queue
[2021-12-12 08:40:29,387] {logging_mixin.py:109} INFO - [2021-12-12 08:40:29,387] {dagbag.py:496} INFO - Filling up the DagBag from /home/airflow/.local/lib/python3.8/site-packages/airflow/example_dags/example_bash_operator.py
[2021-12-12 08:40:29,405] {processor.py:623} INFO - DAG(s) dict_keys(['example_bash_operator']) retrieved from /home/airflow/.local/lib/python3.8/site-packages/airflow/example_dags/example_bash_operator.py
[2021-12-12 08:40:29,432] {logging_mixin.py:109} INFO - [2021-12-12 08:40:29,432] {dag.py:1833} INFO - Sync 1 DAGs
[2021-12-12 08:40:29,452] {logging_mixin.py:109} INFO - [2021-12-12 08:40:29,452] {dag.py:2306} INFO - Setting next_dagrun for example_bash_operator to 2021-12-10 00:00:00+00:00
[2021-12-12 08:40:29,465] {processor.py:170} INFO - Processing /home/airflow/.local/lib/python3.8/site-packages/airflow/example_dags/example_bash_operator.py took 0.088 seconds
[2021-12-12 08:40:59,531] {processor.py:162} INFO - Started process (PID=467) to work on /home/airflow/.local/lib/python3.8/site-packages/airflow/example_dags/example_bash_operator.py
[2021-12-12 08:40:59,533] {processor.py:613} INFO - Processing file /home/airflow/.local/lib/python3.8/site-packages/airflow/example_dags/example_bash_operator.py for tasks to queue
[2021-12-12 08:40:59,535] {logging_mixin.py:109} INFO - [2021-12-12 08:40:59,535] {dagbag.py:496} INFO - Filling up the DagBag from /home/airflow/.local/lib/python3.8/site-packages/airflow/example_dags/example_bash_operator.py
[2021-12-12 08:40:59,551] {processor.py:623} INFO - DAG(s) dict_keys(['example_bash_operator']) retrieved from /home/airflow/.local/lib/python3.8/site-packages/airflow/example_dags/example_bash_operator.py
[2021-12-12 08:40:59,577] {logging_mixin.py:109} INFO - [2021-12-12 08:40:59,576] {dag.py:1833} INFO - Sync 1 DAGs
[2021-12-12 08:40:59,594] {logging_mixin.py:109} INFO - [2021-12-12 08:40:59,594] {dag.py:2306} INFO - Setting next_dagrun for example_bash_operator to 2021-12-10 00:00:00+00:00
[2021-12-12 08:40:59,606] {processor.py:170} INFO - Processing /home/airflow/.local/lib/python3.8/site-packages/airflow/example_dags/example_bash_operator.py took 0.079 seconds
[2021-12-12 08:41:30,062] {processor.py:162} INFO - Started process (PID=525) to work on /home/airflow/.local/lib/python3.8/site-packages/airflow/example_dags/example_bash_operator.py
[2021-12-12 08:41:30,064] {processor.py:613} INFO - Processing file /home/airflow/.local/lib/python3.8/site-packages/airflow/example_dags/example_bash_operator.py for tasks to queue
[2021-12-12 08:41:30,066] {logging_mixin.py:109} INFO - [2021-12-12 08:41:30,065] {dagbag.py:496} INFO - Filling up the DagBag from /home/airflow/.local/lib/python3.8/site-packages/airflow/example_dags/example_bash_operator.py
[2021-12-12 08:41:30,109] {processor.py:623} INFO - DAG(s) dict_keys(['example_bash_operator']) retrieved from /home/airflow/.local/lib/python3.8/site-packages/airflow/example_dags/example_bash_operator.py
[2021-12-12 08:41:30,179] {logging_mixin.py:109} INFO - [2021-12-12 08:41:30,179] {dag.py:1833} INFO - Sync 1 DAGs
[2021-12-12 08:41:30,222] {logging_mixin.py:109} INFO - [2021-12-12 08:41:30,221] {dag.py:2306} INFO - Setting next_dagrun for example_bash_operator to 2021-12-10 00:00:00+00:00
[2021-12-12 08:41:30,250] {processor.py:170} INFO - Processing /home/airflow/.local/lib/python3.8/site-packages/airflow/example_dags/example_bash_operator.py took 0.193 seconds
[2021-12-12 08:42:00,869] {processor.py:162} INFO - Started process (PID=575) to work on /home/airflow/.local/lib/python3.8/site-packages/airflow/example_dags/example_bash_operator.py
[2021-12-12 08:42:00,873] {processor.py:613} INFO - Processing file /home/airflow/.local/lib/python3.8/site-packages/airflow/example_dags/example_bash_operator.py for tasks to queue
[2021-12-12 08:42:00,878] {logging_mixin.py:109} INFO - [2021-12-12 08:42:00,878] {dagbag.py:496} INFO - Filling up the DagBag from /home/airflow/.local/lib/python3.8/site-packages/airflow/example_dags/example_bash_operator.py
[2021-12-12 08:42:00,914] {processor.py:623} INFO - DAG(s) dict_keys(['example_bash_operator']) retrieved from /home/airflow/.local/lib/python3.8/site-packages/airflow/example_dags/example_bash_operator.py
[2021-12-12 08:42:00,976] {logging_mixin.py:109} INFO - [2021-12-12 08:42:00,976] {dag.py:1833} INFO - Sync 1 DAGs
[2021-12-12 08:42:01,039] {logging_mixin.py:109} INFO - [2021-12-12 08:42:01,039] {dag.py:2306} INFO - Setting next_dagrun for example_bash_operator to 2021-12-10 00:00:00+00:00
[2021-12-12 08:42:01,076] {processor.py:170} INFO - Processing /home/airflow/.local/lib/python3.8/site-packages/airflow/example_dags/example_bash_operator.py took 0.215 seconds
[2021-12-12 08:42:31,481] {processor.py:162} INFO - Started process (PID=634) to work on /home/airflow/.local/lib/python3.8/site-packages/airflow/example_dags/example_bash_operator.py
[2021-12-12 08:42:31,484] {processor.py:613} INFO - Processing file /home/airflow/.local/lib/python3.8/site-packages/airflow/example_dags/example_bash_operator.py for tasks to queue
[2021-12-12 08:42:31,485] {logging_mixin.py:109} INFO - [2021-12-12 08:42:31,485] {dagbag.py:496} INFO - Filling up the DagBag from /home/airflow/.local/lib/python3.8/site-packages/airflow/example_dags/example_bash_operator.py
[2021-12-12 08:42:31,501] {processor.py:623} INFO - DAG(s) dict_keys(['example_bash_operator']) retrieved from /home/airflow/.local/lib/python3.8/site-packages/airflow/example_dags/example_bash_operator.py
[2021-12-12 08:42:31,526] {logging_mixin.py:109} INFO - [2021-12-12 08:42:31,526] {dag.py:1833} INFO - Sync 1 DAGs
[2021-12-12 08:42:31,544] {logging_mixin.py:109} INFO - [2021-12-12 08:42:31,544] {dag.py:2306} INFO - Setting next_dagrun for example_bash_operator to 2021-12-10 00:00:00+00:00
[2021-12-12 08:42:31,557] {processor.py:170} INFO - Processing /home/airflow/.local/lib/python3.8/site-packages/airflow/example_dags/example_bash_operator.py took 0.080 seconds
[2021-12-12 08:43:01,658] {processor.py:162} INFO - Started process (PID=683) to work on /home/airflow/.local/lib/python3.8/site-packages/airflow/example_dags/example_bash_operator.py
[2021-12-12 08:43:01,664] {processor.py:613} INFO - Processing file /home/airflow/.local/lib/python3.8/site-packages/airflow/example_dags/example_bash_operator.py for tasks to queue
[2021-12-12 08:43:01,666] {logging_mixin.py:109} INFO - [2021-12-12 08:43:01,666] {dagbag.py:496} INFO - Filling up the DagBag from /home/airflow/.local/lib/python3.8/site-packages/airflow/example_dags/example_bash_operator.py
[2021-12-12 08:43:01,686] {processor.py:623} INFO - DAG(s) dict_keys(['example_bash_operator']) retrieved from /home/airflow/.local/lib/python3.8/site-packages/airflow/example_dags/example_bash_operator.py
[2021-12-12 08:43:01,750] {logging_mixin.py:109} INFO - [2021-12-12 08:43:01,750] {dag.py:1833} INFO - Sync 1 DAGs
[2021-12-12 08:43:01,819] {logging_mixin.py:109} INFO - [2021-12-12 08:43:01,819] {dag.py:2306} INFO - Setting next_dagrun for example_bash_operator to 2021-12-10 00:00:00+00:00
[2021-12-12 08:43:01,868] {processor.py:170} INFO - Processing /home/airflow/.local/lib/python3.8/site-packages/airflow/example_dags/example_bash_operator.py took 0.223 seconds
[2021-12-12 08:43:32,482] {processor.py:162} INFO - Started process (PID=741) to work on /home/airflow/.local/lib/python3.8/site-packages/airflow/example_dags/example_bash_operator.py
[2021-12-12 08:43:32,485] {processor.py:613} INFO - Processing file /home/airflow/.local/lib/python3.8/site-packages/airflow/example_dags/example_bash_operator.py for tasks to queue
[2021-12-12 08:43:32,486] {logging_mixin.py:109} INFO - [2021-12-12 08:43:32,486] {dagbag.py:496} INFO - Filling up the DagBag from /home/airflow/.local/lib/python3.8/site-packages/airflow/example_dags/example_bash_operator.py
[2021-12-12 08:43:32,503] {processor.py:623} INFO - DAG(s) dict_keys(['example_bash_operator']) retrieved from /home/airflow/.local/lib/python3.8/site-packages/airflow/example_dags/example_bash_operator.py
[2021-12-12 08:43:32,529] {logging_mixin.py:109} INFO - [2021-12-12 08:43:32,529] {dag.py:1833} INFO - Sync 1 DAGs
[2021-12-12 08:43:32,546] {logging_mixin.py:109} INFO - [2021-12-12 08:43:32,546] {dag.py:2306} INFO - Setting next_dagrun for example_bash_operator to 2021-12-10 00:00:00+00:00
[2021-12-12 08:43:32,559] {processor.py:170} INFO - Processing /home/airflow/.local/lib/python3.8/site-packages/airflow/example_dags/example_bash_operator.py took 0.081 seconds
[2021-12-12 08:44:03,233] {processor.py:162} INFO - Started process (PID=789) to work on /home/airflow/.local/lib/python3.8/site-packages/airflow/example_dags/example_bash_operator.py
[2021-12-12 08:44:03,235] {processor.py:613} INFO - Processing file /home/airflow/.local/lib/python3.8/site-packages/airflow/example_dags/example_bash_operator.py for tasks to queue
[2021-12-12 08:44:03,237] {logging_mixin.py:109} INFO - [2021-12-12 08:44:03,237] {dagbag.py:496} INFO - Filling up the DagBag from /home/airflow/.local/lib/python3.8/site-packages/airflow/example_dags/example_bash_operator.py
[2021-12-12 08:44:03,253] {processor.py:623} INFO - DAG(s) dict_keys(['example_bash_operator']) retrieved from /home/airflow/.local/lib/python3.8/site-packages/airflow/example_dags/example_bash_operator.py
[2021-12-12 08:44:03,280] {logging_mixin.py:109} INFO - [2021-12-12 08:44:03,280] {dag.py:1833} INFO - Sync 1 DAGs
[2021-12-12 08:44:03,323] {logging_mixin.py:109} INFO - [2021-12-12 08:44:03,323] {dag.py:2306} INFO - Setting next_dagrun for example_bash_operator to 2021-12-10 00:00:00+00:00
[2021-12-12 08:44:03,340] {processor.py:170} INFO - Processing /home/airflow/.local/lib/python3.8/site-packages/airflow/example_dags/example_bash_operator.py took 0.111 seconds
[2021-12-12 08:44:33,975] {processor.py:162} INFO - Started process (PID=847) to work on /home/airflow/.local/lib/python3.8/site-packages/airflow/example_dags/example_bash_operator.py
[2021-12-12 08:44:33,977] {processor.py:613} INFO - Processing file /home/airflow/.local/lib/python3.8/site-packages/airflow/example_dags/example_bash_operator.py for tasks to queue
[2021-12-12 08:44:33,978] {logging_mixin.py:109} INFO - [2021-12-12 08:44:33,978] {dagbag.py:496} INFO - Filling up the DagBag from /home/airflow/.local/lib/python3.8/site-packages/airflow/example_dags/example_bash_operator.py
[2021-12-12 08:44:34,000] {processor.py:623} INFO - DAG(s) dict_keys(['example_bash_operator']) retrieved from /home/airflow/.local/lib/python3.8/site-packages/airflow/example_dags/example_bash_operator.py
[2021-12-12 08:44:34,033] {logging_mixin.py:109} INFO - [2021-12-12 08:44:34,033] {dag.py:1833} INFO - Sync 1 DAGs
[2021-12-12 08:44:34,057] {logging_mixin.py:109} INFO - [2021-12-12 08:44:34,057] {dag.py:2306} INFO - Setting next_dagrun for example_bash_operator to 2021-12-10 00:00:00+00:00
[2021-12-12 08:44:34,073] {processor.py:170} INFO - Processing /home/airflow/.local/lib/python3.8/site-packages/airflow/example_dags/example_bash_operator.py took 0.103 seconds
[2021-12-12 08:52:26,868] {processor.py:162} INFO - Started process (PID=71) to work on /home/airflow/.local/lib/python3.8/site-packages/airflow/example_dags/example_bash_operator.py
[2021-12-12 08:52:26,875] {processor.py:613} INFO - Processing file /home/airflow/.local/lib/python3.8/site-packages/airflow/example_dags/example_bash_operator.py for tasks to queue
[2021-12-12 08:52:26,877] {logging_mixin.py:109} INFO - [2021-12-12 08:52:26,877] {dagbag.py:496} INFO - Filling up the DagBag from /home/airflow/.local/lib/python3.8/site-packages/airflow/example_dags/example_bash_operator.py
[2021-12-12 08:52:26,902] {processor.py:623} INFO - DAG(s) dict_keys(['example_bash_operator']) retrieved from /home/airflow/.local/lib/python3.8/site-packages/airflow/example_dags/example_bash_operator.py
[2021-12-12 08:52:26,940] {logging_mixin.py:109} INFO - [2021-12-12 08:52:26,939] {dag.py:1833} INFO - Sync 1 DAGs
[2021-12-12 08:52:26,967] {logging_mixin.py:109} INFO - [2021-12-12 08:52:26,967] {dag.py:2306} INFO - Setting next_dagrun for example_bash_operator to 2021-12-10 00:00:00+00:00
[2021-12-12 08:52:26,983] {processor.py:170} INFO - Processing /home/airflow/.local/lib/python3.8/site-packages/airflow/example_dags/example_bash_operator.py took 0.122 seconds
[2021-12-12 08:52:57,057] {processor.py:162} INFO - Started process (PID=131) to work on /home/airflow/.local/lib/python3.8/site-packages/airflow/example_dags/example_bash_operator.py
[2021-12-12 08:52:57,059] {processor.py:613} INFO - Processing file /home/airflow/.local/lib/python3.8/site-packages/airflow/example_dags/example_bash_operator.py for tasks to queue
[2021-12-12 08:52:57,060] {logging_mixin.py:109} INFO - [2021-12-12 08:52:57,060] {dagbag.py:496} INFO - Filling up the DagBag from /home/airflow/.local/lib/python3.8/site-packages/airflow/example_dags/example_bash_operator.py
[2021-12-12 08:52:57,075] {processor.py:623} INFO - DAG(s) dict_keys(['example_bash_operator']) retrieved from /home/airflow/.local/lib/python3.8/site-packages/airflow/example_dags/example_bash_operator.py
[2021-12-12 08:52:57,099] {logging_mixin.py:109} INFO - [2021-12-12 08:52:57,099] {dag.py:1833} INFO - Sync 1 DAGs
[2021-12-12 08:52:57,118] {logging_mixin.py:109} INFO - [2021-12-12 08:52:57,118] {dag.py:2306} INFO - Setting next_dagrun for example_bash_operator to 2021-12-10 00:00:00+00:00
[2021-12-12 08:52:57,129] {processor.py:170} INFO - Processing /home/airflow/.local/lib/python3.8/site-packages/airflow/example_dags/example_bash_operator.py took 0.076 seconds
[2021-12-12 08:53:27,813] {processor.py:162} INFO - Started process (PID=179) to work on /home/airflow/.local/lib/python3.8/site-packages/airflow/example_dags/example_bash_operator.py
[2021-12-12 08:53:27,815] {processor.py:613} INFO - Processing file /home/airflow/.local/lib/python3.8/site-packages/airflow/example_dags/example_bash_operator.py for tasks to queue
[2021-12-12 08:53:27,816] {logging_mixin.py:109} INFO - [2021-12-12 08:53:27,816] {dagbag.py:496} INFO - Filling up the DagBag from /home/airflow/.local/lib/python3.8/site-packages/airflow/example_dags/example_bash_operator.py
[2021-12-12 08:53:27,833] {processor.py:623} INFO - DAG(s) dict_keys(['example_bash_operator']) retrieved from /home/airflow/.local/lib/python3.8/site-packages/airflow/example_dags/example_bash_operator.py
[2021-12-12 08:53:27,863] {logging_mixin.py:109} INFO - [2021-12-12 08:53:27,863] {dag.py:1833} INFO - Sync 1 DAGs
[2021-12-12 08:53:27,889] {logging_mixin.py:109} INFO - [2021-12-12 08:53:27,888] {dag.py:2306} INFO - Setting next_dagrun for example_bash_operator to 2021-12-10 00:00:00+00:00
[2021-12-12 08:53:27,938] {processor.py:170} INFO - Processing /home/airflow/.local/lib/python3.8/site-packages/airflow/example_dags/example_bash_operator.py took 0.129 seconds
[2021-12-12 08:53:58,224] {processor.py:162} INFO - Started process (PID=236) to work on /home/airflow/.local/lib/python3.8/site-packages/airflow/example_dags/example_bash_operator.py
[2021-12-12 08:53:58,226] {processor.py:613} INFO - Processing file /home/airflow/.local/lib/python3.8/site-packages/airflow/example_dags/example_bash_operator.py for tasks to queue
[2021-12-12 08:53:58,228] {logging_mixin.py:109} INFO - [2021-12-12 08:53:58,228] {dagbag.py:496} INFO - Filling up the DagBag from /home/airflow/.local/lib/python3.8/site-packages/airflow/example_dags/example_bash_operator.py
[2021-12-12 08:53:58,247] {processor.py:623} INFO - DAG(s) dict_keys(['example_bash_operator']) retrieved from /home/airflow/.local/lib/python3.8/site-packages/airflow/example_dags/example_bash_operator.py
[2021-12-12 08:53:58,276] {logging_mixin.py:109} INFO - [2021-12-12 08:53:58,276] {dag.py:1833} INFO - Sync 1 DAGs
[2021-12-12 08:53:58,295] {logging_mixin.py:109} INFO - [2021-12-12 08:53:58,295] {dag.py:2306} INFO - Setting next_dagrun for example_bash_operator to 2021-12-10 00:00:00+00:00
[2021-12-12 08:53:58,307] {processor.py:170} INFO - Processing /home/airflow/.local/lib/python3.8/site-packages/airflow/example_dags/example_bash_operator.py took 0.087 seconds
[2021-12-12 08:54:29,330] {processor.py:162} INFO - Started process (PID=295) to work on /home/airflow/.local/lib/python3.8/site-packages/airflow/example_dags/example_bash_operator.py
[2021-12-12 08:54:29,333] {processor.py:613} INFO - Processing file /home/airflow/.local/lib/python3.8/site-packages/airflow/example_dags/example_bash_operator.py for tasks to queue
[2021-12-12 08:54:29,335] {logging_mixin.py:109} INFO - [2021-12-12 08:54:29,335] {dagbag.py:496} INFO - Filling up the DagBag from /home/airflow/.local/lib/python3.8/site-packages/airflow/example_dags/example_bash_operator.py
[2021-12-12 08:54:29,357] {processor.py:623} INFO - DAG(s) dict_keys(['example_bash_operator']) retrieved from /home/airflow/.local/lib/python3.8/site-packages/airflow/example_dags/example_bash_operator.py
[2021-12-12 08:54:29,400] {logging_mixin.py:109} INFO - [2021-12-12 08:54:29,400] {dag.py:1833} INFO - Sync 1 DAGs
[2021-12-12 08:54:29,439] {logging_mixin.py:109} INFO - [2021-12-12 08:54:29,439] {dag.py:2306} INFO - Setting next_dagrun for example_bash_operator to 2021-12-10 00:00:00+00:00
[2021-12-12 08:54:29,460] {processor.py:170} INFO - Processing /home/airflow/.local/lib/python3.8/site-packages/airflow/example_dags/example_bash_operator.py took 0.136 seconds
[2021-12-12 08:55:00,295] {processor.py:162} INFO - Started process (PID=343) to work on /home/airflow/.local/lib/python3.8/site-packages/airflow/example_dags/example_bash_operator.py
[2021-12-12 08:55:00,297] {processor.py:613} INFO - Processing file /home/airflow/.local/lib/python3.8/site-packages/airflow/example_dags/example_bash_operator.py for tasks to queue
[2021-12-12 08:55:00,298] {logging_mixin.py:109} INFO - [2021-12-12 08:55:00,298] {dagbag.py:496} INFO - Filling up the DagBag from /home/airflow/.local/lib/python3.8/site-packages/airflow/example_dags/example_bash_operator.py
[2021-12-12 08:55:00,316] {processor.py:623} INFO - DAG(s) dict_keys(['example_bash_operator']) retrieved from /home/airflow/.local/lib/python3.8/site-packages/airflow/example_dags/example_bash_operator.py
[2021-12-12 08:55:00,344] {logging_mixin.py:109} INFO - [2021-12-12 08:55:00,343] {dag.py:1833} INFO - Sync 1 DAGs
[2021-12-12 08:55:00,363] {logging_mixin.py:109} INFO - [2021-12-12 08:55:00,363] {dag.py:2306} INFO - Setting next_dagrun for example_bash_operator to 2021-12-10 00:00:00+00:00
[2021-12-12 08:55:00,377] {processor.py:170} INFO - Processing /home/airflow/.local/lib/python3.8/site-packages/airflow/example_dags/example_bash_operator.py took 0.087 seconds
[2021-12-12 08:55:30,740] {processor.py:162} INFO - Started process (PID=401) to work on /home/airflow/.local/lib/python3.8/site-packages/airflow/example_dags/example_bash_operator.py
[2021-12-12 08:55:30,743] {processor.py:613} INFO - Processing file /home/airflow/.local/lib/python3.8/site-packages/airflow/example_dags/example_bash_operator.py for tasks to queue
[2021-12-12 08:55:30,744] {logging_mixin.py:109} INFO - [2021-12-12 08:55:30,744] {dagbag.py:496} INFO - Filling up the DagBag from /home/airflow/.local/lib/python3.8/site-packages/airflow/example_dags/example_bash_operator.py
[2021-12-12 08:55:30,760] {processor.py:623} INFO - DAG(s) dict_keys(['example_bash_operator']) retrieved from /home/airflow/.local/lib/python3.8/site-packages/airflow/example_dags/example_bash_operator.py
[2021-12-12 08:55:30,786] {logging_mixin.py:109} INFO - [2021-12-12 08:55:30,786] {dag.py:1833} INFO - Sync 1 DAGs
[2021-12-12 08:55:30,806] {logging_mixin.py:109} INFO - [2021-12-12 08:55:30,806] {dag.py:2306} INFO - Setting next_dagrun for example_bash_operator to 2021-12-10 00:00:00+00:00
[2021-12-12 08:55:30,820] {processor.py:170} INFO - Processing /home/airflow/.local/lib/python3.8/site-packages/airflow/example_dags/example_bash_operator.py took 0.083 seconds
[2021-12-12 08:56:01,082] {processor.py:162} INFO - Started process (PID=449) to work on /home/airflow/.local/lib/python3.8/site-packages/airflow/example_dags/example_bash_operator.py
[2021-12-12 08:56:01,084] {processor.py:613} INFO - Processing file /home/airflow/.local/lib/python3.8/site-packages/airflow/example_dags/example_bash_operator.py for tasks to queue
[2021-12-12 08:56:01,086] {logging_mixin.py:109} INFO - [2021-12-12 08:56:01,086] {dagbag.py:496} INFO - Filling up the DagBag from /home/airflow/.local/lib/python3.8/site-packages/airflow/example_dags/example_bash_operator.py
[2021-12-12 08:56:01,107] {processor.py:623} INFO - DAG(s) dict_keys(['example_bash_operator']) retrieved from /home/airflow/.local/lib/python3.8/site-packages/airflow/example_dags/example_bash_operator.py
[2021-12-12 08:56:01,149] {logging_mixin.py:109} INFO - [2021-12-12 08:56:01,148] {dag.py:1833} INFO - Sync 1 DAGs
[2021-12-12 08:56:01,178] {logging_mixin.py:109} INFO - [2021-12-12 08:56:01,178] {dag.py:2306} INFO - Setting next_dagrun for example_bash_operator to 2021-12-10 00:00:00+00:00
[2021-12-12 08:56:01,194] {processor.py:170} INFO - Processing /home/airflow/.local/lib/python3.8/site-packages/airflow/example_dags/example_bash_operator.py took 0.117 seconds
