[2021-12-12 08:38:55,082] {processor.py:162} INFO - Started process (PID=94) to work on /home/airflow/.local/lib/python3.8/site-packages/airflow/example_dags/example_latest_only.py
[2021-12-12 08:38:55,087] {processor.py:613} INFO - Processing file /home/airflow/.local/lib/python3.8/site-packages/airflow/example_dags/example_latest_only.py for tasks to queue
[2021-12-12 08:38:55,094] {logging_mixin.py:109} INFO - [2021-12-12 08:38:55,094] {dagbag.py:496} INFO - Filling up the DagBag from /home/airflow/.local/lib/python3.8/site-packages/airflow/example_dags/example_latest_only.py
[2021-12-12 08:38:55,115] {processor.py:623} INFO - DAG(s) dict_keys(['latest_only']) retrieved from /home/airflow/.local/lib/python3.8/site-packages/airflow/example_dags/example_latest_only.py
[2021-12-12 08:38:57,947] {logging_mixin.py:109} WARNING - /home/airflow/.local/lib/python3.8/site-packages/snowflake/connector/options.py:94 UserWarning: You have an incompatible version of 'pyarrow' installed (3.0.0), please install a version that adheres to: 'pyarrow<5.1.0,>=5.0.0; extra == "pandas"'
[2021-12-12 08:38:58,233] {logging_mixin.py:109} INFO - [2021-12-12 08:38:58,232] {dag.py:1833} INFO - Sync 1 DAGs
[2021-12-12 08:38:58,241] {logging_mixin.py:109} INFO - [2021-12-12 08:38:58,240] {dag.py:1852} INFO - Creating ORM DAG for latest_only
[2021-12-12 08:38:58,247] {logging_mixin.py:109} INFO - [2021-12-12 08:38:58,247] {dag.py:2306} INFO - Setting next_dagrun for latest_only to 2021-12-10 00:00:00+00:00
[2021-12-12 08:38:58,262] {processor.py:170} INFO - Processing /home/airflow/.local/lib/python3.8/site-packages/airflow/example_dags/example_latest_only.py took 3.186 seconds
[2021-12-12 08:39:43,367] {processor.py:162} INFO - Started process (PID=339) to work on /home/airflow/.local/lib/python3.8/site-packages/airflow/example_dags/example_latest_only.py
[2021-12-12 08:39:43,369] {processor.py:613} INFO - Processing file /home/airflow/.local/lib/python3.8/site-packages/airflow/example_dags/example_latest_only.py for tasks to queue
[2021-12-12 08:39:43,371] {logging_mixin.py:109} INFO - [2021-12-12 08:39:43,371] {dagbag.py:496} INFO - Filling up the DagBag from /home/airflow/.local/lib/python3.8/site-packages/airflow/example_dags/example_latest_only.py
[2021-12-12 08:39:43,385] {processor.py:623} INFO - DAG(s) dict_keys(['latest_only']) retrieved from /home/airflow/.local/lib/python3.8/site-packages/airflow/example_dags/example_latest_only.py
[2021-12-12 08:39:43,412] {logging_mixin.py:109} INFO - [2021-12-12 08:39:43,412] {dag.py:1833} INFO - Sync 1 DAGs
[2021-12-12 08:39:43,427] {logging_mixin.py:109} INFO - [2021-12-12 08:39:43,427] {dag.py:2306} INFO - Setting next_dagrun for latest_only to 2021-12-10 00:00:00+00:00
[2021-12-12 08:39:43,441] {processor.py:170} INFO - Processing /home/airflow/.local/lib/python3.8/site-packages/airflow/example_dags/example_latest_only.py took 0.077 seconds
[2021-12-12 08:40:14,259] {processor.py:162} INFO - Started process (PID=396) to work on /home/airflow/.local/lib/python3.8/site-packages/airflow/example_dags/example_latest_only.py
[2021-12-12 08:40:14,263] {processor.py:613} INFO - Processing file /home/airflow/.local/lib/python3.8/site-packages/airflow/example_dags/example_latest_only.py for tasks to queue
[2021-12-12 08:40:14,264] {logging_mixin.py:109} INFO - [2021-12-12 08:40:14,264] {dagbag.py:496} INFO - Filling up the DagBag from /home/airflow/.local/lib/python3.8/site-packages/airflow/example_dags/example_latest_only.py
[2021-12-12 08:40:14,283] {processor.py:623} INFO - DAG(s) dict_keys(['latest_only']) retrieved from /home/airflow/.local/lib/python3.8/site-packages/airflow/example_dags/example_latest_only.py
[2021-12-12 08:40:14,316] {logging_mixin.py:109} INFO - [2021-12-12 08:40:14,316] {dag.py:1833} INFO - Sync 1 DAGs
[2021-12-12 08:40:14,338] {logging_mixin.py:109} INFO - [2021-12-12 08:40:14,338] {dag.py:2306} INFO - Setting next_dagrun for latest_only to 2021-12-10 00:00:00+00:00
[2021-12-12 08:40:14,355] {processor.py:170} INFO - Processing /home/airflow/.local/lib/python3.8/site-packages/airflow/example_dags/example_latest_only.py took 0.100 seconds
[2021-12-12 08:40:44,632] {processor.py:162} INFO - Started process (PID=444) to work on /home/airflow/.local/lib/python3.8/site-packages/airflow/example_dags/example_latest_only.py
[2021-12-12 08:40:44,634] {processor.py:613} INFO - Processing file /home/airflow/.local/lib/python3.8/site-packages/airflow/example_dags/example_latest_only.py for tasks to queue
[2021-12-12 08:40:44,635] {logging_mixin.py:109} INFO - [2021-12-12 08:40:44,635] {dagbag.py:496} INFO - Filling up the DagBag from /home/airflow/.local/lib/python3.8/site-packages/airflow/example_dags/example_latest_only.py
[2021-12-12 08:40:44,649] {processor.py:623} INFO - DAG(s) dict_keys(['latest_only']) retrieved from /home/airflow/.local/lib/python3.8/site-packages/airflow/example_dags/example_latest_only.py
[2021-12-12 08:40:44,676] {logging_mixin.py:109} INFO - [2021-12-12 08:40:44,676] {dag.py:1833} INFO - Sync 1 DAGs
[2021-12-12 08:40:44,692] {logging_mixin.py:109} INFO - [2021-12-12 08:40:44,692] {dag.py:2306} INFO - Setting next_dagrun for latest_only to 2021-12-10 00:00:00+00:00
[2021-12-12 08:40:44,703] {processor.py:170} INFO - Processing /home/airflow/.local/lib/python3.8/site-packages/airflow/example_dags/example_latest_only.py took 0.075 seconds
[2021-12-12 08:41:15,084] {processor.py:162} INFO - Started process (PID=493) to work on /home/airflow/.local/lib/python3.8/site-packages/airflow/example_dags/example_latest_only.py
[2021-12-12 08:41:15,086] {processor.py:613} INFO - Processing file /home/airflow/.local/lib/python3.8/site-packages/airflow/example_dags/example_latest_only.py for tasks to queue
[2021-12-12 08:41:15,088] {logging_mixin.py:109} INFO - [2021-12-12 08:41:15,087] {dagbag.py:496} INFO - Filling up the DagBag from /home/airflow/.local/lib/python3.8/site-packages/airflow/example_dags/example_latest_only.py
[2021-12-12 08:41:15,101] {processor.py:623} INFO - DAG(s) dict_keys(['latest_only']) retrieved from /home/airflow/.local/lib/python3.8/site-packages/airflow/example_dags/example_latest_only.py
[2021-12-12 08:41:15,125] {logging_mixin.py:109} INFO - [2021-12-12 08:41:15,125] {dag.py:1833} INFO - Sync 1 DAGs
[2021-12-12 08:41:15,142] {logging_mixin.py:109} INFO - [2021-12-12 08:41:15,142] {dag.py:2306} INFO - Setting next_dagrun for latest_only to 2021-12-10 00:00:00+00:00
[2021-12-12 08:41:15,154] {processor.py:170} INFO - Processing /home/airflow/.local/lib/python3.8/site-packages/airflow/example_dags/example_latest_only.py took 0.074 seconds
[2021-12-12 08:41:45,490] {processor.py:162} INFO - Started process (PID=550) to work on /home/airflow/.local/lib/python3.8/site-packages/airflow/example_dags/example_latest_only.py
[2021-12-12 08:41:45,493] {processor.py:613} INFO - Processing file /home/airflow/.local/lib/python3.8/site-packages/airflow/example_dags/example_latest_only.py for tasks to queue
[2021-12-12 08:41:45,495] {logging_mixin.py:109} INFO - [2021-12-12 08:41:45,495] {dagbag.py:496} INFO - Filling up the DagBag from /home/airflow/.local/lib/python3.8/site-packages/airflow/example_dags/example_latest_only.py
[2021-12-12 08:41:45,513] {processor.py:623} INFO - DAG(s) dict_keys(['latest_only']) retrieved from /home/airflow/.local/lib/python3.8/site-packages/airflow/example_dags/example_latest_only.py
[2021-12-12 08:41:45,550] {logging_mixin.py:109} INFO - [2021-12-12 08:41:45,550] {dag.py:1833} INFO - Sync 1 DAGs
[2021-12-12 08:41:45,574] {logging_mixin.py:109} INFO - [2021-12-12 08:41:45,574] {dag.py:2306} INFO - Setting next_dagrun for latest_only to 2021-12-10 00:00:00+00:00
[2021-12-12 08:41:45,593] {processor.py:170} INFO - Processing /home/airflow/.local/lib/python3.8/site-packages/airflow/example_dags/example_latest_only.py took 0.108 seconds
[2021-12-12 08:42:16,481] {processor.py:162} INFO - Started process (PID=601) to work on /home/airflow/.local/lib/python3.8/site-packages/airflow/example_dags/example_latest_only.py
[2021-12-12 08:42:16,484] {processor.py:613} INFO - Processing file /home/airflow/.local/lib/python3.8/site-packages/airflow/example_dags/example_latest_only.py for tasks to queue
[2021-12-12 08:42:16,486] {logging_mixin.py:109} INFO - [2021-12-12 08:42:16,486] {dagbag.py:496} INFO - Filling up the DagBag from /home/airflow/.local/lib/python3.8/site-packages/airflow/example_dags/example_latest_only.py
[2021-12-12 08:42:16,500] {processor.py:623} INFO - DAG(s) dict_keys(['latest_only']) retrieved from /home/airflow/.local/lib/python3.8/site-packages/airflow/example_dags/example_latest_only.py
[2021-12-12 08:42:16,525] {logging_mixin.py:109} INFO - [2021-12-12 08:42:16,525] {dag.py:1833} INFO - Sync 1 DAGs
[2021-12-12 08:42:16,541] {logging_mixin.py:109} INFO - [2021-12-12 08:42:16,541] {dag.py:2306} INFO - Setting next_dagrun for latest_only to 2021-12-10 00:00:00+00:00
[2021-12-12 08:42:16,554] {processor.py:170} INFO - Processing /home/airflow/.local/lib/python3.8/site-packages/airflow/example_dags/example_latest_only.py took 0.077 seconds
[2021-12-12 08:42:47,305] {processor.py:162} INFO - Started process (PID=660) to work on /home/airflow/.local/lib/python3.8/site-packages/airflow/example_dags/example_latest_only.py
[2021-12-12 08:42:47,307] {processor.py:613} INFO - Processing file /home/airflow/.local/lib/python3.8/site-packages/airflow/example_dags/example_latest_only.py for tasks to queue
[2021-12-12 08:42:47,309] {logging_mixin.py:109} INFO - [2021-12-12 08:42:47,309] {dagbag.py:496} INFO - Filling up the DagBag from /home/airflow/.local/lib/python3.8/site-packages/airflow/example_dags/example_latest_only.py
[2021-12-12 08:42:47,353] {processor.py:623} INFO - DAG(s) dict_keys(['latest_only']) retrieved from /home/airflow/.local/lib/python3.8/site-packages/airflow/example_dags/example_latest_only.py
[2021-12-12 08:42:47,403] {logging_mixin.py:109} INFO - [2021-12-12 08:42:47,403] {dag.py:1833} INFO - Sync 1 DAGs
[2021-12-12 08:42:47,421] {logging_mixin.py:109} INFO - [2021-12-12 08:42:47,421] {dag.py:2306} INFO - Setting next_dagrun for latest_only to 2021-12-10 00:00:00+00:00
[2021-12-12 08:42:47,457] {processor.py:170} INFO - Processing /home/airflow/.local/lib/python3.8/site-packages/airflow/example_dags/example_latest_only.py took 0.156 seconds
[2021-12-12 08:43:18,283] {processor.py:162} INFO - Started process (PID=708) to work on /home/airflow/.local/lib/python3.8/site-packages/airflow/example_dags/example_latest_only.py
[2021-12-12 08:43:18,301] {processor.py:613} INFO - Processing file /home/airflow/.local/lib/python3.8/site-packages/airflow/example_dags/example_latest_only.py for tasks to queue
[2021-12-12 08:43:18,303] {logging_mixin.py:109} INFO - [2021-12-12 08:43:18,303] {dagbag.py:496} INFO - Filling up the DagBag from /home/airflow/.local/lib/python3.8/site-packages/airflow/example_dags/example_latest_only.py
[2021-12-12 08:43:18,319] {processor.py:623} INFO - DAG(s) dict_keys(['latest_only']) retrieved from /home/airflow/.local/lib/python3.8/site-packages/airflow/example_dags/example_latest_only.py
[2021-12-12 08:43:18,371] {logging_mixin.py:109} INFO - [2021-12-12 08:43:18,371] {dag.py:1833} INFO - Sync 1 DAGs
[2021-12-12 08:43:18,402] {logging_mixin.py:109} INFO - [2021-12-12 08:43:18,401] {dag.py:2306} INFO - Setting next_dagrun for latest_only to 2021-12-10 00:00:00+00:00
[2021-12-12 08:43:18,416] {processor.py:170} INFO - Processing /home/airflow/.local/lib/python3.8/site-packages/airflow/example_dags/example_latest_only.py took 0.137 seconds
[2021-12-12 08:43:48,829] {processor.py:162} INFO - Started process (PID=766) to work on /home/airflow/.local/lib/python3.8/site-packages/airflow/example_dags/example_latest_only.py
[2021-12-12 08:43:48,833] {processor.py:613} INFO - Processing file /home/airflow/.local/lib/python3.8/site-packages/airflow/example_dags/example_latest_only.py for tasks to queue
[2021-12-12 08:43:48,834] {logging_mixin.py:109} INFO - [2021-12-12 08:43:48,834] {dagbag.py:496} INFO - Filling up the DagBag from /home/airflow/.local/lib/python3.8/site-packages/airflow/example_dags/example_latest_only.py
[2021-12-12 08:43:48,855] {processor.py:623} INFO - DAG(s) dict_keys(['latest_only']) retrieved from /home/airflow/.local/lib/python3.8/site-packages/airflow/example_dags/example_latest_only.py
[2021-12-12 08:43:48,893] {logging_mixin.py:109} INFO - [2021-12-12 08:43:48,892] {dag.py:1833} INFO - Sync 1 DAGs
[2021-12-12 08:43:48,911] {logging_mixin.py:109} INFO - [2021-12-12 08:43:48,911] {dag.py:2306} INFO - Setting next_dagrun for latest_only to 2021-12-10 00:00:00+00:00
[2021-12-12 08:43:48,925] {processor.py:170} INFO - Processing /home/airflow/.local/lib/python3.8/site-packages/airflow/example_dags/example_latest_only.py took 0.101 seconds
[2021-12-12 08:44:19,103] {processor.py:162} INFO - Started process (PID=814) to work on /home/airflow/.local/lib/python3.8/site-packages/airflow/example_dags/example_latest_only.py
[2021-12-12 08:44:19,105] {processor.py:613} INFO - Processing file /home/airflow/.local/lib/python3.8/site-packages/airflow/example_dags/example_latest_only.py for tasks to queue
[2021-12-12 08:44:19,106] {logging_mixin.py:109} INFO - [2021-12-12 08:44:19,106] {dagbag.py:496} INFO - Filling up the DagBag from /home/airflow/.local/lib/python3.8/site-packages/airflow/example_dags/example_latest_only.py
[2021-12-12 08:44:19,116] {processor.py:623} INFO - DAG(s) dict_keys(['latest_only']) retrieved from /home/airflow/.local/lib/python3.8/site-packages/airflow/example_dags/example_latest_only.py
[2021-12-12 08:44:19,137] {logging_mixin.py:109} INFO - [2021-12-12 08:44:19,137] {dag.py:1833} INFO - Sync 1 DAGs
[2021-12-12 08:44:19,151] {logging_mixin.py:109} INFO - [2021-12-12 08:44:19,151] {dag.py:2306} INFO - Setting next_dagrun for latest_only to 2021-12-10 00:00:00+00:00
[2021-12-12 08:44:19,161] {processor.py:170} INFO - Processing /home/airflow/.local/lib/python3.8/site-packages/airflow/example_dags/example_latest_only.py took 0.061 seconds
[2021-12-12 08:52:24,973] {processor.py:162} INFO - Started process (PID=57) to work on /home/airflow/.local/lib/python3.8/site-packages/airflow/example_dags/example_latest_only.py
[2021-12-12 08:52:24,977] {processor.py:613} INFO - Processing file /home/airflow/.local/lib/python3.8/site-packages/airflow/example_dags/example_latest_only.py for tasks to queue
[2021-12-12 08:52:24,979] {logging_mixin.py:109} INFO - [2021-12-12 08:52:24,979] {dagbag.py:496} INFO - Filling up the DagBag from /home/airflow/.local/lib/python3.8/site-packages/airflow/example_dags/example_latest_only.py
[2021-12-12 08:52:25,006] {processor.py:623} INFO - DAG(s) dict_keys(['latest_only']) retrieved from /home/airflow/.local/lib/python3.8/site-packages/airflow/example_dags/example_latest_only.py
[2021-12-12 08:52:25,064] {logging_mixin.py:109} INFO - [2021-12-12 08:52:25,064] {dag.py:1833} INFO - Sync 1 DAGs
[2021-12-12 08:52:25,121] {logging_mixin.py:109} INFO - [2021-12-12 08:52:25,120] {dag.py:2306} INFO - Setting next_dagrun for latest_only to 2021-12-10 00:00:00+00:00
[2021-12-12 08:52:25,158] {processor.py:170} INFO - Processing /home/airflow/.local/lib/python3.8/site-packages/airflow/example_dags/example_latest_only.py took 0.192 seconds
[2021-12-12 08:52:56,072] {processor.py:162} INFO - Started process (PID=117) to work on /home/airflow/.local/lib/python3.8/site-packages/airflow/example_dags/example_latest_only.py
[2021-12-12 08:52:56,074] {processor.py:613} INFO - Processing file /home/airflow/.local/lib/python3.8/site-packages/airflow/example_dags/example_latest_only.py for tasks to queue
[2021-12-12 08:52:56,075] {logging_mixin.py:109} INFO - [2021-12-12 08:52:56,075] {dagbag.py:496} INFO - Filling up the DagBag from /home/airflow/.local/lib/python3.8/site-packages/airflow/example_dags/example_latest_only.py
[2021-12-12 08:52:56,088] {processor.py:623} INFO - DAG(s) dict_keys(['latest_only']) retrieved from /home/airflow/.local/lib/python3.8/site-packages/airflow/example_dags/example_latest_only.py
[2021-12-12 08:52:56,114] {logging_mixin.py:109} INFO - [2021-12-12 08:52:56,114] {dag.py:1833} INFO - Sync 1 DAGs
[2021-12-12 08:52:56,138] {logging_mixin.py:109} INFO - [2021-12-12 08:52:56,138] {dag.py:2306} INFO - Setting next_dagrun for latest_only to 2021-12-10 00:00:00+00:00
[2021-12-12 08:52:56,180] {processor.py:170} INFO - Processing /home/airflow/.local/lib/python3.8/site-packages/airflow/example_dags/example_latest_only.py took 0.112 seconds
[2021-12-12 08:53:26,946] {processor.py:162} INFO - Started process (PID=165) to work on /home/airflow/.local/lib/python3.8/site-packages/airflow/example_dags/example_latest_only.py
[2021-12-12 08:53:26,948] {processor.py:613} INFO - Processing file /home/airflow/.local/lib/python3.8/site-packages/airflow/example_dags/example_latest_only.py for tasks to queue
[2021-12-12 08:53:26,949] {logging_mixin.py:109} INFO - [2021-12-12 08:53:26,949] {dagbag.py:496} INFO - Filling up the DagBag from /home/airflow/.local/lib/python3.8/site-packages/airflow/example_dags/example_latest_only.py
[2021-12-12 08:53:26,963] {processor.py:623} INFO - DAG(s) dict_keys(['latest_only']) retrieved from /home/airflow/.local/lib/python3.8/site-packages/airflow/example_dags/example_latest_only.py
[2021-12-12 08:53:26,990] {logging_mixin.py:109} INFO - [2021-12-12 08:53:26,990] {dag.py:1833} INFO - Sync 1 DAGs
[2021-12-12 08:53:27,011] {logging_mixin.py:109} INFO - [2021-12-12 08:53:27,011] {dag.py:2306} INFO - Setting next_dagrun for latest_only to 2021-12-10 00:00:00+00:00
[2021-12-12 08:53:27,025] {processor.py:170} INFO - Processing /home/airflow/.local/lib/python3.8/site-packages/airflow/example_dags/example_latest_only.py took 0.084 seconds
[2021-12-12 08:53:57,460] {processor.py:162} INFO - Started process (PID=222) to work on /home/airflow/.local/lib/python3.8/site-packages/airflow/example_dags/example_latest_only.py
[2021-12-12 08:53:57,462] {processor.py:613} INFO - Processing file /home/airflow/.local/lib/python3.8/site-packages/airflow/example_dags/example_latest_only.py for tasks to queue
[2021-12-12 08:53:57,463] {logging_mixin.py:109} INFO - [2021-12-12 08:53:57,463] {dagbag.py:496} INFO - Filling up the DagBag from /home/airflow/.local/lib/python3.8/site-packages/airflow/example_dags/example_latest_only.py
[2021-12-12 08:53:57,477] {processor.py:623} INFO - DAG(s) dict_keys(['latest_only']) retrieved from /home/airflow/.local/lib/python3.8/site-packages/airflow/example_dags/example_latest_only.py
[2021-12-12 08:53:57,502] {logging_mixin.py:109} INFO - [2021-12-12 08:53:57,501] {dag.py:1833} INFO - Sync 1 DAGs
[2021-12-12 08:53:57,517] {logging_mixin.py:109} INFO - [2021-12-12 08:53:57,517] {dag.py:2306} INFO - Setting next_dagrun for latest_only to 2021-12-10 00:00:00+00:00
[2021-12-12 08:53:57,528] {processor.py:170} INFO - Processing /home/airflow/.local/lib/python3.8/site-packages/airflow/example_dags/example_latest_only.py took 0.073 seconds
[2021-12-12 08:54:28,049] {processor.py:162} INFO - Started process (PID=272) to work on /home/airflow/.local/lib/python3.8/site-packages/airflow/example_dags/example_latest_only.py
[2021-12-12 08:54:28,052] {processor.py:613} INFO - Processing file /home/airflow/.local/lib/python3.8/site-packages/airflow/example_dags/example_latest_only.py for tasks to queue
[2021-12-12 08:54:28,054] {logging_mixin.py:109} INFO - [2021-12-12 08:54:28,053] {dagbag.py:496} INFO - Filling up the DagBag from /home/airflow/.local/lib/python3.8/site-packages/airflow/example_dags/example_latest_only.py
[2021-12-12 08:54:28,078] {processor.py:623} INFO - DAG(s) dict_keys(['latest_only']) retrieved from /home/airflow/.local/lib/python3.8/site-packages/airflow/example_dags/example_latest_only.py
[2021-12-12 08:54:28,124] {logging_mixin.py:109} INFO - [2021-12-12 08:54:28,123] {dag.py:1833} INFO - Sync 1 DAGs
[2021-12-12 08:54:28,155] {logging_mixin.py:109} INFO - [2021-12-12 08:54:28,155] {dag.py:2306} INFO - Setting next_dagrun for latest_only to 2021-12-10 00:00:00+00:00
[2021-12-12 08:54:28,177] {processor.py:170} INFO - Processing /home/airflow/.local/lib/python3.8/site-packages/airflow/example_dags/example_latest_only.py took 0.134 seconds
[2021-12-12 08:54:58,491] {processor.py:162} INFO - Started process (PID=329) to work on /home/airflow/.local/lib/python3.8/site-packages/airflow/example_dags/example_latest_only.py
[2021-12-12 08:54:58,493] {processor.py:613} INFO - Processing file /home/airflow/.local/lib/python3.8/site-packages/airflow/example_dags/example_latest_only.py for tasks to queue
[2021-12-12 08:54:58,495] {logging_mixin.py:109} INFO - [2021-12-12 08:54:58,495] {dagbag.py:496} INFO - Filling up the DagBag from /home/airflow/.local/lib/python3.8/site-packages/airflow/example_dags/example_latest_only.py
[2021-12-12 08:54:58,509] {processor.py:623} INFO - DAG(s) dict_keys(['latest_only']) retrieved from /home/airflow/.local/lib/python3.8/site-packages/airflow/example_dags/example_latest_only.py
[2021-12-12 08:54:58,533] {logging_mixin.py:109} INFO - [2021-12-12 08:54:58,533] {dag.py:1833} INFO - Sync 1 DAGs
[2021-12-12 08:54:58,547] {logging_mixin.py:109} INFO - [2021-12-12 08:54:58,547] {dag.py:2306} INFO - Setting next_dagrun for latest_only to 2021-12-10 00:00:00+00:00
[2021-12-12 08:54:58,558] {processor.py:170} INFO - Processing /home/airflow/.local/lib/python3.8/site-packages/airflow/example_dags/example_latest_only.py took 0.072 seconds
[2021-12-12 08:55:29,014] {processor.py:162} INFO - Started process (PID=387) to work on /home/airflow/.local/lib/python3.8/site-packages/airflow/example_dags/example_latest_only.py
[2021-12-12 08:55:29,017] {processor.py:613} INFO - Processing file /home/airflow/.local/lib/python3.8/site-packages/airflow/example_dags/example_latest_only.py for tasks to queue
[2021-12-12 08:55:29,019] {logging_mixin.py:109} INFO - [2021-12-12 08:55:29,018] {dagbag.py:496} INFO - Filling up the DagBag from /home/airflow/.local/lib/python3.8/site-packages/airflow/example_dags/example_latest_only.py
[2021-12-12 08:55:29,032] {processor.py:623} INFO - DAG(s) dict_keys(['latest_only']) retrieved from /home/airflow/.local/lib/python3.8/site-packages/airflow/example_dags/example_latest_only.py
[2021-12-12 08:55:29,058] {logging_mixin.py:109} INFO - [2021-12-12 08:55:29,058] {dag.py:1833} INFO - Sync 1 DAGs
[2021-12-12 08:55:29,075] {logging_mixin.py:109} INFO - [2021-12-12 08:55:29,075] {dag.py:2306} INFO - Setting next_dagrun for latest_only to 2021-12-10 00:00:00+00:00
[2021-12-12 08:55:29,089] {processor.py:170} INFO - Processing /home/airflow/.local/lib/python3.8/site-packages/airflow/example_dags/example_latest_only.py took 0.080 seconds
[2021-12-12 08:55:59,828] {processor.py:162} INFO - Started process (PID=435) to work on /home/airflow/.local/lib/python3.8/site-packages/airflow/example_dags/example_latest_only.py
[2021-12-12 08:55:59,832] {processor.py:613} INFO - Processing file /home/airflow/.local/lib/python3.8/site-packages/airflow/example_dags/example_latest_only.py for tasks to queue
[2021-12-12 08:55:59,836] {logging_mixin.py:109} INFO - [2021-12-12 08:55:59,835] {dagbag.py:496} INFO - Filling up the DagBag from /home/airflow/.local/lib/python3.8/site-packages/airflow/example_dags/example_latest_only.py
[2021-12-12 08:55:59,860] {processor.py:623} INFO - DAG(s) dict_keys(['latest_only']) retrieved from /home/airflow/.local/lib/python3.8/site-packages/airflow/example_dags/example_latest_only.py
[2021-12-12 08:55:59,889] {logging_mixin.py:109} INFO - [2021-12-12 08:55:59,888] {dag.py:1833} INFO - Sync 1 DAGs
[2021-12-12 08:55:59,915] {logging_mixin.py:109} INFO - [2021-12-12 08:55:59,914] {dag.py:2306} INFO - Setting next_dagrun for latest_only to 2021-12-10 00:00:00+00:00
[2021-12-12 08:55:59,939] {processor.py:170} INFO - Processing /home/airflow/.local/lib/python3.8/site-packages/airflow/example_dags/example_latest_only.py took 0.118 seconds
