[2021-12-12 08:39:31,595] {processor.py:162} INFO - Started process (PID=273) to work on /home/airflow/.local/lib/python3.8/site-packages/airflow/example_dags/example_trigger_controller_dag.py
[2021-12-12 08:39:31,597] {processor.py:613} INFO - Processing file /home/airflow/.local/lib/python3.8/site-packages/airflow/example_dags/example_trigger_controller_dag.py for tasks to queue
[2021-12-12 08:39:31,599] {logging_mixin.py:109} INFO - [2021-12-12 08:39:31,599] {dagbag.py:496} INFO - Filling up the DagBag from /home/airflow/.local/lib/python3.8/site-packages/airflow/example_dags/example_trigger_controller_dag.py
[2021-12-12 08:39:31,618] {processor.py:623} INFO - DAG(s) dict_keys(['example_trigger_controller_dag']) retrieved from /home/airflow/.local/lib/python3.8/site-packages/airflow/example_dags/example_trigger_controller_dag.py
[2021-12-12 08:39:34,186] {logging_mixin.py:109} WARNING - /home/airflow/.local/lib/python3.8/site-packages/snowflake/connector/options.py:94 UserWarning: You have an incompatible version of 'pyarrow' installed (3.0.0), please install a version that adheres to: 'pyarrow<5.1.0,>=5.0.0; extra == "pandas"'
[2021-12-12 08:39:34,576] {logging_mixin.py:109} INFO - [2021-12-12 08:39:34,576] {dag.py:1833} INFO - Sync 1 DAGs
[2021-12-12 08:39:34,584] {logging_mixin.py:109} INFO - [2021-12-12 08:39:34,584] {dag.py:1852} INFO - Creating ORM DAG for example_trigger_controller_dag
[2021-12-12 08:39:34,590] {logging_mixin.py:109} INFO - [2021-12-12 08:39:34,590] {dag.py:2306} INFO - Setting next_dagrun for example_trigger_controller_dag to 2021-12-10 00:00:00+00:00
[2021-12-12 08:39:34,602] {processor.py:170} INFO - Processing /home/airflow/.local/lib/python3.8/site-packages/airflow/example_dags/example_trigger_controller_dag.py took 3.012 seconds
[2021-12-12 08:40:05,117] {processor.py:162} INFO - Started process (PID=376) to work on /home/airflow/.local/lib/python3.8/site-packages/airflow/example_dags/example_trigger_controller_dag.py
[2021-12-12 08:40:05,121] {processor.py:613} INFO - Processing file /home/airflow/.local/lib/python3.8/site-packages/airflow/example_dags/example_trigger_controller_dag.py for tasks to queue
[2021-12-12 08:40:05,124] {logging_mixin.py:109} INFO - [2021-12-12 08:40:05,124] {dagbag.py:496} INFO - Filling up the DagBag from /home/airflow/.local/lib/python3.8/site-packages/airflow/example_dags/example_trigger_controller_dag.py
[2021-12-12 08:40:05,141] {processor.py:623} INFO - DAG(s) dict_keys(['example_trigger_controller_dag']) retrieved from /home/airflow/.local/lib/python3.8/site-packages/airflow/example_dags/example_trigger_controller_dag.py
[2021-12-12 08:40:05,179] {logging_mixin.py:109} INFO - [2021-12-12 08:40:05,179] {dag.py:1833} INFO - Sync 1 DAGs
[2021-12-12 08:40:05,201] {logging_mixin.py:109} INFO - [2021-12-12 08:40:05,201] {dag.py:2306} INFO - Setting next_dagrun for example_trigger_controller_dag to 2021-12-10 00:00:00+00:00
[2021-12-12 08:40:05,216] {processor.py:170} INFO - Processing /home/airflow/.local/lib/python3.8/site-packages/airflow/example_dags/example_trigger_controller_dag.py took 0.105 seconds
[2021-12-12 08:40:35,623] {processor.py:162} INFO - Started process (PID=424) to work on /home/airflow/.local/lib/python3.8/site-packages/airflow/example_dags/example_trigger_controller_dag.py
[2021-12-12 08:40:35,626] {processor.py:613} INFO - Processing file /home/airflow/.local/lib/python3.8/site-packages/airflow/example_dags/example_trigger_controller_dag.py for tasks to queue
[2021-12-12 08:40:35,627] {logging_mixin.py:109} INFO - [2021-12-12 08:40:35,627] {dagbag.py:496} INFO - Filling up the DagBag from /home/airflow/.local/lib/python3.8/site-packages/airflow/example_dags/example_trigger_controller_dag.py
[2021-12-12 08:40:35,640] {processor.py:623} INFO - DAG(s) dict_keys(['example_trigger_controller_dag']) retrieved from /home/airflow/.local/lib/python3.8/site-packages/airflow/example_dags/example_trigger_controller_dag.py
[2021-12-12 08:40:35,666] {logging_mixin.py:109} INFO - [2021-12-12 08:40:35,666] {dag.py:1833} INFO - Sync 1 DAGs
[2021-12-12 08:40:35,684] {logging_mixin.py:109} INFO - [2021-12-12 08:40:35,684] {dag.py:2306} INFO - Setting next_dagrun for example_trigger_controller_dag to 2021-12-10 00:00:00+00:00
[2021-12-12 08:40:35,698] {processor.py:170} INFO - Processing /home/airflow/.local/lib/python3.8/site-packages/airflow/example_dags/example_trigger_controller_dag.py took 0.078 seconds
[2021-12-12 08:41:06,030] {processor.py:162} INFO - Started process (PID=481) to work on /home/airflow/.local/lib/python3.8/site-packages/airflow/example_dags/example_trigger_controller_dag.py
[2021-12-12 08:41:06,032] {processor.py:613} INFO - Processing file /home/airflow/.local/lib/python3.8/site-packages/airflow/example_dags/example_trigger_controller_dag.py for tasks to queue
[2021-12-12 08:41:06,034] {logging_mixin.py:109} INFO - [2021-12-12 08:41:06,034] {dagbag.py:496} INFO - Filling up the DagBag from /home/airflow/.local/lib/python3.8/site-packages/airflow/example_dags/example_trigger_controller_dag.py
[2021-12-12 08:41:06,046] {processor.py:623} INFO - DAG(s) dict_keys(['example_trigger_controller_dag']) retrieved from /home/airflow/.local/lib/python3.8/site-packages/airflow/example_dags/example_trigger_controller_dag.py
[2021-12-12 08:41:06,074] {logging_mixin.py:109} INFO - [2021-12-12 08:41:06,074] {dag.py:1833} INFO - Sync 1 DAGs
[2021-12-12 08:41:06,092] {logging_mixin.py:109} INFO - [2021-12-12 08:41:06,092] {dag.py:2306} INFO - Setting next_dagrun for example_trigger_controller_dag to 2021-12-10 00:00:00+00:00
[2021-12-12 08:41:06,106] {processor.py:170} INFO - Processing /home/airflow/.local/lib/python3.8/site-packages/airflow/example_dags/example_trigger_controller_dag.py took 0.079 seconds
[2021-12-12 08:41:36,408] {processor.py:162} INFO - Started process (PID=530) to work on /home/airflow/.local/lib/python3.8/site-packages/airflow/example_dags/example_trigger_controller_dag.py
[2021-12-12 08:41:36,410] {processor.py:613} INFO - Processing file /home/airflow/.local/lib/python3.8/site-packages/airflow/example_dags/example_trigger_controller_dag.py for tasks to queue
[2021-12-12 08:41:36,411] {logging_mixin.py:109} INFO - [2021-12-12 08:41:36,411] {dagbag.py:496} INFO - Filling up the DagBag from /home/airflow/.local/lib/python3.8/site-packages/airflow/example_dags/example_trigger_controller_dag.py
[2021-12-12 08:41:36,421] {processor.py:623} INFO - DAG(s) dict_keys(['example_trigger_controller_dag']) retrieved from /home/airflow/.local/lib/python3.8/site-packages/airflow/example_dags/example_trigger_controller_dag.py
[2021-12-12 08:41:36,448] {logging_mixin.py:109} INFO - [2021-12-12 08:41:36,448] {dag.py:1833} INFO - Sync 1 DAGs
[2021-12-12 08:41:36,461] {logging_mixin.py:109} INFO - [2021-12-12 08:41:36,460] {dag.py:2306} INFO - Setting next_dagrun for example_trigger_controller_dag to 2021-12-10 00:00:00+00:00
[2021-12-12 08:41:36,469] {processor.py:170} INFO - Processing /home/airflow/.local/lib/python3.8/site-packages/airflow/example_dags/example_trigger_controller_dag.py took 0.065 seconds
[2021-12-12 08:42:06,561] {processor.py:162} INFO - Started process (PID=589) to work on /home/airflow/.local/lib/python3.8/site-packages/airflow/example_dags/example_trigger_controller_dag.py
[2021-12-12 08:42:06,564] {processor.py:613} INFO - Processing file /home/airflow/.local/lib/python3.8/site-packages/airflow/example_dags/example_trigger_controller_dag.py for tasks to queue
[2021-12-12 08:42:06,565] {logging_mixin.py:109} INFO - [2021-12-12 08:42:06,565] {dagbag.py:496} INFO - Filling up the DagBag from /home/airflow/.local/lib/python3.8/site-packages/airflow/example_dags/example_trigger_controller_dag.py
[2021-12-12 08:42:06,577] {processor.py:623} INFO - DAG(s) dict_keys(['example_trigger_controller_dag']) retrieved from /home/airflow/.local/lib/python3.8/site-packages/airflow/example_dags/example_trigger_controller_dag.py
[2021-12-12 08:42:06,603] {logging_mixin.py:109} INFO - [2021-12-12 08:42:06,603] {dag.py:1833} INFO - Sync 1 DAGs
[2021-12-12 08:42:06,619] {logging_mixin.py:109} INFO - [2021-12-12 08:42:06,619] {dag.py:2306} INFO - Setting next_dagrun for example_trigger_controller_dag to 2021-12-10 00:00:00+00:00
[2021-12-12 08:42:06,632] {processor.py:170} INFO - Processing /home/airflow/.local/lib/python3.8/site-packages/airflow/example_dags/example_trigger_controller_dag.py took 0.074 seconds
[2021-12-12 08:42:36,720] {processor.py:162} INFO - Started process (PID=639) to work on /home/airflow/.local/lib/python3.8/site-packages/airflow/example_dags/example_trigger_controller_dag.py
[2021-12-12 08:42:36,722] {processor.py:613} INFO - Processing file /home/airflow/.local/lib/python3.8/site-packages/airflow/example_dags/example_trigger_controller_dag.py for tasks to queue
[2021-12-12 08:42:36,723] {logging_mixin.py:109} INFO - [2021-12-12 08:42:36,723] {dagbag.py:496} INFO - Filling up the DagBag from /home/airflow/.local/lib/python3.8/site-packages/airflow/example_dags/example_trigger_controller_dag.py
[2021-12-12 08:42:36,735] {processor.py:623} INFO - DAG(s) dict_keys(['example_trigger_controller_dag']) retrieved from /home/airflow/.local/lib/python3.8/site-packages/airflow/example_dags/example_trigger_controller_dag.py
[2021-12-12 08:42:36,758] {logging_mixin.py:109} INFO - [2021-12-12 08:42:36,758] {dag.py:1833} INFO - Sync 1 DAGs
[2021-12-12 08:42:36,772] {logging_mixin.py:109} INFO - [2021-12-12 08:42:36,772] {dag.py:2306} INFO - Setting next_dagrun for example_trigger_controller_dag to 2021-12-10 00:00:00+00:00
[2021-12-12 08:42:36,782] {processor.py:170} INFO - Processing /home/airflow/.local/lib/python3.8/site-packages/airflow/example_dags/example_trigger_controller_dag.py took 0.066 seconds
[2021-12-12 08:43:07,165] {processor.py:162} INFO - Started process (PID=696) to work on /home/airflow/.local/lib/python3.8/site-packages/airflow/example_dags/example_trigger_controller_dag.py
[2021-12-12 08:43:07,168] {processor.py:613} INFO - Processing file /home/airflow/.local/lib/python3.8/site-packages/airflow/example_dags/example_trigger_controller_dag.py for tasks to queue
[2021-12-12 08:43:07,169] {logging_mixin.py:109} INFO - [2021-12-12 08:43:07,169] {dagbag.py:496} INFO - Filling up the DagBag from /home/airflow/.local/lib/python3.8/site-packages/airflow/example_dags/example_trigger_controller_dag.py
[2021-12-12 08:43:07,182] {processor.py:623} INFO - DAG(s) dict_keys(['example_trigger_controller_dag']) retrieved from /home/airflow/.local/lib/python3.8/site-packages/airflow/example_dags/example_trigger_controller_dag.py
[2021-12-12 08:43:07,210] {logging_mixin.py:109} INFO - [2021-12-12 08:43:07,210] {dag.py:1833} INFO - Sync 1 DAGs
[2021-12-12 08:43:07,226] {logging_mixin.py:109} INFO - [2021-12-12 08:43:07,226] {dag.py:2306} INFO - Setting next_dagrun for example_trigger_controller_dag to 2021-12-10 00:00:00+00:00
[2021-12-12 08:43:07,238] {processor.py:170} INFO - Processing /home/airflow/.local/lib/python3.8/site-packages/airflow/example_dags/example_trigger_controller_dag.py took 0.077 seconds
[2021-12-12 08:43:37,828] {processor.py:162} INFO - Started process (PID=746) to work on /home/airflow/.local/lib/python3.8/site-packages/airflow/example_dags/example_trigger_controller_dag.py
[2021-12-12 08:43:37,830] {processor.py:613} INFO - Processing file /home/airflow/.local/lib/python3.8/site-packages/airflow/example_dags/example_trigger_controller_dag.py for tasks to queue
[2021-12-12 08:43:37,832] {logging_mixin.py:109} INFO - [2021-12-12 08:43:37,832] {dagbag.py:496} INFO - Filling up the DagBag from /home/airflow/.local/lib/python3.8/site-packages/airflow/example_dags/example_trigger_controller_dag.py
[2021-12-12 08:43:37,844] {processor.py:623} INFO - DAG(s) dict_keys(['example_trigger_controller_dag']) retrieved from /home/airflow/.local/lib/python3.8/site-packages/airflow/example_dags/example_trigger_controller_dag.py
[2021-12-12 08:43:37,868] {logging_mixin.py:109} INFO - [2021-12-12 08:43:37,868] {dag.py:1833} INFO - Sync 1 DAGs
[2021-12-12 08:43:37,882] {logging_mixin.py:109} INFO - [2021-12-12 08:43:37,882] {dag.py:2306} INFO - Setting next_dagrun for example_trigger_controller_dag to 2021-12-10 00:00:00+00:00
[2021-12-12 08:43:37,892] {processor.py:170} INFO - Processing /home/airflow/.local/lib/python3.8/site-packages/airflow/example_dags/example_trigger_controller_dag.py took 0.068 seconds
[2021-12-12 08:44:08,193] {processor.py:162} INFO - Started process (PID=802) to work on /home/airflow/.local/lib/python3.8/site-packages/airflow/example_dags/example_trigger_controller_dag.py
[2021-12-12 08:44:08,196] {processor.py:613} INFO - Processing file /home/airflow/.local/lib/python3.8/site-packages/airflow/example_dags/example_trigger_controller_dag.py for tasks to queue
[2021-12-12 08:44:08,198] {logging_mixin.py:109} INFO - [2021-12-12 08:44:08,198] {dagbag.py:496} INFO - Filling up the DagBag from /home/airflow/.local/lib/python3.8/site-packages/airflow/example_dags/example_trigger_controller_dag.py
[2021-12-12 08:44:08,221] {processor.py:623} INFO - DAG(s) dict_keys(['example_trigger_controller_dag']) retrieved from /home/airflow/.local/lib/python3.8/site-packages/airflow/example_dags/example_trigger_controller_dag.py
[2021-12-12 08:44:08,266] {logging_mixin.py:109} INFO - [2021-12-12 08:44:08,266] {dag.py:1833} INFO - Sync 1 DAGs
[2021-12-12 08:44:08,291] {logging_mixin.py:109} INFO - [2021-12-12 08:44:08,291] {dag.py:2306} INFO - Setting next_dagrun for example_trigger_controller_dag to 2021-12-10 00:00:00+00:00
[2021-12-12 08:44:08,312] {processor.py:170} INFO - Processing /home/airflow/.local/lib/python3.8/site-packages/airflow/example_dags/example_trigger_controller_dag.py took 0.126 seconds
[2021-12-12 08:44:38,611] {processor.py:162} INFO - Started process (PID=852) to work on /home/airflow/.local/lib/python3.8/site-packages/airflow/example_dags/example_trigger_controller_dag.py
[2021-12-12 08:44:38,613] {processor.py:613} INFO - Processing file /home/airflow/.local/lib/python3.8/site-packages/airflow/example_dags/example_trigger_controller_dag.py for tasks to queue
[2021-12-12 08:44:38,615] {logging_mixin.py:109} INFO - [2021-12-12 08:44:38,615] {dagbag.py:496} INFO - Filling up the DagBag from /home/airflow/.local/lib/python3.8/site-packages/airflow/example_dags/example_trigger_controller_dag.py
[2021-12-12 08:44:38,628] {processor.py:623} INFO - DAG(s) dict_keys(['example_trigger_controller_dag']) retrieved from /home/airflow/.local/lib/python3.8/site-packages/airflow/example_dags/example_trigger_controller_dag.py
[2021-12-12 08:44:38,653] {logging_mixin.py:109} INFO - [2021-12-12 08:44:38,653] {dag.py:1833} INFO - Sync 1 DAGs
[2021-12-12 08:44:38,670] {logging_mixin.py:109} INFO - [2021-12-12 08:44:38,670] {dag.py:2306} INFO - Setting next_dagrun for example_trigger_controller_dag to 2021-12-10 00:00:00+00:00
[2021-12-12 08:44:38,682] {processor.py:170} INFO - Processing /home/airflow/.local/lib/python3.8/site-packages/airflow/example_dags/example_trigger_controller_dag.py took 0.075 seconds
[2021-12-12 08:52:27,431] {processor.py:162} INFO - Started process (PID=76) to work on /home/airflow/.local/lib/python3.8/site-packages/airflow/example_dags/example_trigger_controller_dag.py
[2021-12-12 08:52:27,434] {processor.py:613} INFO - Processing file /home/airflow/.local/lib/python3.8/site-packages/airflow/example_dags/example_trigger_controller_dag.py for tasks to queue
[2021-12-12 08:52:27,437] {logging_mixin.py:109} INFO - [2021-12-12 08:52:27,437] {dagbag.py:496} INFO - Filling up the DagBag from /home/airflow/.local/lib/python3.8/site-packages/airflow/example_dags/example_trigger_controller_dag.py
[2021-12-12 08:52:27,466] {processor.py:623} INFO - DAG(s) dict_keys(['example_trigger_controller_dag']) retrieved from /home/airflow/.local/lib/python3.8/site-packages/airflow/example_dags/example_trigger_controller_dag.py
[2021-12-12 08:52:27,511] {logging_mixin.py:109} INFO - [2021-12-12 08:52:27,511] {dag.py:1833} INFO - Sync 1 DAGs
[2021-12-12 08:52:27,535] {logging_mixin.py:109} INFO - [2021-12-12 08:52:27,535] {dag.py:2306} INFO - Setting next_dagrun for example_trigger_controller_dag to 2021-12-10 00:00:00+00:00
[2021-12-12 08:52:27,553] {processor.py:170} INFO - Processing /home/airflow/.local/lib/python3.8/site-packages/airflow/example_dags/example_trigger_controller_dag.py took 0.128 seconds
[2021-12-12 08:52:58,394] {processor.py:162} INFO - Started process (PID=136) to work on /home/airflow/.local/lib/python3.8/site-packages/airflow/example_dags/example_trigger_controller_dag.py
[2021-12-12 08:52:58,396] {processor.py:613} INFO - Processing file /home/airflow/.local/lib/python3.8/site-packages/airflow/example_dags/example_trigger_controller_dag.py for tasks to queue
[2021-12-12 08:52:58,397] {logging_mixin.py:109} INFO - [2021-12-12 08:52:58,397] {dagbag.py:496} INFO - Filling up the DagBag from /home/airflow/.local/lib/python3.8/site-packages/airflow/example_dags/example_trigger_controller_dag.py
[2021-12-12 08:52:58,409] {processor.py:623} INFO - DAG(s) dict_keys(['example_trigger_controller_dag']) retrieved from /home/airflow/.local/lib/python3.8/site-packages/airflow/example_dags/example_trigger_controller_dag.py
[2021-12-12 08:52:58,431] {logging_mixin.py:109} INFO - [2021-12-12 08:52:58,431] {dag.py:1833} INFO - Sync 1 DAGs
[2021-12-12 08:52:58,445] {logging_mixin.py:109} INFO - [2021-12-12 08:52:58,445] {dag.py:2306} INFO - Setting next_dagrun for example_trigger_controller_dag to 2021-12-10 00:00:00+00:00
[2021-12-12 08:52:58,455] {processor.py:170} INFO - Processing /home/airflow/.local/lib/python3.8/site-packages/airflow/example_dags/example_trigger_controller_dag.py took 0.065 seconds
[2021-12-12 08:53:29,211] {processor.py:162} INFO - Started process (PID=184) to work on /home/airflow/.local/lib/python3.8/site-packages/airflow/example_dags/example_trigger_controller_dag.py
[2021-12-12 08:53:29,214] {processor.py:613} INFO - Processing file /home/airflow/.local/lib/python3.8/site-packages/airflow/example_dags/example_trigger_controller_dag.py for tasks to queue
[2021-12-12 08:53:29,215] {logging_mixin.py:109} INFO - [2021-12-12 08:53:29,215] {dagbag.py:496} INFO - Filling up the DagBag from /home/airflow/.local/lib/python3.8/site-packages/airflow/example_dags/example_trigger_controller_dag.py
[2021-12-12 08:53:29,227] {processor.py:623} INFO - DAG(s) dict_keys(['example_trigger_controller_dag']) retrieved from /home/airflow/.local/lib/python3.8/site-packages/airflow/example_dags/example_trigger_controller_dag.py
[2021-12-12 08:53:29,253] {logging_mixin.py:109} INFO - [2021-12-12 08:53:29,252] {dag.py:1833} INFO - Sync 1 DAGs
[2021-12-12 08:53:29,267] {logging_mixin.py:109} INFO - [2021-12-12 08:53:29,267] {dag.py:2306} INFO - Setting next_dagrun for example_trigger_controller_dag to 2021-12-10 00:00:00+00:00
[2021-12-12 08:53:29,278] {processor.py:170} INFO - Processing /home/airflow/.local/lib/python3.8/site-packages/airflow/example_dags/example_trigger_controller_dag.py took 0.070 seconds
[2021-12-12 08:53:59,358] {processor.py:162} INFO - Started process (PID=240) to work on /home/airflow/.local/lib/python3.8/site-packages/airflow/example_dags/example_trigger_controller_dag.py
[2021-12-12 08:53:59,361] {processor.py:613} INFO - Processing file /home/airflow/.local/lib/python3.8/site-packages/airflow/example_dags/example_trigger_controller_dag.py for tasks to queue
[2021-12-12 08:53:59,362] {logging_mixin.py:109} INFO - [2021-12-12 08:53:59,362] {dagbag.py:496} INFO - Filling up the DagBag from /home/airflow/.local/lib/python3.8/site-packages/airflow/example_dags/example_trigger_controller_dag.py
[2021-12-12 08:53:59,374] {processor.py:623} INFO - DAG(s) dict_keys(['example_trigger_controller_dag']) retrieved from /home/airflow/.local/lib/python3.8/site-packages/airflow/example_dags/example_trigger_controller_dag.py
[2021-12-12 08:53:59,400] {logging_mixin.py:109} INFO - [2021-12-12 08:53:59,400] {dag.py:1833} INFO - Sync 1 DAGs
[2021-12-12 08:53:59,415] {logging_mixin.py:109} INFO - [2021-12-12 08:53:59,415] {dag.py:2306} INFO - Setting next_dagrun for example_trigger_controller_dag to 2021-12-10 00:00:00+00:00
[2021-12-12 08:53:59,427] {processor.py:170} INFO - Processing /home/airflow/.local/lib/python3.8/site-packages/airflow/example_dags/example_trigger_controller_dag.py took 0.074 seconds
[2021-12-12 08:54:29,696] {processor.py:162} INFO - Started process (PID=299) to work on /home/airflow/.local/lib/python3.8/site-packages/airflow/example_dags/example_trigger_controller_dag.py
[2021-12-12 08:54:29,700] {processor.py:613} INFO - Processing file /home/airflow/.local/lib/python3.8/site-packages/airflow/example_dags/example_trigger_controller_dag.py for tasks to queue
[2021-12-12 08:54:29,702] {logging_mixin.py:109} INFO - [2021-12-12 08:54:29,702] {dagbag.py:496} INFO - Filling up the DagBag from /home/airflow/.local/lib/python3.8/site-packages/airflow/example_dags/example_trigger_controller_dag.py
[2021-12-12 08:54:29,722] {processor.py:623} INFO - DAG(s) dict_keys(['example_trigger_controller_dag']) retrieved from /home/airflow/.local/lib/python3.8/site-packages/airflow/example_dags/example_trigger_controller_dag.py
[2021-12-12 08:54:29,771] {logging_mixin.py:109} INFO - [2021-12-12 08:54:29,771] {dag.py:1833} INFO - Sync 1 DAGs
[2021-12-12 08:54:29,797] {logging_mixin.py:109} INFO - [2021-12-12 08:54:29,796] {dag.py:2306} INFO - Setting next_dagrun for example_trigger_controller_dag to 2021-12-10 00:00:00+00:00
[2021-12-12 08:54:29,816] {processor.py:170} INFO - Processing /home/airflow/.local/lib/python3.8/site-packages/airflow/example_dags/example_trigger_controller_dag.py took 0.126 seconds
[2021-12-12 08:55:00,499] {processor.py:162} INFO - Started process (PID=347) to work on /home/airflow/.local/lib/python3.8/site-packages/airflow/example_dags/example_trigger_controller_dag.py
[2021-12-12 08:55:00,501] {processor.py:613} INFO - Processing file /home/airflow/.local/lib/python3.8/site-packages/airflow/example_dags/example_trigger_controller_dag.py for tasks to queue
[2021-12-12 08:55:00,502] {logging_mixin.py:109} INFO - [2021-12-12 08:55:00,502] {dagbag.py:496} INFO - Filling up the DagBag from /home/airflow/.local/lib/python3.8/site-packages/airflow/example_dags/example_trigger_controller_dag.py
[2021-12-12 08:55:00,517] {processor.py:623} INFO - DAG(s) dict_keys(['example_trigger_controller_dag']) retrieved from /home/airflow/.local/lib/python3.8/site-packages/airflow/example_dags/example_trigger_controller_dag.py
[2021-12-12 08:55:00,545] {logging_mixin.py:109} INFO - [2021-12-12 08:55:00,545] {dag.py:1833} INFO - Sync 1 DAGs
[2021-12-12 08:55:00,564] {logging_mixin.py:109} INFO - [2021-12-12 08:55:00,564] {dag.py:2306} INFO - Setting next_dagrun for example_trigger_controller_dag to 2021-12-10 00:00:00+00:00
[2021-12-12 08:55:00,579] {processor.py:170} INFO - Processing /home/airflow/.local/lib/python3.8/site-packages/airflow/example_dags/example_trigger_controller_dag.py took 0.085 seconds
[2021-12-12 08:55:31,084] {processor.py:162} INFO - Started process (PID=406) to work on /home/airflow/.local/lib/python3.8/site-packages/airflow/example_dags/example_trigger_controller_dag.py
[2021-12-12 08:55:31,086] {processor.py:613} INFO - Processing file /home/airflow/.local/lib/python3.8/site-packages/airflow/example_dags/example_trigger_controller_dag.py for tasks to queue
[2021-12-12 08:55:31,087] {logging_mixin.py:109} INFO - [2021-12-12 08:55:31,087] {dagbag.py:496} INFO - Filling up the DagBag from /home/airflow/.local/lib/python3.8/site-packages/airflow/example_dags/example_trigger_controller_dag.py
[2021-12-12 08:55:31,098] {processor.py:623} INFO - DAG(s) dict_keys(['example_trigger_controller_dag']) retrieved from /home/airflow/.local/lib/python3.8/site-packages/airflow/example_dags/example_trigger_controller_dag.py
[2021-12-12 08:55:31,124] {logging_mixin.py:109} INFO - [2021-12-12 08:55:31,124] {dag.py:1833} INFO - Sync 1 DAGs
[2021-12-12 08:55:31,141] {logging_mixin.py:109} INFO - [2021-12-12 08:55:31,141] {dag.py:2306} INFO - Setting next_dagrun for example_trigger_controller_dag to 2021-12-10 00:00:00+00:00
[2021-12-12 08:55:31,154] {processor.py:170} INFO - Processing /home/airflow/.local/lib/python3.8/site-packages/airflow/example_dags/example_trigger_controller_dag.py took 0.074 seconds
[2021-12-12 08:56:01,330] {processor.py:162} INFO - Started process (PID=453) to work on /home/airflow/.local/lib/python3.8/site-packages/airflow/example_dags/example_trigger_controller_dag.py
[2021-12-12 08:56:01,334] {processor.py:613} INFO - Processing file /home/airflow/.local/lib/python3.8/site-packages/airflow/example_dags/example_trigger_controller_dag.py for tasks to queue
[2021-12-12 08:56:01,339] {logging_mixin.py:109} INFO - [2021-12-12 08:56:01,339] {dagbag.py:496} INFO - Filling up the DagBag from /home/airflow/.local/lib/python3.8/site-packages/airflow/example_dags/example_trigger_controller_dag.py
[2021-12-12 08:56:01,356] {processor.py:623} INFO - DAG(s) dict_keys(['example_trigger_controller_dag']) retrieved from /home/airflow/.local/lib/python3.8/site-packages/airflow/example_dags/example_trigger_controller_dag.py
[2021-12-12 08:56:01,390] {logging_mixin.py:109} INFO - [2021-12-12 08:56:01,389] {dag.py:1833} INFO - Sync 1 DAGs
[2021-12-12 08:56:01,424] {logging_mixin.py:109} INFO - [2021-12-12 08:56:01,424] {dag.py:2306} INFO - Setting next_dagrun for example_trigger_controller_dag to 2021-12-10 00:00:00+00:00
[2021-12-12 08:56:01,463] {processor.py:170} INFO - Processing /home/airflow/.local/lib/python3.8/site-packages/airflow/example_dags/example_trigger_controller_dag.py took 0.136 seconds
