[2021-12-12 08:38:58,564] {processor.py:162} INFO - Started process (PID=121) to work on /home/airflow/.local/lib/python3.8/site-packages/airflow/example_dags/example_trigger_target_dag.py
[2021-12-12 08:38:58,567] {processor.py:613} INFO - Processing file /home/airflow/.local/lib/python3.8/site-packages/airflow/example_dags/example_trigger_target_dag.py for tasks to queue
[2021-12-12 08:38:58,569] {logging_mixin.py:109} INFO - [2021-12-12 08:38:58,569] {dagbag.py:496} INFO - Filling up the DagBag from /home/airflow/.local/lib/python3.8/site-packages/airflow/example_dags/example_trigger_target_dag.py
[2021-12-12 08:38:58,589] {processor.py:623} INFO - DAG(s) dict_keys(['example_trigger_target_dag']) retrieved from /home/airflow/.local/lib/python3.8/site-packages/airflow/example_dags/example_trigger_target_dag.py
[2021-12-12 08:39:02,216] {logging_mixin.py:109} WARNING - /home/airflow/.local/lib/python3.8/site-packages/snowflake/connector/options.py:94 UserWarning: You have an incompatible version of 'pyarrow' installed (3.0.0), please install a version that adheres to: 'pyarrow<5.1.0,>=5.0.0; extra == "pandas"'
[2021-12-12 08:39:02,809] {logging_mixin.py:109} INFO - [2021-12-12 08:39:02,808] {dag.py:1833} INFO - Sync 1 DAGs
[2021-12-12 08:39:02,820] {logging_mixin.py:109} INFO - [2021-12-12 08:39:02,820] {dag.py:1852} INFO - Creating ORM DAG for example_trigger_target_dag
[2021-12-12 08:39:02,827] {logging_mixin.py:109} INFO - [2021-12-12 08:39:02,827] {dag.py:2306} INFO - Setting next_dagrun for example_trigger_target_dag to None
[2021-12-12 08:39:02,842] {processor.py:170} INFO - Processing /home/airflow/.local/lib/python3.8/site-packages/airflow/example_dags/example_trigger_target_dag.py took 4.283 seconds
[2021-12-12 08:39:43,687] {processor.py:162} INFO - Started process (PID=342) to work on /home/airflow/.local/lib/python3.8/site-packages/airflow/example_dags/example_trigger_target_dag.py
[2021-12-12 08:39:43,690] {processor.py:613} INFO - Processing file /home/airflow/.local/lib/python3.8/site-packages/airflow/example_dags/example_trigger_target_dag.py for tasks to queue
[2021-12-12 08:39:43,692] {logging_mixin.py:109} INFO - [2021-12-12 08:39:43,692] {dagbag.py:496} INFO - Filling up the DagBag from /home/airflow/.local/lib/python3.8/site-packages/airflow/example_dags/example_trigger_target_dag.py
[2021-12-12 08:39:43,712] {processor.py:623} INFO - DAG(s) dict_keys(['example_trigger_target_dag']) retrieved from /home/airflow/.local/lib/python3.8/site-packages/airflow/example_dags/example_trigger_target_dag.py
[2021-12-12 08:39:43,738] {logging_mixin.py:109} INFO - [2021-12-12 08:39:43,738] {dag.py:1833} INFO - Sync 1 DAGs
[2021-12-12 08:39:43,754] {logging_mixin.py:109} INFO - [2021-12-12 08:39:43,754] {dag.py:2306} INFO - Setting next_dagrun for example_trigger_target_dag to None
[2021-12-12 08:39:43,767] {processor.py:170} INFO - Processing /home/airflow/.local/lib/python3.8/site-packages/airflow/example_dags/example_trigger_target_dag.py took 0.085 seconds
[2021-12-12 08:40:14,400] {processor.py:162} INFO - Started process (PID=399) to work on /home/airflow/.local/lib/python3.8/site-packages/airflow/example_dags/example_trigger_target_dag.py
[2021-12-12 08:40:14,403] {processor.py:613} INFO - Processing file /home/airflow/.local/lib/python3.8/site-packages/airflow/example_dags/example_trigger_target_dag.py for tasks to queue
[2021-12-12 08:40:14,404] {logging_mixin.py:109} INFO - [2021-12-12 08:40:14,404] {dagbag.py:496} INFO - Filling up the DagBag from /home/airflow/.local/lib/python3.8/site-packages/airflow/example_dags/example_trigger_target_dag.py
[2021-12-12 08:40:14,422] {processor.py:623} INFO - DAG(s) dict_keys(['example_trigger_target_dag']) retrieved from /home/airflow/.local/lib/python3.8/site-packages/airflow/example_dags/example_trigger_target_dag.py
[2021-12-12 08:40:14,454] {logging_mixin.py:109} INFO - [2021-12-12 08:40:14,454] {dag.py:1833} INFO - Sync 1 DAGs
[2021-12-12 08:40:14,473] {logging_mixin.py:109} INFO - [2021-12-12 08:40:14,472] {dag.py:2306} INFO - Setting next_dagrun for example_trigger_target_dag to None
[2021-12-12 08:40:14,488] {processor.py:170} INFO - Processing /home/airflow/.local/lib/python3.8/site-packages/airflow/example_dags/example_trigger_target_dag.py took 0.092 seconds
[2021-12-12 08:40:44,748] {processor.py:162} INFO - Started process (PID=447) to work on /home/airflow/.local/lib/python3.8/site-packages/airflow/example_dags/example_trigger_target_dag.py
[2021-12-12 08:40:44,750] {processor.py:613} INFO - Processing file /home/airflow/.local/lib/python3.8/site-packages/airflow/example_dags/example_trigger_target_dag.py for tasks to queue
[2021-12-12 08:40:44,752] {logging_mixin.py:109} INFO - [2021-12-12 08:40:44,752] {dagbag.py:496} INFO - Filling up the DagBag from /home/airflow/.local/lib/python3.8/site-packages/airflow/example_dags/example_trigger_target_dag.py
[2021-12-12 08:40:44,769] {processor.py:623} INFO - DAG(s) dict_keys(['example_trigger_target_dag']) retrieved from /home/airflow/.local/lib/python3.8/site-packages/airflow/example_dags/example_trigger_target_dag.py
[2021-12-12 08:40:44,797] {logging_mixin.py:109} INFO - [2021-12-12 08:40:44,796] {dag.py:1833} INFO - Sync 1 DAGs
[2021-12-12 08:40:44,814] {logging_mixin.py:109} INFO - [2021-12-12 08:40:44,814] {dag.py:2306} INFO - Setting next_dagrun for example_trigger_target_dag to None
[2021-12-12 08:40:44,828] {processor.py:170} INFO - Processing /home/airflow/.local/lib/python3.8/site-packages/airflow/example_dags/example_trigger_target_dag.py took 0.083 seconds
[2021-12-12 08:41:15,266] {processor.py:162} INFO - Started process (PID=496) to work on /home/airflow/.local/lib/python3.8/site-packages/airflow/example_dags/example_trigger_target_dag.py
[2021-12-12 08:41:15,268] {processor.py:613} INFO - Processing file /home/airflow/.local/lib/python3.8/site-packages/airflow/example_dags/example_trigger_target_dag.py for tasks to queue
[2021-12-12 08:41:15,270] {logging_mixin.py:109} INFO - [2021-12-12 08:41:15,270] {dagbag.py:496} INFO - Filling up the DagBag from /home/airflow/.local/lib/python3.8/site-packages/airflow/example_dags/example_trigger_target_dag.py
[2021-12-12 08:41:15,291] {processor.py:623} INFO - DAG(s) dict_keys(['example_trigger_target_dag']) retrieved from /home/airflow/.local/lib/python3.8/site-packages/airflow/example_dags/example_trigger_target_dag.py
[2021-12-12 08:41:15,322] {logging_mixin.py:109} INFO - [2021-12-12 08:41:15,322] {dag.py:1833} INFO - Sync 1 DAGs
[2021-12-12 08:41:15,344] {logging_mixin.py:109} INFO - [2021-12-12 08:41:15,344] {dag.py:2306} INFO - Setting next_dagrun for example_trigger_target_dag to None
[2021-12-12 08:41:15,360] {processor.py:170} INFO - Processing /home/airflow/.local/lib/python3.8/site-packages/airflow/example_dags/example_trigger_target_dag.py took 0.100 seconds
[2021-12-12 08:41:45,729] {processor.py:162} INFO - Started process (PID=553) to work on /home/airflow/.local/lib/python3.8/site-packages/airflow/example_dags/example_trigger_target_dag.py
[2021-12-12 08:41:45,734] {processor.py:613} INFO - Processing file /home/airflow/.local/lib/python3.8/site-packages/airflow/example_dags/example_trigger_target_dag.py for tasks to queue
[2021-12-12 08:41:45,736] {logging_mixin.py:109} INFO - [2021-12-12 08:41:45,736] {dagbag.py:496} INFO - Filling up the DagBag from /home/airflow/.local/lib/python3.8/site-packages/airflow/example_dags/example_trigger_target_dag.py
[2021-12-12 08:41:45,765] {processor.py:623} INFO - DAG(s) dict_keys(['example_trigger_target_dag']) retrieved from /home/airflow/.local/lib/python3.8/site-packages/airflow/example_dags/example_trigger_target_dag.py
[2021-12-12 08:41:45,801] {logging_mixin.py:109} INFO - [2021-12-12 08:41:45,801] {dag.py:1833} INFO - Sync 1 DAGs
[2021-12-12 08:41:45,818] {logging_mixin.py:109} INFO - [2021-12-12 08:41:45,818] {dag.py:2306} INFO - Setting next_dagrun for example_trigger_target_dag to None
[2021-12-12 08:41:45,833] {processor.py:170} INFO - Processing /home/airflow/.local/lib/python3.8/site-packages/airflow/example_dags/example_trigger_target_dag.py took 0.109 seconds
[2021-12-12 08:42:16,673] {processor.py:162} INFO - Started process (PID=604) to work on /home/airflow/.local/lib/python3.8/site-packages/airflow/example_dags/example_trigger_target_dag.py
[2021-12-12 08:42:16,675] {processor.py:613} INFO - Processing file /home/airflow/.local/lib/python3.8/site-packages/airflow/example_dags/example_trigger_target_dag.py for tasks to queue
[2021-12-12 08:42:16,677] {logging_mixin.py:109} INFO - [2021-12-12 08:42:16,677] {dagbag.py:496} INFO - Filling up the DagBag from /home/airflow/.local/lib/python3.8/site-packages/airflow/example_dags/example_trigger_target_dag.py
[2021-12-12 08:42:16,695] {processor.py:623} INFO - DAG(s) dict_keys(['example_trigger_target_dag']) retrieved from /home/airflow/.local/lib/python3.8/site-packages/airflow/example_dags/example_trigger_target_dag.py
[2021-12-12 08:42:16,724] {logging_mixin.py:109} INFO - [2021-12-12 08:42:16,724] {dag.py:1833} INFO - Sync 1 DAGs
[2021-12-12 08:42:16,738] {logging_mixin.py:109} INFO - [2021-12-12 08:42:16,738] {dag.py:2306} INFO - Setting next_dagrun for example_trigger_target_dag to None
[2021-12-12 08:42:16,749] {processor.py:170} INFO - Processing /home/airflow/.local/lib/python3.8/site-packages/airflow/example_dags/example_trigger_target_dag.py took 0.080 seconds
[2021-12-12 08:42:47,631] {processor.py:162} INFO - Started process (PID=663) to work on /home/airflow/.local/lib/python3.8/site-packages/airflow/example_dags/example_trigger_target_dag.py
[2021-12-12 08:42:47,644] {processor.py:613} INFO - Processing file /home/airflow/.local/lib/python3.8/site-packages/airflow/example_dags/example_trigger_target_dag.py for tasks to queue
[2021-12-12 08:42:47,646] {logging_mixin.py:109} INFO - [2021-12-12 08:42:47,646] {dagbag.py:496} INFO - Filling up the DagBag from /home/airflow/.local/lib/python3.8/site-packages/airflow/example_dags/example_trigger_target_dag.py
[2021-12-12 08:42:47,676] {processor.py:623} INFO - DAG(s) dict_keys(['example_trigger_target_dag']) retrieved from /home/airflow/.local/lib/python3.8/site-packages/airflow/example_dags/example_trigger_target_dag.py
[2021-12-12 08:42:47,725] {logging_mixin.py:109} INFO - [2021-12-12 08:42:47,724] {dag.py:1833} INFO - Sync 1 DAGs
[2021-12-12 08:42:47,752] {logging_mixin.py:109} INFO - [2021-12-12 08:42:47,751] {dag.py:2306} INFO - Setting next_dagrun for example_trigger_target_dag to None
[2021-12-12 08:42:47,771] {processor.py:170} INFO - Processing /home/airflow/.local/lib/python3.8/site-packages/airflow/example_dags/example_trigger_target_dag.py took 0.148 seconds
[2021-12-12 08:43:18,544] {processor.py:162} INFO - Started process (PID=711) to work on /home/airflow/.local/lib/python3.8/site-packages/airflow/example_dags/example_trigger_target_dag.py
[2021-12-12 08:43:18,548] {processor.py:613} INFO - Processing file /home/airflow/.local/lib/python3.8/site-packages/airflow/example_dags/example_trigger_target_dag.py for tasks to queue
[2021-12-12 08:43:18,549] {logging_mixin.py:109} INFO - [2021-12-12 08:43:18,549] {dagbag.py:496} INFO - Filling up the DagBag from /home/airflow/.local/lib/python3.8/site-packages/airflow/example_dags/example_trigger_target_dag.py
[2021-12-12 08:43:18,573] {processor.py:623} INFO - DAG(s) dict_keys(['example_trigger_target_dag']) retrieved from /home/airflow/.local/lib/python3.8/site-packages/airflow/example_dags/example_trigger_target_dag.py
[2021-12-12 08:43:18,610] {logging_mixin.py:109} INFO - [2021-12-12 08:43:18,610] {dag.py:1833} INFO - Sync 1 DAGs
[2021-12-12 08:43:18,630] {logging_mixin.py:109} INFO - [2021-12-12 08:43:18,630] {dag.py:2306} INFO - Setting next_dagrun for example_trigger_target_dag to None
[2021-12-12 08:43:18,646] {processor.py:170} INFO - Processing /home/airflow/.local/lib/python3.8/site-packages/airflow/example_dags/example_trigger_target_dag.py took 0.107 seconds
[2021-12-12 08:43:49,043] {processor.py:162} INFO - Started process (PID=769) to work on /home/airflow/.local/lib/python3.8/site-packages/airflow/example_dags/example_trigger_target_dag.py
[2021-12-12 08:43:49,045] {processor.py:613} INFO - Processing file /home/airflow/.local/lib/python3.8/site-packages/airflow/example_dags/example_trigger_target_dag.py for tasks to queue
[2021-12-12 08:43:49,048] {logging_mixin.py:109} INFO - [2021-12-12 08:43:49,047] {dagbag.py:496} INFO - Filling up the DagBag from /home/airflow/.local/lib/python3.8/site-packages/airflow/example_dags/example_trigger_target_dag.py
[2021-12-12 08:43:49,070] {processor.py:623} INFO - DAG(s) dict_keys(['example_trigger_target_dag']) retrieved from /home/airflow/.local/lib/python3.8/site-packages/airflow/example_dags/example_trigger_target_dag.py
[2021-12-12 08:43:49,104] {logging_mixin.py:109} INFO - [2021-12-12 08:43:49,104] {dag.py:1833} INFO - Sync 1 DAGs
[2021-12-12 08:43:49,122] {logging_mixin.py:109} INFO - [2021-12-12 08:43:49,122] {dag.py:2306} INFO - Setting next_dagrun for example_trigger_target_dag to None
[2021-12-12 08:43:49,136] {processor.py:170} INFO - Processing /home/airflow/.local/lib/python3.8/site-packages/airflow/example_dags/example_trigger_target_dag.py took 0.099 seconds
[2021-12-12 08:44:19,244] {processor.py:162} INFO - Started process (PID=817) to work on /home/airflow/.local/lib/python3.8/site-packages/airflow/example_dags/example_trigger_target_dag.py
[2021-12-12 08:44:19,246] {processor.py:613} INFO - Processing file /home/airflow/.local/lib/python3.8/site-packages/airflow/example_dags/example_trigger_target_dag.py for tasks to queue
[2021-12-12 08:44:19,247] {logging_mixin.py:109} INFO - [2021-12-12 08:44:19,247] {dagbag.py:496} INFO - Filling up the DagBag from /home/airflow/.local/lib/python3.8/site-packages/airflow/example_dags/example_trigger_target_dag.py
[2021-12-12 08:44:19,260] {processor.py:623} INFO - DAG(s) dict_keys(['example_trigger_target_dag']) retrieved from /home/airflow/.local/lib/python3.8/site-packages/airflow/example_dags/example_trigger_target_dag.py
[2021-12-12 08:44:19,281] {logging_mixin.py:109} INFO - [2021-12-12 08:44:19,281] {dag.py:1833} INFO - Sync 1 DAGs
[2021-12-12 08:44:19,293] {logging_mixin.py:109} INFO - [2021-12-12 08:44:19,293] {dag.py:2306} INFO - Setting next_dagrun for example_trigger_target_dag to None
[2021-12-12 08:44:19,304] {processor.py:170} INFO - Processing /home/airflow/.local/lib/python3.8/site-packages/airflow/example_dags/example_trigger_target_dag.py took 0.063 seconds
[2021-12-12 08:52:25,396] {processor.py:162} INFO - Started process (PID=60) to work on /home/airflow/.local/lib/python3.8/site-packages/airflow/example_dags/example_trigger_target_dag.py
[2021-12-12 08:52:25,400] {processor.py:613} INFO - Processing file /home/airflow/.local/lib/python3.8/site-packages/airflow/example_dags/example_trigger_target_dag.py for tasks to queue
[2021-12-12 08:52:25,402] {logging_mixin.py:109} INFO - [2021-12-12 08:52:25,402] {dagbag.py:496} INFO - Filling up the DagBag from /home/airflow/.local/lib/python3.8/site-packages/airflow/example_dags/example_trigger_target_dag.py
[2021-12-12 08:52:25,433] {processor.py:623} INFO - DAG(s) dict_keys(['example_trigger_target_dag']) retrieved from /home/airflow/.local/lib/python3.8/site-packages/airflow/example_dags/example_trigger_target_dag.py
[2021-12-12 08:52:25,500] {logging_mixin.py:109} INFO - [2021-12-12 08:52:25,500] {dag.py:1833} INFO - Sync 1 DAGs
[2021-12-12 08:52:25,575] {logging_mixin.py:109} INFO - [2021-12-12 08:52:25,575] {dag.py:2306} INFO - Setting next_dagrun for example_trigger_target_dag to None
[2021-12-12 08:52:25,651] {processor.py:170} INFO - Processing /home/airflow/.local/lib/python3.8/site-packages/airflow/example_dags/example_trigger_target_dag.py took 0.262 seconds
[2021-12-12 08:52:56,216] {processor.py:162} INFO - Started process (PID=120) to work on /home/airflow/.local/lib/python3.8/site-packages/airflow/example_dags/example_trigger_target_dag.py
[2021-12-12 08:52:56,219] {processor.py:613} INFO - Processing file /home/airflow/.local/lib/python3.8/site-packages/airflow/example_dags/example_trigger_target_dag.py for tasks to queue
[2021-12-12 08:52:56,221] {logging_mixin.py:109} INFO - [2021-12-12 08:52:56,221] {dagbag.py:496} INFO - Filling up the DagBag from /home/airflow/.local/lib/python3.8/site-packages/airflow/example_dags/example_trigger_target_dag.py
[2021-12-12 08:52:56,242] {processor.py:623} INFO - DAG(s) dict_keys(['example_trigger_target_dag']) retrieved from /home/airflow/.local/lib/python3.8/site-packages/airflow/example_dags/example_trigger_target_dag.py
[2021-12-12 08:52:56,286] {logging_mixin.py:109} INFO - [2021-12-12 08:52:56,285] {dag.py:1833} INFO - Sync 1 DAGs
[2021-12-12 08:52:56,312] {logging_mixin.py:109} INFO - [2021-12-12 08:52:56,312] {dag.py:2306} INFO - Setting next_dagrun for example_trigger_target_dag to None
[2021-12-12 08:52:56,329] {processor.py:170} INFO - Processing /home/airflow/.local/lib/python3.8/site-packages/airflow/example_dags/example_trigger_target_dag.py took 0.118 seconds
[2021-12-12 08:53:27,072] {processor.py:162} INFO - Started process (PID=168) to work on /home/airflow/.local/lib/python3.8/site-packages/airflow/example_dags/example_trigger_target_dag.py
[2021-12-12 08:53:27,074] {processor.py:613} INFO - Processing file /home/airflow/.local/lib/python3.8/site-packages/airflow/example_dags/example_trigger_target_dag.py for tasks to queue
[2021-12-12 08:53:27,076] {logging_mixin.py:109} INFO - [2021-12-12 08:53:27,076] {dagbag.py:496} INFO - Filling up the DagBag from /home/airflow/.local/lib/python3.8/site-packages/airflow/example_dags/example_trigger_target_dag.py
[2021-12-12 08:53:27,119] {processor.py:623} INFO - DAG(s) dict_keys(['example_trigger_target_dag']) retrieved from /home/airflow/.local/lib/python3.8/site-packages/airflow/example_dags/example_trigger_target_dag.py
[2021-12-12 08:53:27,162] {logging_mixin.py:109} INFO - [2021-12-12 08:53:27,162] {dag.py:1833} INFO - Sync 1 DAGs
[2021-12-12 08:53:27,187] {logging_mixin.py:109} INFO - [2021-12-12 08:53:27,187] {dag.py:2306} INFO - Setting next_dagrun for example_trigger_target_dag to None
[2021-12-12 08:53:27,204] {processor.py:170} INFO - Processing /home/airflow/.local/lib/python3.8/site-packages/airflow/example_dags/example_trigger_target_dag.py took 0.136 seconds
[2021-12-12 08:53:57,570] {processor.py:162} INFO - Started process (PID=225) to work on /home/airflow/.local/lib/python3.8/site-packages/airflow/example_dags/example_trigger_target_dag.py
[2021-12-12 08:53:57,572] {processor.py:613} INFO - Processing file /home/airflow/.local/lib/python3.8/site-packages/airflow/example_dags/example_trigger_target_dag.py for tasks to queue
[2021-12-12 08:53:57,573] {logging_mixin.py:109} INFO - [2021-12-12 08:53:57,573] {dagbag.py:496} INFO - Filling up the DagBag from /home/airflow/.local/lib/python3.8/site-packages/airflow/example_dags/example_trigger_target_dag.py
[2021-12-12 08:53:57,588] {processor.py:623} INFO - DAG(s) dict_keys(['example_trigger_target_dag']) retrieved from /home/airflow/.local/lib/python3.8/site-packages/airflow/example_dags/example_trigger_target_dag.py
[2021-12-12 08:53:57,615] {logging_mixin.py:109} INFO - [2021-12-12 08:53:57,615] {dag.py:1833} INFO - Sync 1 DAGs
[2021-12-12 08:53:57,630] {logging_mixin.py:109} INFO - [2021-12-12 08:53:57,630] {dag.py:2306} INFO - Setting next_dagrun for example_trigger_target_dag to None
[2021-12-12 08:53:57,641] {processor.py:170} INFO - Processing /home/airflow/.local/lib/python3.8/site-packages/airflow/example_dags/example_trigger_target_dag.py took 0.075 seconds
[2021-12-12 08:54:28,238] {processor.py:162} INFO - Started process (PID=275) to work on /home/airflow/.local/lib/python3.8/site-packages/airflow/example_dags/example_trigger_target_dag.py
[2021-12-12 08:54:28,242] {processor.py:613} INFO - Processing file /home/airflow/.local/lib/python3.8/site-packages/airflow/example_dags/example_trigger_target_dag.py for tasks to queue
[2021-12-12 08:54:28,243] {logging_mixin.py:109} INFO - [2021-12-12 08:54:28,243] {dagbag.py:496} INFO - Filling up the DagBag from /home/airflow/.local/lib/python3.8/site-packages/airflow/example_dags/example_trigger_target_dag.py
[2021-12-12 08:54:28,266] {processor.py:623} INFO - DAG(s) dict_keys(['example_trigger_target_dag']) retrieved from /home/airflow/.local/lib/python3.8/site-packages/airflow/example_dags/example_trigger_target_dag.py
[2021-12-12 08:54:28,303] {logging_mixin.py:109} INFO - [2021-12-12 08:54:28,303] {dag.py:1833} INFO - Sync 1 DAGs
[2021-12-12 08:54:28,325] {logging_mixin.py:109} INFO - [2021-12-12 08:54:28,325] {dag.py:2306} INFO - Setting next_dagrun for example_trigger_target_dag to None
[2021-12-12 08:54:28,350] {processor.py:170} INFO - Processing /home/airflow/.local/lib/python3.8/site-packages/airflow/example_dags/example_trigger_target_dag.py took 0.119 seconds
[2021-12-12 08:54:58,598] {processor.py:162} INFO - Started process (PID=332) to work on /home/airflow/.local/lib/python3.8/site-packages/airflow/example_dags/example_trigger_target_dag.py
[2021-12-12 08:54:58,600] {processor.py:613} INFO - Processing file /home/airflow/.local/lib/python3.8/site-packages/airflow/example_dags/example_trigger_target_dag.py for tasks to queue
[2021-12-12 08:54:58,601] {logging_mixin.py:109} INFO - [2021-12-12 08:54:58,601] {dagbag.py:496} INFO - Filling up the DagBag from /home/airflow/.local/lib/python3.8/site-packages/airflow/example_dags/example_trigger_target_dag.py
[2021-12-12 08:54:58,617] {processor.py:623} INFO - DAG(s) dict_keys(['example_trigger_target_dag']) retrieved from /home/airflow/.local/lib/python3.8/site-packages/airflow/example_dags/example_trigger_target_dag.py
[2021-12-12 08:54:58,640] {logging_mixin.py:109} INFO - [2021-12-12 08:54:58,640] {dag.py:1833} INFO - Sync 1 DAGs
[2021-12-12 08:54:58,655] {logging_mixin.py:109} INFO - [2021-12-12 08:54:58,655] {dag.py:2306} INFO - Setting next_dagrun for example_trigger_target_dag to None
[2021-12-12 08:54:58,672] {processor.py:170} INFO - Processing /home/airflow/.local/lib/python3.8/site-packages/airflow/example_dags/example_trigger_target_dag.py took 0.078 seconds
[2021-12-12 08:55:29,156] {processor.py:162} INFO - Started process (PID=390) to work on /home/airflow/.local/lib/python3.8/site-packages/airflow/example_dags/example_trigger_target_dag.py
[2021-12-12 08:55:29,158] {processor.py:613} INFO - Processing file /home/airflow/.local/lib/python3.8/site-packages/airflow/example_dags/example_trigger_target_dag.py for tasks to queue
[2021-12-12 08:55:29,159] {logging_mixin.py:109} INFO - [2021-12-12 08:55:29,159] {dagbag.py:496} INFO - Filling up the DagBag from /home/airflow/.local/lib/python3.8/site-packages/airflow/example_dags/example_trigger_target_dag.py
[2021-12-12 08:55:29,195] {processor.py:623} INFO - DAG(s) dict_keys(['example_trigger_target_dag']) retrieved from /home/airflow/.local/lib/python3.8/site-packages/airflow/example_dags/example_trigger_target_dag.py
[2021-12-12 08:55:29,224] {logging_mixin.py:109} INFO - [2021-12-12 08:55:29,224] {dag.py:1833} INFO - Sync 1 DAGs
[2021-12-12 08:55:29,241] {logging_mixin.py:109} INFO - [2021-12-12 08:55:29,241] {dag.py:2306} INFO - Setting next_dagrun for example_trigger_target_dag to None
[2021-12-12 08:55:29,253] {processor.py:170} INFO - Processing /home/airflow/.local/lib/python3.8/site-packages/airflow/example_dags/example_trigger_target_dag.py took 0.102 seconds
[2021-12-12 08:55:59,996] {processor.py:162} INFO - Started process (PID=438) to work on /home/airflow/.local/lib/python3.8/site-packages/airflow/example_dags/example_trigger_target_dag.py
[2021-12-12 08:56:00,002] {processor.py:613} INFO - Processing file /home/airflow/.local/lib/python3.8/site-packages/airflow/example_dags/example_trigger_target_dag.py for tasks to queue
[2021-12-12 08:56:00,005] {logging_mixin.py:109} INFO - [2021-12-12 08:56:00,005] {dagbag.py:496} INFO - Filling up the DagBag from /home/airflow/.local/lib/python3.8/site-packages/airflow/example_dags/example_trigger_target_dag.py
[2021-12-12 08:56:00,052] {processor.py:623} INFO - DAG(s) dict_keys(['example_trigger_target_dag']) retrieved from /home/airflow/.local/lib/python3.8/site-packages/airflow/example_dags/example_trigger_target_dag.py
[2021-12-12 08:56:00,107] {logging_mixin.py:109} INFO - [2021-12-12 08:56:00,106] {dag.py:1833} INFO - Sync 1 DAGs
[2021-12-12 08:56:00,132] {logging_mixin.py:109} INFO - [2021-12-12 08:56:00,132] {dag.py:2306} INFO - Setting next_dagrun for example_trigger_target_dag to None
[2021-12-12 08:56:00,150] {processor.py:170} INFO - Processing /home/airflow/.local/lib/python3.8/site-packages/airflow/example_dags/example_trigger_target_dag.py took 0.162 seconds
