[2021-12-12 08:38:44,418] {processor.py:162} INFO - Started process (PID=62) to work on /home/airflow/.local/lib/python3.8/site-packages/airflow/example_dags/example_python_operator.py
[2021-12-12 08:38:44,428] {processor.py:613} INFO - Processing file /home/airflow/.local/lib/python3.8/site-packages/airflow/example_dags/example_python_operator.py for tasks to queue
[2021-12-12 08:38:44,433] {logging_mixin.py:109} INFO - [2021-12-12 08:38:44,432] {dagbag.py:496} INFO - Filling up the DagBag from /home/airflow/.local/lib/python3.8/site-packages/airflow/example_dags/example_python_operator.py
[2021-12-12 08:38:44,713] {processor.py:623} INFO - DAG(s) dict_keys(['example_python_operator']) retrieved from /home/airflow/.local/lib/python3.8/site-packages/airflow/example_dags/example_python_operator.py
[2021-12-12 08:38:50,918] {logging_mixin.py:109} WARNING - /home/airflow/.local/lib/python3.8/site-packages/snowflake/connector/options.py:94 UserWarning: You have an incompatible version of 'pyarrow' installed (3.0.0), please install a version that adheres to: 'pyarrow<5.1.0,>=5.0.0; extra == "pandas"'
[2021-12-12 08:38:51,323] {logging_mixin.py:109} INFO - [2021-12-12 08:38:51,323] {dag.py:1833} INFO - Sync 1 DAGs
[2021-12-12 08:38:51,336] {logging_mixin.py:109} INFO - [2021-12-12 08:38:51,335] {dag.py:1852} INFO - Creating ORM DAG for example_python_operator
[2021-12-12 08:38:51,345] {logging_mixin.py:109} INFO - [2021-12-12 08:38:51,345] {dag.py:2306} INFO - Setting next_dagrun for example_python_operator to None
[2021-12-12 08:38:51,365] {processor.py:170} INFO - Processing /home/airflow/.local/lib/python3.8/site-packages/airflow/example_dags/example_python_operator.py took 6.965 seconds
[2021-12-12 08:39:42,536] {processor.py:162} INFO - Started process (PID=334) to work on /home/airflow/.local/lib/python3.8/site-packages/airflow/example_dags/example_python_operator.py
[2021-12-12 08:39:42,539] {processor.py:613} INFO - Processing file /home/airflow/.local/lib/python3.8/site-packages/airflow/example_dags/example_python_operator.py for tasks to queue
[2021-12-12 08:39:42,540] {logging_mixin.py:109} INFO - [2021-12-12 08:39:42,540] {dagbag.py:496} INFO - Filling up the DagBag from /home/airflow/.local/lib/python3.8/site-packages/airflow/example_dags/example_python_operator.py
[2021-12-12 08:39:42,554] {processor.py:623} INFO - DAG(s) dict_keys(['example_python_operator']) retrieved from /home/airflow/.local/lib/python3.8/site-packages/airflow/example_dags/example_python_operator.py
[2021-12-12 08:39:42,581] {logging_mixin.py:109} INFO - [2021-12-12 08:39:42,581] {dag.py:1833} INFO - Sync 1 DAGs
[2021-12-12 08:39:42,598] {logging_mixin.py:109} INFO - [2021-12-12 08:39:42,598] {dag.py:2306} INFO - Setting next_dagrun for example_python_operator to None
[2021-12-12 08:39:42,610] {processor.py:170} INFO - Processing /home/airflow/.local/lib/python3.8/site-packages/airflow/example_dags/example_python_operator.py took 0.077 seconds
[2021-12-12 08:40:12,705] {processor.py:162} INFO - Started process (PID=384) to work on /home/airflow/.local/lib/python3.8/site-packages/airflow/example_dags/example_python_operator.py
[2021-12-12 08:40:12,707] {processor.py:613} INFO - Processing file /home/airflow/.local/lib/python3.8/site-packages/airflow/example_dags/example_python_operator.py for tasks to queue
[2021-12-12 08:40:12,709] {logging_mixin.py:109} INFO - [2021-12-12 08:40:12,709] {dagbag.py:496} INFO - Filling up the DagBag from /home/airflow/.local/lib/python3.8/site-packages/airflow/example_dags/example_python_operator.py
[2021-12-12 08:40:12,723] {processor.py:623} INFO - DAG(s) dict_keys(['example_python_operator']) retrieved from /home/airflow/.local/lib/python3.8/site-packages/airflow/example_dags/example_python_operator.py
[2021-12-12 08:40:12,749] {logging_mixin.py:109} INFO - [2021-12-12 08:40:12,749] {dag.py:1833} INFO - Sync 1 DAGs
[2021-12-12 08:40:12,765] {logging_mixin.py:109} INFO - [2021-12-12 08:40:12,765] {dag.py:2306} INFO - Setting next_dagrun for example_python_operator to None
[2021-12-12 08:40:12,775] {processor.py:170} INFO - Processing /home/airflow/.local/lib/python3.8/site-packages/airflow/example_dags/example_python_operator.py took 0.074 seconds
[2021-12-12 08:40:43,198] {processor.py:162} INFO - Started process (PID=440) to work on /home/airflow/.local/lib/python3.8/site-packages/airflow/example_dags/example_python_operator.py
[2021-12-12 08:40:43,200] {processor.py:613} INFO - Processing file /home/airflow/.local/lib/python3.8/site-packages/airflow/example_dags/example_python_operator.py for tasks to queue
[2021-12-12 08:40:43,201] {logging_mixin.py:109} INFO - [2021-12-12 08:40:43,201] {dagbag.py:496} INFO - Filling up the DagBag from /home/airflow/.local/lib/python3.8/site-packages/airflow/example_dags/example_python_operator.py
[2021-12-12 08:40:43,217] {processor.py:623} INFO - DAG(s) dict_keys(['example_python_operator']) retrieved from /home/airflow/.local/lib/python3.8/site-packages/airflow/example_dags/example_python_operator.py
[2021-12-12 08:40:43,244] {logging_mixin.py:109} INFO - [2021-12-12 08:40:43,243] {dag.py:1833} INFO - Sync 1 DAGs
[2021-12-12 08:40:43,258] {logging_mixin.py:109} INFO - [2021-12-12 08:40:43,258] {dag.py:2306} INFO - Setting next_dagrun for example_python_operator to None
[2021-12-12 08:40:43,269] {processor.py:170} INFO - Processing /home/airflow/.local/lib/python3.8/site-packages/airflow/example_dags/example_python_operator.py took 0.075 seconds
[2021-12-12 08:41:13,570] {processor.py:162} INFO - Started process (PID=487) to work on /home/airflow/.local/lib/python3.8/site-packages/airflow/example_dags/example_python_operator.py
[2021-12-12 08:41:13,572] {processor.py:613} INFO - Processing file /home/airflow/.local/lib/python3.8/site-packages/airflow/example_dags/example_python_operator.py for tasks to queue
[2021-12-12 08:41:13,574] {logging_mixin.py:109} INFO - [2021-12-12 08:41:13,573] {dagbag.py:496} INFO - Filling up the DagBag from /home/airflow/.local/lib/python3.8/site-packages/airflow/example_dags/example_python_operator.py
[2021-12-12 08:41:13,590] {processor.py:623} INFO - DAG(s) dict_keys(['example_python_operator']) retrieved from /home/airflow/.local/lib/python3.8/site-packages/airflow/example_dags/example_python_operator.py
[2021-12-12 08:41:13,619] {logging_mixin.py:109} INFO - [2021-12-12 08:41:13,619] {dag.py:1833} INFO - Sync 1 DAGs
[2021-12-12 08:41:13,635] {logging_mixin.py:109} INFO - [2021-12-12 08:41:13,635] {dag.py:2306} INFO - Setting next_dagrun for example_python_operator to None
[2021-12-12 08:41:13,647] {processor.py:170} INFO - Processing /home/airflow/.local/lib/python3.8/site-packages/airflow/example_dags/example_python_operator.py took 0.082 seconds
[2021-12-12 08:41:43,928] {processor.py:162} INFO - Started process (PID=544) to work on /home/airflow/.local/lib/python3.8/site-packages/airflow/example_dags/example_python_operator.py
[2021-12-12 08:41:43,932] {processor.py:613} INFO - Processing file /home/airflow/.local/lib/python3.8/site-packages/airflow/example_dags/example_python_operator.py for tasks to queue
[2021-12-12 08:41:43,934] {logging_mixin.py:109} INFO - [2021-12-12 08:41:43,933] {dagbag.py:496} INFO - Filling up the DagBag from /home/airflow/.local/lib/python3.8/site-packages/airflow/example_dags/example_python_operator.py
[2021-12-12 08:41:43,957] {processor.py:623} INFO - DAG(s) dict_keys(['example_python_operator']) retrieved from /home/airflow/.local/lib/python3.8/site-packages/airflow/example_dags/example_python_operator.py
[2021-12-12 08:41:43,988] {logging_mixin.py:109} INFO - [2021-12-12 08:41:43,988] {dag.py:1833} INFO - Sync 1 DAGs
[2021-12-12 08:41:44,010] {logging_mixin.py:109} INFO - [2021-12-12 08:41:44,009] {dag.py:2306} INFO - Setting next_dagrun for example_python_operator to None
[2021-12-12 08:41:44,027] {processor.py:170} INFO - Processing /home/airflow/.local/lib/python3.8/site-packages/airflow/example_dags/example_python_operator.py took 0.105 seconds
[2021-12-12 08:42:14,812] {processor.py:162} INFO - Started process (PID=594) to work on /home/airflow/.local/lib/python3.8/site-packages/airflow/example_dags/example_python_operator.py
[2021-12-12 08:42:14,815] {processor.py:613} INFO - Processing file /home/airflow/.local/lib/python3.8/site-packages/airflow/example_dags/example_python_operator.py for tasks to queue
[2021-12-12 08:42:14,817] {logging_mixin.py:109} INFO - [2021-12-12 08:42:14,817] {dagbag.py:496} INFO - Filling up the DagBag from /home/airflow/.local/lib/python3.8/site-packages/airflow/example_dags/example_python_operator.py
[2021-12-12 08:42:14,834] {processor.py:623} INFO - DAG(s) dict_keys(['example_python_operator']) retrieved from /home/airflow/.local/lib/python3.8/site-packages/airflow/example_dags/example_python_operator.py
[2021-12-12 08:42:14,862] {logging_mixin.py:109} INFO - [2021-12-12 08:42:14,862] {dag.py:1833} INFO - Sync 1 DAGs
[2021-12-12 08:42:14,880] {logging_mixin.py:109} INFO - [2021-12-12 08:42:14,880] {dag.py:2306} INFO - Setting next_dagrun for example_python_operator to None
[2021-12-12 08:42:14,895] {processor.py:170} INFO - Processing /home/airflow/.local/lib/python3.8/site-packages/airflow/example_dags/example_python_operator.py took 0.088 seconds
[2021-12-12 08:42:45,339] {processor.py:162} INFO - Started process (PID=653) to work on /home/airflow/.local/lib/python3.8/site-packages/airflow/example_dags/example_python_operator.py
[2021-12-12 08:42:45,342] {processor.py:613} INFO - Processing file /home/airflow/.local/lib/python3.8/site-packages/airflow/example_dags/example_python_operator.py for tasks to queue
[2021-12-12 08:42:45,346] {logging_mixin.py:109} INFO - [2021-12-12 08:42:45,345] {dagbag.py:496} INFO - Filling up the DagBag from /home/airflow/.local/lib/python3.8/site-packages/airflow/example_dags/example_python_operator.py
[2021-12-12 08:42:45,383] {processor.py:623} INFO - DAG(s) dict_keys(['example_python_operator']) retrieved from /home/airflow/.local/lib/python3.8/site-packages/airflow/example_dags/example_python_operator.py
[2021-12-12 08:42:45,428] {logging_mixin.py:109} INFO - [2021-12-12 08:42:45,428] {dag.py:1833} INFO - Sync 1 DAGs
[2021-12-12 08:42:45,458] {logging_mixin.py:109} INFO - [2021-12-12 08:42:45,458] {dag.py:2306} INFO - Setting next_dagrun for example_python_operator to None
[2021-12-12 08:42:45,481] {processor.py:170} INFO - Processing /home/airflow/.local/lib/python3.8/site-packages/airflow/example_dags/example_python_operator.py took 0.150 seconds
[2021-12-12 08:43:16,504] {processor.py:162} INFO - Started process (PID=701) to work on /home/airflow/.local/lib/python3.8/site-packages/airflow/example_dags/example_python_operator.py
[2021-12-12 08:43:16,512] {processor.py:613} INFO - Processing file /home/airflow/.local/lib/python3.8/site-packages/airflow/example_dags/example_python_operator.py for tasks to queue
[2021-12-12 08:43:16,513] {logging_mixin.py:109} INFO - [2021-12-12 08:43:16,513] {dagbag.py:496} INFO - Filling up the DagBag from /home/airflow/.local/lib/python3.8/site-packages/airflow/example_dags/example_python_operator.py
[2021-12-12 08:43:16,528] {processor.py:623} INFO - DAG(s) dict_keys(['example_python_operator']) retrieved from /home/airflow/.local/lib/python3.8/site-packages/airflow/example_dags/example_python_operator.py
[2021-12-12 08:43:16,557] {logging_mixin.py:109} INFO - [2021-12-12 08:43:16,557] {dag.py:1833} INFO - Sync 1 DAGs
[2021-12-12 08:43:16,574] {logging_mixin.py:109} INFO - [2021-12-12 08:43:16,574] {dag.py:2306} INFO - Setting next_dagrun for example_python_operator to None
[2021-12-12 08:43:16,589] {processor.py:170} INFO - Processing /home/airflow/.local/lib/python3.8/site-packages/airflow/example_dags/example_python_operator.py took 0.089 seconds
[2021-12-12 08:43:47,055] {processor.py:162} INFO - Started process (PID=759) to work on /home/airflow/.local/lib/python3.8/site-packages/airflow/example_dags/example_python_operator.py
[2021-12-12 08:43:47,057] {processor.py:613} INFO - Processing file /home/airflow/.local/lib/python3.8/site-packages/airflow/example_dags/example_python_operator.py for tasks to queue
[2021-12-12 08:43:47,059] {logging_mixin.py:109} INFO - [2021-12-12 08:43:47,058] {dagbag.py:496} INFO - Filling up the DagBag from /home/airflow/.local/lib/python3.8/site-packages/airflow/example_dags/example_python_operator.py
[2021-12-12 08:43:47,080] {processor.py:623} INFO - DAG(s) dict_keys(['example_python_operator']) retrieved from /home/airflow/.local/lib/python3.8/site-packages/airflow/example_dags/example_python_operator.py
[2021-12-12 08:43:47,110] {logging_mixin.py:109} INFO - [2021-12-12 08:43:47,109] {dag.py:1833} INFO - Sync 1 DAGs
[2021-12-12 08:43:47,129] {logging_mixin.py:109} INFO - [2021-12-12 08:43:47,128] {dag.py:2306} INFO - Setting next_dagrun for example_python_operator to None
[2021-12-12 08:43:47,145] {processor.py:170} INFO - Processing /home/airflow/.local/lib/python3.8/site-packages/airflow/example_dags/example_python_operator.py took 0.094 seconds
[2021-12-12 08:44:17,441] {processor.py:162} INFO - Started process (PID=807) to work on /home/airflow/.local/lib/python3.8/site-packages/airflow/example_dags/example_python_operator.py
[2021-12-12 08:44:17,444] {processor.py:613} INFO - Processing file /home/airflow/.local/lib/python3.8/site-packages/airflow/example_dags/example_python_operator.py for tasks to queue
[2021-12-12 08:44:17,446] {logging_mixin.py:109} INFO - [2021-12-12 08:44:17,445] {dagbag.py:496} INFO - Filling up the DagBag from /home/airflow/.local/lib/python3.8/site-packages/airflow/example_dags/example_python_operator.py
[2021-12-12 08:44:17,463] {processor.py:623} INFO - DAG(s) dict_keys(['example_python_operator']) retrieved from /home/airflow/.local/lib/python3.8/site-packages/airflow/example_dags/example_python_operator.py
[2021-12-12 08:44:17,488] {logging_mixin.py:109} INFO - [2021-12-12 08:44:17,488] {dag.py:1833} INFO - Sync 1 DAGs
[2021-12-12 08:44:17,511] {logging_mixin.py:109} INFO - [2021-12-12 08:44:17,511] {dag.py:2306} INFO - Setting next_dagrun for example_python_operator to None
[2021-12-12 08:44:17,532] {processor.py:170} INFO - Processing /home/airflow/.local/lib/python3.8/site-packages/airflow/example_dags/example_python_operator.py took 0.101 seconds
[2021-12-12 08:44:48,316] {processor.py:162} INFO - Started process (PID=865) to work on /home/airflow/.local/lib/python3.8/site-packages/airflow/example_dags/example_python_operator.py
[2021-12-12 08:44:48,479] {processor.py:613} INFO - Processing file /home/airflow/.local/lib/python3.8/site-packages/airflow/example_dags/example_python_operator.py for tasks to queue
[2021-12-12 08:52:23,803] {processor.py:162} INFO - Started process (PID=53) to work on /home/airflow/.local/lib/python3.8/site-packages/airflow/example_dags/example_python_operator.py
[2021-12-12 08:52:23,806] {processor.py:613} INFO - Processing file /home/airflow/.local/lib/python3.8/site-packages/airflow/example_dags/example_python_operator.py for tasks to queue
[2021-12-12 08:52:23,808] {logging_mixin.py:109} INFO - [2021-12-12 08:52:23,808] {dagbag.py:496} INFO - Filling up the DagBag from /home/airflow/.local/lib/python3.8/site-packages/airflow/example_dags/example_python_operator.py
[2021-12-12 08:52:23,835] {processor.py:623} INFO - DAG(s) dict_keys(['example_python_operator']) retrieved from /home/airflow/.local/lib/python3.8/site-packages/airflow/example_dags/example_python_operator.py
[2021-12-12 08:52:23,872] {logging_mixin.py:109} INFO - [2021-12-12 08:52:23,871] {dag.py:1833} INFO - Sync 1 DAGs
[2021-12-12 08:52:23,895] {logging_mixin.py:109} INFO - [2021-12-12 08:52:23,895] {dag.py:2306} INFO - Setting next_dagrun for example_python_operator to None
[2021-12-12 08:52:23,920] {processor.py:170} INFO - Processing /home/airflow/.local/lib/python3.8/site-packages/airflow/example_dags/example_python_operator.py took 0.128 seconds
[2021-12-12 08:52:54,659] {processor.py:162} INFO - Started process (PID=103) to work on /home/airflow/.local/lib/python3.8/site-packages/airflow/example_dags/example_python_operator.py
[2021-12-12 08:52:54,662] {processor.py:613} INFO - Processing file /home/airflow/.local/lib/python3.8/site-packages/airflow/example_dags/example_python_operator.py for tasks to queue
[2021-12-12 08:52:54,665] {logging_mixin.py:109} INFO - [2021-12-12 08:52:54,665] {dagbag.py:496} INFO - Filling up the DagBag from /home/airflow/.local/lib/python3.8/site-packages/airflow/example_dags/example_python_operator.py
[2021-12-12 08:52:54,695] {processor.py:623} INFO - DAG(s) dict_keys(['example_python_operator']) retrieved from /home/airflow/.local/lib/python3.8/site-packages/airflow/example_dags/example_python_operator.py
[2021-12-12 08:52:54,724] {logging_mixin.py:109} INFO - [2021-12-12 08:52:54,724] {dag.py:1833} INFO - Sync 1 DAGs
[2021-12-12 08:52:54,741] {logging_mixin.py:109} INFO - [2021-12-12 08:52:54,740] {dag.py:2306} INFO - Setting next_dagrun for example_python_operator to None
[2021-12-12 08:52:54,752] {processor.py:170} INFO - Processing /home/airflow/.local/lib/python3.8/site-packages/airflow/example_dags/example_python_operator.py took 0.098 seconds
[2021-12-12 08:53:25,209] {processor.py:162} INFO - Started process (PID=161) to work on /home/airflow/.local/lib/python3.8/site-packages/airflow/example_dags/example_python_operator.py
[2021-12-12 08:53:25,211] {processor.py:613} INFO - Processing file /home/airflow/.local/lib/python3.8/site-packages/airflow/example_dags/example_python_operator.py for tasks to queue
[2021-12-12 08:53:25,212] {logging_mixin.py:109} INFO - [2021-12-12 08:53:25,212] {dagbag.py:496} INFO - Filling up the DagBag from /home/airflow/.local/lib/python3.8/site-packages/airflow/example_dags/example_python_operator.py
[2021-12-12 08:53:25,227] {processor.py:623} INFO - DAG(s) dict_keys(['example_python_operator']) retrieved from /home/airflow/.local/lib/python3.8/site-packages/airflow/example_dags/example_python_operator.py
[2021-12-12 08:53:25,251] {logging_mixin.py:109} INFO - [2021-12-12 08:53:25,251] {dag.py:1833} INFO - Sync 1 DAGs
[2021-12-12 08:53:25,264] {logging_mixin.py:109} INFO - [2021-12-12 08:53:25,264] {dag.py:2306} INFO - Setting next_dagrun for example_python_operator to None
[2021-12-12 08:53:25,274] {processor.py:170} INFO - Processing /home/airflow/.local/lib/python3.8/site-packages/airflow/example_dags/example_python_operator.py took 0.069 seconds
[2021-12-12 08:53:55,986] {processor.py:162} INFO - Started process (PID=218) to work on /home/airflow/.local/lib/python3.8/site-packages/airflow/example_dags/example_python_operator.py
[2021-12-12 08:53:56,005] {processor.py:613} INFO - Processing file /home/airflow/.local/lib/python3.8/site-packages/airflow/example_dags/example_python_operator.py for tasks to queue
[2021-12-12 08:53:56,006] {logging_mixin.py:109} INFO - [2021-12-12 08:53:56,006] {dagbag.py:496} INFO - Filling up the DagBag from /home/airflow/.local/lib/python3.8/site-packages/airflow/example_dags/example_python_operator.py
[2021-12-12 08:53:56,021] {processor.py:623} INFO - DAG(s) dict_keys(['example_python_operator']) retrieved from /home/airflow/.local/lib/python3.8/site-packages/airflow/example_dags/example_python_operator.py
[2021-12-12 08:53:56,045] {logging_mixin.py:109} INFO - [2021-12-12 08:53:56,045] {dag.py:1833} INFO - Sync 1 DAGs
[2021-12-12 08:53:56,059] {logging_mixin.py:109} INFO - [2021-12-12 08:53:56,059] {dag.py:2306} INFO - Setting next_dagrun for example_python_operator to None
[2021-12-12 08:53:56,069] {processor.py:170} INFO - Processing /home/airflow/.local/lib/python3.8/site-packages/airflow/example_dags/example_python_operator.py took 0.087 seconds
[2021-12-12 08:54:26,485] {processor.py:162} INFO - Started process (PID=268) to work on /home/airflow/.local/lib/python3.8/site-packages/airflow/example_dags/example_python_operator.py
[2021-12-12 08:54:26,487] {processor.py:613} INFO - Processing file /home/airflow/.local/lib/python3.8/site-packages/airflow/example_dags/example_python_operator.py for tasks to queue
[2021-12-12 08:54:26,488] {logging_mixin.py:109} INFO - [2021-12-12 08:54:26,488] {dagbag.py:496} INFO - Filling up the DagBag from /home/airflow/.local/lib/python3.8/site-packages/airflow/example_dags/example_python_operator.py
[2021-12-12 08:54:26,503] {processor.py:623} INFO - DAG(s) dict_keys(['example_python_operator']) retrieved from /home/airflow/.local/lib/python3.8/site-packages/airflow/example_dags/example_python_operator.py
[2021-12-12 08:54:26,528] {logging_mixin.py:109} INFO - [2021-12-12 08:54:26,528] {dag.py:1833} INFO - Sync 1 DAGs
[2021-12-12 08:54:26,543] {logging_mixin.py:109} INFO - [2021-12-12 08:54:26,543] {dag.py:2306} INFO - Setting next_dagrun for example_python_operator to None
[2021-12-12 08:54:26,558] {processor.py:170} INFO - Processing /home/airflow/.local/lib/python3.8/site-packages/airflow/example_dags/example_python_operator.py took 0.078 seconds
[2021-12-12 08:54:57,037] {processor.py:162} INFO - Started process (PID=325) to work on /home/airflow/.local/lib/python3.8/site-packages/airflow/example_dags/example_python_operator.py
[2021-12-12 08:54:57,039] {processor.py:613} INFO - Processing file /home/airflow/.local/lib/python3.8/site-packages/airflow/example_dags/example_python_operator.py for tasks to queue
[2021-12-12 08:54:57,040] {logging_mixin.py:109} INFO - [2021-12-12 08:54:57,040] {dagbag.py:496} INFO - Filling up the DagBag from /home/airflow/.local/lib/python3.8/site-packages/airflow/example_dags/example_python_operator.py
[2021-12-12 08:54:57,053] {processor.py:623} INFO - DAG(s) dict_keys(['example_python_operator']) retrieved from /home/airflow/.local/lib/python3.8/site-packages/airflow/example_dags/example_python_operator.py
[2021-12-12 08:54:57,081] {logging_mixin.py:109} INFO - [2021-12-12 08:54:57,081] {dag.py:1833} INFO - Sync 1 DAGs
[2021-12-12 08:54:57,096] {logging_mixin.py:109} INFO - [2021-12-12 08:54:57,095] {dag.py:2306} INFO - Setting next_dagrun for example_python_operator to None
[2021-12-12 08:54:57,105] {processor.py:170} INFO - Processing /home/airflow/.local/lib/python3.8/site-packages/airflow/example_dags/example_python_operator.py took 0.072 seconds
[2021-12-12 08:55:27,403] {processor.py:162} INFO - Started process (PID=374) to work on /home/airflow/.local/lib/python3.8/site-packages/airflow/example_dags/example_python_operator.py
[2021-12-12 08:55:27,406] {processor.py:613} INFO - Processing file /home/airflow/.local/lib/python3.8/site-packages/airflow/example_dags/example_python_operator.py for tasks to queue
[2021-12-12 08:55:27,408] {logging_mixin.py:109} INFO - [2021-12-12 08:55:27,407] {dagbag.py:496} INFO - Filling up the DagBag from /home/airflow/.local/lib/python3.8/site-packages/airflow/example_dags/example_python_operator.py
[2021-12-12 08:55:27,426] {processor.py:623} INFO - DAG(s) dict_keys(['example_python_operator']) retrieved from /home/airflow/.local/lib/python3.8/site-packages/airflow/example_dags/example_python_operator.py
[2021-12-12 08:55:27,457] {logging_mixin.py:109} INFO - [2021-12-12 08:55:27,457] {dag.py:1833} INFO - Sync 1 DAGs
[2021-12-12 08:55:27,472] {logging_mixin.py:109} INFO - [2021-12-12 08:55:27,472] {dag.py:2306} INFO - Setting next_dagrun for example_python_operator to None
[2021-12-12 08:55:27,484] {processor.py:170} INFO - Processing /home/airflow/.local/lib/python3.8/site-packages/airflow/example_dags/example_python_operator.py took 0.086 seconds
[2021-12-12 08:55:58,042] {processor.py:162} INFO - Started process (PID=431) to work on /home/airflow/.local/lib/python3.8/site-packages/airflow/example_dags/example_python_operator.py
[2021-12-12 08:55:58,046] {processor.py:613} INFO - Processing file /home/airflow/.local/lib/python3.8/site-packages/airflow/example_dags/example_python_operator.py for tasks to queue
[2021-12-12 08:55:58,049] {logging_mixin.py:109} INFO - [2021-12-12 08:55:58,049] {dagbag.py:496} INFO - Filling up the DagBag from /home/airflow/.local/lib/python3.8/site-packages/airflow/example_dags/example_python_operator.py
[2021-12-12 08:55:58,090] {processor.py:623} INFO - DAG(s) dict_keys(['example_python_operator']) retrieved from /home/airflow/.local/lib/python3.8/site-packages/airflow/example_dags/example_python_operator.py
[2021-12-12 08:55:58,136] {logging_mixin.py:109} INFO - [2021-12-12 08:55:58,136] {dag.py:1833} INFO - Sync 1 DAGs
[2021-12-12 08:55:58,175] {logging_mixin.py:109} INFO - [2021-12-12 08:55:58,175] {dag.py:2306} INFO - Setting next_dagrun for example_python_operator to None
[2021-12-12 08:55:58,195] {processor.py:170} INFO - Processing /home/airflow/.local/lib/python3.8/site-packages/airflow/example_dags/example_python_operator.py took 0.164 seconds
