[2021-12-12 08:39:30,816] {processor.py:162} INFO - Started process (PID=266) to work on /home/airflow/.local/lib/python3.8/site-packages/airflow/example_dags/example_branch_day_of_week_operator.py
[2021-12-12 08:39:30,819] {processor.py:613} INFO - Processing file /home/airflow/.local/lib/python3.8/site-packages/airflow/example_dags/example_branch_day_of_week_operator.py for tasks to queue
[2021-12-12 08:39:30,821] {logging_mixin.py:109} INFO - [2021-12-12 08:39:30,821] {dagbag.py:496} INFO - Filling up the DagBag from /home/airflow/.local/lib/python3.8/site-packages/airflow/example_dags/example_branch_day_of_week_operator.py
[2021-12-12 08:39:30,842] {processor.py:623} INFO - DAG(s) dict_keys(['example_weekday_branch_operator']) retrieved from /home/airflow/.local/lib/python3.8/site-packages/airflow/example_dags/example_branch_day_of_week_operator.py
[2021-12-12 08:39:33,546] {logging_mixin.py:109} WARNING - /home/airflow/.local/lib/python3.8/site-packages/snowflake/connector/options.py:94 UserWarning: You have an incompatible version of 'pyarrow' installed (3.0.0), please install a version that adheres to: 'pyarrow<5.1.0,>=5.0.0; extra == "pandas"'
[2021-12-12 08:39:33,830] {logging_mixin.py:109} INFO - [2021-12-12 08:39:33,830] {dag.py:1833} INFO - Sync 1 DAGs
[2021-12-12 08:39:33,840] {logging_mixin.py:109} INFO - [2021-12-12 08:39:33,840] {dag.py:1852} INFO - Creating ORM DAG for example_weekday_branch_operator
[2021-12-12 08:39:33,849] {logging_mixin.py:109} INFO - [2021-12-12 08:39:33,849] {dag.py:2306} INFO - Setting next_dagrun for example_weekday_branch_operator to 2021-12-10 00:00:00+00:00
[2021-12-12 08:39:33,863] {processor.py:170} INFO - Processing /home/airflow/.local/lib/python3.8/site-packages/airflow/example_dags/example_branch_day_of_week_operator.py took 3.051 seconds
[2021-12-12 08:40:04,118] {processor.py:162} INFO - Started process (PID=375) to work on /home/airflow/.local/lib/python3.8/site-packages/airflow/example_dags/example_branch_day_of_week_operator.py
[2021-12-12 08:40:04,163] {processor.py:613} INFO - Processing file /home/airflow/.local/lib/python3.8/site-packages/airflow/example_dags/example_branch_day_of_week_operator.py for tasks to queue
[2021-12-12 08:40:04,167] {logging_mixin.py:109} INFO - [2021-12-12 08:40:04,166] {dagbag.py:496} INFO - Filling up the DagBag from /home/airflow/.local/lib/python3.8/site-packages/airflow/example_dags/example_branch_day_of_week_operator.py
[2021-12-12 08:40:04,201] {processor.py:623} INFO - DAG(s) dict_keys(['example_weekday_branch_operator']) retrieved from /home/airflow/.local/lib/python3.8/site-packages/airflow/example_dags/example_branch_day_of_week_operator.py
[2021-12-12 08:40:04,240] {logging_mixin.py:109} INFO - [2021-12-12 08:40:04,240] {dag.py:1833} INFO - Sync 1 DAGs
[2021-12-12 08:40:04,263] {logging_mixin.py:109} INFO - [2021-12-12 08:40:04,262] {dag.py:2306} INFO - Setting next_dagrun for example_weekday_branch_operator to 2021-12-10 00:00:00+00:00
[2021-12-12 08:40:04,301] {processor.py:170} INFO - Processing /home/airflow/.local/lib/python3.8/site-packages/airflow/example_dags/example_branch_day_of_week_operator.py took 0.194 seconds
[2021-12-12 08:40:34,616] {processor.py:162} INFO - Started process (PID=423) to work on /home/airflow/.local/lib/python3.8/site-packages/airflow/example_dags/example_branch_day_of_week_operator.py
[2021-12-12 08:40:34,619] {processor.py:613} INFO - Processing file /home/airflow/.local/lib/python3.8/site-packages/airflow/example_dags/example_branch_day_of_week_operator.py for tasks to queue
[2021-12-12 08:40:34,620] {logging_mixin.py:109} INFO - [2021-12-12 08:40:34,620] {dagbag.py:496} INFO - Filling up the DagBag from /home/airflow/.local/lib/python3.8/site-packages/airflow/example_dags/example_branch_day_of_week_operator.py
[2021-12-12 08:40:34,635] {processor.py:623} INFO - DAG(s) dict_keys(['example_weekday_branch_operator']) retrieved from /home/airflow/.local/lib/python3.8/site-packages/airflow/example_dags/example_branch_day_of_week_operator.py
[2021-12-12 08:40:34,661] {logging_mixin.py:109} INFO - [2021-12-12 08:40:34,661] {dag.py:1833} INFO - Sync 1 DAGs
[2021-12-12 08:40:34,681] {logging_mixin.py:109} INFO - [2021-12-12 08:40:34,681] {dag.py:2306} INFO - Setting next_dagrun for example_weekday_branch_operator to 2021-12-10 00:00:00+00:00
[2021-12-12 08:40:34,694] {processor.py:170} INFO - Processing /home/airflow/.local/lib/python3.8/site-packages/airflow/example_dags/example_branch_day_of_week_operator.py took 0.082 seconds
[2021-12-12 08:41:05,022] {processor.py:162} INFO - Started process (PID=480) to work on /home/airflow/.local/lib/python3.8/site-packages/airflow/example_dags/example_branch_day_of_week_operator.py
[2021-12-12 08:41:05,026] {processor.py:613} INFO - Processing file /home/airflow/.local/lib/python3.8/site-packages/airflow/example_dags/example_branch_day_of_week_operator.py for tasks to queue
[2021-12-12 08:41:05,028] {logging_mixin.py:109} INFO - [2021-12-12 08:41:05,028] {dagbag.py:496} INFO - Filling up the DagBag from /home/airflow/.local/lib/python3.8/site-packages/airflow/example_dags/example_branch_day_of_week_operator.py
[2021-12-12 08:41:05,057] {processor.py:623} INFO - DAG(s) dict_keys(['example_weekday_branch_operator']) retrieved from /home/airflow/.local/lib/python3.8/site-packages/airflow/example_dags/example_branch_day_of_week_operator.py
[2021-12-12 08:41:05,099] {logging_mixin.py:109} INFO - [2021-12-12 08:41:05,099] {dag.py:1833} INFO - Sync 1 DAGs
[2021-12-12 08:41:05,134] {logging_mixin.py:109} INFO - [2021-12-12 08:41:05,133] {dag.py:2306} INFO - Setting next_dagrun for example_weekday_branch_operator to 2021-12-10 00:00:00+00:00
[2021-12-12 08:41:05,152] {processor.py:170} INFO - Processing /home/airflow/.local/lib/python3.8/site-packages/airflow/example_dags/example_branch_day_of_week_operator.py took 0.137 seconds
[2021-12-12 08:41:35,404] {processor.py:162} INFO - Started process (PID=529) to work on /home/airflow/.local/lib/python3.8/site-packages/airflow/example_dags/example_branch_day_of_week_operator.py
[2021-12-12 08:41:35,408] {processor.py:613} INFO - Processing file /home/airflow/.local/lib/python3.8/site-packages/airflow/example_dags/example_branch_day_of_week_operator.py for tasks to queue
[2021-12-12 08:41:35,410] {logging_mixin.py:109} INFO - [2021-12-12 08:41:35,409] {dagbag.py:496} INFO - Filling up the DagBag from /home/airflow/.local/lib/python3.8/site-packages/airflow/example_dags/example_branch_day_of_week_operator.py
[2021-12-12 08:41:35,427] {processor.py:623} INFO - DAG(s) dict_keys(['example_weekday_branch_operator']) retrieved from /home/airflow/.local/lib/python3.8/site-packages/airflow/example_dags/example_branch_day_of_week_operator.py
[2021-12-12 08:41:35,461] {logging_mixin.py:109} INFO - [2021-12-12 08:41:35,461] {dag.py:1833} INFO - Sync 1 DAGs
[2021-12-12 08:41:35,484] {logging_mixin.py:109} INFO - [2021-12-12 08:41:35,484] {dag.py:2306} INFO - Setting next_dagrun for example_weekday_branch_operator to 2021-12-10 00:00:00+00:00
[2021-12-12 08:41:35,497] {processor.py:170} INFO - Processing /home/airflow/.local/lib/python3.8/site-packages/airflow/example_dags/example_branch_day_of_week_operator.py took 0.097 seconds
[2021-12-12 08:42:05,559] {processor.py:162} INFO - Started process (PID=588) to work on /home/airflow/.local/lib/python3.8/site-packages/airflow/example_dags/example_branch_day_of_week_operator.py
[2021-12-12 08:42:05,563] {processor.py:613} INFO - Processing file /home/airflow/.local/lib/python3.8/site-packages/airflow/example_dags/example_branch_day_of_week_operator.py for tasks to queue
[2021-12-12 08:42:05,565] {logging_mixin.py:109} INFO - [2021-12-12 08:42:05,565] {dagbag.py:496} INFO - Filling up the DagBag from /home/airflow/.local/lib/python3.8/site-packages/airflow/example_dags/example_branch_day_of_week_operator.py
[2021-12-12 08:42:05,582] {processor.py:623} INFO - DAG(s) dict_keys(['example_weekday_branch_operator']) retrieved from /home/airflow/.local/lib/python3.8/site-packages/airflow/example_dags/example_branch_day_of_week_operator.py
[2021-12-12 08:42:05,610] {logging_mixin.py:109} INFO - [2021-12-12 08:42:05,609] {dag.py:1833} INFO - Sync 1 DAGs
[2021-12-12 08:42:05,629] {logging_mixin.py:109} INFO - [2021-12-12 08:42:05,629] {dag.py:2306} INFO - Setting next_dagrun for example_weekday_branch_operator to 2021-12-10 00:00:00+00:00
[2021-12-12 08:42:05,640] {processor.py:170} INFO - Processing /home/airflow/.local/lib/python3.8/site-packages/airflow/example_dags/example_branch_day_of_week_operator.py took 0.086 seconds
[2021-12-12 08:42:35,697] {processor.py:162} INFO - Started process (PID=638) to work on /home/airflow/.local/lib/python3.8/site-packages/airflow/example_dags/example_branch_day_of_week_operator.py
[2021-12-12 08:42:35,699] {processor.py:613} INFO - Processing file /home/airflow/.local/lib/python3.8/site-packages/airflow/example_dags/example_branch_day_of_week_operator.py for tasks to queue
[2021-12-12 08:42:35,700] {logging_mixin.py:109} INFO - [2021-12-12 08:42:35,700] {dagbag.py:496} INFO - Filling up the DagBag from /home/airflow/.local/lib/python3.8/site-packages/airflow/example_dags/example_branch_day_of_week_operator.py
[2021-12-12 08:42:35,715] {processor.py:623} INFO - DAG(s) dict_keys(['example_weekday_branch_operator']) retrieved from /home/airflow/.local/lib/python3.8/site-packages/airflow/example_dags/example_branch_day_of_week_operator.py
[2021-12-12 08:42:35,739] {logging_mixin.py:109} INFO - [2021-12-12 08:42:35,739] {dag.py:1833} INFO - Sync 1 DAGs
[2021-12-12 08:42:35,756] {logging_mixin.py:109} INFO - [2021-12-12 08:42:35,756] {dag.py:2306} INFO - Setting next_dagrun for example_weekday_branch_operator to 2021-12-10 00:00:00+00:00
[2021-12-12 08:42:35,766] {processor.py:170} INFO - Processing /home/airflow/.local/lib/python3.8/site-packages/airflow/example_dags/example_branch_day_of_week_operator.py took 0.074 seconds
[2021-12-12 08:43:06,046] {processor.py:162} INFO - Started process (PID=687) to work on /home/airflow/.local/lib/python3.8/site-packages/airflow/example_dags/example_branch_day_of_week_operator.py
[2021-12-12 08:43:06,050] {processor.py:613} INFO - Processing file /home/airflow/.local/lib/python3.8/site-packages/airflow/example_dags/example_branch_day_of_week_operator.py for tasks to queue
[2021-12-12 08:43:06,052] {logging_mixin.py:109} INFO - [2021-12-12 08:43:06,051] {dagbag.py:496} INFO - Filling up the DagBag from /home/airflow/.local/lib/python3.8/site-packages/airflow/example_dags/example_branch_day_of_week_operator.py
[2021-12-12 08:43:06,068] {processor.py:623} INFO - DAG(s) dict_keys(['example_weekday_branch_operator']) retrieved from /home/airflow/.local/lib/python3.8/site-packages/airflow/example_dags/example_branch_day_of_week_operator.py
[2021-12-12 08:43:06,101] {logging_mixin.py:109} INFO - [2021-12-12 08:43:06,100] {dag.py:1833} INFO - Sync 1 DAGs
[2021-12-12 08:43:06,122] {logging_mixin.py:109} INFO - [2021-12-12 08:43:06,121] {dag.py:2306} INFO - Setting next_dagrun for example_weekday_branch_operator to 2021-12-10 00:00:00+00:00
[2021-12-12 08:43:06,133] {processor.py:170} INFO - Processing /home/airflow/.local/lib/python3.8/site-packages/airflow/example_dags/example_branch_day_of_week_operator.py took 0.091 seconds
[2021-12-12 08:43:36,710] {processor.py:162} INFO - Started process (PID=745) to work on /home/airflow/.local/lib/python3.8/site-packages/airflow/example_dags/example_branch_day_of_week_operator.py
[2021-12-12 08:43:36,713] {processor.py:613} INFO - Processing file /home/airflow/.local/lib/python3.8/site-packages/airflow/example_dags/example_branch_day_of_week_operator.py for tasks to queue
[2021-12-12 08:43:36,714] {logging_mixin.py:109} INFO - [2021-12-12 08:43:36,714] {dagbag.py:496} INFO - Filling up the DagBag from /home/airflow/.local/lib/python3.8/site-packages/airflow/example_dags/example_branch_day_of_week_operator.py
[2021-12-12 08:43:36,734] {processor.py:623} INFO - DAG(s) dict_keys(['example_weekday_branch_operator']) retrieved from /home/airflow/.local/lib/python3.8/site-packages/airflow/example_dags/example_branch_day_of_week_operator.py
[2021-12-12 08:43:36,757] {logging_mixin.py:109} INFO - [2021-12-12 08:43:36,757] {dag.py:1833} INFO - Sync 1 DAGs
[2021-12-12 08:43:36,777] {logging_mixin.py:109} INFO - [2021-12-12 08:43:36,777] {dag.py:2306} INFO - Setting next_dagrun for example_weekday_branch_operator to 2021-12-10 00:00:00+00:00
[2021-12-12 08:43:36,790] {processor.py:170} INFO - Processing /home/airflow/.local/lib/python3.8/site-packages/airflow/example_dags/example_branch_day_of_week_operator.py took 0.085 seconds
[2021-12-12 08:44:07,550] {processor.py:162} INFO - Started process (PID=801) to work on /home/airflow/.local/lib/python3.8/site-packages/airflow/example_dags/example_branch_day_of_week_operator.py
[2021-12-12 08:44:07,554] {processor.py:613} INFO - Processing file /home/airflow/.local/lib/python3.8/site-packages/airflow/example_dags/example_branch_day_of_week_operator.py for tasks to queue
[2021-12-12 08:44:07,557] {logging_mixin.py:109} INFO - [2021-12-12 08:44:07,556] {dagbag.py:496} INFO - Filling up the DagBag from /home/airflow/.local/lib/python3.8/site-packages/airflow/example_dags/example_branch_day_of_week_operator.py
[2021-12-12 08:44:07,583] {processor.py:623} INFO - DAG(s) dict_keys(['example_weekday_branch_operator']) retrieved from /home/airflow/.local/lib/python3.8/site-packages/airflow/example_dags/example_branch_day_of_week_operator.py
[2021-12-12 08:44:07,730] {logging_mixin.py:109} INFO - [2021-12-12 08:44:07,729] {dag.py:1833} INFO - Sync 1 DAGs
[2021-12-12 08:44:07,781] {logging_mixin.py:109} INFO - [2021-12-12 08:44:07,781] {dag.py:2306} INFO - Setting next_dagrun for example_weekday_branch_operator to 2021-12-10 00:00:00+00:00
[2021-12-12 08:44:07,797] {processor.py:170} INFO - Processing /home/airflow/.local/lib/python3.8/site-packages/airflow/example_dags/example_branch_day_of_week_operator.py took 0.253 seconds
[2021-12-12 08:44:38,163] {processor.py:162} INFO - Started process (PID=850) to work on /home/airflow/.local/lib/python3.8/site-packages/airflow/example_dags/example_branch_day_of_week_operator.py
[2021-12-12 08:44:38,165] {processor.py:613} INFO - Processing file /home/airflow/.local/lib/python3.8/site-packages/airflow/example_dags/example_branch_day_of_week_operator.py for tasks to queue
[2021-12-12 08:44:38,167] {logging_mixin.py:109} INFO - [2021-12-12 08:44:38,167] {dagbag.py:496} INFO - Filling up the DagBag from /home/airflow/.local/lib/python3.8/site-packages/airflow/example_dags/example_branch_day_of_week_operator.py
[2021-12-12 08:44:38,181] {processor.py:623} INFO - DAG(s) dict_keys(['example_weekday_branch_operator']) retrieved from /home/airflow/.local/lib/python3.8/site-packages/airflow/example_dags/example_branch_day_of_week_operator.py
[2021-12-12 08:44:38,206] {logging_mixin.py:109} INFO - [2021-12-12 08:44:38,206] {dag.py:1833} INFO - Sync 1 DAGs
[2021-12-12 08:44:38,227] {logging_mixin.py:109} INFO - [2021-12-12 08:44:38,227] {dag.py:2306} INFO - Setting next_dagrun for example_weekday_branch_operator to 2021-12-10 00:00:00+00:00
[2021-12-12 08:44:38,238] {processor.py:170} INFO - Processing /home/airflow/.local/lib/python3.8/site-packages/airflow/example_dags/example_branch_day_of_week_operator.py took 0.079 seconds
[2021-12-12 08:52:27,252] {processor.py:162} INFO - Started process (PID=75) to work on /home/airflow/.local/lib/python3.8/site-packages/airflow/example_dags/example_branch_day_of_week_operator.py
[2021-12-12 08:52:27,257] {processor.py:613} INFO - Processing file /home/airflow/.local/lib/python3.8/site-packages/airflow/example_dags/example_branch_day_of_week_operator.py for tasks to queue
[2021-12-12 08:52:27,260] {logging_mixin.py:109} INFO - [2021-12-12 08:52:27,259] {dagbag.py:496} INFO - Filling up the DagBag from /home/airflow/.local/lib/python3.8/site-packages/airflow/example_dags/example_branch_day_of_week_operator.py
[2021-12-12 08:52:27,291] {processor.py:623} INFO - DAG(s) dict_keys(['example_weekday_branch_operator']) retrieved from /home/airflow/.local/lib/python3.8/site-packages/airflow/example_dags/example_branch_day_of_week_operator.py
[2021-12-12 08:52:27,338] {logging_mixin.py:109} INFO - [2021-12-12 08:52:27,338] {dag.py:1833} INFO - Sync 1 DAGs
[2021-12-12 08:52:27,372] {logging_mixin.py:109} INFO - [2021-12-12 08:52:27,372] {dag.py:2306} INFO - Setting next_dagrun for example_weekday_branch_operator to 2021-12-10 00:00:00+00:00
[2021-12-12 08:52:27,390] {processor.py:170} INFO - Processing /home/airflow/.local/lib/python3.8/site-packages/airflow/example_dags/example_branch_day_of_week_operator.py took 0.150 seconds
[2021-12-12 08:52:58,291] {processor.py:162} INFO - Started process (PID=135) to work on /home/airflow/.local/lib/python3.8/site-packages/airflow/example_dags/example_branch_day_of_week_operator.py
[2021-12-12 08:52:58,294] {processor.py:613} INFO - Processing file /home/airflow/.local/lib/python3.8/site-packages/airflow/example_dags/example_branch_day_of_week_operator.py for tasks to queue
[2021-12-12 08:52:58,295] {logging_mixin.py:109} INFO - [2021-12-12 08:52:58,295] {dagbag.py:496} INFO - Filling up the DagBag from /home/airflow/.local/lib/python3.8/site-packages/airflow/example_dags/example_branch_day_of_week_operator.py
[2021-12-12 08:52:58,309] {processor.py:623} INFO - DAG(s) dict_keys(['example_weekday_branch_operator']) retrieved from /home/airflow/.local/lib/python3.8/site-packages/airflow/example_dags/example_branch_day_of_week_operator.py
[2021-12-12 08:52:58,334] {logging_mixin.py:109} INFO - [2021-12-12 08:52:58,334] {dag.py:1833} INFO - Sync 1 DAGs
[2021-12-12 08:52:58,354] {logging_mixin.py:109} INFO - [2021-12-12 08:52:58,354] {dag.py:2306} INFO - Setting next_dagrun for example_weekday_branch_operator to 2021-12-10 00:00:00+00:00
[2021-12-12 08:52:58,370] {processor.py:170} INFO - Processing /home/airflow/.local/lib/python3.8/site-packages/airflow/example_dags/example_branch_day_of_week_operator.py took 0.083 seconds
[2021-12-12 08:53:29,124] {processor.py:162} INFO - Started process (PID=183) to work on /home/airflow/.local/lib/python3.8/site-packages/airflow/example_dags/example_branch_day_of_week_operator.py
[2021-12-12 08:53:29,126] {processor.py:613} INFO - Processing file /home/airflow/.local/lib/python3.8/site-packages/airflow/example_dags/example_branch_day_of_week_operator.py for tasks to queue
[2021-12-12 08:53:29,127] {logging_mixin.py:109} INFO - [2021-12-12 08:53:29,127] {dagbag.py:496} INFO - Filling up the DagBag from /home/airflow/.local/lib/python3.8/site-packages/airflow/example_dags/example_branch_day_of_week_operator.py
[2021-12-12 08:53:29,140] {processor.py:623} INFO - DAG(s) dict_keys(['example_weekday_branch_operator']) retrieved from /home/airflow/.local/lib/python3.8/site-packages/airflow/example_dags/example_branch_day_of_week_operator.py
[2021-12-12 08:53:29,162] {logging_mixin.py:109} INFO - [2021-12-12 08:53:29,162] {dag.py:1833} INFO - Sync 1 DAGs
[2021-12-12 08:53:29,179] {logging_mixin.py:109} INFO - [2021-12-12 08:53:29,179] {dag.py:2306} INFO - Setting next_dagrun for example_weekday_branch_operator to 2021-12-10 00:00:00+00:00
[2021-12-12 08:53:29,189] {processor.py:170} INFO - Processing /home/airflow/.local/lib/python3.8/site-packages/airflow/example_dags/example_branch_day_of_week_operator.py took 0.069 seconds
[2021-12-12 08:53:59,354] {processor.py:162} INFO - Started process (PID=239) to work on /home/airflow/.local/lib/python3.8/site-packages/airflow/example_dags/example_branch_day_of_week_operator.py
[2021-12-12 08:53:59,356] {processor.py:613} INFO - Processing file /home/airflow/.local/lib/python3.8/site-packages/airflow/example_dags/example_branch_day_of_week_operator.py for tasks to queue
[2021-12-12 08:53:59,357] {logging_mixin.py:109} INFO - [2021-12-12 08:53:59,357] {dagbag.py:496} INFO - Filling up the DagBag from /home/airflow/.local/lib/python3.8/site-packages/airflow/example_dags/example_branch_day_of_week_operator.py
[2021-12-12 08:53:59,373] {processor.py:623} INFO - DAG(s) dict_keys(['example_weekday_branch_operator']) retrieved from /home/airflow/.local/lib/python3.8/site-packages/airflow/example_dags/example_branch_day_of_week_operator.py
[2021-12-12 08:53:59,404] {logging_mixin.py:109} INFO - [2021-12-12 08:53:59,404] {dag.py:1833} INFO - Sync 1 DAGs
[2021-12-12 08:53:59,430] {logging_mixin.py:109} INFO - [2021-12-12 08:53:59,430] {dag.py:2306} INFO - Setting next_dagrun for example_weekday_branch_operator to 2021-12-10 00:00:00+00:00
[2021-12-12 08:53:59,448] {processor.py:170} INFO - Processing /home/airflow/.local/lib/python3.8/site-packages/airflow/example_dags/example_branch_day_of_week_operator.py took 0.099 seconds
[2021-12-12 08:54:29,516] {processor.py:162} INFO - Started process (PID=298) to work on /home/airflow/.local/lib/python3.8/site-packages/airflow/example_dags/example_branch_day_of_week_operator.py
[2021-12-12 08:54:29,520] {processor.py:613} INFO - Processing file /home/airflow/.local/lib/python3.8/site-packages/airflow/example_dags/example_branch_day_of_week_operator.py for tasks to queue
[2021-12-12 08:54:29,522] {logging_mixin.py:109} INFO - [2021-12-12 08:54:29,521] {dagbag.py:496} INFO - Filling up the DagBag from /home/airflow/.local/lib/python3.8/site-packages/airflow/example_dags/example_branch_day_of_week_operator.py
[2021-12-12 08:54:29,543] {processor.py:623} INFO - DAG(s) dict_keys(['example_weekday_branch_operator']) retrieved from /home/airflow/.local/lib/python3.8/site-packages/airflow/example_dags/example_branch_day_of_week_operator.py
[2021-12-12 08:54:29,598] {logging_mixin.py:109} INFO - [2021-12-12 08:54:29,598] {dag.py:1833} INFO - Sync 1 DAGs
[2021-12-12 08:54:29,641] {logging_mixin.py:109} INFO - [2021-12-12 08:54:29,641] {dag.py:2306} INFO - Setting next_dagrun for example_weekday_branch_operator to 2021-12-10 00:00:00+00:00
[2021-12-12 08:54:29,670] {processor.py:170} INFO - Processing /home/airflow/.local/lib/python3.8/site-packages/airflow/example_dags/example_branch_day_of_week_operator.py took 0.162 seconds
[2021-12-12 08:55:00,405] {processor.py:162} INFO - Started process (PID=346) to work on /home/airflow/.local/lib/python3.8/site-packages/airflow/example_dags/example_branch_day_of_week_operator.py
[2021-12-12 08:55:00,408] {processor.py:613} INFO - Processing file /home/airflow/.local/lib/python3.8/site-packages/airflow/example_dags/example_branch_day_of_week_operator.py for tasks to queue
[2021-12-12 08:55:00,410] {logging_mixin.py:109} INFO - [2021-12-12 08:55:00,409] {dagbag.py:496} INFO - Filling up the DagBag from /home/airflow/.local/lib/python3.8/site-packages/airflow/example_dags/example_branch_day_of_week_operator.py
[2021-12-12 08:55:00,426] {processor.py:623} INFO - DAG(s) dict_keys(['example_weekday_branch_operator']) retrieved from /home/airflow/.local/lib/python3.8/site-packages/airflow/example_dags/example_branch_day_of_week_operator.py
[2021-12-12 08:55:00,451] {logging_mixin.py:109} INFO - [2021-12-12 08:55:00,451] {dag.py:1833} INFO - Sync 1 DAGs
[2021-12-12 08:55:00,473] {logging_mixin.py:109} INFO - [2021-12-12 08:55:00,473] {dag.py:2306} INFO - Setting next_dagrun for example_weekday_branch_operator to 2021-12-10 00:00:00+00:00
[2021-12-12 08:55:00,486] {processor.py:170} INFO - Processing /home/airflow/.local/lib/python3.8/site-packages/airflow/example_dags/example_branch_day_of_week_operator.py took 0.085 seconds
[2021-12-12 08:55:30,983] {processor.py:162} INFO - Started process (PID=405) to work on /home/airflow/.local/lib/python3.8/site-packages/airflow/example_dags/example_branch_day_of_week_operator.py
[2021-12-12 08:55:30,986] {processor.py:613} INFO - Processing file /home/airflow/.local/lib/python3.8/site-packages/airflow/example_dags/example_branch_day_of_week_operator.py for tasks to queue
[2021-12-12 08:55:30,987] {logging_mixin.py:109} INFO - [2021-12-12 08:55:30,987] {dagbag.py:496} INFO - Filling up the DagBag from /home/airflow/.local/lib/python3.8/site-packages/airflow/example_dags/example_branch_day_of_week_operator.py
[2021-12-12 08:55:31,002] {processor.py:623} INFO - DAG(s) dict_keys(['example_weekday_branch_operator']) retrieved from /home/airflow/.local/lib/python3.8/site-packages/airflow/example_dags/example_branch_day_of_week_operator.py
[2021-12-12 08:55:31,029] {logging_mixin.py:109} INFO - [2021-12-12 08:55:31,029] {dag.py:1833} INFO - Sync 1 DAGs
[2021-12-12 08:55:31,048] {logging_mixin.py:109} INFO - [2021-12-12 08:55:31,048] {dag.py:2306} INFO - Setting next_dagrun for example_weekday_branch_operator to 2021-12-10 00:00:00+00:00
[2021-12-12 08:55:31,061] {processor.py:170} INFO - Processing /home/airflow/.local/lib/python3.8/site-packages/airflow/example_dags/example_branch_day_of_week_operator.py took 0.082 seconds
[2021-12-12 08:56:01,251] {processor.py:162} INFO - Started process (PID=452) to work on /home/airflow/.local/lib/python3.8/site-packages/airflow/example_dags/example_branch_day_of_week_operator.py
[2021-12-12 08:56:01,253] {processor.py:613} INFO - Processing file /home/airflow/.local/lib/python3.8/site-packages/airflow/example_dags/example_branch_day_of_week_operator.py for tasks to queue
[2021-12-12 08:56:01,255] {logging_mixin.py:109} INFO - [2021-12-12 08:56:01,255] {dagbag.py:496} INFO - Filling up the DagBag from /home/airflow/.local/lib/python3.8/site-packages/airflow/example_dags/example_branch_day_of_week_operator.py
[2021-12-12 08:56:01,271] {processor.py:623} INFO - DAG(s) dict_keys(['example_weekday_branch_operator']) retrieved from /home/airflow/.local/lib/python3.8/site-packages/airflow/example_dags/example_branch_day_of_week_operator.py
[2021-12-12 08:56:01,304] {logging_mixin.py:109} INFO - [2021-12-12 08:56:01,304] {dag.py:1833} INFO - Sync 1 DAGs
[2021-12-12 08:56:01,335] {logging_mixin.py:109} INFO - [2021-12-12 08:56:01,335] {dag.py:2306} INFO - Setting next_dagrun for example_weekday_branch_operator to 2021-12-10 00:00:00+00:00
[2021-12-12 08:56:01,355] {processor.py:170} INFO - Processing /home/airflow/.local/lib/python3.8/site-packages/airflow/example_dags/example_branch_day_of_week_operator.py took 0.108 seconds
