[2021-12-12 08:39:34,664] {processor.py:162} INFO - Started process (PID=289) to work on /home/airflow/.local/lib/python3.8/site-packages/airflow/example_dags/example_latest_only_with_trigger.py
[2021-12-12 08:39:34,666] {processor.py:613} INFO - Processing file /home/airflow/.local/lib/python3.8/site-packages/airflow/example_dags/example_latest_only_with_trigger.py for tasks to queue
[2021-12-12 08:39:34,667] {logging_mixin.py:109} INFO - [2021-12-12 08:39:34,667] {dagbag.py:496} INFO - Filling up the DagBag from /home/airflow/.local/lib/python3.8/site-packages/airflow/example_dags/example_latest_only_with_trigger.py
[2021-12-12 08:39:34,687] {processor.py:623} INFO - DAG(s) dict_keys(['latest_only_with_trigger']) retrieved from /home/airflow/.local/lib/python3.8/site-packages/airflow/example_dags/example_latest_only_with_trigger.py
[2021-12-12 08:39:38,727] {logging_mixin.py:109} WARNING - /home/airflow/.local/lib/python3.8/site-packages/snowflake/connector/options.py:94 UserWarning: You have an incompatible version of 'pyarrow' installed (3.0.0), please install a version that adheres to: 'pyarrow<5.1.0,>=5.0.0; extra == "pandas"'
[2021-12-12 08:39:39,062] {logging_mixin.py:109} INFO - [2021-12-12 08:39:39,062] {dag.py:1833} INFO - Sync 1 DAGs
[2021-12-12 08:39:39,071] {logging_mixin.py:109} INFO - [2021-12-12 08:39:39,070] {dag.py:1852} INFO - Creating ORM DAG for latest_only_with_trigger
[2021-12-12 08:39:39,081] {logging_mixin.py:109} INFO - [2021-12-12 08:39:39,081] {dag.py:2306} INFO - Setting next_dagrun for latest_only_with_trigger to 2021-12-10 00:00:00+00:00
[2021-12-12 08:39:39,099] {processor.py:170} INFO - Processing /home/airflow/.local/lib/python3.8/site-packages/airflow/example_dags/example_latest_only_with_trigger.py took 4.440 seconds
[2021-12-12 08:40:09,233] {processor.py:162} INFO - Started process (PID=378) to work on /home/airflow/.local/lib/python3.8/site-packages/airflow/example_dags/example_latest_only_with_trigger.py
[2021-12-12 08:40:09,236] {processor.py:613} INFO - Processing file /home/airflow/.local/lib/python3.8/site-packages/airflow/example_dags/example_latest_only_with_trigger.py for tasks to queue
[2021-12-12 08:40:09,237] {logging_mixin.py:109} INFO - [2021-12-12 08:40:09,237] {dagbag.py:496} INFO - Filling up the DagBag from /home/airflow/.local/lib/python3.8/site-packages/airflow/example_dags/example_latest_only_with_trigger.py
[2021-12-12 08:40:09,251] {processor.py:623} INFO - DAG(s) dict_keys(['latest_only_with_trigger']) retrieved from /home/airflow/.local/lib/python3.8/site-packages/airflow/example_dags/example_latest_only_with_trigger.py
[2021-12-12 08:40:09,277] {logging_mixin.py:109} INFO - [2021-12-12 08:40:09,276] {dag.py:1833} INFO - Sync 1 DAGs
[2021-12-12 08:40:09,294] {logging_mixin.py:109} INFO - [2021-12-12 08:40:09,294] {dag.py:2306} INFO - Setting next_dagrun for latest_only_with_trigger to 2021-12-10 00:00:00+00:00
[2021-12-12 08:40:09,306] {processor.py:170} INFO - Processing /home/airflow/.local/lib/python3.8/site-packages/airflow/example_dags/example_latest_only_with_trigger.py took 0.076 seconds
[2021-12-12 08:40:39,652] {processor.py:162} INFO - Started process (PID=434) to work on /home/airflow/.local/lib/python3.8/site-packages/airflow/example_dags/example_latest_only_with_trigger.py
[2021-12-12 08:40:39,654] {processor.py:613} INFO - Processing file /home/airflow/.local/lib/python3.8/site-packages/airflow/example_dags/example_latest_only_with_trigger.py for tasks to queue
[2021-12-12 08:40:39,656] {logging_mixin.py:109} INFO - [2021-12-12 08:40:39,655] {dagbag.py:496} INFO - Filling up the DagBag from /home/airflow/.local/lib/python3.8/site-packages/airflow/example_dags/example_latest_only_with_trigger.py
[2021-12-12 08:40:39,676] {processor.py:623} INFO - DAG(s) dict_keys(['latest_only_with_trigger']) retrieved from /home/airflow/.local/lib/python3.8/site-packages/airflow/example_dags/example_latest_only_with_trigger.py
[2021-12-12 08:40:39,716] {logging_mixin.py:109} INFO - [2021-12-12 08:40:39,716] {dag.py:1833} INFO - Sync 1 DAGs
[2021-12-12 08:40:39,743] {logging_mixin.py:109} INFO - [2021-12-12 08:40:39,743] {dag.py:2306} INFO - Setting next_dagrun for latest_only_with_trigger to 2021-12-10 00:00:00+00:00
[2021-12-12 08:40:39,760] {processor.py:170} INFO - Processing /home/airflow/.local/lib/python3.8/site-packages/airflow/example_dags/example_latest_only_with_trigger.py took 0.113 seconds
[2021-12-12 08:41:10,055] {processor.py:162} INFO - Started process (PID=483) to work on /home/airflow/.local/lib/python3.8/site-packages/airflow/example_dags/example_latest_only_with_trigger.py
[2021-12-12 08:41:10,059] {processor.py:613} INFO - Processing file /home/airflow/.local/lib/python3.8/site-packages/airflow/example_dags/example_latest_only_with_trigger.py for tasks to queue
[2021-12-12 08:41:10,062] {logging_mixin.py:109} INFO - [2021-12-12 08:41:10,061] {dagbag.py:496} INFO - Filling up the DagBag from /home/airflow/.local/lib/python3.8/site-packages/airflow/example_dags/example_latest_only_with_trigger.py
[2021-12-12 08:41:10,075] {processor.py:623} INFO - DAG(s) dict_keys(['latest_only_with_trigger']) retrieved from /home/airflow/.local/lib/python3.8/site-packages/airflow/example_dags/example_latest_only_with_trigger.py
[2021-12-12 08:41:10,107] {logging_mixin.py:109} INFO - [2021-12-12 08:41:10,107] {dag.py:1833} INFO - Sync 1 DAGs
[2021-12-12 08:41:10,123] {logging_mixin.py:109} INFO - [2021-12-12 08:41:10,123] {dag.py:2306} INFO - Setting next_dagrun for latest_only_with_trigger to 2021-12-10 00:00:00+00:00
[2021-12-12 08:41:10,135] {processor.py:170} INFO - Processing /home/airflow/.local/lib/python3.8/site-packages/airflow/example_dags/example_latest_only_with_trigger.py took 0.086 seconds
[2021-12-12 08:41:40,461] {processor.py:162} INFO - Started process (PID=540) to work on /home/airflow/.local/lib/python3.8/site-packages/airflow/example_dags/example_latest_only_with_trigger.py
[2021-12-12 08:41:40,464] {processor.py:613} INFO - Processing file /home/airflow/.local/lib/python3.8/site-packages/airflow/example_dags/example_latest_only_with_trigger.py for tasks to queue
[2021-12-12 08:41:40,466] {logging_mixin.py:109} INFO - [2021-12-12 08:41:40,466] {dagbag.py:496} INFO - Filling up the DagBag from /home/airflow/.local/lib/python3.8/site-packages/airflow/example_dags/example_latest_only_with_trigger.py
[2021-12-12 08:41:40,484] {processor.py:623} INFO - DAG(s) dict_keys(['latest_only_with_trigger']) retrieved from /home/airflow/.local/lib/python3.8/site-packages/airflow/example_dags/example_latest_only_with_trigger.py
[2021-12-12 08:41:40,518] {logging_mixin.py:109} INFO - [2021-12-12 08:41:40,518] {dag.py:1833} INFO - Sync 1 DAGs
[2021-12-12 08:41:40,539] {logging_mixin.py:109} INFO - [2021-12-12 08:41:40,538] {dag.py:2306} INFO - Setting next_dagrun for latest_only_with_trigger to 2021-12-10 00:00:00+00:00
[2021-12-12 08:41:40,555] {processor.py:170} INFO - Processing /home/airflow/.local/lib/python3.8/site-packages/airflow/example_dags/example_latest_only_with_trigger.py took 0.101 seconds
[2021-12-12 08:42:10,593] {processor.py:162} INFO - Started process (PID=591) to work on /home/airflow/.local/lib/python3.8/site-packages/airflow/example_dags/example_latest_only_with_trigger.py
[2021-12-12 08:42:10,596] {processor.py:613} INFO - Processing file /home/airflow/.local/lib/python3.8/site-packages/airflow/example_dags/example_latest_only_with_trigger.py for tasks to queue
[2021-12-12 08:42:10,597] {logging_mixin.py:109} INFO - [2021-12-12 08:42:10,597] {dagbag.py:496} INFO - Filling up the DagBag from /home/airflow/.local/lib/python3.8/site-packages/airflow/example_dags/example_latest_only_with_trigger.py
[2021-12-12 08:42:10,610] {processor.py:623} INFO - DAG(s) dict_keys(['latest_only_with_trigger']) retrieved from /home/airflow/.local/lib/python3.8/site-packages/airflow/example_dags/example_latest_only_with_trigger.py
[2021-12-12 08:42:10,644] {logging_mixin.py:109} INFO - [2021-12-12 08:42:10,644] {dag.py:1833} INFO - Sync 1 DAGs
[2021-12-12 08:42:10,657] {logging_mixin.py:109} INFO - [2021-12-12 08:42:10,657] {dag.py:2306} INFO - Setting next_dagrun for latest_only_with_trigger to 2021-12-10 00:00:00+00:00
[2021-12-12 08:42:10,669] {processor.py:170} INFO - Processing /home/airflow/.local/lib/python3.8/site-packages/airflow/example_dags/example_latest_only_with_trigger.py took 0.080 seconds
[2021-12-12 08:42:40,824] {processor.py:162} INFO - Started process (PID=649) to work on /home/airflow/.local/lib/python3.8/site-packages/airflow/example_dags/example_latest_only_with_trigger.py
[2021-12-12 08:42:40,826] {processor.py:613} INFO - Processing file /home/airflow/.local/lib/python3.8/site-packages/airflow/example_dags/example_latest_only_with_trigger.py for tasks to queue
[2021-12-12 08:42:40,827] {logging_mixin.py:109} INFO - [2021-12-12 08:42:40,827] {dagbag.py:496} INFO - Filling up the DagBag from /home/airflow/.local/lib/python3.8/site-packages/airflow/example_dags/example_latest_only_with_trigger.py
[2021-12-12 08:42:40,838] {processor.py:623} INFO - DAG(s) dict_keys(['latest_only_with_trigger']) retrieved from /home/airflow/.local/lib/python3.8/site-packages/airflow/example_dags/example_latest_only_with_trigger.py
[2021-12-12 08:42:40,875] {logging_mixin.py:109} INFO - [2021-12-12 08:42:40,875] {dag.py:1833} INFO - Sync 1 DAGs
[2021-12-12 08:42:40,896] {logging_mixin.py:109} INFO - [2021-12-12 08:42:40,896] {dag.py:2306} INFO - Setting next_dagrun for latest_only_with_trigger to 2021-12-10 00:00:00+00:00
[2021-12-12 08:42:40,917] {processor.py:170} INFO - Processing /home/airflow/.local/lib/python3.8/site-packages/airflow/example_dags/example_latest_only_with_trigger.py took 0.097 seconds
[2021-12-12 08:43:11,177] {processor.py:162} INFO - Started process (PID=698) to work on /home/airflow/.local/lib/python3.8/site-packages/airflow/example_dags/example_latest_only_with_trigger.py
[2021-12-12 08:43:11,180] {processor.py:613} INFO - Processing file /home/airflow/.local/lib/python3.8/site-packages/airflow/example_dags/example_latest_only_with_trigger.py for tasks to queue
[2021-12-12 08:43:11,181] {logging_mixin.py:109} INFO - [2021-12-12 08:43:11,181] {dagbag.py:496} INFO - Filling up the DagBag from /home/airflow/.local/lib/python3.8/site-packages/airflow/example_dags/example_latest_only_with_trigger.py
[2021-12-12 08:43:11,192] {processor.py:623} INFO - DAG(s) dict_keys(['latest_only_with_trigger']) retrieved from /home/airflow/.local/lib/python3.8/site-packages/airflow/example_dags/example_latest_only_with_trigger.py
[2021-12-12 08:43:11,214] {logging_mixin.py:109} INFO - [2021-12-12 08:43:11,213] {dag.py:1833} INFO - Sync 1 DAGs
[2021-12-12 08:43:11,227] {logging_mixin.py:109} INFO - [2021-12-12 08:43:11,227] {dag.py:2306} INFO - Setting next_dagrun for latest_only_with_trigger to 2021-12-10 00:00:00+00:00
[2021-12-12 08:43:11,237] {processor.py:170} INFO - Processing /home/airflow/.local/lib/python3.8/site-packages/airflow/example_dags/example_latest_only_with_trigger.py took 0.063 seconds
[2021-12-12 08:43:41,847] {processor.py:162} INFO - Started process (PID=748) to work on /home/airflow/.local/lib/python3.8/site-packages/airflow/example_dags/example_latest_only_with_trigger.py
[2021-12-12 08:43:41,872] {processor.py:613} INFO - Processing file /home/airflow/.local/lib/python3.8/site-packages/airflow/example_dags/example_latest_only_with_trigger.py for tasks to queue
[2021-12-12 08:43:41,874] {logging_mixin.py:109} INFO - [2021-12-12 08:43:41,874] {dagbag.py:496} INFO - Filling up the DagBag from /home/airflow/.local/lib/python3.8/site-packages/airflow/example_dags/example_latest_only_with_trigger.py
[2021-12-12 08:43:41,884] {processor.py:623} INFO - DAG(s) dict_keys(['latest_only_with_trigger']) retrieved from /home/airflow/.local/lib/python3.8/site-packages/airflow/example_dags/example_latest_only_with_trigger.py
[2021-12-12 08:43:41,905] {logging_mixin.py:109} INFO - [2021-12-12 08:43:41,905] {dag.py:1833} INFO - Sync 1 DAGs
[2021-12-12 08:43:41,918] {logging_mixin.py:109} INFO - [2021-12-12 08:43:41,918] {dag.py:2306} INFO - Setting next_dagrun for latest_only_with_trigger to 2021-12-10 00:00:00+00:00
[2021-12-12 08:43:41,929] {processor.py:170} INFO - Processing /home/airflow/.local/lib/python3.8/site-packages/airflow/example_dags/example_latest_only_with_trigger.py took 0.086 seconds
[2021-12-12 08:44:12,220] {processor.py:162} INFO - Started process (PID=804) to work on /home/airflow/.local/lib/python3.8/site-packages/airflow/example_dags/example_latest_only_with_trigger.py
[2021-12-12 08:44:12,222] {processor.py:613} INFO - Processing file /home/airflow/.local/lib/python3.8/site-packages/airflow/example_dags/example_latest_only_with_trigger.py for tasks to queue
[2021-12-12 08:44:12,223] {logging_mixin.py:109} INFO - [2021-12-12 08:44:12,223] {dagbag.py:496} INFO - Filling up the DagBag from /home/airflow/.local/lib/python3.8/site-packages/airflow/example_dags/example_latest_only_with_trigger.py
[2021-12-12 08:44:12,239] {processor.py:623} INFO - DAG(s) dict_keys(['latest_only_with_trigger']) retrieved from /home/airflow/.local/lib/python3.8/site-packages/airflow/example_dags/example_latest_only_with_trigger.py
[2021-12-12 08:44:12,266] {logging_mixin.py:109} INFO - [2021-12-12 08:44:12,266] {dag.py:1833} INFO - Sync 1 DAGs
[2021-12-12 08:44:12,282] {logging_mixin.py:109} INFO - [2021-12-12 08:44:12,282] {dag.py:2306} INFO - Setting next_dagrun for latest_only_with_trigger to 2021-12-10 00:00:00+00:00
[2021-12-12 08:44:12,295] {processor.py:170} INFO - Processing /home/airflow/.local/lib/python3.8/site-packages/airflow/example_dags/example_latest_only_with_trigger.py took 0.081 seconds
[2021-12-12 08:44:42,631] {processor.py:162} INFO - Started process (PID=854) to work on /home/airflow/.local/lib/python3.8/site-packages/airflow/example_dags/example_latest_only_with_trigger.py
[2021-12-12 08:44:42,633] {processor.py:613} INFO - Processing file /home/airflow/.local/lib/python3.8/site-packages/airflow/example_dags/example_latest_only_with_trigger.py for tasks to queue
[2021-12-12 08:44:42,635] {logging_mixin.py:109} INFO - [2021-12-12 08:44:42,635] {dagbag.py:496} INFO - Filling up the DagBag from /home/airflow/.local/lib/python3.8/site-packages/airflow/example_dags/example_latest_only_with_trigger.py
[2021-12-12 08:44:42,648] {processor.py:623} INFO - DAG(s) dict_keys(['latest_only_with_trigger']) retrieved from /home/airflow/.local/lib/python3.8/site-packages/airflow/example_dags/example_latest_only_with_trigger.py
[2021-12-12 08:44:42,672] {logging_mixin.py:109} INFO - [2021-12-12 08:44:42,672] {dag.py:1833} INFO - Sync 1 DAGs
[2021-12-12 08:44:42,688] {logging_mixin.py:109} INFO - [2021-12-12 08:44:42,688] {dag.py:2306} INFO - Setting next_dagrun for latest_only_with_trigger to 2021-12-10 00:00:00+00:00
[2021-12-12 08:44:42,704] {processor.py:170} INFO - Processing /home/airflow/.local/lib/python3.8/site-packages/airflow/example_dags/example_latest_only_with_trigger.py took 0.076 seconds
[2021-12-12 08:52:27,725] {processor.py:162} INFO - Started process (PID=78) to work on /home/airflow/.local/lib/python3.8/site-packages/airflow/example_dags/example_latest_only_with_trigger.py
[2021-12-12 08:52:27,729] {processor.py:613} INFO - Processing file /home/airflow/.local/lib/python3.8/site-packages/airflow/example_dags/example_latest_only_with_trigger.py for tasks to queue
[2021-12-12 08:52:27,731] {logging_mixin.py:109} INFO - [2021-12-12 08:52:27,731] {dagbag.py:496} INFO - Filling up the DagBag from /home/airflow/.local/lib/python3.8/site-packages/airflow/example_dags/example_latest_only_with_trigger.py
[2021-12-12 08:52:27,755] {processor.py:623} INFO - DAG(s) dict_keys(['latest_only_with_trigger']) retrieved from /home/airflow/.local/lib/python3.8/site-packages/airflow/example_dags/example_latest_only_with_trigger.py
[2021-12-12 08:52:27,795] {logging_mixin.py:109} INFO - [2021-12-12 08:52:27,795] {dag.py:1833} INFO - Sync 1 DAGs
[2021-12-12 08:52:27,821] {logging_mixin.py:109} INFO - [2021-12-12 08:52:27,821] {dag.py:2306} INFO - Setting next_dagrun for latest_only_with_trigger to 2021-12-10 00:00:00+00:00
[2021-12-12 08:52:27,846] {processor.py:170} INFO - Processing /home/airflow/.local/lib/python3.8/site-packages/airflow/example_dags/example_latest_only_with_trigger.py took 0.126 seconds
[2021-12-12 08:52:58,586] {processor.py:162} INFO - Started process (PID=138) to work on /home/airflow/.local/lib/python3.8/site-packages/airflow/example_dags/example_latest_only_with_trigger.py
[2021-12-12 08:52:58,589] {processor.py:613} INFO - Processing file /home/airflow/.local/lib/python3.8/site-packages/airflow/example_dags/example_latest_only_with_trigger.py for tasks to queue
[2021-12-12 08:52:58,590] {logging_mixin.py:109} INFO - [2021-12-12 08:52:58,590] {dagbag.py:496} INFO - Filling up the DagBag from /home/airflow/.local/lib/python3.8/site-packages/airflow/example_dags/example_latest_only_with_trigger.py
[2021-12-12 08:52:58,612] {processor.py:623} INFO - DAG(s) dict_keys(['latest_only_with_trigger']) retrieved from /home/airflow/.local/lib/python3.8/site-packages/airflow/example_dags/example_latest_only_with_trigger.py
[2021-12-12 08:52:58,656] {logging_mixin.py:109} INFO - [2021-12-12 08:52:58,656] {dag.py:1833} INFO - Sync 1 DAGs
[2021-12-12 08:52:58,692] {logging_mixin.py:109} INFO - [2021-12-12 08:52:58,692] {dag.py:2306} INFO - Setting next_dagrun for latest_only_with_trigger to 2021-12-10 00:00:00+00:00
[2021-12-12 08:52:58,706] {processor.py:170} INFO - Processing /home/airflow/.local/lib/python3.8/site-packages/airflow/example_dags/example_latest_only_with_trigger.py took 0.125 seconds
[2021-12-12 08:53:29,398] {processor.py:162} INFO - Started process (PID=186) to work on /home/airflow/.local/lib/python3.8/site-packages/airflow/example_dags/example_latest_only_with_trigger.py
[2021-12-12 08:53:29,401] {processor.py:613} INFO - Processing file /home/airflow/.local/lib/python3.8/site-packages/airflow/example_dags/example_latest_only_with_trigger.py for tasks to queue
[2021-12-12 08:53:29,403] {logging_mixin.py:109} INFO - [2021-12-12 08:53:29,403] {dagbag.py:496} INFO - Filling up the DagBag from /home/airflow/.local/lib/python3.8/site-packages/airflow/example_dags/example_latest_only_with_trigger.py
[2021-12-12 08:53:29,418] {processor.py:623} INFO - DAG(s) dict_keys(['latest_only_with_trigger']) retrieved from /home/airflow/.local/lib/python3.8/site-packages/airflow/example_dags/example_latest_only_with_trigger.py
[2021-12-12 08:53:29,449] {logging_mixin.py:109} INFO - [2021-12-12 08:53:29,449] {dag.py:1833} INFO - Sync 1 DAGs
[2021-12-12 08:53:29,465] {logging_mixin.py:109} INFO - [2021-12-12 08:53:29,465] {dag.py:2306} INFO - Setting next_dagrun for latest_only_with_trigger to 2021-12-10 00:00:00+00:00
[2021-12-12 08:53:29,502] {processor.py:170} INFO - Processing /home/airflow/.local/lib/python3.8/site-packages/airflow/example_dags/example_latest_only_with_trigger.py took 0.108 seconds
[2021-12-12 08:53:59,573] {processor.py:162} INFO - Started process (PID=243) to work on /home/airflow/.local/lib/python3.8/site-packages/airflow/example_dags/example_latest_only_with_trigger.py
[2021-12-12 08:53:59,575] {processor.py:613} INFO - Processing file /home/airflow/.local/lib/python3.8/site-packages/airflow/example_dags/example_latest_only_with_trigger.py for tasks to queue
[2021-12-12 08:53:59,577] {logging_mixin.py:109} INFO - [2021-12-12 08:53:59,576] {dagbag.py:496} INFO - Filling up the DagBag from /home/airflow/.local/lib/python3.8/site-packages/airflow/example_dags/example_latest_only_with_trigger.py
[2021-12-12 08:53:59,589] {processor.py:623} INFO - DAG(s) dict_keys(['latest_only_with_trigger']) retrieved from /home/airflow/.local/lib/python3.8/site-packages/airflow/example_dags/example_latest_only_with_trigger.py
[2021-12-12 08:53:59,624] {logging_mixin.py:109} INFO - [2021-12-12 08:53:59,624] {dag.py:1833} INFO - Sync 1 DAGs
[2021-12-12 08:53:59,646] {logging_mixin.py:109} INFO - [2021-12-12 08:53:59,646] {dag.py:2306} INFO - Setting next_dagrun for latest_only_with_trigger to 2021-12-10 00:00:00+00:00
[2021-12-12 08:53:59,663] {processor.py:170} INFO - Processing /home/airflow/.local/lib/python3.8/site-packages/airflow/example_dags/example_latest_only_with_trigger.py took 0.093 seconds
[2021-12-12 08:54:29,857] {processor.py:162} INFO - Started process (PID=301) to work on /home/airflow/.local/lib/python3.8/site-packages/airflow/example_dags/example_latest_only_with_trigger.py
[2021-12-12 08:54:29,862] {processor.py:613} INFO - Processing file /home/airflow/.local/lib/python3.8/site-packages/airflow/example_dags/example_latest_only_with_trigger.py for tasks to queue
[2021-12-12 08:54:29,865] {logging_mixin.py:109} INFO - [2021-12-12 08:54:29,865] {dagbag.py:496} INFO - Filling up the DagBag from /home/airflow/.local/lib/python3.8/site-packages/airflow/example_dags/example_latest_only_with_trigger.py
[2021-12-12 08:54:29,888] {processor.py:623} INFO - DAG(s) dict_keys(['latest_only_with_trigger']) retrieved from /home/airflow/.local/lib/python3.8/site-packages/airflow/example_dags/example_latest_only_with_trigger.py
[2021-12-12 08:54:29,924] {logging_mixin.py:109} INFO - [2021-12-12 08:54:29,923] {dag.py:1833} INFO - Sync 1 DAGs
[2021-12-12 08:54:29,947] {logging_mixin.py:109} INFO - [2021-12-12 08:54:29,947] {dag.py:2306} INFO - Setting next_dagrun for latest_only_with_trigger to 2021-12-10 00:00:00+00:00
[2021-12-12 08:54:29,961] {processor.py:170} INFO - Processing /home/airflow/.local/lib/python3.8/site-packages/airflow/example_dags/example_latest_only_with_trigger.py took 0.111 seconds
[2021-12-12 08:55:00,623] {processor.py:162} INFO - Started process (PID=350) to work on /home/airflow/.local/lib/python3.8/site-packages/airflow/example_dags/example_latest_only_with_trigger.py
[2021-12-12 08:55:00,625] {processor.py:613} INFO - Processing file /home/airflow/.local/lib/python3.8/site-packages/airflow/example_dags/example_latest_only_with_trigger.py for tasks to queue
[2021-12-12 08:55:00,627] {logging_mixin.py:109} INFO - [2021-12-12 08:55:00,627] {dagbag.py:496} INFO - Filling up the DagBag from /home/airflow/.local/lib/python3.8/site-packages/airflow/example_dags/example_latest_only_with_trigger.py
[2021-12-12 08:55:00,641] {processor.py:623} INFO - DAG(s) dict_keys(['latest_only_with_trigger']) retrieved from /home/airflow/.local/lib/python3.8/site-packages/airflow/example_dags/example_latest_only_with_trigger.py
[2021-12-12 08:55:00,667] {logging_mixin.py:109} INFO - [2021-12-12 08:55:00,667] {dag.py:1833} INFO - Sync 1 DAGs
[2021-12-12 08:55:00,682] {logging_mixin.py:109} INFO - [2021-12-12 08:55:00,682] {dag.py:2306} INFO - Setting next_dagrun for latest_only_with_trigger to 2021-12-10 00:00:00+00:00
[2021-12-12 08:55:00,693] {processor.py:170} INFO - Processing /home/airflow/.local/lib/python3.8/site-packages/airflow/example_dags/example_latest_only_with_trigger.py took 0.074 seconds
[2021-12-12 08:55:31,268] {processor.py:162} INFO - Started process (PID=408) to work on /home/airflow/.local/lib/python3.8/site-packages/airflow/example_dags/example_latest_only_with_trigger.py
[2021-12-12 08:55:31,271] {processor.py:613} INFO - Processing file /home/airflow/.local/lib/python3.8/site-packages/airflow/example_dags/example_latest_only_with_trigger.py for tasks to queue
[2021-12-12 08:55:31,273] {logging_mixin.py:109} INFO - [2021-12-12 08:55:31,273] {dagbag.py:496} INFO - Filling up the DagBag from /home/airflow/.local/lib/python3.8/site-packages/airflow/example_dags/example_latest_only_with_trigger.py
[2021-12-12 08:55:31,288] {processor.py:623} INFO - DAG(s) dict_keys(['latest_only_with_trigger']) retrieved from /home/airflow/.local/lib/python3.8/site-packages/airflow/example_dags/example_latest_only_with_trigger.py
[2021-12-12 08:55:31,317] {logging_mixin.py:109} INFO - [2021-12-12 08:55:31,317] {dag.py:1833} INFO - Sync 1 DAGs
[2021-12-12 08:55:31,334] {logging_mixin.py:109} INFO - [2021-12-12 08:55:31,334] {dag.py:2306} INFO - Setting next_dagrun for latest_only_with_trigger to 2021-12-10 00:00:00+00:00
[2021-12-12 08:55:31,346] {processor.py:170} INFO - Processing /home/airflow/.local/lib/python3.8/site-packages/airflow/example_dags/example_latest_only_with_trigger.py took 0.082 seconds
[2021-12-12 08:56:01,712] {processor.py:162} INFO - Started process (PID=456) to work on /home/airflow/.local/lib/python3.8/site-packages/airflow/example_dags/example_latest_only_with_trigger.py
[2021-12-12 08:56:01,716] {processor.py:613} INFO - Processing file /home/airflow/.local/lib/python3.8/site-packages/airflow/example_dags/example_latest_only_with_trigger.py for tasks to queue
[2021-12-12 08:56:01,719] {logging_mixin.py:109} INFO - [2021-12-12 08:56:01,719] {dagbag.py:496} INFO - Filling up the DagBag from /home/airflow/.local/lib/python3.8/site-packages/airflow/example_dags/example_latest_only_with_trigger.py
[2021-12-12 08:56:01,758] {processor.py:623} INFO - DAG(s) dict_keys(['latest_only_with_trigger']) retrieved from /home/airflow/.local/lib/python3.8/site-packages/airflow/example_dags/example_latest_only_with_trigger.py
[2021-12-12 08:56:01,823] {logging_mixin.py:109} INFO - [2021-12-12 08:56:01,823] {dag.py:1833} INFO - Sync 1 DAGs
[2021-12-12 08:56:01,872] {logging_mixin.py:109} INFO - [2021-12-12 08:56:01,872] {dag.py:2306} INFO - Setting next_dagrun for latest_only_with_trigger to 2021-12-10 00:00:00+00:00
[2021-12-12 08:56:01,906] {processor.py:170} INFO - Processing /home/airflow/.local/lib/python3.8/site-packages/airflow/example_dags/example_latest_only_with_trigger.py took 0.203 seconds
