[2021-12-12 08:38:19,980] {processor.py:162} INFO - Started process (PID=29) to work on /home/airflow/.local/lib/python3.8/site-packages/airflow/example_dags/example_skip_dag.py
[2021-12-12 08:38:19,985] {processor.py:613} INFO - Processing file /home/airflow/.local/lib/python3.8/site-packages/airflow/example_dags/example_skip_dag.py for tasks to queue
[2021-12-12 08:38:19,987] {logging_mixin.py:109} INFO - [2021-12-12 08:38:19,987] {dagbag.py:496} INFO - Filling up the DagBag from /home/airflow/.local/lib/python3.8/site-packages/airflow/example_dags/example_skip_dag.py
[2021-12-12 08:38:20,031] {processor.py:623} INFO - DAG(s) dict_keys(['example_skip_dag']) retrieved from /home/airflow/.local/lib/python3.8/site-packages/airflow/example_dags/example_skip_dag.py
[2021-12-12 08:38:28,518] {logging_mixin.py:109} WARNING - /home/airflow/.local/lib/python3.8/site-packages/azure/cosmos/session.py:186 SyntaxWarning: "is not" with a literal. Did you mean "!="?
[2021-12-12 08:38:28,597] {logging_mixin.py:109} WARNING - /home/airflow/.local/lib/python3.8/site-packages/azure/storage/common/_connection.py:82 SyntaxWarning: "is" with a literal. Did you mean "=="?
[2021-12-12 08:38:31,583] {logging_mixin.py:109} WARNING - /home/airflow/.local/lib/python3.8/site-packages/snowflake/connector/options.py:94 UserWarning: You have an incompatible version of 'pyarrow' installed (3.0.0), please install a version that adheres to: 'pyarrow<5.1.0,>=5.0.0; extra == "pandas"'
[2021-12-12 08:38:41,013] {logging_mixin.py:109} INFO - [2021-12-12 08:38:41,012] {dag.py:1833} INFO - Sync 1 DAGs
[2021-12-12 08:38:41,037] {logging_mixin.py:109} INFO - [2021-12-12 08:38:41,036] {dag.py:1852} INFO - Creating ORM DAG for example_skip_dag
[2021-12-12 08:38:41,062] {logging_mixin.py:109} INFO - [2021-12-12 08:38:41,061] {dag.py:2306} INFO - Setting next_dagrun for example_skip_dag to 2021-12-10 00:00:00+00:00
[2021-12-12 08:38:41,109] {processor.py:170} INFO - Processing /home/airflow/.local/lib/python3.8/site-packages/airflow/example_dags/example_skip_dag.py took 21.134 seconds
[2021-12-12 08:39:42,445] {processor.py:162} INFO - Started process (PID=333) to work on /home/airflow/.local/lib/python3.8/site-packages/airflow/example_dags/example_skip_dag.py
[2021-12-12 08:39:42,447] {processor.py:613} INFO - Processing file /home/airflow/.local/lib/python3.8/site-packages/airflow/example_dags/example_skip_dag.py for tasks to queue
[2021-12-12 08:39:42,449] {logging_mixin.py:109} INFO - [2021-12-12 08:39:42,449] {dagbag.py:496} INFO - Filling up the DagBag from /home/airflow/.local/lib/python3.8/site-packages/airflow/example_dags/example_skip_dag.py
[2021-12-12 08:39:42,461] {processor.py:623} INFO - DAG(s) dict_keys(['example_skip_dag']) retrieved from /home/airflow/.local/lib/python3.8/site-packages/airflow/example_dags/example_skip_dag.py
[2021-12-12 08:39:42,486] {logging_mixin.py:109} INFO - [2021-12-12 08:39:42,486] {dag.py:1833} INFO - Sync 1 DAGs
[2021-12-12 08:39:42,500] {logging_mixin.py:109} INFO - [2021-12-12 08:39:42,500] {dag.py:2306} INFO - Setting next_dagrun for example_skip_dag to 2021-12-10 00:00:00+00:00
[2021-12-12 08:39:42,511] {processor.py:170} INFO - Processing /home/airflow/.local/lib/python3.8/site-packages/airflow/example_dags/example_skip_dag.py took 0.070 seconds
[2021-12-12 08:40:12,653] {processor.py:162} INFO - Started process (PID=383) to work on /home/airflow/.local/lib/python3.8/site-packages/airflow/example_dags/example_skip_dag.py
[2021-12-12 08:40:12,656] {processor.py:613} INFO - Processing file /home/airflow/.local/lib/python3.8/site-packages/airflow/example_dags/example_skip_dag.py for tasks to queue
[2021-12-12 08:40:12,658] {logging_mixin.py:109} INFO - [2021-12-12 08:40:12,658] {dagbag.py:496} INFO - Filling up the DagBag from /home/airflow/.local/lib/python3.8/site-packages/airflow/example_dags/example_skip_dag.py
[2021-12-12 08:40:12,671] {processor.py:623} INFO - DAG(s) dict_keys(['example_skip_dag']) retrieved from /home/airflow/.local/lib/python3.8/site-packages/airflow/example_dags/example_skip_dag.py
[2021-12-12 08:40:12,700] {logging_mixin.py:109} INFO - [2021-12-12 08:40:12,700] {dag.py:1833} INFO - Sync 1 DAGs
[2021-12-12 08:40:12,719] {logging_mixin.py:109} INFO - [2021-12-12 08:40:12,719] {dag.py:2306} INFO - Setting next_dagrun for example_skip_dag to 2021-12-10 00:00:00+00:00
[2021-12-12 08:40:12,731] {processor.py:170} INFO - Processing /home/airflow/.local/lib/python3.8/site-packages/airflow/example_dags/example_skip_dag.py took 0.082 seconds
[2021-12-12 08:40:42,798] {processor.py:162} INFO - Started process (PID=436) to work on /home/airflow/.local/lib/python3.8/site-packages/airflow/example_dags/example_skip_dag.py
[2021-12-12 08:40:42,800] {processor.py:613} INFO - Processing file /home/airflow/.local/lib/python3.8/site-packages/airflow/example_dags/example_skip_dag.py for tasks to queue
[2021-12-12 08:40:42,802] {logging_mixin.py:109} INFO - [2021-12-12 08:40:42,802] {dagbag.py:496} INFO - Filling up the DagBag from /home/airflow/.local/lib/python3.8/site-packages/airflow/example_dags/example_skip_dag.py
[2021-12-12 08:40:42,814] {processor.py:623} INFO - DAG(s) dict_keys(['example_skip_dag']) retrieved from /home/airflow/.local/lib/python3.8/site-packages/airflow/example_dags/example_skip_dag.py
[2021-12-12 08:40:42,841] {logging_mixin.py:109} INFO - [2021-12-12 08:40:42,841] {dag.py:1833} INFO - Sync 1 DAGs
[2021-12-12 08:40:42,855] {logging_mixin.py:109} INFO - [2021-12-12 08:40:42,855] {dag.py:2306} INFO - Setting next_dagrun for example_skip_dag to 2021-12-10 00:00:00+00:00
[2021-12-12 08:40:42,867] {processor.py:170} INFO - Processing /home/airflow/.local/lib/python3.8/site-packages/airflow/example_dags/example_skip_dag.py took 0.073 seconds
[2021-12-12 08:41:13,178] {processor.py:162} INFO - Started process (PID=485) to work on /home/airflow/.local/lib/python3.8/site-packages/airflow/example_dags/example_skip_dag.py
[2021-12-12 08:41:13,181] {processor.py:613} INFO - Processing file /home/airflow/.local/lib/python3.8/site-packages/airflow/example_dags/example_skip_dag.py for tasks to queue
[2021-12-12 08:41:13,182] {logging_mixin.py:109} INFO - [2021-12-12 08:41:13,182] {dagbag.py:496} INFO - Filling up the DagBag from /home/airflow/.local/lib/python3.8/site-packages/airflow/example_dags/example_skip_dag.py
[2021-12-12 08:41:13,197] {processor.py:623} INFO - DAG(s) dict_keys(['example_skip_dag']) retrieved from /home/airflow/.local/lib/python3.8/site-packages/airflow/example_dags/example_skip_dag.py
[2021-12-12 08:41:13,221] {logging_mixin.py:109} INFO - [2021-12-12 08:41:13,221] {dag.py:1833} INFO - Sync 1 DAGs
[2021-12-12 08:41:13,237] {logging_mixin.py:109} INFO - [2021-12-12 08:41:13,237] {dag.py:2306} INFO - Setting next_dagrun for example_skip_dag to 2021-12-10 00:00:00+00:00
[2021-12-12 08:41:13,250] {processor.py:170} INFO - Processing /home/airflow/.local/lib/python3.8/site-packages/airflow/example_dags/example_skip_dag.py took 0.076 seconds
[2021-12-12 08:41:43,488] {processor.py:162} INFO - Started process (PID=542) to work on /home/airflow/.local/lib/python3.8/site-packages/airflow/example_dags/example_skip_dag.py
[2021-12-12 08:41:43,490] {processor.py:613} INFO - Processing file /home/airflow/.local/lib/python3.8/site-packages/airflow/example_dags/example_skip_dag.py for tasks to queue
[2021-12-12 08:41:43,491] {logging_mixin.py:109} INFO - [2021-12-12 08:41:43,491] {dagbag.py:496} INFO - Filling up the DagBag from /home/airflow/.local/lib/python3.8/site-packages/airflow/example_dags/example_skip_dag.py
[2021-12-12 08:41:43,507] {processor.py:623} INFO - DAG(s) dict_keys(['example_skip_dag']) retrieved from /home/airflow/.local/lib/python3.8/site-packages/airflow/example_dags/example_skip_dag.py
[2021-12-12 08:41:43,537] {logging_mixin.py:109} INFO - [2021-12-12 08:41:43,537] {dag.py:1833} INFO - Sync 1 DAGs
[2021-12-12 08:41:43,560] {logging_mixin.py:109} INFO - [2021-12-12 08:41:43,560] {dag.py:2306} INFO - Setting next_dagrun for example_skip_dag to 2021-12-10 00:00:00+00:00
[2021-12-12 08:41:43,581] {processor.py:170} INFO - Processing /home/airflow/.local/lib/python3.8/site-packages/airflow/example_dags/example_skip_dag.py took 0.098 seconds
[2021-12-12 08:42:13,692] {processor.py:162} INFO - Started process (PID=593) to work on /home/airflow/.local/lib/python3.8/site-packages/airflow/example_dags/example_skip_dag.py
[2021-12-12 08:42:13,695] {processor.py:613} INFO - Processing file /home/airflow/.local/lib/python3.8/site-packages/airflow/example_dags/example_skip_dag.py for tasks to queue
[2021-12-12 08:42:13,697] {logging_mixin.py:109} INFO - [2021-12-12 08:42:13,697] {dagbag.py:496} INFO - Filling up the DagBag from /home/airflow/.local/lib/python3.8/site-packages/airflow/example_dags/example_skip_dag.py
[2021-12-12 08:42:13,713] {processor.py:623} INFO - DAG(s) dict_keys(['example_skip_dag']) retrieved from /home/airflow/.local/lib/python3.8/site-packages/airflow/example_dags/example_skip_dag.py
[2021-12-12 08:42:13,744] {logging_mixin.py:109} INFO - [2021-12-12 08:42:13,744] {dag.py:1833} INFO - Sync 1 DAGs
[2021-12-12 08:42:13,763] {logging_mixin.py:109} INFO - [2021-12-12 08:42:13,763] {dag.py:2306} INFO - Setting next_dagrun for example_skip_dag to 2021-12-10 00:00:00+00:00
[2021-12-12 08:42:13,777] {processor.py:170} INFO - Processing /home/airflow/.local/lib/python3.8/site-packages/airflow/example_dags/example_skip_dag.py took 0.088 seconds
[2021-12-12 08:42:43,976] {processor.py:162} INFO - Started process (PID=652) to work on /home/airflow/.local/lib/python3.8/site-packages/airflow/example_dags/example_skip_dag.py
[2021-12-12 08:42:43,979] {processor.py:613} INFO - Processing file /home/airflow/.local/lib/python3.8/site-packages/airflow/example_dags/example_skip_dag.py for tasks to queue
[2021-12-12 08:42:43,985] {logging_mixin.py:109} INFO - [2021-12-12 08:42:43,985] {dagbag.py:496} INFO - Filling up the DagBag from /home/airflow/.local/lib/python3.8/site-packages/airflow/example_dags/example_skip_dag.py
[2021-12-12 08:42:44,029] {processor.py:623} INFO - DAG(s) dict_keys(['example_skip_dag']) retrieved from /home/airflow/.local/lib/python3.8/site-packages/airflow/example_dags/example_skip_dag.py
[2021-12-12 08:42:44,151] {logging_mixin.py:109} INFO - [2021-12-12 08:42:44,150] {dag.py:1833} INFO - Sync 1 DAGs
[2021-12-12 08:42:44,223] {logging_mixin.py:109} INFO - [2021-12-12 08:42:44,222] {dag.py:2306} INFO - Setting next_dagrun for example_skip_dag to 2021-12-10 00:00:00+00:00
[2021-12-12 08:42:44,280] {processor.py:170} INFO - Processing /home/airflow/.local/lib/python3.8/site-packages/airflow/example_dags/example_skip_dag.py took 0.324 seconds
[2021-12-12 08:43:15,329] {processor.py:162} INFO - Started process (PID=700) to work on /home/airflow/.local/lib/python3.8/site-packages/airflow/example_dags/example_skip_dag.py
[2021-12-12 08:43:15,333] {processor.py:613} INFO - Processing file /home/airflow/.local/lib/python3.8/site-packages/airflow/example_dags/example_skip_dag.py for tasks to queue
[2021-12-12 08:43:15,335] {logging_mixin.py:109} INFO - [2021-12-12 08:43:15,334] {dagbag.py:496} INFO - Filling up the DagBag from /home/airflow/.local/lib/python3.8/site-packages/airflow/example_dags/example_skip_dag.py
[2021-12-12 08:43:15,358] {processor.py:623} INFO - DAG(s) dict_keys(['example_skip_dag']) retrieved from /home/airflow/.local/lib/python3.8/site-packages/airflow/example_dags/example_skip_dag.py
[2021-12-12 08:43:15,433] {logging_mixin.py:109} INFO - [2021-12-12 08:43:15,433] {dag.py:1833} INFO - Sync 1 DAGs
[2021-12-12 08:43:15,462] {logging_mixin.py:109} INFO - [2021-12-12 08:43:15,462] {dag.py:2306} INFO - Setting next_dagrun for example_skip_dag to 2021-12-10 00:00:00+00:00
[2021-12-12 08:43:15,483] {processor.py:170} INFO - Processing /home/airflow/.local/lib/python3.8/site-packages/airflow/example_dags/example_skip_dag.py took 0.159 seconds
[2021-12-12 08:43:45,940] {processor.py:162} INFO - Started process (PID=758) to work on /home/airflow/.local/lib/python3.8/site-packages/airflow/example_dags/example_skip_dag.py
[2021-12-12 08:43:45,957] {processor.py:613} INFO - Processing file /home/airflow/.local/lib/python3.8/site-packages/airflow/example_dags/example_skip_dag.py for tasks to queue
[2021-12-12 08:43:45,959] {logging_mixin.py:109} INFO - [2021-12-12 08:43:45,959] {dagbag.py:496} INFO - Filling up the DagBag from /home/airflow/.local/lib/python3.8/site-packages/airflow/example_dags/example_skip_dag.py
[2021-12-12 08:43:45,971] {processor.py:623} INFO - DAG(s) dict_keys(['example_skip_dag']) retrieved from /home/airflow/.local/lib/python3.8/site-packages/airflow/example_dags/example_skip_dag.py
[2021-12-12 08:43:45,996] {logging_mixin.py:109} INFO - [2021-12-12 08:43:45,996] {dag.py:1833} INFO - Sync 1 DAGs
[2021-12-12 08:43:46,014] {logging_mixin.py:109} INFO - [2021-12-12 08:43:46,013] {dag.py:2306} INFO - Setting next_dagrun for example_skip_dag to 2021-12-10 00:00:00+00:00
[2021-12-12 08:43:46,025] {processor.py:170} INFO - Processing /home/airflow/.local/lib/python3.8/site-packages/airflow/example_dags/example_skip_dag.py took 0.088 seconds
[2021-12-12 08:44:16,342] {processor.py:162} INFO - Started process (PID=806) to work on /home/airflow/.local/lib/python3.8/site-packages/airflow/example_dags/example_skip_dag.py
[2021-12-12 08:44:16,345] {processor.py:613} INFO - Processing file /home/airflow/.local/lib/python3.8/site-packages/airflow/example_dags/example_skip_dag.py for tasks to queue
[2021-12-12 08:44:16,346] {logging_mixin.py:109} INFO - [2021-12-12 08:44:16,346] {dagbag.py:496} INFO - Filling up the DagBag from /home/airflow/.local/lib/python3.8/site-packages/airflow/example_dags/example_skip_dag.py
[2021-12-12 08:44:16,358] {processor.py:623} INFO - DAG(s) dict_keys(['example_skip_dag']) retrieved from /home/airflow/.local/lib/python3.8/site-packages/airflow/example_dags/example_skip_dag.py
[2021-12-12 08:44:16,388] {logging_mixin.py:109} INFO - [2021-12-12 08:44:16,388] {dag.py:1833} INFO - Sync 1 DAGs
[2021-12-12 08:44:16,402] {logging_mixin.py:109} INFO - [2021-12-12 08:44:16,402] {dag.py:2306} INFO - Setting next_dagrun for example_skip_dag to 2021-12-10 00:00:00+00:00
[2021-12-12 08:44:16,413] {processor.py:170} INFO - Processing /home/airflow/.local/lib/python3.8/site-packages/airflow/example_dags/example_skip_dag.py took 0.074 seconds
[2021-12-12 08:44:46,725] {processor.py:162} INFO - Started process (PID=864) to work on /home/airflow/.local/lib/python3.8/site-packages/airflow/example_dags/example_skip_dag.py
[2021-12-12 08:44:46,727] {processor.py:613} INFO - Processing file /home/airflow/.local/lib/python3.8/site-packages/airflow/example_dags/example_skip_dag.py for tasks to queue
[2021-12-12 08:44:46,730] {logging_mixin.py:109} INFO - [2021-12-12 08:44:46,729] {dagbag.py:496} INFO - Filling up the DagBag from /home/airflow/.local/lib/python3.8/site-packages/airflow/example_dags/example_skip_dag.py
[2021-12-12 08:44:46,747] {processor.py:623} INFO - DAG(s) dict_keys(['example_skip_dag']) retrieved from /home/airflow/.local/lib/python3.8/site-packages/airflow/example_dags/example_skip_dag.py
[2021-12-12 08:44:46,773] {logging_mixin.py:109} INFO - [2021-12-12 08:44:46,773] {dag.py:1833} INFO - Sync 1 DAGs
[2021-12-12 08:44:46,789] {logging_mixin.py:109} INFO - [2021-12-12 08:44:46,788] {dag.py:2306} INFO - Setting next_dagrun for example_skip_dag to 2021-12-10 00:00:00+00:00
[2021-12-12 08:44:46,812] {processor.py:170} INFO - Processing /home/airflow/.local/lib/python3.8/site-packages/airflow/example_dags/example_skip_dag.py took 0.091 seconds
[2021-12-12 08:52:23,624] {processor.py:162} INFO - Started process (PID=52) to work on /home/airflow/.local/lib/python3.8/site-packages/airflow/example_dags/example_skip_dag.py
[2021-12-12 08:52:23,627] {processor.py:613} INFO - Processing file /home/airflow/.local/lib/python3.8/site-packages/airflow/example_dags/example_skip_dag.py for tasks to queue
[2021-12-12 08:52:23,628] {logging_mixin.py:109} INFO - [2021-12-12 08:52:23,628] {dagbag.py:496} INFO - Filling up the DagBag from /home/airflow/.local/lib/python3.8/site-packages/airflow/example_dags/example_skip_dag.py
[2021-12-12 08:52:23,664] {processor.py:623} INFO - DAG(s) dict_keys(['example_skip_dag']) retrieved from /home/airflow/.local/lib/python3.8/site-packages/airflow/example_dags/example_skip_dag.py
[2021-12-12 08:52:23,691] {logging_mixin.py:109} INFO - [2021-12-12 08:52:23,691] {dag.py:1833} INFO - Sync 1 DAGs
[2021-12-12 08:52:23,715] {logging_mixin.py:109} INFO - [2021-12-12 08:52:23,715] {dag.py:2306} INFO - Setting next_dagrun for example_skip_dag to 2021-12-10 00:00:00+00:00
[2021-12-12 08:52:23,747] {processor.py:170} INFO - Processing /home/airflow/.local/lib/python3.8/site-packages/airflow/example_dags/example_skip_dag.py took 0.127 seconds
[2021-12-12 08:52:54,452] {processor.py:162} INFO - Started process (PID=102) to work on /home/airflow/.local/lib/python3.8/site-packages/airflow/example_dags/example_skip_dag.py
[2021-12-12 08:52:54,454] {processor.py:613} INFO - Processing file /home/airflow/.local/lib/python3.8/site-packages/airflow/example_dags/example_skip_dag.py for tasks to queue
[2021-12-12 08:52:54,457] {logging_mixin.py:109} INFO - [2021-12-12 08:52:54,457] {dagbag.py:496} INFO - Filling up the DagBag from /home/airflow/.local/lib/python3.8/site-packages/airflow/example_dags/example_skip_dag.py
[2021-12-12 08:52:54,493] {processor.py:623} INFO - DAG(s) dict_keys(['example_skip_dag']) retrieved from /home/airflow/.local/lib/python3.8/site-packages/airflow/example_dags/example_skip_dag.py
[2021-12-12 08:52:54,550] {logging_mixin.py:109} INFO - [2021-12-12 08:52:54,550] {dag.py:1833} INFO - Sync 1 DAGs
[2021-12-12 08:52:54,596] {logging_mixin.py:109} INFO - [2021-12-12 08:52:54,596] {dag.py:2306} INFO - Setting next_dagrun for example_skip_dag to 2021-12-10 00:00:00+00:00
[2021-12-12 08:52:54,627] {processor.py:170} INFO - Processing /home/airflow/.local/lib/python3.8/site-packages/airflow/example_dags/example_skip_dag.py took 0.183 seconds
[2021-12-12 08:53:25,103] {processor.py:162} INFO - Started process (PID=160) to work on /home/airflow/.local/lib/python3.8/site-packages/airflow/example_dags/example_skip_dag.py
[2021-12-12 08:53:25,106] {processor.py:613} INFO - Processing file /home/airflow/.local/lib/python3.8/site-packages/airflow/example_dags/example_skip_dag.py for tasks to queue
[2021-12-12 08:53:25,108] {logging_mixin.py:109} INFO - [2021-12-12 08:53:25,108] {dagbag.py:496} INFO - Filling up the DagBag from /home/airflow/.local/lib/python3.8/site-packages/airflow/example_dags/example_skip_dag.py
[2021-12-12 08:53:25,122] {processor.py:623} INFO - DAG(s) dict_keys(['example_skip_dag']) retrieved from /home/airflow/.local/lib/python3.8/site-packages/airflow/example_dags/example_skip_dag.py
[2021-12-12 08:53:25,152] {logging_mixin.py:109} INFO - [2021-12-12 08:53:25,152] {dag.py:1833} INFO - Sync 1 DAGs
[2021-12-12 08:53:25,169] {logging_mixin.py:109} INFO - [2021-12-12 08:53:25,169] {dag.py:2306} INFO - Setting next_dagrun for example_skip_dag to 2021-12-10 00:00:00+00:00
[2021-12-12 08:53:25,183] {processor.py:170} INFO - Processing /home/airflow/.local/lib/python3.8/site-packages/airflow/example_dags/example_skip_dag.py took 0.084 seconds
[2021-12-12 08:53:55,899] {processor.py:162} INFO - Started process (PID=217) to work on /home/airflow/.local/lib/python3.8/site-packages/airflow/example_dags/example_skip_dag.py
[2021-12-12 08:53:55,900] {processor.py:613} INFO - Processing file /home/airflow/.local/lib/python3.8/site-packages/airflow/example_dags/example_skip_dag.py for tasks to queue
[2021-12-12 08:53:55,901] {logging_mixin.py:109} INFO - [2021-12-12 08:53:55,901] {dagbag.py:496} INFO - Filling up the DagBag from /home/airflow/.local/lib/python3.8/site-packages/airflow/example_dags/example_skip_dag.py
[2021-12-12 08:53:55,914] {processor.py:623} INFO - DAG(s) dict_keys(['example_skip_dag']) retrieved from /home/airflow/.local/lib/python3.8/site-packages/airflow/example_dags/example_skip_dag.py
[2021-12-12 08:53:55,939] {logging_mixin.py:109} INFO - [2021-12-12 08:53:55,939] {dag.py:1833} INFO - Sync 1 DAGs
[2021-12-12 08:53:55,952] {logging_mixin.py:109} INFO - [2021-12-12 08:53:55,952] {dag.py:2306} INFO - Setting next_dagrun for example_skip_dag to 2021-12-10 00:00:00+00:00
[2021-12-12 08:53:55,963] {processor.py:170} INFO - Processing /home/airflow/.local/lib/python3.8/site-packages/airflow/example_dags/example_skip_dag.py took 0.068 seconds
[2021-12-12 08:54:26,388] {processor.py:162} INFO - Started process (PID=267) to work on /home/airflow/.local/lib/python3.8/site-packages/airflow/example_dags/example_skip_dag.py
[2021-12-12 08:54:26,391] {processor.py:613} INFO - Processing file /home/airflow/.local/lib/python3.8/site-packages/airflow/example_dags/example_skip_dag.py for tasks to queue
[2021-12-12 08:54:26,393] {logging_mixin.py:109} INFO - [2021-12-12 08:54:26,392] {dagbag.py:496} INFO - Filling up the DagBag from /home/airflow/.local/lib/python3.8/site-packages/airflow/example_dags/example_skip_dag.py
[2021-12-12 08:54:26,408] {processor.py:623} INFO - DAG(s) dict_keys(['example_skip_dag']) retrieved from /home/airflow/.local/lib/python3.8/site-packages/airflow/example_dags/example_skip_dag.py
[2021-12-12 08:54:26,436] {logging_mixin.py:109} INFO - [2021-12-12 08:54:26,435] {dag.py:1833} INFO - Sync 1 DAGs
[2021-12-12 08:54:26,452] {logging_mixin.py:109} INFO - [2021-12-12 08:54:26,452] {dag.py:2306} INFO - Setting next_dagrun for example_skip_dag to 2021-12-10 00:00:00+00:00
[2021-12-12 08:54:26,464] {processor.py:170} INFO - Processing /home/airflow/.local/lib/python3.8/site-packages/airflow/example_dags/example_skip_dag.py took 0.082 seconds
[2021-12-12 08:54:56,951] {processor.py:162} INFO - Started process (PID=324) to work on /home/airflow/.local/lib/python3.8/site-packages/airflow/example_dags/example_skip_dag.py
[2021-12-12 08:54:56,953] {processor.py:613} INFO - Processing file /home/airflow/.local/lib/python3.8/site-packages/airflow/example_dags/example_skip_dag.py for tasks to queue
[2021-12-12 08:54:56,954] {logging_mixin.py:109} INFO - [2021-12-12 08:54:56,954] {dagbag.py:496} INFO - Filling up the DagBag from /home/airflow/.local/lib/python3.8/site-packages/airflow/example_dags/example_skip_dag.py
[2021-12-12 08:54:56,966] {processor.py:623} INFO - DAG(s) dict_keys(['example_skip_dag']) retrieved from /home/airflow/.local/lib/python3.8/site-packages/airflow/example_dags/example_skip_dag.py
[2021-12-12 08:54:56,990] {logging_mixin.py:109} INFO - [2021-12-12 08:54:56,990] {dag.py:1833} INFO - Sync 1 DAGs
[2021-12-12 08:54:57,004] {logging_mixin.py:109} INFO - [2021-12-12 08:54:57,004] {dag.py:2306} INFO - Setting next_dagrun for example_skip_dag to 2021-12-10 00:00:00+00:00
[2021-12-12 08:54:57,014] {processor.py:170} INFO - Processing /home/airflow/.local/lib/python3.8/site-packages/airflow/example_dags/example_skip_dag.py took 0.069 seconds
[2021-12-12 08:55:27,277] {processor.py:162} INFO - Started process (PID=373) to work on /home/airflow/.local/lib/python3.8/site-packages/airflow/example_dags/example_skip_dag.py
[2021-12-12 08:55:27,280] {processor.py:613} INFO - Processing file /home/airflow/.local/lib/python3.8/site-packages/airflow/example_dags/example_skip_dag.py for tasks to queue
[2021-12-12 08:55:27,281] {logging_mixin.py:109} INFO - [2021-12-12 08:55:27,281] {dagbag.py:496} INFO - Filling up the DagBag from /home/airflow/.local/lib/python3.8/site-packages/airflow/example_dags/example_skip_dag.py
[2021-12-12 08:55:27,294] {processor.py:623} INFO - DAG(s) dict_keys(['example_skip_dag']) retrieved from /home/airflow/.local/lib/python3.8/site-packages/airflow/example_dags/example_skip_dag.py
[2021-12-12 08:55:27,334] {logging_mixin.py:109} INFO - [2021-12-12 08:55:27,334] {dag.py:1833} INFO - Sync 1 DAGs
[2021-12-12 08:55:27,355] {logging_mixin.py:109} INFO - [2021-12-12 08:55:27,355] {dag.py:2306} INFO - Setting next_dagrun for example_skip_dag to 2021-12-10 00:00:00+00:00
[2021-12-12 08:55:27,368] {processor.py:170} INFO - Processing /home/airflow/.local/lib/python3.8/site-packages/airflow/example_dags/example_skip_dag.py took 0.095 seconds
[2021-12-12 08:55:57,834] {processor.py:162} INFO - Started process (PID=430) to work on /home/airflow/.local/lib/python3.8/site-packages/airflow/example_dags/example_skip_dag.py
[2021-12-12 08:55:57,841] {processor.py:613} INFO - Processing file /home/airflow/.local/lib/python3.8/site-packages/airflow/example_dags/example_skip_dag.py for tasks to queue
[2021-12-12 08:55:57,846] {logging_mixin.py:109} INFO - [2021-12-12 08:55:57,846] {dagbag.py:496} INFO - Filling up the DagBag from /home/airflow/.local/lib/python3.8/site-packages/airflow/example_dags/example_skip_dag.py
[2021-12-12 08:55:57,878] {processor.py:623} INFO - DAG(s) dict_keys(['example_skip_dag']) retrieved from /home/airflow/.local/lib/python3.8/site-packages/airflow/example_dags/example_skip_dag.py
[2021-12-12 08:55:57,939] {logging_mixin.py:109} INFO - [2021-12-12 08:55:57,939] {dag.py:1833} INFO - Sync 1 DAGs
[2021-12-12 08:55:57,981] {logging_mixin.py:109} INFO - [2021-12-12 08:55:57,980] {dag.py:2306} INFO - Setting next_dagrun for example_skip_dag to 2021-12-10 00:00:00+00:00
[2021-12-12 08:55:58,016] {processor.py:170} INFO - Processing /home/airflow/.local/lib/python3.8/site-packages/airflow/example_dags/example_skip_dag.py took 0.199 seconds
