[2021-12-12 08:39:15,407] {processor.py:162} INFO - Started process (PID=199) to work on /home/airflow/.local/lib/python3.8/site-packages/airflow/example_dags/example_branch_python_dop_operator_3.py
[2021-12-12 08:39:15,411] {processor.py:613} INFO - Processing file /home/airflow/.local/lib/python3.8/site-packages/airflow/example_dags/example_branch_python_dop_operator_3.py for tasks to queue
[2021-12-12 08:39:15,414] {logging_mixin.py:109} INFO - [2021-12-12 08:39:15,414] {dagbag.py:496} INFO - Filling up the DagBag from /home/airflow/.local/lib/python3.8/site-packages/airflow/example_dags/example_branch_python_dop_operator_3.py
[2021-12-12 08:39:15,608] {processor.py:623} INFO - DAG(s) dict_keys(['example_branch_dop_operator_v3']) retrieved from /home/airflow/.local/lib/python3.8/site-packages/airflow/example_dags/example_branch_python_dop_operator_3.py
[2021-12-12 08:39:21,726] {logging_mixin.py:109} WARNING - /home/airflow/.local/lib/python3.8/site-packages/snowflake/connector/options.py:94 UserWarning: You have an incompatible version of 'pyarrow' installed (3.0.0), please install a version that adheres to: 'pyarrow<5.1.0,>=5.0.0; extra == "pandas"'
[2021-12-12 08:39:22,204] {logging_mixin.py:109} INFO - [2021-12-12 08:39:22,204] {dag.py:1833} INFO - Sync 1 DAGs
[2021-12-12 08:39:22,216] {logging_mixin.py:109} INFO - [2021-12-12 08:39:22,216] {dag.py:1852} INFO - Creating ORM DAG for example_branch_dop_operator_v3
[2021-12-12 08:39:22,242] {logging_mixin.py:109} INFO - [2021-12-12 08:39:22,242] {dag.py:2306} INFO - Setting next_dagrun for example_branch_dop_operator_v3 to 2021-12-10 00:00:00+00:00
[2021-12-12 08:39:22,266] {processor.py:170} INFO - Processing /home/airflow/.local/lib/python3.8/site-packages/airflow/example_dags/example_branch_python_dop_operator_3.py took 6.874 seconds
[2021-12-12 08:39:52,424] {processor.py:162} INFO - Started process (PID=360) to work on /home/airflow/.local/lib/python3.8/site-packages/airflow/example_dags/example_branch_python_dop_operator_3.py
[2021-12-12 08:39:52,429] {processor.py:613} INFO - Processing file /home/airflow/.local/lib/python3.8/site-packages/airflow/example_dags/example_branch_python_dop_operator_3.py for tasks to queue
[2021-12-12 08:39:52,430] {logging_mixin.py:109} INFO - [2021-12-12 08:39:52,430] {dagbag.py:496} INFO - Filling up the DagBag from /home/airflow/.local/lib/python3.8/site-packages/airflow/example_dags/example_branch_python_dop_operator_3.py
[2021-12-12 08:39:52,446] {processor.py:623} INFO - DAG(s) dict_keys(['example_branch_dop_operator_v3']) retrieved from /home/airflow/.local/lib/python3.8/site-packages/airflow/example_dags/example_branch_python_dop_operator_3.py
[2021-12-12 08:39:52,475] {logging_mixin.py:109} INFO - [2021-12-12 08:39:52,475] {dag.py:1833} INFO - Sync 1 DAGs
[2021-12-12 08:39:52,504] {logging_mixin.py:109} INFO - [2021-12-12 08:39:52,504] {dag.py:2306} INFO - Setting next_dagrun for example_branch_dop_operator_v3 to 2021-12-10 00:00:00+00:00
[2021-12-12 08:39:52,517] {processor.py:170} INFO - Processing /home/airflow/.local/lib/python3.8/site-packages/airflow/example_dags/example_branch_python_dop_operator_3.py took 0.100 seconds
[2021-12-12 08:40:23,144] {processor.py:162} INFO - Started process (PID=408) to work on /home/airflow/.local/lib/python3.8/site-packages/airflow/example_dags/example_branch_python_dop_operator_3.py
[2021-12-12 08:40:23,146] {processor.py:613} INFO - Processing file /home/airflow/.local/lib/python3.8/site-packages/airflow/example_dags/example_branch_python_dop_operator_3.py for tasks to queue
[2021-12-12 08:40:23,148] {logging_mixin.py:109} INFO - [2021-12-12 08:40:23,148] {dagbag.py:496} INFO - Filling up the DagBag from /home/airflow/.local/lib/python3.8/site-packages/airflow/example_dags/example_branch_python_dop_operator_3.py
[2021-12-12 08:40:23,169] {processor.py:623} INFO - DAG(s) dict_keys(['example_branch_dop_operator_v3']) retrieved from /home/airflow/.local/lib/python3.8/site-packages/airflow/example_dags/example_branch_python_dop_operator_3.py
[2021-12-12 08:40:23,195] {logging_mixin.py:109} INFO - [2021-12-12 08:40:23,195] {dag.py:1833} INFO - Sync 1 DAGs
[2021-12-12 08:40:23,224] {logging_mixin.py:109} INFO - [2021-12-12 08:40:23,224] {dag.py:2306} INFO - Setting next_dagrun for example_branch_dop_operator_v3 to 2021-12-10 00:00:00+00:00
[2021-12-12 08:40:23,236] {processor.py:170} INFO - Processing /home/airflow/.local/lib/python3.8/site-packages/airflow/example_dags/example_branch_python_dop_operator_3.py took 0.096 seconds
[2021-12-12 08:40:53,352] {processor.py:162} INFO - Started process (PID=464) to work on /home/airflow/.local/lib/python3.8/site-packages/airflow/example_dags/example_branch_python_dop_operator_3.py
[2021-12-12 08:40:53,356] {processor.py:613} INFO - Processing file /home/airflow/.local/lib/python3.8/site-packages/airflow/example_dags/example_branch_python_dop_operator_3.py for tasks to queue
[2021-12-12 08:40:53,357] {logging_mixin.py:109} INFO - [2021-12-12 08:40:53,357] {dagbag.py:496} INFO - Filling up the DagBag from /home/airflow/.local/lib/python3.8/site-packages/airflow/example_dags/example_branch_python_dop_operator_3.py
[2021-12-12 08:40:53,376] {processor.py:623} INFO - DAG(s) dict_keys(['example_branch_dop_operator_v3']) retrieved from /home/airflow/.local/lib/python3.8/site-packages/airflow/example_dags/example_branch_python_dop_operator_3.py
[2021-12-12 08:40:53,408] {logging_mixin.py:109} INFO - [2021-12-12 08:40:53,408] {dag.py:1833} INFO - Sync 1 DAGs
[2021-12-12 08:40:53,440] {logging_mixin.py:109} INFO - [2021-12-12 08:40:53,440] {dag.py:2306} INFO - Setting next_dagrun for example_branch_dop_operator_v3 to 2021-12-10 00:00:00+00:00
[2021-12-12 08:40:53,456] {processor.py:170} INFO - Processing /home/airflow/.local/lib/python3.8/site-packages/airflow/example_dags/example_branch_python_dop_operator_3.py took 0.110 seconds
[2021-12-12 08:41:23,910] {processor.py:162} INFO - Started process (PID=514) to work on /home/airflow/.local/lib/python3.8/site-packages/airflow/example_dags/example_branch_python_dop_operator_3.py
[2021-12-12 08:41:23,913] {processor.py:613} INFO - Processing file /home/airflow/.local/lib/python3.8/site-packages/airflow/example_dags/example_branch_python_dop_operator_3.py for tasks to queue
[2021-12-12 08:41:23,914] {logging_mixin.py:109} INFO - [2021-12-12 08:41:23,914] {dagbag.py:496} INFO - Filling up the DagBag from /home/airflow/.local/lib/python3.8/site-packages/airflow/example_dags/example_branch_python_dop_operator_3.py
[2021-12-12 08:41:23,929] {processor.py:623} INFO - DAG(s) dict_keys(['example_branch_dop_operator_v3']) retrieved from /home/airflow/.local/lib/python3.8/site-packages/airflow/example_dags/example_branch_python_dop_operator_3.py
[2021-12-12 08:41:23,956] {logging_mixin.py:109} INFO - [2021-12-12 08:41:23,956] {dag.py:1833} INFO - Sync 1 DAGs
[2021-12-12 08:41:23,982] {logging_mixin.py:109} INFO - [2021-12-12 08:41:23,982] {dag.py:2306} INFO - Setting next_dagrun for example_branch_dop_operator_v3 to 2021-12-10 00:00:00+00:00
[2021-12-12 08:41:23,996] {processor.py:170} INFO - Processing /home/airflow/.local/lib/python3.8/site-packages/airflow/example_dags/example_branch_python_dop_operator_3.py took 0.090 seconds
[2021-12-12 08:41:54,386] {processor.py:162} INFO - Started process (PID=572) to work on /home/airflow/.local/lib/python3.8/site-packages/airflow/example_dags/example_branch_python_dop_operator_3.py
[2021-12-12 08:41:54,389] {processor.py:613} INFO - Processing file /home/airflow/.local/lib/python3.8/site-packages/airflow/example_dags/example_branch_python_dop_operator_3.py for tasks to queue
[2021-12-12 08:41:54,392] {logging_mixin.py:109} INFO - [2021-12-12 08:41:54,392] {dagbag.py:496} INFO - Filling up the DagBag from /home/airflow/.local/lib/python3.8/site-packages/airflow/example_dags/example_branch_python_dop_operator_3.py
[2021-12-12 08:41:54,416] {processor.py:623} INFO - DAG(s) dict_keys(['example_branch_dop_operator_v3']) retrieved from /home/airflow/.local/lib/python3.8/site-packages/airflow/example_dags/example_branch_python_dop_operator_3.py
[2021-12-12 08:41:54,479] {logging_mixin.py:109} INFO - [2021-12-12 08:41:54,479] {dag.py:1833} INFO - Sync 1 DAGs
[2021-12-12 08:41:54,558] {logging_mixin.py:109} INFO - [2021-12-12 08:41:54,558] {dag.py:2306} INFO - Setting next_dagrun for example_branch_dop_operator_v3 to 2021-12-10 00:00:00+00:00
[2021-12-12 08:41:54,587] {processor.py:170} INFO - Processing /home/airflow/.local/lib/python3.8/site-packages/airflow/example_dags/example_branch_python_dop_operator_3.py took 0.206 seconds
[2021-12-12 08:42:25,212] {processor.py:162} INFO - Started process (PID=622) to work on /home/airflow/.local/lib/python3.8/site-packages/airflow/example_dags/example_branch_python_dop_operator_3.py
[2021-12-12 08:42:25,214] {processor.py:613} INFO - Processing file /home/airflow/.local/lib/python3.8/site-packages/airflow/example_dags/example_branch_python_dop_operator_3.py for tasks to queue
[2021-12-12 08:42:25,215] {logging_mixin.py:109} INFO - [2021-12-12 08:42:25,215] {dagbag.py:496} INFO - Filling up the DagBag from /home/airflow/.local/lib/python3.8/site-packages/airflow/example_dags/example_branch_python_dop_operator_3.py
[2021-12-12 08:42:25,233] {processor.py:623} INFO - DAG(s) dict_keys(['example_branch_dop_operator_v3']) retrieved from /home/airflow/.local/lib/python3.8/site-packages/airflow/example_dags/example_branch_python_dop_operator_3.py
[2021-12-12 08:42:25,259] {logging_mixin.py:109} INFO - [2021-12-12 08:42:25,259] {dag.py:1833} INFO - Sync 1 DAGs
[2021-12-12 08:42:25,287] {logging_mixin.py:109} INFO - [2021-12-12 08:42:25,287] {dag.py:2306} INFO - Setting next_dagrun for example_branch_dop_operator_v3 to 2021-12-10 00:00:00+00:00
[2021-12-12 08:42:25,298] {processor.py:170} INFO - Processing /home/airflow/.local/lib/python3.8/site-packages/airflow/example_dags/example_branch_python_dop_operator_3.py took 0.092 seconds
[2021-12-12 08:42:55,485] {processor.py:162} INFO - Started process (PID=680) to work on /home/airflow/.local/lib/python3.8/site-packages/airflow/example_dags/example_branch_python_dop_operator_3.py
[2021-12-12 08:42:55,490] {processor.py:613} INFO - Processing file /home/airflow/.local/lib/python3.8/site-packages/airflow/example_dags/example_branch_python_dop_operator_3.py for tasks to queue
[2021-12-12 08:42:55,493] {logging_mixin.py:109} INFO - [2021-12-12 08:42:55,493] {dagbag.py:496} INFO - Filling up the DagBag from /home/airflow/.local/lib/python3.8/site-packages/airflow/example_dags/example_branch_python_dop_operator_3.py
[2021-12-12 08:42:55,539] {processor.py:623} INFO - DAG(s) dict_keys(['example_branch_dop_operator_v3']) retrieved from /home/airflow/.local/lib/python3.8/site-packages/airflow/example_dags/example_branch_python_dop_operator_3.py
[2021-12-12 08:42:55,590] {logging_mixin.py:109} INFO - [2021-12-12 08:42:55,590] {dag.py:1833} INFO - Sync 1 DAGs
[2021-12-12 08:42:55,650] {logging_mixin.py:109} INFO - [2021-12-12 08:42:55,650] {dag.py:2306} INFO - Setting next_dagrun for example_branch_dop_operator_v3 to 2021-12-10 00:00:00+00:00
[2021-12-12 08:42:55,717] {processor.py:170} INFO - Processing /home/airflow/.local/lib/python3.8/site-packages/airflow/example_dags/example_branch_python_dop_operator_3.py took 0.240 seconds
[2021-12-12 08:43:26,329] {processor.py:162} INFO - Started process (PID=729) to work on /home/airflow/.local/lib/python3.8/site-packages/airflow/example_dags/example_branch_python_dop_operator_3.py
[2021-12-12 08:43:26,331] {processor.py:613} INFO - Processing file /home/airflow/.local/lib/python3.8/site-packages/airflow/example_dags/example_branch_python_dop_operator_3.py for tasks to queue
[2021-12-12 08:43:26,332] {logging_mixin.py:109} INFO - [2021-12-12 08:43:26,332] {dagbag.py:496} INFO - Filling up the DagBag from /home/airflow/.local/lib/python3.8/site-packages/airflow/example_dags/example_branch_python_dop_operator_3.py
[2021-12-12 08:43:26,346] {processor.py:623} INFO - DAG(s) dict_keys(['example_branch_dop_operator_v3']) retrieved from /home/airflow/.local/lib/python3.8/site-packages/airflow/example_dags/example_branch_python_dop_operator_3.py
[2021-12-12 08:43:26,372] {logging_mixin.py:109} INFO - [2021-12-12 08:43:26,371] {dag.py:1833} INFO - Sync 1 DAGs
[2021-12-12 08:43:26,400] {logging_mixin.py:109} INFO - [2021-12-12 08:43:26,399] {dag.py:2306} INFO - Setting next_dagrun for example_branch_dop_operator_v3 to 2021-12-10 00:00:00+00:00
[2021-12-12 08:43:26,412] {processor.py:170} INFO - Processing /home/airflow/.local/lib/python3.8/site-packages/airflow/example_dags/example_branch_python_dop_operator_3.py took 0.087 seconds
[2021-12-12 08:43:56,994] {processor.py:162} INFO - Started process (PID=786) to work on /home/airflow/.local/lib/python3.8/site-packages/airflow/example_dags/example_branch_python_dop_operator_3.py
[2021-12-12 08:43:56,996] {processor.py:613} INFO - Processing file /home/airflow/.local/lib/python3.8/site-packages/airflow/example_dags/example_branch_python_dop_operator_3.py for tasks to queue
[2021-12-12 08:43:57,000] {logging_mixin.py:109} INFO - [2021-12-12 08:43:56,999] {dagbag.py:496} INFO - Filling up the DagBag from /home/airflow/.local/lib/python3.8/site-packages/airflow/example_dags/example_branch_python_dop_operator_3.py
[2021-12-12 08:43:57,046] {processor.py:623} INFO - DAG(s) dict_keys(['example_branch_dop_operator_v3']) retrieved from /home/airflow/.local/lib/python3.8/site-packages/airflow/example_dags/example_branch_python_dop_operator_3.py
[2021-12-12 08:43:57,077] {logging_mixin.py:109} INFO - [2021-12-12 08:43:57,077] {dag.py:1833} INFO - Sync 1 DAGs
[2021-12-12 08:43:57,111] {logging_mixin.py:109} INFO - [2021-12-12 08:43:57,111] {dag.py:2306} INFO - Setting next_dagrun for example_branch_dop_operator_v3 to 2021-12-10 00:00:00+00:00
[2021-12-12 08:43:57,129] {processor.py:170} INFO - Processing /home/airflow/.local/lib/python3.8/site-packages/airflow/example_dags/example_branch_python_dop_operator_3.py took 0.140 seconds
[2021-12-12 08:44:27,784] {processor.py:162} INFO - Started process (PID=835) to work on /home/airflow/.local/lib/python3.8/site-packages/airflow/example_dags/example_branch_python_dop_operator_3.py
[2021-12-12 08:44:27,787] {processor.py:613} INFO - Processing file /home/airflow/.local/lib/python3.8/site-packages/airflow/example_dags/example_branch_python_dop_operator_3.py for tasks to queue
[2021-12-12 08:44:27,790] {logging_mixin.py:109} INFO - [2021-12-12 08:44:27,789] {dagbag.py:496} INFO - Filling up the DagBag from /home/airflow/.local/lib/python3.8/site-packages/airflow/example_dags/example_branch_python_dop_operator_3.py
[2021-12-12 08:44:27,815] {processor.py:623} INFO - DAG(s) dict_keys(['example_branch_dop_operator_v3']) retrieved from /home/airflow/.local/lib/python3.8/site-packages/airflow/example_dags/example_branch_python_dop_operator_3.py
[2021-12-12 08:44:27,849] {logging_mixin.py:109} INFO - [2021-12-12 08:44:27,849] {dag.py:1833} INFO - Sync 1 DAGs
[2021-12-12 08:44:27,882] {logging_mixin.py:109} INFO - [2021-12-12 08:44:27,881] {dag.py:2306} INFO - Setting next_dagrun for example_branch_dop_operator_v3 to 2021-12-10 00:00:00+00:00
[2021-12-12 08:44:27,897] {processor.py:170} INFO - Processing /home/airflow/.local/lib/python3.8/site-packages/airflow/example_dags/example_branch_python_dop_operator_3.py took 0.120 seconds
[2021-12-12 08:52:26,413] {processor.py:162} INFO - Started process (PID=68) to work on /home/airflow/.local/lib/python3.8/site-packages/airflow/example_dags/example_branch_python_dop_operator_3.py
[2021-12-12 08:52:26,417] {processor.py:613} INFO - Processing file /home/airflow/.local/lib/python3.8/site-packages/airflow/example_dags/example_branch_python_dop_operator_3.py for tasks to queue
[2021-12-12 08:52:26,423] {logging_mixin.py:109} INFO - [2021-12-12 08:52:26,422] {dagbag.py:496} INFO - Filling up the DagBag from /home/airflow/.local/lib/python3.8/site-packages/airflow/example_dags/example_branch_python_dop_operator_3.py
[2021-12-12 08:52:26,479] {processor.py:623} INFO - DAG(s) dict_keys(['example_branch_dop_operator_v3']) retrieved from /home/airflow/.local/lib/python3.8/site-packages/airflow/example_dags/example_branch_python_dop_operator_3.py
[2021-12-12 08:52:26,551] {logging_mixin.py:109} INFO - [2021-12-12 08:52:26,551] {dag.py:1833} INFO - Sync 1 DAGs
[2021-12-12 08:52:26,620] {logging_mixin.py:109} INFO - [2021-12-12 08:52:26,620] {dag.py:2306} INFO - Setting next_dagrun for example_branch_dop_operator_v3 to 2021-12-10 00:00:00+00:00
[2021-12-12 08:52:26,642] {processor.py:170} INFO - Processing /home/airflow/.local/lib/python3.8/site-packages/airflow/example_dags/example_branch_python_dop_operator_3.py took 0.237 seconds
[2021-12-12 08:52:56,840] {processor.py:162} INFO - Started process (PID=128) to work on /home/airflow/.local/lib/python3.8/site-packages/airflow/example_dags/example_branch_python_dop_operator_3.py
[2021-12-12 08:52:56,843] {processor.py:613} INFO - Processing file /home/airflow/.local/lib/python3.8/site-packages/airflow/example_dags/example_branch_python_dop_operator_3.py for tasks to queue
[2021-12-12 08:52:56,844] {logging_mixin.py:109} INFO - [2021-12-12 08:52:56,844] {dagbag.py:496} INFO - Filling up the DagBag from /home/airflow/.local/lib/python3.8/site-packages/airflow/example_dags/example_branch_python_dop_operator_3.py
[2021-12-12 08:52:56,863] {processor.py:623} INFO - DAG(s) dict_keys(['example_branch_dop_operator_v3']) retrieved from /home/airflow/.local/lib/python3.8/site-packages/airflow/example_dags/example_branch_python_dop_operator_3.py
[2021-12-12 08:52:56,892] {logging_mixin.py:109} INFO - [2021-12-12 08:52:56,892] {dag.py:1833} INFO - Sync 1 DAGs
[2021-12-12 08:52:56,923] {logging_mixin.py:109} INFO - [2021-12-12 08:52:56,923] {dag.py:2306} INFO - Setting next_dagrun for example_branch_dop_operator_v3 to 2021-12-10 00:00:00+00:00
[2021-12-12 08:52:56,936] {processor.py:170} INFO - Processing /home/airflow/.local/lib/python3.8/site-packages/airflow/example_dags/example_branch_python_dop_operator_3.py took 0.101 seconds
[2021-12-12 08:53:27,665] {processor.py:162} INFO - Started process (PID=176) to work on /home/airflow/.local/lib/python3.8/site-packages/airflow/example_dags/example_branch_python_dop_operator_3.py
[2021-12-12 08:53:27,668] {processor.py:613} INFO - Processing file /home/airflow/.local/lib/python3.8/site-packages/airflow/example_dags/example_branch_python_dop_operator_3.py for tasks to queue
[2021-12-12 08:53:27,669] {logging_mixin.py:109} INFO - [2021-12-12 08:53:27,669] {dagbag.py:496} INFO - Filling up the DagBag from /home/airflow/.local/lib/python3.8/site-packages/airflow/example_dags/example_branch_python_dop_operator_3.py
[2021-12-12 08:53:27,687] {processor.py:623} INFO - DAG(s) dict_keys(['example_branch_dop_operator_v3']) retrieved from /home/airflow/.local/lib/python3.8/site-packages/airflow/example_dags/example_branch_python_dop_operator_3.py
[2021-12-12 08:53:27,717] {logging_mixin.py:109} INFO - [2021-12-12 08:53:27,717] {dag.py:1833} INFO - Sync 1 DAGs
[2021-12-12 08:53:27,749] {logging_mixin.py:109} INFO - [2021-12-12 08:53:27,749] {dag.py:2306} INFO - Setting next_dagrun for example_branch_dop_operator_v3 to 2021-12-10 00:00:00+00:00
[2021-12-12 08:53:27,762] {processor.py:170} INFO - Processing /home/airflow/.local/lib/python3.8/site-packages/airflow/example_dags/example_branch_python_dop_operator_3.py took 0.101 seconds
[2021-12-12 08:53:58,024] {processor.py:162} INFO - Started process (PID=233) to work on /home/airflow/.local/lib/python3.8/site-packages/airflow/example_dags/example_branch_python_dop_operator_3.py
[2021-12-12 08:53:58,026] {processor.py:613} INFO - Processing file /home/airflow/.local/lib/python3.8/site-packages/airflow/example_dags/example_branch_python_dop_operator_3.py for tasks to queue
[2021-12-12 08:53:58,028] {logging_mixin.py:109} INFO - [2021-12-12 08:53:58,028] {dagbag.py:496} INFO - Filling up the DagBag from /home/airflow/.local/lib/python3.8/site-packages/airflow/example_dags/example_branch_python_dop_operator_3.py
[2021-12-12 08:53:58,045] {processor.py:623} INFO - DAG(s) dict_keys(['example_branch_dop_operator_v3']) retrieved from /home/airflow/.local/lib/python3.8/site-packages/airflow/example_dags/example_branch_python_dop_operator_3.py
[2021-12-12 08:53:58,076] {logging_mixin.py:109} INFO - [2021-12-12 08:53:58,076] {dag.py:1833} INFO - Sync 1 DAGs
[2021-12-12 08:53:58,106] {logging_mixin.py:109} INFO - [2021-12-12 08:53:58,106] {dag.py:2306} INFO - Setting next_dagrun for example_branch_dop_operator_v3 to 2021-12-10 00:00:00+00:00
[2021-12-12 08:53:58,120] {processor.py:170} INFO - Processing /home/airflow/.local/lib/python3.8/site-packages/airflow/example_dags/example_branch_python_dop_operator_3.py took 0.100 seconds
[2021-12-12 08:54:29,043] {processor.py:162} INFO - Started process (PID=292) to work on /home/airflow/.local/lib/python3.8/site-packages/airflow/example_dags/example_branch_python_dop_operator_3.py
[2021-12-12 08:54:29,045] {processor.py:613} INFO - Processing file /home/airflow/.local/lib/python3.8/site-packages/airflow/example_dags/example_branch_python_dop_operator_3.py for tasks to queue
[2021-12-12 08:54:29,047] {logging_mixin.py:109} INFO - [2021-12-12 08:54:29,047] {dagbag.py:496} INFO - Filling up the DagBag from /home/airflow/.local/lib/python3.8/site-packages/airflow/example_dags/example_branch_python_dop_operator_3.py
[2021-12-12 08:54:29,070] {processor.py:623} INFO - DAG(s) dict_keys(['example_branch_dop_operator_v3']) retrieved from /home/airflow/.local/lib/python3.8/site-packages/airflow/example_dags/example_branch_python_dop_operator_3.py
[2021-12-12 08:54:29,114] {logging_mixin.py:109} INFO - [2021-12-12 08:54:29,113] {dag.py:1833} INFO - Sync 1 DAGs
[2021-12-12 08:54:29,155] {logging_mixin.py:109} INFO - [2021-12-12 08:54:29,155] {dag.py:2306} INFO - Setting next_dagrun for example_branch_dop_operator_v3 to 2021-12-10 00:00:00+00:00
[2021-12-12 08:54:29,174] {processor.py:170} INFO - Processing /home/airflow/.local/lib/python3.8/site-packages/airflow/example_dags/example_branch_python_dop_operator_3.py took 0.136 seconds
[2021-12-12 08:55:00,029] {processor.py:162} INFO - Started process (PID=340) to work on /home/airflow/.local/lib/python3.8/site-packages/airflow/example_dags/example_branch_python_dop_operator_3.py
[2021-12-12 08:55:00,031] {processor.py:613} INFO - Processing file /home/airflow/.local/lib/python3.8/site-packages/airflow/example_dags/example_branch_python_dop_operator_3.py for tasks to queue
[2021-12-12 08:55:00,034] {logging_mixin.py:109} INFO - [2021-12-12 08:55:00,033] {dagbag.py:496} INFO - Filling up the DagBag from /home/airflow/.local/lib/python3.8/site-packages/airflow/example_dags/example_branch_python_dop_operator_3.py
[2021-12-12 08:55:00,053] {processor.py:623} INFO - DAG(s) dict_keys(['example_branch_dop_operator_v3']) retrieved from /home/airflow/.local/lib/python3.8/site-packages/airflow/example_dags/example_branch_python_dop_operator_3.py
[2021-12-12 08:55:00,083] {logging_mixin.py:109} INFO - [2021-12-12 08:55:00,083] {dag.py:1833} INFO - Sync 1 DAGs
[2021-12-12 08:55:00,124] {logging_mixin.py:109} INFO - [2021-12-12 08:55:00,124] {dag.py:2306} INFO - Setting next_dagrun for example_branch_dop_operator_v3 to 2021-12-10 00:00:00+00:00
[2021-12-12 08:55:00,149] {processor.py:170} INFO - Processing /home/airflow/.local/lib/python3.8/site-packages/airflow/example_dags/example_branch_python_dop_operator_3.py took 0.124 seconds
[2021-12-12 08:55:30,612] {processor.py:162} INFO - Started process (PID=398) to work on /home/airflow/.local/lib/python3.8/site-packages/airflow/example_dags/example_branch_python_dop_operator_3.py
[2021-12-12 08:55:30,615] {processor.py:613} INFO - Processing file /home/airflow/.local/lib/python3.8/site-packages/airflow/example_dags/example_branch_python_dop_operator_3.py for tasks to queue
[2021-12-12 08:55:30,617] {logging_mixin.py:109} INFO - [2021-12-12 08:55:30,617] {dagbag.py:496} INFO - Filling up the DagBag from /home/airflow/.local/lib/python3.8/site-packages/airflow/example_dags/example_branch_python_dop_operator_3.py
[2021-12-12 08:55:30,634] {processor.py:623} INFO - DAG(s) dict_keys(['example_branch_dop_operator_v3']) retrieved from /home/airflow/.local/lib/python3.8/site-packages/airflow/example_dags/example_branch_python_dop_operator_3.py
[2021-12-12 08:55:30,660] {logging_mixin.py:109} INFO - [2021-12-12 08:55:30,660] {dag.py:1833} INFO - Sync 1 DAGs
[2021-12-12 08:55:30,685] {logging_mixin.py:109} INFO - [2021-12-12 08:55:30,684] {dag.py:2306} INFO - Setting next_dagrun for example_branch_dop_operator_v3 to 2021-12-10 00:00:00+00:00
[2021-12-12 08:55:30,696] {processor.py:170} INFO - Processing /home/airflow/.local/lib/python3.8/site-packages/airflow/example_dags/example_branch_python_dop_operator_3.py took 0.088 seconds
[2021-12-12 08:56:00,801] {processor.py:162} INFO - Started process (PID=446) to work on /home/airflow/.local/lib/python3.8/site-packages/airflow/example_dags/example_branch_python_dop_operator_3.py
[2021-12-12 08:56:00,807] {processor.py:613} INFO - Processing file /home/airflow/.local/lib/python3.8/site-packages/airflow/example_dags/example_branch_python_dop_operator_3.py for tasks to queue
[2021-12-12 08:56:00,808] {logging_mixin.py:109} INFO - [2021-12-12 08:56:00,808] {dagbag.py:496} INFO - Filling up the DagBag from /home/airflow/.local/lib/python3.8/site-packages/airflow/example_dags/example_branch_python_dop_operator_3.py
[2021-12-12 08:56:00,829] {processor.py:623} INFO - DAG(s) dict_keys(['example_branch_dop_operator_v3']) retrieved from /home/airflow/.local/lib/python3.8/site-packages/airflow/example_dags/example_branch_python_dop_operator_3.py
[2021-12-12 08:56:00,861] {logging_mixin.py:109} INFO - [2021-12-12 08:56:00,861] {dag.py:1833} INFO - Sync 1 DAGs
[2021-12-12 08:56:00,896] {logging_mixin.py:109} INFO - [2021-12-12 08:56:00,896] {dag.py:2306} INFO - Setting next_dagrun for example_branch_dop_operator_v3 to 2021-12-10 00:00:00+00:00
[2021-12-12 08:56:00,946] {processor.py:170} INFO - Processing /home/airflow/.local/lib/python3.8/site-packages/airflow/example_dags/example_branch_python_dop_operator_3.py took 0.151 seconds
