[2021-12-12 08:38:51,441] {processor.py:162} INFO - Started process (PID=78) to work on /home/airflow/.local/lib/python3.8/site-packages/airflow/example_dags/example_task_group_decorator.py
[2021-12-12 08:38:51,444] {processor.py:613} INFO - Processing file /home/airflow/.local/lib/python3.8/site-packages/airflow/example_dags/example_task_group_decorator.py for tasks to queue
[2021-12-12 08:38:51,446] {logging_mixin.py:109} INFO - [2021-12-12 08:38:51,446] {dagbag.py:496} INFO - Filling up the DagBag from /home/airflow/.local/lib/python3.8/site-packages/airflow/example_dags/example_task_group_decorator.py
[2021-12-12 08:38:51,492] {processor.py:623} INFO - DAG(s) dict_keys(['example_task_group_decorator']) retrieved from /home/airflow/.local/lib/python3.8/site-packages/airflow/example_dags/example_task_group_decorator.py
[2021-12-12 08:38:54,730] {logging_mixin.py:109} WARNING - /home/airflow/.local/lib/python3.8/site-packages/snowflake/connector/options.py:94 UserWarning: You have an incompatible version of 'pyarrow' installed (3.0.0), please install a version that adheres to: 'pyarrow<5.1.0,>=5.0.0; extra == "pandas"'
[2021-12-12 08:38:54,960] {logging_mixin.py:109} INFO - [2021-12-12 08:38:54,960] {dag.py:1833} INFO - Sync 1 DAGs
[2021-12-12 08:38:54,970] {logging_mixin.py:109} INFO - [2021-12-12 08:38:54,970] {dag.py:1852} INFO - Creating ORM DAG for example_task_group_decorator
[2021-12-12 08:38:54,982] {logging_mixin.py:109} INFO - [2021-12-12 08:38:54,981] {dag.py:2306} INFO - Setting next_dagrun for example_task_group_decorator to 2021-12-10 00:00:00+00:00
[2021-12-12 08:38:55,001] {processor.py:170} INFO - Processing /home/airflow/.local/lib/python3.8/site-packages/airflow/example_dags/example_task_group_decorator.py took 3.567 seconds
[2021-12-12 08:39:42,955] {processor.py:162} INFO - Started process (PID=337) to work on /home/airflow/.local/lib/python3.8/site-packages/airflow/example_dags/example_task_group_decorator.py
[2021-12-12 08:39:42,957] {processor.py:613} INFO - Processing file /home/airflow/.local/lib/python3.8/site-packages/airflow/example_dags/example_task_group_decorator.py for tasks to queue
[2021-12-12 08:39:42,959] {logging_mixin.py:109} INFO - [2021-12-12 08:39:42,959] {dagbag.py:496} INFO - Filling up the DagBag from /home/airflow/.local/lib/python3.8/site-packages/airflow/example_dags/example_task_group_decorator.py
[2021-12-12 08:39:42,985] {processor.py:623} INFO - DAG(s) dict_keys(['example_task_group_decorator']) retrieved from /home/airflow/.local/lib/python3.8/site-packages/airflow/example_dags/example_task_group_decorator.py
[2021-12-12 08:39:43,201] {logging_mixin.py:109} INFO - [2021-12-12 08:39:43,201] {dag.py:1833} INFO - Sync 1 DAGs
[2021-12-12 08:39:43,214] {logging_mixin.py:109} INFO - [2021-12-12 08:39:43,214] {dag.py:2306} INFO - Setting next_dagrun for example_task_group_decorator to 2021-12-10 00:00:00+00:00
[2021-12-12 08:39:43,229] {processor.py:170} INFO - Processing /home/airflow/.local/lib/python3.8/site-packages/airflow/example_dags/example_task_group_decorator.py took 0.278 seconds
[2021-12-12 08:40:13,754] {processor.py:162} INFO - Started process (PID=394) to work on /home/airflow/.local/lib/python3.8/site-packages/airflow/example_dags/example_task_group_decorator.py
[2021-12-12 08:40:13,760] {processor.py:613} INFO - Processing file /home/airflow/.local/lib/python3.8/site-packages/airflow/example_dags/example_task_group_decorator.py for tasks to queue
[2021-12-12 08:40:13,762] {logging_mixin.py:109} INFO - [2021-12-12 08:40:13,762] {dagbag.py:496} INFO - Filling up the DagBag from /home/airflow/.local/lib/python3.8/site-packages/airflow/example_dags/example_task_group_decorator.py
[2021-12-12 08:40:13,813] {processor.py:623} INFO - DAG(s) dict_keys(['example_task_group_decorator']) retrieved from /home/airflow/.local/lib/python3.8/site-packages/airflow/example_dags/example_task_group_decorator.py
[2021-12-12 08:40:14,056] {logging_mixin.py:109} INFO - [2021-12-12 08:40:14,056] {dag.py:1833} INFO - Sync 1 DAGs
[2021-12-12 08:40:14,075] {logging_mixin.py:109} INFO - [2021-12-12 08:40:14,075] {dag.py:2306} INFO - Setting next_dagrun for example_task_group_decorator to 2021-12-10 00:00:00+00:00
[2021-12-12 08:40:14,132] {processor.py:170} INFO - Processing /home/airflow/.local/lib/python3.8/site-packages/airflow/example_dags/example_task_group_decorator.py took 0.383 seconds
[2021-12-12 08:40:44,222] {processor.py:162} INFO - Started process (PID=442) to work on /home/airflow/.local/lib/python3.8/site-packages/airflow/example_dags/example_task_group_decorator.py
[2021-12-12 08:40:44,224] {processor.py:613} INFO - Processing file /home/airflow/.local/lib/python3.8/site-packages/airflow/example_dags/example_task_group_decorator.py for tasks to queue
[2021-12-12 08:40:44,227] {logging_mixin.py:109} INFO - [2021-12-12 08:40:44,227] {dagbag.py:496} INFO - Filling up the DagBag from /home/airflow/.local/lib/python3.8/site-packages/airflow/example_dags/example_task_group_decorator.py
[2021-12-12 08:40:44,251] {processor.py:623} INFO - DAG(s) dict_keys(['example_task_group_decorator']) retrieved from /home/airflow/.local/lib/python3.8/site-packages/airflow/example_dags/example_task_group_decorator.py
[2021-12-12 08:40:44,471] {logging_mixin.py:109} INFO - [2021-12-12 08:40:44,471] {dag.py:1833} INFO - Sync 1 DAGs
[2021-12-12 08:40:44,484] {logging_mixin.py:109} INFO - [2021-12-12 08:40:44,484] {dag.py:2306} INFO - Setting next_dagrun for example_task_group_decorator to 2021-12-10 00:00:00+00:00
[2021-12-12 08:40:44,498] {processor.py:170} INFO - Processing /home/airflow/.local/lib/python3.8/site-packages/airflow/example_dags/example_task_group_decorator.py took 0.279 seconds
[2021-12-12 08:41:14,734] {processor.py:162} INFO - Started process (PID=491) to work on /home/airflow/.local/lib/python3.8/site-packages/airflow/example_dags/example_task_group_decorator.py
[2021-12-12 08:41:14,736] {processor.py:613} INFO - Processing file /home/airflow/.local/lib/python3.8/site-packages/airflow/example_dags/example_task_group_decorator.py for tasks to queue
[2021-12-12 08:41:14,737] {logging_mixin.py:109} INFO - [2021-12-12 08:41:14,737] {dagbag.py:496} INFO - Filling up the DagBag from /home/airflow/.local/lib/python3.8/site-packages/airflow/example_dags/example_task_group_decorator.py
[2021-12-12 08:41:14,768] {processor.py:623} INFO - DAG(s) dict_keys(['example_task_group_decorator']) retrieved from /home/airflow/.local/lib/python3.8/site-packages/airflow/example_dags/example_task_group_decorator.py
[2021-12-12 08:41:15,025] {logging_mixin.py:109} INFO - [2021-12-12 08:41:15,025] {dag.py:1833} INFO - Sync 1 DAGs
[2021-12-12 08:41:15,039] {logging_mixin.py:109} INFO - [2021-12-12 08:41:15,039] {dag.py:2306} INFO - Setting next_dagrun for example_task_group_decorator to 2021-12-10 00:00:00+00:00
[2021-12-12 08:41:15,054] {processor.py:170} INFO - Processing /home/airflow/.local/lib/python3.8/site-packages/airflow/example_dags/example_task_group_decorator.py took 0.325 seconds
[2021-12-12 08:41:45,123] {processor.py:162} INFO - Started process (PID=548) to work on /home/airflow/.local/lib/python3.8/site-packages/airflow/example_dags/example_task_group_decorator.py
[2021-12-12 08:41:45,125] {processor.py:613} INFO - Processing file /home/airflow/.local/lib/python3.8/site-packages/airflow/example_dags/example_task_group_decorator.py for tasks to queue
[2021-12-12 08:41:45,127] {logging_mixin.py:109} INFO - [2021-12-12 08:41:45,126] {dagbag.py:496} INFO - Filling up the DagBag from /home/airflow/.local/lib/python3.8/site-packages/airflow/example_dags/example_task_group_decorator.py
[2021-12-12 08:41:45,155] {processor.py:623} INFO - DAG(s) dict_keys(['example_task_group_decorator']) retrieved from /home/airflow/.local/lib/python3.8/site-packages/airflow/example_dags/example_task_group_decorator.py
[2021-12-12 08:41:45,406] {logging_mixin.py:109} INFO - [2021-12-12 08:41:45,406] {dag.py:1833} INFO - Sync 1 DAGs
[2021-12-12 08:41:45,422] {logging_mixin.py:109} INFO - [2021-12-12 08:41:45,422] {dag.py:2306} INFO - Setting next_dagrun for example_task_group_decorator to 2021-12-10 00:00:00+00:00
[2021-12-12 08:41:45,441] {processor.py:170} INFO - Processing /home/airflow/.local/lib/python3.8/site-packages/airflow/example_dags/example_task_group_decorator.py took 0.323 seconds
[2021-12-12 08:42:16,190] {processor.py:162} INFO - Started process (PID=599) to work on /home/airflow/.local/lib/python3.8/site-packages/airflow/example_dags/example_task_group_decorator.py
[2021-12-12 08:42:16,192] {processor.py:613} INFO - Processing file /home/airflow/.local/lib/python3.8/site-packages/airflow/example_dags/example_task_group_decorator.py for tasks to queue
[2021-12-12 08:42:16,194] {logging_mixin.py:109} INFO - [2021-12-12 08:42:16,194] {dagbag.py:496} INFO - Filling up the DagBag from /home/airflow/.local/lib/python3.8/site-packages/airflow/example_dags/example_task_group_decorator.py
[2021-12-12 08:42:16,220] {processor.py:623} INFO - DAG(s) dict_keys(['example_task_group_decorator']) retrieved from /home/airflow/.local/lib/python3.8/site-packages/airflow/example_dags/example_task_group_decorator.py
[2021-12-12 08:42:16,428] {logging_mixin.py:109} INFO - [2021-12-12 08:42:16,428] {dag.py:1833} INFO - Sync 1 DAGs
[2021-12-12 08:42:16,440] {logging_mixin.py:109} INFO - [2021-12-12 08:42:16,440] {dag.py:2306} INFO - Setting next_dagrun for example_task_group_decorator to 2021-12-10 00:00:00+00:00
[2021-12-12 08:42:16,454] {processor.py:170} INFO - Processing /home/airflow/.local/lib/python3.8/site-packages/airflow/example_dags/example_task_group_decorator.py took 0.267 seconds
[2021-12-12 08:42:46,926] {processor.py:162} INFO - Started process (PID=658) to work on /home/airflow/.local/lib/python3.8/site-packages/airflow/example_dags/example_task_group_decorator.py
[2021-12-12 08:42:46,930] {processor.py:613} INFO - Processing file /home/airflow/.local/lib/python3.8/site-packages/airflow/example_dags/example_task_group_decorator.py for tasks to queue
[2021-12-12 08:42:46,932] {logging_mixin.py:109} INFO - [2021-12-12 08:42:46,932] {dagbag.py:496} INFO - Filling up the DagBag from /home/airflow/.local/lib/python3.8/site-packages/airflow/example_dags/example_task_group_decorator.py
[2021-12-12 08:42:46,974] {processor.py:623} INFO - DAG(s) dict_keys(['example_task_group_decorator']) retrieved from /home/airflow/.local/lib/python3.8/site-packages/airflow/example_dags/example_task_group_decorator.py
[2021-12-12 08:42:47,239] {logging_mixin.py:109} INFO - [2021-12-12 08:42:47,239] {dag.py:1833} INFO - Sync 1 DAGs
[2021-12-12 08:42:47,254] {logging_mixin.py:109} INFO - [2021-12-12 08:42:47,254] {dag.py:2306} INFO - Setting next_dagrun for example_task_group_decorator to 2021-12-10 00:00:00+00:00
[2021-12-12 08:42:47,271] {processor.py:170} INFO - Processing /home/airflow/.local/lib/python3.8/site-packages/airflow/example_dags/example_task_group_decorator.py took 0.349 seconds
[2021-12-12 08:43:17,907] {processor.py:162} INFO - Started process (PID=706) to work on /home/airflow/.local/lib/python3.8/site-packages/airflow/example_dags/example_task_group_decorator.py
[2021-12-12 08:43:17,912] {processor.py:613} INFO - Processing file /home/airflow/.local/lib/python3.8/site-packages/airflow/example_dags/example_task_group_decorator.py for tasks to queue
[2021-12-12 08:43:17,913] {logging_mixin.py:109} INFO - [2021-12-12 08:43:17,913] {dagbag.py:496} INFO - Filling up the DagBag from /home/airflow/.local/lib/python3.8/site-packages/airflow/example_dags/example_task_group_decorator.py
[2021-12-12 08:43:17,945] {processor.py:623} INFO - DAG(s) dict_keys(['example_task_group_decorator']) retrieved from /home/airflow/.local/lib/python3.8/site-packages/airflow/example_dags/example_task_group_decorator.py
[2021-12-12 08:43:18,210] {logging_mixin.py:109} INFO - [2021-12-12 08:43:18,210] {dag.py:1833} INFO - Sync 1 DAGs
[2021-12-12 08:43:18,226] {logging_mixin.py:109} INFO - [2021-12-12 08:43:18,226] {dag.py:2306} INFO - Setting next_dagrun for example_task_group_decorator to 2021-12-10 00:00:00+00:00
[2021-12-12 08:43:18,246] {processor.py:170} INFO - Processing /home/airflow/.local/lib/python3.8/site-packages/airflow/example_dags/example_task_group_decorator.py took 0.344 seconds
[2021-12-12 08:43:48,432] {processor.py:162} INFO - Started process (PID=764) to work on /home/airflow/.local/lib/python3.8/site-packages/airflow/example_dags/example_task_group_decorator.py
[2021-12-12 08:43:48,434] {processor.py:613} INFO - Processing file /home/airflow/.local/lib/python3.8/site-packages/airflow/example_dags/example_task_group_decorator.py for tasks to queue
[2021-12-12 08:43:48,435] {logging_mixin.py:109} INFO - [2021-12-12 08:43:48,435] {dagbag.py:496} INFO - Filling up the DagBag from /home/airflow/.local/lib/python3.8/site-packages/airflow/example_dags/example_task_group_decorator.py
[2021-12-12 08:43:48,472] {processor.py:623} INFO - DAG(s) dict_keys(['example_task_group_decorator']) retrieved from /home/airflow/.local/lib/python3.8/site-packages/airflow/example_dags/example_task_group_decorator.py
[2021-12-12 08:43:48,743] {logging_mixin.py:109} INFO - [2021-12-12 08:43:48,743] {dag.py:1833} INFO - Sync 1 DAGs
[2021-12-12 08:43:48,768] {logging_mixin.py:109} INFO - [2021-12-12 08:43:48,767] {dag.py:2306} INFO - Setting next_dagrun for example_task_group_decorator to 2021-12-10 00:00:00+00:00
[2021-12-12 08:43:48,787] {processor.py:170} INFO - Processing /home/airflow/.local/lib/python3.8/site-packages/airflow/example_dags/example_task_group_decorator.py took 0.360 seconds
[2021-12-12 08:44:18,902] {processor.py:162} INFO - Started process (PID=812) to work on /home/airflow/.local/lib/python3.8/site-packages/airflow/example_dags/example_task_group_decorator.py
[2021-12-12 08:44:18,903] {processor.py:613} INFO - Processing file /home/airflow/.local/lib/python3.8/site-packages/airflow/example_dags/example_task_group_decorator.py for tasks to queue
[2021-12-12 08:44:18,905] {logging_mixin.py:109} INFO - [2021-12-12 08:44:18,905] {dagbag.py:496} INFO - Filling up the DagBag from /home/airflow/.local/lib/python3.8/site-packages/airflow/example_dags/example_task_group_decorator.py
[2021-12-12 08:44:18,926] {processor.py:623} INFO - DAG(s) dict_keys(['example_task_group_decorator']) retrieved from /home/airflow/.local/lib/python3.8/site-packages/airflow/example_dags/example_task_group_decorator.py
[2021-12-12 08:44:19,108] {logging_mixin.py:109} INFO - [2021-12-12 08:44:19,108] {dag.py:1833} INFO - Sync 1 DAGs
[2021-12-12 08:44:19,119] {logging_mixin.py:109} INFO - [2021-12-12 08:44:19,119] {dag.py:2306} INFO - Setting next_dagrun for example_task_group_decorator to 2021-12-10 00:00:00+00:00
[2021-12-12 08:44:19,132] {processor.py:170} INFO - Processing /home/airflow/.local/lib/python3.8/site-packages/airflow/example_dags/example_task_group_decorator.py took 0.234 seconds
[2021-12-12 08:52:23,966] {processor.py:162} INFO - Started process (PID=55) to work on /home/airflow/.local/lib/python3.8/site-packages/airflow/example_dags/example_task_group_decorator.py
[2021-12-12 08:52:23,969] {processor.py:613} INFO - Processing file /home/airflow/.local/lib/python3.8/site-packages/airflow/example_dags/example_task_group_decorator.py for tasks to queue
[2021-12-12 08:52:23,971] {logging_mixin.py:109} INFO - [2021-12-12 08:52:23,970] {dagbag.py:496} INFO - Filling up the DagBag from /home/airflow/.local/lib/python3.8/site-packages/airflow/example_dags/example_task_group_decorator.py
[2021-12-12 08:52:24,009] {processor.py:623} INFO - DAG(s) dict_keys(['example_task_group_decorator']) retrieved from /home/airflow/.local/lib/python3.8/site-packages/airflow/example_dags/example_task_group_decorator.py
[2021-12-12 08:52:24,663] {logging_mixin.py:109} INFO - [2021-12-12 08:52:24,663] {dag.py:1833} INFO - Sync 1 DAGs
[2021-12-12 08:52:24,696] {logging_mixin.py:109} INFO - [2021-12-12 08:52:24,696] {dag.py:2306} INFO - Setting next_dagrun for example_task_group_decorator to 2021-12-10 00:00:00+00:00
[2021-12-12 08:52:24,712] {processor.py:170} INFO - Processing /home/airflow/.local/lib/python3.8/site-packages/airflow/example_dags/example_task_group_decorator.py took 0.752 seconds
[2021-12-12 08:52:54,785] {processor.py:162} INFO - Started process (PID=105) to work on /home/airflow/.local/lib/python3.8/site-packages/airflow/example_dags/example_task_group_decorator.py
[2021-12-12 08:52:54,788] {processor.py:613} INFO - Processing file /home/airflow/.local/lib/python3.8/site-packages/airflow/example_dags/example_task_group_decorator.py for tasks to queue
[2021-12-12 08:52:54,790] {logging_mixin.py:109} INFO - [2021-12-12 08:52:54,789] {dagbag.py:496} INFO - Filling up the DagBag from /home/airflow/.local/lib/python3.8/site-packages/airflow/example_dags/example_task_group_decorator.py
[2021-12-12 08:52:54,817] {processor.py:623} INFO - DAG(s) dict_keys(['example_task_group_decorator']) retrieved from /home/airflow/.local/lib/python3.8/site-packages/airflow/example_dags/example_task_group_decorator.py
[2021-12-12 08:52:55,011] {logging_mixin.py:109} INFO - [2021-12-12 08:52:55,011] {dag.py:1833} INFO - Sync 1 DAGs
[2021-12-12 08:52:55,024] {logging_mixin.py:109} INFO - [2021-12-12 08:52:55,023] {dag.py:2306} INFO - Setting next_dagrun for example_task_group_decorator to 2021-12-10 00:00:00+00:00
[2021-12-12 08:52:55,038] {processor.py:170} INFO - Processing /home/airflow/.local/lib/python3.8/site-packages/airflow/example_dags/example_task_group_decorator.py took 0.258 seconds
[2021-12-12 08:53:25,300] {processor.py:162} INFO - Started process (PID=163) to work on /home/airflow/.local/lib/python3.8/site-packages/airflow/example_dags/example_task_group_decorator.py
[2021-12-12 08:53:25,303] {processor.py:613} INFO - Processing file /home/airflow/.local/lib/python3.8/site-packages/airflow/example_dags/example_task_group_decorator.py for tasks to queue
[2021-12-12 08:53:25,305] {logging_mixin.py:109} INFO - [2021-12-12 08:53:25,305] {dagbag.py:496} INFO - Filling up the DagBag from /home/airflow/.local/lib/python3.8/site-packages/airflow/example_dags/example_task_group_decorator.py
[2021-12-12 08:53:25,331] {processor.py:623} INFO - DAG(s) dict_keys(['example_task_group_decorator']) retrieved from /home/airflow/.local/lib/python3.8/site-packages/airflow/example_dags/example_task_group_decorator.py
[2021-12-12 08:53:25,869] {logging_mixin.py:109} INFO - [2021-12-12 08:53:25,869] {dag.py:1833} INFO - Sync 1 DAGs
[2021-12-12 08:53:25,885] {logging_mixin.py:109} INFO - [2021-12-12 08:53:25,885] {dag.py:2306} INFO - Setting next_dagrun for example_task_group_decorator to 2021-12-10 00:00:00+00:00
[2021-12-12 08:53:25,906] {processor.py:170} INFO - Processing /home/airflow/.local/lib/python3.8/site-packages/airflow/example_dags/example_task_group_decorator.py took 0.609 seconds
[2021-12-12 08:53:56,344] {processor.py:162} INFO - Started process (PID=220) to work on /home/airflow/.local/lib/python3.8/site-packages/airflow/example_dags/example_task_group_decorator.py
[2021-12-12 08:53:56,365] {processor.py:613} INFO - Processing file /home/airflow/.local/lib/python3.8/site-packages/airflow/example_dags/example_task_group_decorator.py for tasks to queue
[2021-12-12 08:53:56,366] {logging_mixin.py:109} INFO - [2021-12-12 08:53:56,366] {dagbag.py:496} INFO - Filling up the DagBag from /home/airflow/.local/lib/python3.8/site-packages/airflow/example_dags/example_task_group_decorator.py
[2021-12-12 08:53:56,392] {processor.py:623} INFO - DAG(s) dict_keys(['example_task_group_decorator']) retrieved from /home/airflow/.local/lib/python3.8/site-packages/airflow/example_dags/example_task_group_decorator.py
[2021-12-12 08:53:56,605] {logging_mixin.py:109} INFO - [2021-12-12 08:53:56,604] {dag.py:1833} INFO - Sync 1 DAGs
[2021-12-12 08:53:56,619] {logging_mixin.py:109} INFO - [2021-12-12 08:53:56,619] {dag.py:2306} INFO - Setting next_dagrun for example_task_group_decorator to 2021-12-10 00:00:00+00:00
[2021-12-12 08:53:56,631] {processor.py:170} INFO - Processing /home/airflow/.local/lib/python3.8/site-packages/airflow/example_dags/example_task_group_decorator.py took 0.291 seconds
[2021-12-12 08:54:26,940] {processor.py:162} INFO - Started process (PID=270) to work on /home/airflow/.local/lib/python3.8/site-packages/airflow/example_dags/example_task_group_decorator.py
[2021-12-12 08:54:26,942] {processor.py:613} INFO - Processing file /home/airflow/.local/lib/python3.8/site-packages/airflow/example_dags/example_task_group_decorator.py for tasks to queue
[2021-12-12 08:54:26,944] {logging_mixin.py:109} INFO - [2021-12-12 08:54:26,943] {dagbag.py:496} INFO - Filling up the DagBag from /home/airflow/.local/lib/python3.8/site-packages/airflow/example_dags/example_task_group_decorator.py
[2021-12-12 08:54:26,968] {processor.py:623} INFO - DAG(s) dict_keys(['example_task_group_decorator']) retrieved from /home/airflow/.local/lib/python3.8/site-packages/airflow/example_dags/example_task_group_decorator.py
[2021-12-12 08:54:27,178] {logging_mixin.py:109} INFO - [2021-12-12 08:54:27,178] {dag.py:1833} INFO - Sync 1 DAGs
[2021-12-12 08:54:27,188] {logging_mixin.py:109} INFO - [2021-12-12 08:54:27,188] {dag.py:2306} INFO - Setting next_dagrun for example_task_group_decorator to 2021-12-10 00:00:00+00:00
[2021-12-12 08:54:27,198] {processor.py:170} INFO - Processing /home/airflow/.local/lib/python3.8/site-packages/airflow/example_dags/example_task_group_decorator.py took 0.262 seconds
[2021-12-12 08:54:57,366] {processor.py:162} INFO - Started process (PID=327) to work on /home/airflow/.local/lib/python3.8/site-packages/airflow/example_dags/example_task_group_decorator.py
[2021-12-12 08:54:57,368] {processor.py:613} INFO - Processing file /home/airflow/.local/lib/python3.8/site-packages/airflow/example_dags/example_task_group_decorator.py for tasks to queue
[2021-12-12 08:54:57,370] {logging_mixin.py:109} INFO - [2021-12-12 08:54:57,370] {dagbag.py:496} INFO - Filling up the DagBag from /home/airflow/.local/lib/python3.8/site-packages/airflow/example_dags/example_task_group_decorator.py
[2021-12-12 08:54:57,397] {processor.py:623} INFO - DAG(s) dict_keys(['example_task_group_decorator']) retrieved from /home/airflow/.local/lib/python3.8/site-packages/airflow/example_dags/example_task_group_decorator.py
[2021-12-12 08:54:57,602] {logging_mixin.py:109} INFO - [2021-12-12 08:54:57,602] {dag.py:1833} INFO - Sync 1 DAGs
[2021-12-12 08:54:57,611] {logging_mixin.py:109} INFO - [2021-12-12 08:54:57,611] {dag.py:2306} INFO - Setting next_dagrun for example_task_group_decorator to 2021-12-10 00:00:00+00:00
[2021-12-12 08:54:57,620] {processor.py:170} INFO - Processing /home/airflow/.local/lib/python3.8/site-packages/airflow/example_dags/example_task_group_decorator.py took 0.258 seconds
[2021-12-12 08:55:27,666] {processor.py:162} INFO - Started process (PID=377) to work on /home/airflow/.local/lib/python3.8/site-packages/airflow/example_dags/example_task_group_decorator.py
[2021-12-12 08:55:27,670] {processor.py:613} INFO - Processing file /home/airflow/.local/lib/python3.8/site-packages/airflow/example_dags/example_task_group_decorator.py for tasks to queue
[2021-12-12 08:55:27,672] {logging_mixin.py:109} INFO - [2021-12-12 08:55:27,672] {dagbag.py:496} INFO - Filling up the DagBag from /home/airflow/.local/lib/python3.8/site-packages/airflow/example_dags/example_task_group_decorator.py
[2021-12-12 08:55:27,734] {processor.py:623} INFO - DAG(s) dict_keys(['example_task_group_decorator']) retrieved from /home/airflow/.local/lib/python3.8/site-packages/airflow/example_dags/example_task_group_decorator.py
[2021-12-12 08:55:28,092] {logging_mixin.py:109} INFO - [2021-12-12 08:55:28,092] {dag.py:1833} INFO - Sync 1 DAGs
[2021-12-12 08:55:28,106] {logging_mixin.py:109} INFO - [2021-12-12 08:55:28,106] {dag.py:2306} INFO - Setting next_dagrun for example_task_group_decorator to 2021-12-10 00:00:00+00:00
[2021-12-12 08:55:28,120] {processor.py:170} INFO - Processing /home/airflow/.local/lib/python3.8/site-packages/airflow/example_dags/example_task_group_decorator.py took 0.462 seconds
[2021-12-12 08:55:58,262] {processor.py:162} INFO - Started process (PID=434) to work on /home/airflow/.local/lib/python3.8/site-packages/airflow/example_dags/example_task_group_decorator.py
[2021-12-12 08:55:58,273] {processor.py:613} INFO - Processing file /home/airflow/.local/lib/python3.8/site-packages/airflow/example_dags/example_task_group_decorator.py for tasks to queue
[2021-12-12 08:55:58,277] {logging_mixin.py:109} INFO - [2021-12-12 08:55:58,276] {dagbag.py:496} INFO - Filling up the DagBag from /home/airflow/.local/lib/python3.8/site-packages/airflow/example_dags/example_task_group_decorator.py
[2021-12-12 08:55:58,322] {processor.py:623} INFO - DAG(s) dict_keys(['example_task_group_decorator']) retrieved from /home/airflow/.local/lib/python3.8/site-packages/airflow/example_dags/example_task_group_decorator.py
[2021-12-12 08:55:58,754] {logging_mixin.py:109} INFO - [2021-12-12 08:55:58,754] {dag.py:1833} INFO - Sync 1 DAGs
[2021-12-12 08:55:58,786] {logging_mixin.py:109} INFO - [2021-12-12 08:55:58,786] {dag.py:2306} INFO - Setting next_dagrun for example_task_group_decorator to 2021-12-10 00:00:00+00:00
[2021-12-12 08:55:58,814] {processor.py:170} INFO - Processing /home/airflow/.local/lib/python3.8/site-packages/airflow/example_dags/example_task_group_decorator.py took 0.557 seconds
