[2021-12-12 08:38:55,146] {processor.py:162} INFO - Started process (PID=95) to work on /home/airflow/.local/lib/python3.8/site-packages/airflow/example_dags/example_nested_branch_dag.py
[2021-12-12 08:38:55,149] {processor.py:613} INFO - Processing file /home/airflow/.local/lib/python3.8/site-packages/airflow/example_dags/example_nested_branch_dag.py for tasks to queue
[2021-12-12 08:38:55,150] {logging_mixin.py:109} INFO - [2021-12-12 08:38:55,150] {dagbag.py:496} INFO - Filling up the DagBag from /home/airflow/.local/lib/python3.8/site-packages/airflow/example_dags/example_nested_branch_dag.py
[2021-12-12 08:38:55,168] {processor.py:623} INFO - DAG(s) dict_keys(['example_nested_branch_dag']) retrieved from /home/airflow/.local/lib/python3.8/site-packages/airflow/example_dags/example_nested_branch_dag.py
[2021-12-12 08:38:58,014] {logging_mixin.py:109} WARNING - /home/airflow/.local/lib/python3.8/site-packages/snowflake/connector/options.py:94 UserWarning: You have an incompatible version of 'pyarrow' installed (3.0.0), please install a version that adheres to: 'pyarrow<5.1.0,>=5.0.0; extra == "pandas"'
[2021-12-12 08:38:58,439] {logging_mixin.py:109} INFO - [2021-12-12 08:38:58,438] {dag.py:1833} INFO - Sync 1 DAGs
[2021-12-12 08:38:58,448] {logging_mixin.py:109} INFO - [2021-12-12 08:38:58,447] {dag.py:1852} INFO - Creating ORM DAG for example_nested_branch_dag
[2021-12-12 08:38:58,460] {logging_mixin.py:109} INFO - [2021-12-12 08:38:58,460] {dag.py:2306} INFO - Setting next_dagrun for example_nested_branch_dag to 2021-12-10 00:00:00+00:00
[2021-12-12 08:38:58,476] {processor.py:170} INFO - Processing /home/airflow/.local/lib/python3.8/site-packages/airflow/example_dags/example_nested_branch_dag.py took 3.339 seconds
[2021-12-12 08:39:43,472] {processor.py:162} INFO - Started process (PID=340) to work on /home/airflow/.local/lib/python3.8/site-packages/airflow/example_dags/example_nested_branch_dag.py
[2021-12-12 08:39:43,474] {processor.py:613} INFO - Processing file /home/airflow/.local/lib/python3.8/site-packages/airflow/example_dags/example_nested_branch_dag.py for tasks to queue
[2021-12-12 08:39:43,476] {logging_mixin.py:109} INFO - [2021-12-12 08:39:43,475] {dagbag.py:496} INFO - Filling up the DagBag from /home/airflow/.local/lib/python3.8/site-packages/airflow/example_dags/example_nested_branch_dag.py
[2021-12-12 08:39:43,494] {processor.py:623} INFO - DAG(s) dict_keys(['example_nested_branch_dag']) retrieved from /home/airflow/.local/lib/python3.8/site-packages/airflow/example_dags/example_nested_branch_dag.py
[2021-12-12 08:39:43,523] {logging_mixin.py:109} INFO - [2021-12-12 08:39:43,523] {dag.py:1833} INFO - Sync 1 DAGs
[2021-12-12 08:39:43,542] {logging_mixin.py:109} INFO - [2021-12-12 08:39:43,542] {dag.py:2306} INFO - Setting next_dagrun for example_nested_branch_dag to 2021-12-10 00:00:00+00:00
[2021-12-12 08:39:43,534] {processor.py:170} INFO - Processing /home/airflow/.local/lib/python3.8/site-packages/airflow/example_dags/example_nested_branch_dag.py took 0.089 seconds
[2021-12-12 08:40:14,268] {processor.py:162} INFO - Started process (PID=397) to work on /home/airflow/.local/lib/python3.8/site-packages/airflow/example_dags/example_nested_branch_dag.py
[2021-12-12 08:40:14,271] {processor.py:613} INFO - Processing file /home/airflow/.local/lib/python3.8/site-packages/airflow/example_dags/example_nested_branch_dag.py for tasks to queue
[2021-12-12 08:40:14,272] {logging_mixin.py:109} INFO - [2021-12-12 08:40:14,272] {dagbag.py:496} INFO - Filling up the DagBag from /home/airflow/.local/lib/python3.8/site-packages/airflow/example_dags/example_nested_branch_dag.py
[2021-12-12 08:40:14,292] {processor.py:623} INFO - DAG(s) dict_keys(['example_nested_branch_dag']) retrieved from /home/airflow/.local/lib/python3.8/site-packages/airflow/example_dags/example_nested_branch_dag.py
[2021-12-12 08:40:14,326] {logging_mixin.py:109} INFO - [2021-12-12 08:40:14,326] {dag.py:1833} INFO - Sync 1 DAGs
[2021-12-12 08:40:14,349] {logging_mixin.py:109} INFO - [2021-12-12 08:40:14,349] {dag.py:2306} INFO - Setting next_dagrun for example_nested_branch_dag to 2021-12-10 00:00:00+00:00
[2021-12-12 08:40:14,366] {processor.py:170} INFO - Processing /home/airflow/.local/lib/python3.8/site-packages/airflow/example_dags/example_nested_branch_dag.py took 0.103 seconds
[2021-12-12 08:40:44,638] {processor.py:162} INFO - Started process (PID=445) to work on /home/airflow/.local/lib/python3.8/site-packages/airflow/example_dags/example_nested_branch_dag.py
[2021-12-12 08:40:44,640] {processor.py:613} INFO - Processing file /home/airflow/.local/lib/python3.8/site-packages/airflow/example_dags/example_nested_branch_dag.py for tasks to queue
[2021-12-12 08:40:44,642] {logging_mixin.py:109} INFO - [2021-12-12 08:40:44,641] {dagbag.py:496} INFO - Filling up the DagBag from /home/airflow/.local/lib/python3.8/site-packages/airflow/example_dags/example_nested_branch_dag.py
[2021-12-12 08:40:44,659] {processor.py:623} INFO - DAG(s) dict_keys(['example_nested_branch_dag']) retrieved from /home/airflow/.local/lib/python3.8/site-packages/airflow/example_dags/example_nested_branch_dag.py
[2021-12-12 08:40:44,686] {logging_mixin.py:109} INFO - [2021-12-12 08:40:44,686] {dag.py:1833} INFO - Sync 1 DAGs
[2021-12-12 08:40:44,710] {logging_mixin.py:109} INFO - [2021-12-12 08:40:44,710] {dag.py:2306} INFO - Setting next_dagrun for example_nested_branch_dag to 2021-12-10 00:00:00+00:00
[2021-12-12 08:40:44,722] {processor.py:170} INFO - Processing /home/airflow/.local/lib/python3.8/site-packages/airflow/example_dags/example_nested_branch_dag.py took 0.088 seconds
[2021-12-12 08:41:15,157] {processor.py:162} INFO - Started process (PID=494) to work on /home/airflow/.local/lib/python3.8/site-packages/airflow/example_dags/example_nested_branch_dag.py
[2021-12-12 08:41:15,160] {processor.py:613} INFO - Processing file /home/airflow/.local/lib/python3.8/site-packages/airflow/example_dags/example_nested_branch_dag.py for tasks to queue
[2021-12-12 08:41:15,162] {logging_mixin.py:109} INFO - [2021-12-12 08:41:15,162] {dagbag.py:496} INFO - Filling up the DagBag from /home/airflow/.local/lib/python3.8/site-packages/airflow/example_dags/example_nested_branch_dag.py
[2021-12-12 08:41:15,179] {processor.py:623} INFO - DAG(s) dict_keys(['example_nested_branch_dag']) retrieved from /home/airflow/.local/lib/python3.8/site-packages/airflow/example_dags/example_nested_branch_dag.py
[2021-12-12 08:41:15,205] {logging_mixin.py:109} INFO - [2021-12-12 08:41:15,205] {dag.py:1833} INFO - Sync 1 DAGs
[2021-12-12 08:41:15,224] {logging_mixin.py:109} INFO - [2021-12-12 08:41:15,224] {dag.py:2306} INFO - Setting next_dagrun for example_nested_branch_dag to 2021-12-10 00:00:00+00:00
[2021-12-12 08:41:15,237] {processor.py:170} INFO - Processing /home/airflow/.local/lib/python3.8/site-packages/airflow/example_dags/example_nested_branch_dag.py took 0.084 seconds
[2021-12-12 08:41:45,588] {processor.py:162} INFO - Started process (PID=551) to work on /home/airflow/.local/lib/python3.8/site-packages/airflow/example_dags/example_nested_branch_dag.py
[2021-12-12 08:41:45,591] {processor.py:613} INFO - Processing file /home/airflow/.local/lib/python3.8/site-packages/airflow/example_dags/example_nested_branch_dag.py for tasks to queue
[2021-12-12 08:41:45,593] {logging_mixin.py:109} INFO - [2021-12-12 08:41:45,593] {dagbag.py:496} INFO - Filling up the DagBag from /home/airflow/.local/lib/python3.8/site-packages/airflow/example_dags/example_nested_branch_dag.py
[2021-12-12 08:41:45,612] {processor.py:623} INFO - DAG(s) dict_keys(['example_nested_branch_dag']) retrieved from /home/airflow/.local/lib/python3.8/site-packages/airflow/example_dags/example_nested_branch_dag.py
[2021-12-12 08:41:45,653] {logging_mixin.py:109} INFO - [2021-12-12 08:41:45,653] {dag.py:1833} INFO - Sync 1 DAGs
[2021-12-12 08:41:45,675] {logging_mixin.py:109} INFO - [2021-12-12 08:41:45,675] {dag.py:2306} INFO - Setting next_dagrun for example_nested_branch_dag to 2021-12-10 00:00:00+00:00
[2021-12-12 08:41:45,691] {processor.py:170} INFO - Processing /home/airflow/.local/lib/python3.8/site-packages/airflow/example_dags/example_nested_branch_dag.py took 0.107 seconds
[2021-12-12 08:42:16,564] {processor.py:162} INFO - Started process (PID=602) to work on /home/airflow/.local/lib/python3.8/site-packages/airflow/example_dags/example_nested_branch_dag.py
[2021-12-12 08:42:16,566] {processor.py:613} INFO - Processing file /home/airflow/.local/lib/python3.8/site-packages/airflow/example_dags/example_nested_branch_dag.py for tasks to queue
[2021-12-12 08:42:16,567] {logging_mixin.py:109} INFO - [2021-12-12 08:42:16,567] {dagbag.py:496} INFO - Filling up the DagBag from /home/airflow/.local/lib/python3.8/site-packages/airflow/example_dags/example_nested_branch_dag.py
[2021-12-12 08:42:16,585] {processor.py:623} INFO - DAG(s) dict_keys(['example_nested_branch_dag']) retrieved from /home/airflow/.local/lib/python3.8/site-packages/airflow/example_dags/example_nested_branch_dag.py
[2021-12-12 08:42:16,617] {logging_mixin.py:109} INFO - [2021-12-12 08:42:16,617] {dag.py:1833} INFO - Sync 1 DAGs
[2021-12-12 08:42:16,635] {logging_mixin.py:109} INFO - [2021-12-12 08:42:16,635] {dag.py:2306} INFO - Setting next_dagrun for example_nested_branch_dag to 2021-12-10 00:00:00+00:00
[2021-12-12 08:42:16,647] {processor.py:170} INFO - Processing /home/airflow/.local/lib/python3.8/site-packages/airflow/example_dags/example_nested_branch_dag.py took 0.087 seconds
[2021-12-12 08:42:47,446] {processor.py:162} INFO - Started process (PID=661) to work on /home/airflow/.local/lib/python3.8/site-packages/airflow/example_dags/example_nested_branch_dag.py
[2021-12-12 08:42:47,455] {processor.py:613} INFO - Processing file /home/airflow/.local/lib/python3.8/site-packages/airflow/example_dags/example_nested_branch_dag.py for tasks to queue
[2021-12-12 08:42:47,467] {logging_mixin.py:109} INFO - [2021-12-12 08:42:47,466] {dagbag.py:496} INFO - Filling up the DagBag from /home/airflow/.local/lib/python3.8/site-packages/airflow/example_dags/example_nested_branch_dag.py
[2021-12-12 08:42:47,500] {processor.py:623} INFO - DAG(s) dict_keys(['example_nested_branch_dag']) retrieved from /home/airflow/.local/lib/python3.8/site-packages/airflow/example_dags/example_nested_branch_dag.py
[2021-12-12 08:42:47,538] {logging_mixin.py:109} INFO - [2021-12-12 08:42:47,538] {dag.py:1833} INFO - Sync 1 DAGs
[2021-12-12 08:42:47,565] {logging_mixin.py:109} INFO - [2021-12-12 08:42:47,565] {dag.py:2306} INFO - Setting next_dagrun for example_nested_branch_dag to 2021-12-10 00:00:00+00:00
[2021-12-12 08:42:47,579] {processor.py:170} INFO - Processing /home/airflow/.local/lib/python3.8/site-packages/airflow/example_dags/example_nested_branch_dag.py took 0.136 seconds
[2021-12-12 08:43:18,414] {processor.py:162} INFO - Started process (PID=709) to work on /home/airflow/.local/lib/python3.8/site-packages/airflow/example_dags/example_nested_branch_dag.py
[2021-12-12 08:43:18,417] {processor.py:613} INFO - Processing file /home/airflow/.local/lib/python3.8/site-packages/airflow/example_dags/example_nested_branch_dag.py for tasks to queue
[2021-12-12 08:43:18,418] {logging_mixin.py:109} INFO - [2021-12-12 08:43:18,418] {dagbag.py:496} INFO - Filling up the DagBag from /home/airflow/.local/lib/python3.8/site-packages/airflow/example_dags/example_nested_branch_dag.py
[2021-12-12 08:43:18,441] {processor.py:623} INFO - DAG(s) dict_keys(['example_nested_branch_dag']) retrieved from /home/airflow/.local/lib/python3.8/site-packages/airflow/example_dags/example_nested_branch_dag.py
[2021-12-12 08:43:18,472] {logging_mixin.py:109} INFO - [2021-12-12 08:43:18,471] {dag.py:1833} INFO - Sync 1 DAGs
[2021-12-12 08:43:18,500] {logging_mixin.py:109} INFO - [2021-12-12 08:43:18,500] {dag.py:2306} INFO - Setting next_dagrun for example_nested_branch_dag to 2021-12-10 00:00:00+00:00
[2021-12-12 08:43:18,514] {processor.py:170} INFO - Processing /home/airflow/.local/lib/python3.8/site-packages/airflow/example_dags/example_nested_branch_dag.py took 0.105 seconds
[2021-12-12 08:43:48,917] {processor.py:162} INFO - Started process (PID=767) to work on /home/airflow/.local/lib/python3.8/site-packages/airflow/example_dags/example_nested_branch_dag.py
[2021-12-12 08:43:48,920] {processor.py:613} INFO - Processing file /home/airflow/.local/lib/python3.8/site-packages/airflow/example_dags/example_nested_branch_dag.py for tasks to queue
[2021-12-12 08:43:48,922] {logging_mixin.py:109} INFO - [2021-12-12 08:43:48,922] {dagbag.py:496} INFO - Filling up the DagBag from /home/airflow/.local/lib/python3.8/site-packages/airflow/example_dags/example_nested_branch_dag.py
[2021-12-12 08:43:48,940] {processor.py:623} INFO - DAG(s) dict_keys(['example_nested_branch_dag']) retrieved from /home/airflow/.local/lib/python3.8/site-packages/airflow/example_dags/example_nested_branch_dag.py
[2021-12-12 08:43:48,970] {logging_mixin.py:109} INFO - [2021-12-12 08:43:48,970] {dag.py:1833} INFO - Sync 1 DAGs
[2021-12-12 08:43:48,991] {logging_mixin.py:109} INFO - [2021-12-12 08:43:48,991] {dag.py:2306} INFO - Setting next_dagrun for example_nested_branch_dag to 2021-12-10 00:00:00+00:00
[2021-12-12 08:43:49,004] {processor.py:170} INFO - Processing /home/airflow/.local/lib/python3.8/site-packages/airflow/example_dags/example_nested_branch_dag.py took 0.092 seconds
[2021-12-12 08:44:19,155] {processor.py:162} INFO - Started process (PID=815) to work on /home/airflow/.local/lib/python3.8/site-packages/airflow/example_dags/example_nested_branch_dag.py
[2021-12-12 08:44:19,157] {processor.py:613} INFO - Processing file /home/airflow/.local/lib/python3.8/site-packages/airflow/example_dags/example_nested_branch_dag.py for tasks to queue
[2021-12-12 08:44:19,159] {logging_mixin.py:109} INFO - [2021-12-12 08:44:19,158] {dagbag.py:496} INFO - Filling up the DagBag from /home/airflow/.local/lib/python3.8/site-packages/airflow/example_dags/example_nested_branch_dag.py
[2021-12-12 08:44:19,172] {processor.py:623} INFO - DAG(s) dict_keys(['example_nested_branch_dag']) retrieved from /home/airflow/.local/lib/python3.8/site-packages/airflow/example_dags/example_nested_branch_dag.py
[2021-12-12 08:44:19,196] {logging_mixin.py:109} INFO - [2021-12-12 08:44:19,196] {dag.py:1833} INFO - Sync 1 DAGs
[2021-12-12 08:44:19,211] {logging_mixin.py:109} INFO - [2021-12-12 08:44:19,211] {dag.py:2306} INFO - Setting next_dagrun for example_nested_branch_dag to 2021-12-10 00:00:00+00:00
[2021-12-12 08:44:19,222] {processor.py:170} INFO - Processing /home/airflow/.local/lib/python3.8/site-packages/airflow/example_dags/example_nested_branch_dag.py took 0.070 seconds
[2021-12-12 08:52:25,003] {processor.py:162} INFO - Started process (PID=58) to work on /home/airflow/.local/lib/python3.8/site-packages/airflow/example_dags/example_nested_branch_dag.py
[2021-12-12 08:52:25,007] {processor.py:613} INFO - Processing file /home/airflow/.local/lib/python3.8/site-packages/airflow/example_dags/example_nested_branch_dag.py for tasks to queue
[2021-12-12 08:52:25,009] {logging_mixin.py:109} INFO - [2021-12-12 08:52:25,009] {dagbag.py:496} INFO - Filling up the DagBag from /home/airflow/.local/lib/python3.8/site-packages/airflow/example_dags/example_nested_branch_dag.py
[2021-12-12 08:52:25,059] {processor.py:623} INFO - DAG(s) dict_keys(['example_nested_branch_dag']) retrieved from /home/airflow/.local/lib/python3.8/site-packages/airflow/example_dags/example_nested_branch_dag.py
[2021-12-12 08:52:25,116] {logging_mixin.py:109} INFO - [2021-12-12 08:52:25,116] {dag.py:1833} INFO - Sync 1 DAGs
[2021-12-12 08:52:25,153] {logging_mixin.py:109} INFO - [2021-12-12 08:52:25,153] {dag.py:2306} INFO - Setting next_dagrun for example_nested_branch_dag to 2021-12-10 00:00:00+00:00
[2021-12-12 08:52:25,175] {processor.py:170} INFO - Processing /home/airflow/.local/lib/python3.8/site-packages/airflow/example_dags/example_nested_branch_dag.py took 0.208 seconds
[2021-12-12 08:52:56,072] {processor.py:162} INFO - Started process (PID=118) to work on /home/airflow/.local/lib/python3.8/site-packages/airflow/example_dags/example_nested_branch_dag.py
[2021-12-12 08:52:56,074] {processor.py:613} INFO - Processing file /home/airflow/.local/lib/python3.8/site-packages/airflow/example_dags/example_nested_branch_dag.py for tasks to queue
[2021-12-12 08:52:56,076] {logging_mixin.py:109} INFO - [2021-12-12 08:52:56,075] {dagbag.py:496} INFO - Filling up the DagBag from /home/airflow/.local/lib/python3.8/site-packages/airflow/example_dags/example_nested_branch_dag.py
[2021-12-12 08:52:56,091] {processor.py:623} INFO - DAG(s) dict_keys(['example_nested_branch_dag']) retrieved from /home/airflow/.local/lib/python3.8/site-packages/airflow/example_dags/example_nested_branch_dag.py
[2021-12-12 08:52:56,122] {logging_mixin.py:109} INFO - [2021-12-12 08:52:56,122] {dag.py:1833} INFO - Sync 1 DAGs
[2021-12-12 08:52:56,154] {logging_mixin.py:109} INFO - [2021-12-12 08:52:56,154] {dag.py:2306} INFO - Setting next_dagrun for example_nested_branch_dag to 2021-12-10 00:00:00+00:00
[2021-12-12 08:52:56,169] {processor.py:170} INFO - Processing /home/airflow/.local/lib/python3.8/site-packages/airflow/example_dags/example_nested_branch_dag.py took 0.100 seconds
[2021-12-12 08:53:26,951] {processor.py:162} INFO - Started process (PID=166) to work on /home/airflow/.local/lib/python3.8/site-packages/airflow/example_dags/example_nested_branch_dag.py
[2021-12-12 08:53:26,954] {processor.py:613} INFO - Processing file /home/airflow/.local/lib/python3.8/site-packages/airflow/example_dags/example_nested_branch_dag.py for tasks to queue
[2021-12-12 08:53:26,955] {logging_mixin.py:109} INFO - [2021-12-12 08:53:26,955] {dagbag.py:496} INFO - Filling up the DagBag from /home/airflow/.local/lib/python3.8/site-packages/airflow/example_dags/example_nested_branch_dag.py
[2021-12-12 08:53:26,971] {processor.py:623} INFO - DAG(s) dict_keys(['example_nested_branch_dag']) retrieved from /home/airflow/.local/lib/python3.8/site-packages/airflow/example_dags/example_nested_branch_dag.py
[2021-12-12 08:53:27,000] {logging_mixin.py:109} INFO - [2021-12-12 08:53:27,000] {dag.py:1833} INFO - Sync 1 DAGs
[2021-12-12 08:53:27,024] {logging_mixin.py:109} INFO - [2021-12-12 08:53:27,024] {dag.py:2306} INFO - Setting next_dagrun for example_nested_branch_dag to 2021-12-10 00:00:00+00:00
[2021-12-12 08:53:27,038] {processor.py:170} INFO - Processing /home/airflow/.local/lib/python3.8/site-packages/airflow/example_dags/example_nested_branch_dag.py took 0.091 seconds
[2021-12-12 08:53:57,463] {processor.py:162} INFO - Started process (PID=223) to work on /home/airflow/.local/lib/python3.8/site-packages/airflow/example_dags/example_nested_branch_dag.py
[2021-12-12 08:53:57,465] {processor.py:613} INFO - Processing file /home/airflow/.local/lib/python3.8/site-packages/airflow/example_dags/example_nested_branch_dag.py for tasks to queue
[2021-12-12 08:53:57,466] {logging_mixin.py:109} INFO - [2021-12-12 08:53:57,466] {dagbag.py:496} INFO - Filling up the DagBag from /home/airflow/.local/lib/python3.8/site-packages/airflow/example_dags/example_nested_branch_dag.py
[2021-12-12 08:53:57,483] {processor.py:623} INFO - DAG(s) dict_keys(['example_nested_branch_dag']) retrieved from /home/airflow/.local/lib/python3.8/site-packages/airflow/example_dags/example_nested_branch_dag.py
[2021-12-12 08:53:57,510] {logging_mixin.py:109} INFO - [2021-12-12 08:53:57,510] {dag.py:1833} INFO - Sync 1 DAGs
[2021-12-12 08:53:57,530] {logging_mixin.py:109} INFO - [2021-12-12 08:53:57,530] {dag.py:2306} INFO - Setting next_dagrun for example_nested_branch_dag to 2021-12-10 00:00:00+00:00
[2021-12-12 08:53:57,543] {processor.py:170} INFO - Processing /home/airflow/.local/lib/python3.8/site-packages/airflow/example_dags/example_nested_branch_dag.py took 0.083 seconds
[2021-12-12 08:54:28,060] {processor.py:162} INFO - Started process (PID=273) to work on /home/airflow/.local/lib/python3.8/site-packages/airflow/example_dags/example_nested_branch_dag.py
[2021-12-12 08:54:28,063] {processor.py:613} INFO - Processing file /home/airflow/.local/lib/python3.8/site-packages/airflow/example_dags/example_nested_branch_dag.py for tasks to queue
[2021-12-12 08:54:28,065] {logging_mixin.py:109} INFO - [2021-12-12 08:54:28,065] {dagbag.py:496} INFO - Filling up the DagBag from /home/airflow/.local/lib/python3.8/site-packages/airflow/example_dags/example_nested_branch_dag.py
[2021-12-12 08:54:28,100] {processor.py:623} INFO - DAG(s) dict_keys(['example_nested_branch_dag']) retrieved from /home/airflow/.local/lib/python3.8/site-packages/airflow/example_dags/example_nested_branch_dag.py
[2021-12-12 08:54:28,150] {logging_mixin.py:109} INFO - [2021-12-12 08:54:28,150] {dag.py:1833} INFO - Sync 1 DAGs
[2021-12-12 08:54:28,179] {logging_mixin.py:109} INFO - [2021-12-12 08:54:28,179] {dag.py:2306} INFO - Setting next_dagrun for example_nested_branch_dag to 2021-12-10 00:00:00+00:00
[2021-12-12 08:54:28,204] {processor.py:170} INFO - Processing /home/airflow/.local/lib/python3.8/site-packages/airflow/example_dags/example_nested_branch_dag.py took 0.153 seconds
[2021-12-12 08:54:58,495] {processor.py:162} INFO - Started process (PID=330) to work on /home/airflow/.local/lib/python3.8/site-packages/airflow/example_dags/example_nested_branch_dag.py
[2021-12-12 08:54:58,497] {processor.py:613} INFO - Processing file /home/airflow/.local/lib/python3.8/site-packages/airflow/example_dags/example_nested_branch_dag.py for tasks to queue
[2021-12-12 08:54:58,498] {logging_mixin.py:109} INFO - [2021-12-12 08:54:58,498] {dagbag.py:496} INFO - Filling up the DagBag from /home/airflow/.local/lib/python3.8/site-packages/airflow/example_dags/example_nested_branch_dag.py
[2021-12-12 08:54:58,514] {processor.py:623} INFO - DAG(s) dict_keys(['example_nested_branch_dag']) retrieved from /home/airflow/.local/lib/python3.8/site-packages/airflow/example_dags/example_nested_branch_dag.py
[2021-12-12 08:54:58,539] {logging_mixin.py:109} INFO - [2021-12-12 08:54:58,539] {dag.py:1833} INFO - Sync 1 DAGs
[2021-12-12 08:54:58,556] {logging_mixin.py:109} INFO - [2021-12-12 08:54:58,556] {dag.py:2306} INFO - Setting next_dagrun for example_nested_branch_dag to 2021-12-10 00:00:00+00:00
[2021-12-12 08:54:58,569] {processor.py:170} INFO - Processing /home/airflow/.local/lib/python3.8/site-packages/airflow/example_dags/example_nested_branch_dag.py took 0.078 seconds
[2021-12-12 08:55:29,021] {processor.py:162} INFO - Started process (PID=388) to work on /home/airflow/.local/lib/python3.8/site-packages/airflow/example_dags/example_nested_branch_dag.py
[2021-12-12 08:55:29,023] {processor.py:613} INFO - Processing file /home/airflow/.local/lib/python3.8/site-packages/airflow/example_dags/example_nested_branch_dag.py for tasks to queue
[2021-12-12 08:55:29,025] {logging_mixin.py:109} INFO - [2021-12-12 08:55:29,025] {dagbag.py:496} INFO - Filling up the DagBag from /home/airflow/.local/lib/python3.8/site-packages/airflow/example_dags/example_nested_branch_dag.py
[2021-12-12 08:55:29,046] {processor.py:623} INFO - DAG(s) dict_keys(['example_nested_branch_dag']) retrieved from /home/airflow/.local/lib/python3.8/site-packages/airflow/example_dags/example_nested_branch_dag.py
[2021-12-12 08:55:29,083] {logging_mixin.py:109} INFO - [2021-12-12 08:55:29,083] {dag.py:1833} INFO - Sync 1 DAGs
[2021-12-12 08:55:29,114] {logging_mixin.py:109} INFO - [2021-12-12 08:55:29,114] {dag.py:2306} INFO - Setting next_dagrun for example_nested_branch_dag to 2021-12-10 00:00:00+00:00
[2021-12-12 08:55:29,128] {processor.py:170} INFO - Processing /home/airflow/.local/lib/python3.8/site-packages/airflow/example_dags/example_nested_branch_dag.py took 0.111 seconds
[2021-12-12 08:55:59,843] {processor.py:162} INFO - Started process (PID=436) to work on /home/airflow/.local/lib/python3.8/site-packages/airflow/example_dags/example_nested_branch_dag.py
[2021-12-12 08:55:59,847] {processor.py:613} INFO - Processing file /home/airflow/.local/lib/python3.8/site-packages/airflow/example_dags/example_nested_branch_dag.py for tasks to queue
[2021-12-12 08:55:59,849] {logging_mixin.py:109} INFO - [2021-12-12 08:55:59,849] {dagbag.py:496} INFO - Filling up the DagBag from /home/airflow/.local/lib/python3.8/site-packages/airflow/example_dags/example_nested_branch_dag.py
[2021-12-12 08:55:59,871] {processor.py:623} INFO - DAG(s) dict_keys(['example_nested_branch_dag']) retrieved from /home/airflow/.local/lib/python3.8/site-packages/airflow/example_dags/example_nested_branch_dag.py
[2021-12-12 08:55:59,906] {logging_mixin.py:109} INFO - [2021-12-12 08:55:59,906] {dag.py:1833} INFO - Sync 1 DAGs
[2021-12-12 08:55:59,941] {logging_mixin.py:109} INFO - [2021-12-12 08:55:59,940] {dag.py:2306} INFO - Setting next_dagrun for example_nested_branch_dag to 2021-12-10 00:00:00+00:00
[2021-12-12 08:55:59,956] {processor.py:170} INFO - Processing /home/airflow/.local/lib/python3.8/site-packages/airflow/example_dags/example_nested_branch_dag.py took 0.122 seconds
