[2021-12-12 08:39:02,905] {processor.py:162} INFO - Started process (PID=137) to work on /home/airflow/.local/lib/python3.8/site-packages/airflow/example_dags/example_branch_datetime_operator.py
[2021-12-12 08:39:02,908] {processor.py:613} INFO - Processing file /home/airflow/.local/lib/python3.8/site-packages/airflow/example_dags/example_branch_datetime_operator.py for tasks to queue
[2021-12-12 08:39:02,910] {logging_mixin.py:109} INFO - [2021-12-12 08:39:02,909] {dagbag.py:496} INFO - Filling up the DagBag from /home/airflow/.local/lib/python3.8/site-packages/airflow/example_dags/example_branch_datetime_operator.py
[2021-12-12 08:39:02,926] {processor.py:623} INFO - DAG(s) dict_keys(['example_branch_datetime_operator_2']) retrieved from /home/airflow/.local/lib/python3.8/site-packages/airflow/example_dags/example_branch_datetime_operator.py
[2021-12-12 08:39:06,713] {logging_mixin.py:109} WARNING - /home/airflow/.local/lib/python3.8/site-packages/snowflake/connector/options.py:94 UserWarning: You have an incompatible version of 'pyarrow' installed (3.0.0), please install a version that adheres to: 'pyarrow<5.1.0,>=5.0.0; extra == "pandas"'
[2021-12-12 08:39:07,119] {logging_mixin.py:109} INFO - [2021-12-12 08:39:07,119] {dag.py:1833} INFO - Sync 1 DAGs
[2021-12-12 08:39:07,133] {logging_mixin.py:109} INFO - [2021-12-12 08:39:07,132] {dag.py:1852} INFO - Creating ORM DAG for example_branch_datetime_operator_2
[2021-12-12 08:39:07,151] {logging_mixin.py:109} INFO - [2021-12-12 08:39:07,151] {dag.py:2306} INFO - Setting next_dagrun for example_branch_datetime_operator_2 to 2021-12-10 00:00:00+00:00
[2021-12-12 08:39:07,168] {processor.py:170} INFO - Processing /home/airflow/.local/lib/python3.8/site-packages/airflow/example_dags/example_branch_datetime_operator.py took 4.267 seconds
[2021-12-12 08:39:43,945] {processor.py:162} INFO - Started process (PID=344) to work on /home/airflow/.local/lib/python3.8/site-packages/airflow/example_dags/example_branch_datetime_operator.py
[2021-12-12 08:39:43,947] {processor.py:613} INFO - Processing file /home/airflow/.local/lib/python3.8/site-packages/airflow/example_dags/example_branch_datetime_operator.py for tasks to queue
[2021-12-12 08:39:43,949] {logging_mixin.py:109} INFO - [2021-12-12 08:39:43,949] {dagbag.py:496} INFO - Filling up the DagBag from /home/airflow/.local/lib/python3.8/site-packages/airflow/example_dags/example_branch_datetime_operator.py
[2021-12-12 08:39:43,966] {processor.py:623} INFO - DAG(s) dict_keys(['example_branch_datetime_operator_2']) retrieved from /home/airflow/.local/lib/python3.8/site-packages/airflow/example_dags/example_branch_datetime_operator.py
[2021-12-12 08:39:43,996] {logging_mixin.py:109} INFO - [2021-12-12 08:39:43,996] {dag.py:1833} INFO - Sync 1 DAGs
[2021-12-12 08:39:44,018] {logging_mixin.py:109} INFO - [2021-12-12 08:39:44,017] {dag.py:2306} INFO - Setting next_dagrun for example_branch_datetime_operator_2 to 2021-12-10 00:00:00+00:00
[2021-12-12 08:39:44,030] {processor.py:170} INFO - Processing /home/airflow/.local/lib/python3.8/site-packages/airflow/example_dags/example_branch_datetime_operator.py took 0.090 seconds
[2021-12-12 08:40:14,683] {processor.py:162} INFO - Started process (PID=401) to work on /home/airflow/.local/lib/python3.8/site-packages/airflow/example_dags/example_branch_datetime_operator.py
[2021-12-12 08:40:14,686] {processor.py:613} INFO - Processing file /home/airflow/.local/lib/python3.8/site-packages/airflow/example_dags/example_branch_datetime_operator.py for tasks to queue
[2021-12-12 08:40:14,688] {logging_mixin.py:109} INFO - [2021-12-12 08:40:14,688] {dagbag.py:496} INFO - Filling up the DagBag from /home/airflow/.local/lib/python3.8/site-packages/airflow/example_dags/example_branch_datetime_operator.py
[2021-12-12 08:40:14,704] {processor.py:623} INFO - DAG(s) dict_keys(['example_branch_datetime_operator_2']) retrieved from /home/airflow/.local/lib/python3.8/site-packages/airflow/example_dags/example_branch_datetime_operator.py
[2021-12-12 08:40:14,735] {logging_mixin.py:109} INFO - [2021-12-12 08:40:14,734] {dag.py:1833} INFO - Sync 1 DAGs
[2021-12-12 08:40:14,760] {logging_mixin.py:109} INFO - [2021-12-12 08:40:14,760] {dag.py:2306} INFO - Setting next_dagrun for example_branch_datetime_operator_2 to 2021-12-10 00:00:00+00:00
[2021-12-12 08:40:14,779] {processor.py:170} INFO - Processing /home/airflow/.local/lib/python3.8/site-packages/airflow/example_dags/example_branch_datetime_operator.py took 0.100 seconds
[2021-12-12 08:40:44,855] {processor.py:162} INFO - Started process (PID=449) to work on /home/airflow/.local/lib/python3.8/site-packages/airflow/example_dags/example_branch_datetime_operator.py
[2021-12-12 08:40:44,857] {processor.py:613} INFO - Processing file /home/airflow/.local/lib/python3.8/site-packages/airflow/example_dags/example_branch_datetime_operator.py for tasks to queue
[2021-12-12 08:40:44,859] {logging_mixin.py:109} INFO - [2021-12-12 08:40:44,859] {dagbag.py:496} INFO - Filling up the DagBag from /home/airflow/.local/lib/python3.8/site-packages/airflow/example_dags/example_branch_datetime_operator.py
[2021-12-12 08:40:44,876] {processor.py:623} INFO - DAG(s) dict_keys(['example_branch_datetime_operator_2']) retrieved from /home/airflow/.local/lib/python3.8/site-packages/airflow/example_dags/example_branch_datetime_operator.py
[2021-12-12 08:40:44,903] {logging_mixin.py:109} INFO - [2021-12-12 08:40:44,903] {dag.py:1833} INFO - Sync 1 DAGs
[2021-12-12 08:40:44,925] {logging_mixin.py:109} INFO - [2021-12-12 08:40:44,925] {dag.py:2306} INFO - Setting next_dagrun for example_branch_datetime_operator_2 to 2021-12-10 00:00:00+00:00
[2021-12-12 08:40:44,939] {processor.py:170} INFO - Processing /home/airflow/.local/lib/python3.8/site-packages/airflow/example_dags/example_branch_datetime_operator.py took 0.088 seconds
[2021-12-12 08:41:15,393] {processor.py:162} INFO - Started process (PID=498) to work on /home/airflow/.local/lib/python3.8/site-packages/airflow/example_dags/example_branch_datetime_operator.py
[2021-12-12 08:41:15,396] {processor.py:613} INFO - Processing file /home/airflow/.local/lib/python3.8/site-packages/airflow/example_dags/example_branch_datetime_operator.py for tasks to queue
[2021-12-12 08:41:15,398] {logging_mixin.py:109} INFO - [2021-12-12 08:41:15,398] {dagbag.py:496} INFO - Filling up the DagBag from /home/airflow/.local/lib/python3.8/site-packages/airflow/example_dags/example_branch_datetime_operator.py
[2021-12-12 08:41:15,419] {processor.py:623} INFO - DAG(s) dict_keys(['example_branch_datetime_operator_2']) retrieved from /home/airflow/.local/lib/python3.8/site-packages/airflow/example_dags/example_branch_datetime_operator.py
[2021-12-12 08:41:15,456] {logging_mixin.py:109} INFO - [2021-12-12 08:41:15,456] {dag.py:1833} INFO - Sync 1 DAGs
[2021-12-12 08:41:15,481] {logging_mixin.py:109} INFO - [2021-12-12 08:41:15,481] {dag.py:2306} INFO - Setting next_dagrun for example_branch_datetime_operator_2 to 2021-12-10 00:00:00+00:00
[2021-12-12 08:41:15,495] {processor.py:170} INFO - Processing /home/airflow/.local/lib/python3.8/site-packages/airflow/example_dags/example_branch_datetime_operator.py took 0.108 seconds
[2021-12-12 08:41:45,869] {processor.py:162} INFO - Started process (PID=555) to work on /home/airflow/.local/lib/python3.8/site-packages/airflow/example_dags/example_branch_datetime_operator.py
[2021-12-12 08:41:45,871] {processor.py:613} INFO - Processing file /home/airflow/.local/lib/python3.8/site-packages/airflow/example_dags/example_branch_datetime_operator.py for tasks to queue
[2021-12-12 08:41:45,874] {logging_mixin.py:109} INFO - [2021-12-12 08:41:45,874] {dagbag.py:496} INFO - Filling up the DagBag from /home/airflow/.local/lib/python3.8/site-packages/airflow/example_dags/example_branch_datetime_operator.py
[2021-12-12 08:41:45,900] {processor.py:623} INFO - DAG(s) dict_keys(['example_branch_datetime_operator_2']) retrieved from /home/airflow/.local/lib/python3.8/site-packages/airflow/example_dags/example_branch_datetime_operator.py
[2021-12-12 08:41:45,969] {logging_mixin.py:109} INFO - [2021-12-12 08:41:45,969] {dag.py:1833} INFO - Sync 1 DAGs
[2021-12-12 08:41:45,993] {logging_mixin.py:109} INFO - [2021-12-12 08:41:45,993] {dag.py:2306} INFO - Setting next_dagrun for example_branch_datetime_operator_2 to 2021-12-10 00:00:00+00:00
[2021-12-12 08:41:46,009] {processor.py:170} INFO - Processing /home/airflow/.local/lib/python3.8/site-packages/airflow/example_dags/example_branch_datetime_operator.py took 0.146 seconds
[2021-12-12 08:42:16,780] {processor.py:162} INFO - Started process (PID=606) to work on /home/airflow/.local/lib/python3.8/site-packages/airflow/example_dags/example_branch_datetime_operator.py
[2021-12-12 08:42:16,783] {processor.py:613} INFO - Processing file /home/airflow/.local/lib/python3.8/site-packages/airflow/example_dags/example_branch_datetime_operator.py for tasks to queue
[2021-12-12 08:42:16,784] {logging_mixin.py:109} INFO - [2021-12-12 08:42:16,784] {dagbag.py:496} INFO - Filling up the DagBag from /home/airflow/.local/lib/python3.8/site-packages/airflow/example_dags/example_branch_datetime_operator.py
[2021-12-12 08:42:16,800] {processor.py:623} INFO - DAG(s) dict_keys(['example_branch_datetime_operator_2']) retrieved from /home/airflow/.local/lib/python3.8/site-packages/airflow/example_dags/example_branch_datetime_operator.py
[2021-12-12 08:42:16,829] {logging_mixin.py:109} INFO - [2021-12-12 08:42:16,829] {dag.py:1833} INFO - Sync 1 DAGs
[2021-12-12 08:42:16,856] {logging_mixin.py:109} INFO - [2021-12-12 08:42:16,856] {dag.py:2306} INFO - Setting next_dagrun for example_branch_datetime_operator_2 to 2021-12-10 00:00:00+00:00
[2021-12-12 08:42:16,870] {processor.py:170} INFO - Processing /home/airflow/.local/lib/python3.8/site-packages/airflow/example_dags/example_branch_datetime_operator.py took 0.094 seconds
[2021-12-12 08:42:47,810] {processor.py:162} INFO - Started process (PID=665) to work on /home/airflow/.local/lib/python3.8/site-packages/airflow/example_dags/example_branch_datetime_operator.py
[2021-12-12 08:42:47,815] {processor.py:613} INFO - Processing file /home/airflow/.local/lib/python3.8/site-packages/airflow/example_dags/example_branch_datetime_operator.py for tasks to queue
[2021-12-12 08:42:47,817] {logging_mixin.py:109} INFO - [2021-12-12 08:42:47,817] {dagbag.py:496} INFO - Filling up the DagBag from /home/airflow/.local/lib/python3.8/site-packages/airflow/example_dags/example_branch_datetime_operator.py
[2021-12-12 08:42:47,841] {processor.py:623} INFO - DAG(s) dict_keys(['example_branch_datetime_operator_2']) retrieved from /home/airflow/.local/lib/python3.8/site-packages/airflow/example_dags/example_branch_datetime_operator.py
[2021-12-12 08:42:47,877] {logging_mixin.py:109} INFO - [2021-12-12 08:42:47,877] {dag.py:1833} INFO - Sync 1 DAGs
[2021-12-12 08:42:47,906] {logging_mixin.py:109} INFO - [2021-12-12 08:42:47,905] {dag.py:2306} INFO - Setting next_dagrun for example_branch_datetime_operator_2 to 2021-12-10 00:00:00+00:00
[2021-12-12 08:42:47,922] {processor.py:170} INFO - Processing /home/airflow/.local/lib/python3.8/site-packages/airflow/example_dags/example_branch_datetime_operator.py took 0.119 seconds
[2021-12-12 08:43:18,678] {processor.py:162} INFO - Started process (PID=713) to work on /home/airflow/.local/lib/python3.8/site-packages/airflow/example_dags/example_branch_datetime_operator.py
[2021-12-12 08:43:18,681] {processor.py:613} INFO - Processing file /home/airflow/.local/lib/python3.8/site-packages/airflow/example_dags/example_branch_datetime_operator.py for tasks to queue
[2021-12-12 08:43:18,683] {logging_mixin.py:109} INFO - [2021-12-12 08:43:18,683] {dagbag.py:496} INFO - Filling up the DagBag from /home/airflow/.local/lib/python3.8/site-packages/airflow/example_dags/example_branch_datetime_operator.py
[2021-12-12 08:43:18,708] {processor.py:623} INFO - DAG(s) dict_keys(['example_branch_datetime_operator_2']) retrieved from /home/airflow/.local/lib/python3.8/site-packages/airflow/example_dags/example_branch_datetime_operator.py
[2021-12-12 08:43:18,742] {logging_mixin.py:109} INFO - [2021-12-12 08:43:18,742] {dag.py:1833} INFO - Sync 1 DAGs
[2021-12-12 08:43:18,767] {logging_mixin.py:109} INFO - [2021-12-12 08:43:18,767] {dag.py:2306} INFO - Setting next_dagrun for example_branch_datetime_operator_2 to 2021-12-10 00:00:00+00:00
[2021-12-12 08:43:18,782] {processor.py:170} INFO - Processing /home/airflow/.local/lib/python3.8/site-packages/airflow/example_dags/example_branch_datetime_operator.py took 0.109 seconds
[2021-12-12 08:43:49,167] {processor.py:162} INFO - Started process (PID=771) to work on /home/airflow/.local/lib/python3.8/site-packages/airflow/example_dags/example_branch_datetime_operator.py
[2021-12-12 08:43:49,169] {processor.py:613} INFO - Processing file /home/airflow/.local/lib/python3.8/site-packages/airflow/example_dags/example_branch_datetime_operator.py for tasks to queue
[2021-12-12 08:43:49,170] {logging_mixin.py:109} INFO - [2021-12-12 08:43:49,170] {dagbag.py:496} INFO - Filling up the DagBag from /home/airflow/.local/lib/python3.8/site-packages/airflow/example_dags/example_branch_datetime_operator.py
[2021-12-12 08:43:49,190] {processor.py:623} INFO - DAG(s) dict_keys(['example_branch_datetime_operator_2']) retrieved from /home/airflow/.local/lib/python3.8/site-packages/airflow/example_dags/example_branch_datetime_operator.py
[2021-12-12 08:43:49,222] {logging_mixin.py:109} INFO - [2021-12-12 08:43:49,222] {dag.py:1833} INFO - Sync 1 DAGs
[2021-12-12 08:43:49,247] {logging_mixin.py:109} INFO - [2021-12-12 08:43:49,247] {dag.py:2306} INFO - Setting next_dagrun for example_branch_datetime_operator_2 to 2021-12-10 00:00:00+00:00
[2021-12-12 08:43:49,267] {processor.py:170} INFO - Processing /home/airflow/.local/lib/python3.8/site-packages/airflow/example_dags/example_branch_datetime_operator.py took 0.106 seconds
[2021-12-12 08:44:19,328] {processor.py:162} INFO - Started process (PID=819) to work on /home/airflow/.local/lib/python3.8/site-packages/airflow/example_dags/example_branch_datetime_operator.py
[2021-12-12 08:44:19,330] {processor.py:613} INFO - Processing file /home/airflow/.local/lib/python3.8/site-packages/airflow/example_dags/example_branch_datetime_operator.py for tasks to queue
[2021-12-12 08:44:19,331] {logging_mixin.py:109} INFO - [2021-12-12 08:44:19,331] {dagbag.py:496} INFO - Filling up the DagBag from /home/airflow/.local/lib/python3.8/site-packages/airflow/example_dags/example_branch_datetime_operator.py
[2021-12-12 08:44:19,344] {processor.py:623} INFO - DAG(s) dict_keys(['example_branch_datetime_operator_2']) retrieved from /home/airflow/.local/lib/python3.8/site-packages/airflow/example_dags/example_branch_datetime_operator.py
[2021-12-12 08:44:19,366] {logging_mixin.py:109} INFO - [2021-12-12 08:44:19,366] {dag.py:1833} INFO - Sync 1 DAGs
[2021-12-12 08:44:19,380] {logging_mixin.py:109} INFO - [2021-12-12 08:44:19,380] {dag.py:2306} INFO - Setting next_dagrun for example_branch_datetime_operator_2 to 2021-12-10 00:00:00+00:00
[2021-12-12 08:44:19,389] {processor.py:170} INFO - Processing /home/airflow/.local/lib/python3.8/site-packages/airflow/example_dags/example_branch_datetime_operator.py took 0.064 seconds
[2021-12-12 08:52:25,695] {processor.py:162} INFO - Started process (PID=62) to work on /home/airflow/.local/lib/python3.8/site-packages/airflow/example_dags/example_branch_datetime_operator.py
[2021-12-12 08:52:25,699] {processor.py:613} INFO - Processing file /home/airflow/.local/lib/python3.8/site-packages/airflow/example_dags/example_branch_datetime_operator.py for tasks to queue
[2021-12-12 08:52:25,702] {logging_mixin.py:109} INFO - [2021-12-12 08:52:25,702] {dagbag.py:496} INFO - Filling up the DagBag from /home/airflow/.local/lib/python3.8/site-packages/airflow/example_dags/example_branch_datetime_operator.py
[2021-12-12 08:52:25,753] {processor.py:623} INFO - DAG(s) dict_keys(['example_branch_datetime_operator_2']) retrieved from /home/airflow/.local/lib/python3.8/site-packages/airflow/example_dags/example_branch_datetime_operator.py
[2021-12-12 08:52:25,792] {logging_mixin.py:109} INFO - [2021-12-12 08:52:25,792] {dag.py:1833} INFO - Sync 1 DAGs
[2021-12-12 08:52:25,823] {logging_mixin.py:109} INFO - [2021-12-12 08:52:25,822] {dag.py:2306} INFO - Setting next_dagrun for example_branch_datetime_operator_2 to 2021-12-10 00:00:00+00:00
[2021-12-12 08:52:25,851] {processor.py:170} INFO - Processing /home/airflow/.local/lib/python3.8/site-packages/airflow/example_dags/example_branch_datetime_operator.py took 0.160 seconds
[2021-12-12 08:52:56,365] {processor.py:162} INFO - Started process (PID=122) to work on /home/airflow/.local/lib/python3.8/site-packages/airflow/example_dags/example_branch_datetime_operator.py
[2021-12-12 08:52:56,367] {processor.py:613} INFO - Processing file /home/airflow/.local/lib/python3.8/site-packages/airflow/example_dags/example_branch_datetime_operator.py for tasks to queue
[2021-12-12 08:52:56,369] {logging_mixin.py:109} INFO - [2021-12-12 08:52:56,368] {dagbag.py:496} INFO - Filling up the DagBag from /home/airflow/.local/lib/python3.8/site-packages/airflow/example_dags/example_branch_datetime_operator.py
[2021-12-12 08:52:56,394] {processor.py:623} INFO - DAG(s) dict_keys(['example_branch_datetime_operator_2']) retrieved from /home/airflow/.local/lib/python3.8/site-packages/airflow/example_dags/example_branch_datetime_operator.py
[2021-12-12 08:52:56,432] {logging_mixin.py:109} INFO - [2021-12-12 08:52:56,431] {dag.py:1833} INFO - Sync 1 DAGs
[2021-12-12 08:52:56,454] {logging_mixin.py:109} INFO - [2021-12-12 08:52:56,454] {dag.py:2306} INFO - Setting next_dagrun for example_branch_datetime_operator_2 to 2021-12-10 00:00:00+00:00
[2021-12-12 08:52:56,467] {processor.py:170} INFO - Processing /home/airflow/.local/lib/python3.8/site-packages/airflow/example_dags/example_branch_datetime_operator.py took 0.106 seconds
[2021-12-12 08:53:27,230] {processor.py:162} INFO - Started process (PID=170) to work on /home/airflow/.local/lib/python3.8/site-packages/airflow/example_dags/example_branch_datetime_operator.py
[2021-12-12 08:53:27,232] {processor.py:613} INFO - Processing file /home/airflow/.local/lib/python3.8/site-packages/airflow/example_dags/example_branch_datetime_operator.py for tasks to queue
[2021-12-12 08:53:27,234] {logging_mixin.py:109} INFO - [2021-12-12 08:53:27,234] {dagbag.py:496} INFO - Filling up the DagBag from /home/airflow/.local/lib/python3.8/site-packages/airflow/example_dags/example_branch_datetime_operator.py
[2021-12-12 08:53:27,250] {processor.py:623} INFO - DAG(s) dict_keys(['example_branch_datetime_operator_2']) retrieved from /home/airflow/.local/lib/python3.8/site-packages/airflow/example_dags/example_branch_datetime_operator.py
[2021-12-12 08:53:27,281] {logging_mixin.py:109} INFO - [2021-12-12 08:53:27,281] {dag.py:1833} INFO - Sync 1 DAGs
[2021-12-12 08:53:27,301] {logging_mixin.py:109} INFO - [2021-12-12 08:53:27,301] {dag.py:2306} INFO - Setting next_dagrun for example_branch_datetime_operator_2 to 2021-12-10 00:00:00+00:00
[2021-12-12 08:53:27,314] {processor.py:170} INFO - Processing /home/airflow/.local/lib/python3.8/site-packages/airflow/example_dags/example_branch_datetime_operator.py took 0.089 seconds
[2021-12-12 08:53:57,666] {processor.py:162} INFO - Started process (PID=227) to work on /home/airflow/.local/lib/python3.8/site-packages/airflow/example_dags/example_branch_datetime_operator.py
[2021-12-12 08:53:57,668] {processor.py:613} INFO - Processing file /home/airflow/.local/lib/python3.8/site-packages/airflow/example_dags/example_branch_datetime_operator.py for tasks to queue
[2021-12-12 08:53:57,669] {logging_mixin.py:109} INFO - [2021-12-12 08:53:57,669] {dagbag.py:496} INFO - Filling up the DagBag from /home/airflow/.local/lib/python3.8/site-packages/airflow/example_dags/example_branch_datetime_operator.py
[2021-12-12 08:53:57,683] {processor.py:623} INFO - DAG(s) dict_keys(['example_branch_datetime_operator_2']) retrieved from /home/airflow/.local/lib/python3.8/site-packages/airflow/example_dags/example_branch_datetime_operator.py
[2021-12-12 08:53:57,708] {logging_mixin.py:109} INFO - [2021-12-12 08:53:57,707] {dag.py:1833} INFO - Sync 1 DAGs
[2021-12-12 08:53:57,732] {logging_mixin.py:109} INFO - [2021-12-12 08:53:57,732] {dag.py:2306} INFO - Setting next_dagrun for example_branch_datetime_operator_2 to 2021-12-10 00:00:00+00:00
[2021-12-12 08:53:57,743] {processor.py:170} INFO - Processing /home/airflow/.local/lib/python3.8/site-packages/airflow/example_dags/example_branch_datetime_operator.py took 0.081 seconds
[2021-12-12 08:54:28,392] {processor.py:162} INFO - Started process (PID=277) to work on /home/airflow/.local/lib/python3.8/site-packages/airflow/example_dags/example_branch_datetime_operator.py
[2021-12-12 08:54:28,395] {processor.py:613} INFO - Processing file /home/airflow/.local/lib/python3.8/site-packages/airflow/example_dags/example_branch_datetime_operator.py for tasks to queue
[2021-12-12 08:54:28,397] {logging_mixin.py:109} INFO - [2021-12-12 08:54:28,397] {dagbag.py:496} INFO - Filling up the DagBag from /home/airflow/.local/lib/python3.8/site-packages/airflow/example_dags/example_branch_datetime_operator.py
[2021-12-12 08:54:28,423] {processor.py:623} INFO - DAG(s) dict_keys(['example_branch_datetime_operator_2']) retrieved from /home/airflow/.local/lib/python3.8/site-packages/airflow/example_dags/example_branch_datetime_operator.py
[2021-12-12 08:54:28,466] {logging_mixin.py:109} INFO - [2021-12-12 08:54:28,466] {dag.py:1833} INFO - Sync 1 DAGs
[2021-12-12 08:54:28,506] {logging_mixin.py:109} INFO - [2021-12-12 08:54:28,506] {dag.py:2306} INFO - Setting next_dagrun for example_branch_datetime_operator_2 to 2021-12-10 00:00:00+00:00
[2021-12-12 08:54:28,525] {processor.py:170} INFO - Processing /home/airflow/.local/lib/python3.8/site-packages/airflow/example_dags/example_branch_datetime_operator.py took 0.140 seconds
[2021-12-12 08:54:58,699] {processor.py:162} INFO - Started process (PID=334) to work on /home/airflow/.local/lib/python3.8/site-packages/airflow/example_dags/example_branch_datetime_operator.py
[2021-12-12 08:54:58,701] {processor.py:613} INFO - Processing file /home/airflow/.local/lib/python3.8/site-packages/airflow/example_dags/example_branch_datetime_operator.py for tasks to queue
[2021-12-12 08:54:58,702] {logging_mixin.py:109} INFO - [2021-12-12 08:54:58,702] {dagbag.py:496} INFO - Filling up the DagBag from /home/airflow/.local/lib/python3.8/site-packages/airflow/example_dags/example_branch_datetime_operator.py
[2021-12-12 08:54:58,717] {processor.py:623} INFO - DAG(s) dict_keys(['example_branch_datetime_operator_2']) retrieved from /home/airflow/.local/lib/python3.8/site-packages/airflow/example_dags/example_branch_datetime_operator.py
[2021-12-12 08:54:58,743] {logging_mixin.py:109} INFO - [2021-12-12 08:54:58,743] {dag.py:1833} INFO - Sync 1 DAGs
[2021-12-12 08:54:58,763] {logging_mixin.py:109} INFO - [2021-12-12 08:54:58,763] {dag.py:2306} INFO - Setting next_dagrun for example_branch_datetime_operator_2 to 2021-12-10 00:00:00+00:00
[2021-12-12 08:54:58,773] {processor.py:170} INFO - Processing /home/airflow/.local/lib/python3.8/site-packages/airflow/example_dags/example_branch_datetime_operator.py took 0.078 seconds
[2021-12-12 08:55:29,281] {processor.py:162} INFO - Started process (PID=392) to work on /home/airflow/.local/lib/python3.8/site-packages/airflow/example_dags/example_branch_datetime_operator.py
[2021-12-12 08:55:29,284] {processor.py:613} INFO - Processing file /home/airflow/.local/lib/python3.8/site-packages/airflow/example_dags/example_branch_datetime_operator.py for tasks to queue
[2021-12-12 08:55:29,285] {logging_mixin.py:109} INFO - [2021-12-12 08:55:29,285] {dagbag.py:496} INFO - Filling up the DagBag from /home/airflow/.local/lib/python3.8/site-packages/airflow/example_dags/example_branch_datetime_operator.py
[2021-12-12 08:55:29,301] {processor.py:623} INFO - DAG(s) dict_keys(['example_branch_datetime_operator_2']) retrieved from /home/airflow/.local/lib/python3.8/site-packages/airflow/example_dags/example_branch_datetime_operator.py
[2021-12-12 08:55:29,330] {logging_mixin.py:109} INFO - [2021-12-12 08:55:29,330] {dag.py:1833} INFO - Sync 1 DAGs
[2021-12-12 08:55:29,351] {logging_mixin.py:109} INFO - [2021-12-12 08:55:29,351] {dag.py:2306} INFO - Setting next_dagrun for example_branch_datetime_operator_2 to 2021-12-10 00:00:00+00:00
[2021-12-12 08:55:29,367] {processor.py:170} INFO - Processing /home/airflow/.local/lib/python3.8/site-packages/airflow/example_dags/example_branch_datetime_operator.py took 0.091 seconds
[2021-12-12 08:56:00,190] {processor.py:162} INFO - Started process (PID=440) to work on /home/airflow/.local/lib/python3.8/site-packages/airflow/example_dags/example_branch_datetime_operator.py
[2021-12-12 08:56:00,192] {processor.py:613} INFO - Processing file /home/airflow/.local/lib/python3.8/site-packages/airflow/example_dags/example_branch_datetime_operator.py for tasks to queue
[2021-12-12 08:56:00,194] {logging_mixin.py:109} INFO - [2021-12-12 08:56:00,194] {dagbag.py:496} INFO - Filling up the DagBag from /home/airflow/.local/lib/python3.8/site-packages/airflow/example_dags/example_branch_datetime_operator.py
[2021-12-12 08:56:00,216] {processor.py:623} INFO - DAG(s) dict_keys(['example_branch_datetime_operator_2']) retrieved from /home/airflow/.local/lib/python3.8/site-packages/airflow/example_dags/example_branch_datetime_operator.py
[2021-12-12 08:56:00,255] {logging_mixin.py:109} INFO - [2021-12-12 08:56:00,254] {dag.py:1833} INFO - Sync 1 DAGs
[2021-12-12 08:56:00,281] {logging_mixin.py:109} INFO - [2021-12-12 08:56:00,281] {dag.py:2306} INFO - Setting next_dagrun for example_branch_datetime_operator_2 to 2021-12-10 00:00:00+00:00
[2021-12-12 08:56:00,298] {processor.py:170} INFO - Processing /home/airflow/.local/lib/python3.8/site-packages/airflow/example_dags/example_branch_datetime_operator.py took 0.113 seconds
