[2021-12-12 08:38:51,559] {processor.py:162} INFO - Started process (PID=79) to work on /home/airflow/.local/lib/python3.8/site-packages/airflow/example_dags/example_xcom.py
[2021-12-12 08:38:51,561] {processor.py:613} INFO - Processing file /home/airflow/.local/lib/python3.8/site-packages/airflow/example_dags/example_xcom.py for tasks to queue
[2021-12-12 08:38:51,563] {logging_mixin.py:109} INFO - [2021-12-12 08:38:51,563] {dagbag.py:496} INFO - Filling up the DagBag from /home/airflow/.local/lib/python3.8/site-packages/airflow/example_dags/example_xcom.py
[2021-12-12 08:38:51,581] {processor.py:623} INFO - DAG(s) dict_keys(['example_xcom']) retrieved from /home/airflow/.local/lib/python3.8/site-packages/airflow/example_dags/example_xcom.py
[2021-12-12 08:38:54,771] {logging_mixin.py:109} WARNING - /home/airflow/.local/lib/python3.8/site-packages/snowflake/connector/options.py:94 UserWarning: You have an incompatible version of 'pyarrow' installed (3.0.0), please install a version that adheres to: 'pyarrow<5.1.0,>=5.0.0; extra == "pandas"'
[2021-12-12 08:38:55,028] {logging_mixin.py:109} INFO - [2021-12-12 08:38:55,028] {dag.py:1833} INFO - Sync 1 DAGs
[2021-12-12 08:38:55,042] {logging_mixin.py:109} INFO - [2021-12-12 08:38:55,042] {dag.py:1852} INFO - Creating ORM DAG for example_xcom
[2021-12-12 08:38:55,053] {logging_mixin.py:109} INFO - [2021-12-12 08:38:55,053] {dag.py:2306} INFO - Setting next_dagrun for example_xcom to 2021-12-10 00:00:00+00:00
[2021-12-12 08:38:55,075] {processor.py:170} INFO - Processing /home/airflow/.local/lib/python3.8/site-packages/airflow/example_dags/example_xcom.py took 3.521 seconds
[2021-12-12 08:39:43,260] {processor.py:162} INFO - Started process (PID=338) to work on /home/airflow/.local/lib/python3.8/site-packages/airflow/example_dags/example_xcom.py
[2021-12-12 08:39:43,262] {processor.py:613} INFO - Processing file /home/airflow/.local/lib/python3.8/site-packages/airflow/example_dags/example_xcom.py for tasks to queue
[2021-12-12 08:39:43,264] {logging_mixin.py:109} INFO - [2021-12-12 08:39:43,264] {dagbag.py:496} INFO - Filling up the DagBag from /home/airflow/.local/lib/python3.8/site-packages/airflow/example_dags/example_xcom.py
[2021-12-12 08:39:43,282] {processor.py:623} INFO - DAG(s) dict_keys(['example_xcom']) retrieved from /home/airflow/.local/lib/python3.8/site-packages/airflow/example_dags/example_xcom.py
[2021-12-12 08:39:43,310] {logging_mixin.py:109} INFO - [2021-12-12 08:39:43,310] {dag.py:1833} INFO - Sync 1 DAGs
[2021-12-12 08:39:43,327] {logging_mixin.py:109} INFO - [2021-12-12 08:39:43,326] {dag.py:2306} INFO - Setting next_dagrun for example_xcom to 2021-12-10 00:00:00+00:00
[2021-12-12 08:39:43,340] {processor.py:170} INFO - Processing /home/airflow/.local/lib/python3.8/site-packages/airflow/example_dags/example_xcom.py took 0.084 seconds
[2021-12-12 08:40:14,159] {processor.py:162} INFO - Started process (PID=395) to work on /home/airflow/.local/lib/python3.8/site-packages/airflow/example_dags/example_xcom.py
[2021-12-12 08:40:14,162] {processor.py:613} INFO - Processing file /home/airflow/.local/lib/python3.8/site-packages/airflow/example_dags/example_xcom.py for tasks to queue
[2021-12-12 08:40:14,164] {logging_mixin.py:109} INFO - [2021-12-12 08:40:14,163] {dagbag.py:496} INFO - Filling up the DagBag from /home/airflow/.local/lib/python3.8/site-packages/airflow/example_dags/example_xcom.py
[2021-12-12 08:40:14,180] {processor.py:623} INFO - DAG(s) dict_keys(['example_xcom']) retrieved from /home/airflow/.local/lib/python3.8/site-packages/airflow/example_dags/example_xcom.py
[2021-12-12 08:40:14,205] {logging_mixin.py:109} INFO - [2021-12-12 08:40:14,204] {dag.py:1833} INFO - Sync 1 DAGs
[2021-12-12 08:40:14,221] {logging_mixin.py:109} INFO - [2021-12-12 08:40:14,221] {dag.py:2306} INFO - Setting next_dagrun for example_xcom to 2021-12-10 00:00:00+00:00
[2021-12-12 08:40:14,233] {processor.py:170} INFO - Processing /home/airflow/.local/lib/python3.8/site-packages/airflow/example_dags/example_xcom.py took 0.078 seconds
[2021-12-12 08:40:44,526] {processor.py:162} INFO - Started process (PID=443) to work on /home/airflow/.local/lib/python3.8/site-packages/airflow/example_dags/example_xcom.py
[2021-12-12 08:40:44,528] {processor.py:613} INFO - Processing file /home/airflow/.local/lib/python3.8/site-packages/airflow/example_dags/example_xcom.py for tasks to queue
[2021-12-12 08:40:44,530] {logging_mixin.py:109} INFO - [2021-12-12 08:40:44,530] {dagbag.py:496} INFO - Filling up the DagBag from /home/airflow/.local/lib/python3.8/site-packages/airflow/example_dags/example_xcom.py
[2021-12-12 08:40:44,544] {processor.py:623} INFO - DAG(s) dict_keys(['example_xcom']) retrieved from /home/airflow/.local/lib/python3.8/site-packages/airflow/example_dags/example_xcom.py
[2021-12-12 08:40:44,567] {logging_mixin.py:109} INFO - [2021-12-12 08:40:44,567] {dag.py:1833} INFO - Sync 1 DAGs
[2021-12-12 08:40:44,582] {logging_mixin.py:109} INFO - [2021-12-12 08:40:44,582] {dag.py:2306} INFO - Setting next_dagrun for example_xcom to 2021-12-10 00:00:00+00:00
[2021-12-12 08:40:44,593] {processor.py:170} INFO - Processing /home/airflow/.local/lib/python3.8/site-packages/airflow/example_dags/example_xcom.py took 0.071 seconds
[2021-12-12 08:41:15,059] {processor.py:162} INFO - Started process (PID=492) to work on /home/airflow/.local/lib/python3.8/site-packages/airflow/example_dags/example_xcom.py
[2021-12-12 08:41:15,062] {processor.py:613} INFO - Processing file /home/airflow/.local/lib/python3.8/site-packages/airflow/example_dags/example_xcom.py for tasks to queue
[2021-12-12 08:41:15,064] {logging_mixin.py:109} INFO - [2021-12-12 08:41:15,063] {dagbag.py:496} INFO - Filling up the DagBag from /home/airflow/.local/lib/python3.8/site-packages/airflow/example_dags/example_xcom.py
[2021-12-12 08:41:15,078] {processor.py:623} INFO - DAG(s) dict_keys(['example_xcom']) retrieved from /home/airflow/.local/lib/python3.8/site-packages/airflow/example_dags/example_xcom.py
[2021-12-12 08:41:15,103] {logging_mixin.py:109} INFO - [2021-12-12 08:41:15,103] {dag.py:1833} INFO - Sync 1 DAGs
[2021-12-12 08:41:15,119] {logging_mixin.py:109} INFO - [2021-12-12 08:41:15,119] {dag.py:2306} INFO - Setting next_dagrun for example_xcom to 2021-12-10 00:00:00+00:00
[2021-12-12 08:41:15,131] {processor.py:170} INFO - Processing /home/airflow/.local/lib/python3.8/site-packages/airflow/example_dags/example_xcom.py took 0.076 seconds
[2021-12-12 08:41:45,460] {processor.py:162} INFO - Started process (PID=549) to work on /home/airflow/.local/lib/python3.8/site-packages/airflow/example_dags/example_xcom.py
[2021-12-12 08:41:45,462] {processor.py:613} INFO - Processing file /home/airflow/.local/lib/python3.8/site-packages/airflow/example_dags/example_xcom.py for tasks to queue
[2021-12-12 08:41:45,465] {logging_mixin.py:109} INFO - [2021-12-12 08:41:45,464] {dagbag.py:496} INFO - Filling up the DagBag from /home/airflow/.local/lib/python3.8/site-packages/airflow/example_dags/example_xcom.py
[2021-12-12 08:41:45,487] {processor.py:623} INFO - DAG(s) dict_keys(['example_xcom']) retrieved from /home/airflow/.local/lib/python3.8/site-packages/airflow/example_dags/example_xcom.py
[2021-12-12 08:41:45,522] {logging_mixin.py:109} INFO - [2021-12-12 08:41:45,522] {dag.py:1833} INFO - Sync 1 DAGs
[2021-12-12 08:41:45,541] {logging_mixin.py:109} INFO - [2021-12-12 08:41:45,541] {dag.py:2306} INFO - Setting next_dagrun for example_xcom to 2021-12-10 00:00:00+00:00
[2021-12-12 08:41:45,556] {processor.py:170} INFO - Processing /home/airflow/.local/lib/python3.8/site-packages/airflow/example_dags/example_xcom.py took 0.101 seconds
[2021-12-12 08:42:16,467] {processor.py:162} INFO - Started process (PID=600) to work on /home/airflow/.local/lib/python3.8/site-packages/airflow/example_dags/example_xcom.py
[2021-12-12 08:42:16,469] {processor.py:613} INFO - Processing file /home/airflow/.local/lib/python3.8/site-packages/airflow/example_dags/example_xcom.py for tasks to queue
[2021-12-12 08:42:16,470] {logging_mixin.py:109} INFO - [2021-12-12 08:42:16,470] {dagbag.py:496} INFO - Filling up the DagBag from /home/airflow/.local/lib/python3.8/site-packages/airflow/example_dags/example_xcom.py
[2021-12-12 08:42:16,485] {processor.py:623} INFO - DAG(s) dict_keys(['example_xcom']) retrieved from /home/airflow/.local/lib/python3.8/site-packages/airflow/example_dags/example_xcom.py
[2021-12-12 08:42:16,510] {logging_mixin.py:109} INFO - [2021-12-12 08:42:16,510] {dag.py:1833} INFO - Sync 1 DAGs
[2021-12-12 08:42:16,525] {logging_mixin.py:109} INFO - [2021-12-12 08:42:16,525] {dag.py:2306} INFO - Setting next_dagrun for example_xcom to 2021-12-10 00:00:00+00:00
[2021-12-12 08:42:16,536] {processor.py:170} INFO - Processing /home/airflow/.local/lib/python3.8/site-packages/airflow/example_dags/example_xcom.py took 0.072 seconds
[2021-12-12 08:42:47,287] {processor.py:162} INFO - Started process (PID=659) to work on /home/airflow/.local/lib/python3.8/site-packages/airflow/example_dags/example_xcom.py
[2021-12-12 08:42:47,289] {processor.py:613} INFO - Processing file /home/airflow/.local/lib/python3.8/site-packages/airflow/example_dags/example_xcom.py for tasks to queue
[2021-12-12 08:42:47,291] {logging_mixin.py:109} INFO - [2021-12-12 08:42:47,291] {dagbag.py:496} INFO - Filling up the DagBag from /home/airflow/.local/lib/python3.8/site-packages/airflow/example_dags/example_xcom.py
[2021-12-12 08:42:47,309] {processor.py:623} INFO - DAG(s) dict_keys(['example_xcom']) retrieved from /home/airflow/.local/lib/python3.8/site-packages/airflow/example_dags/example_xcom.py
[2021-12-12 08:42:47,365] {logging_mixin.py:109} INFO - [2021-12-12 08:42:47,364] {dag.py:1833} INFO - Sync 1 DAGs
[2021-12-12 08:42:47,389] {logging_mixin.py:109} INFO - [2021-12-12 08:42:47,389] {dag.py:2306} INFO - Setting next_dagrun for example_xcom to 2021-12-10 00:00:00+00:00
[2021-12-12 08:42:47,413] {processor.py:170} INFO - Processing /home/airflow/.local/lib/python3.8/site-packages/airflow/example_dags/example_xcom.py took 0.132 seconds
[2021-12-12 08:43:18,253] {processor.py:162} INFO - Started process (PID=707) to work on /home/airflow/.local/lib/python3.8/site-packages/airflow/example_dags/example_xcom.py
[2021-12-12 08:43:18,257] {processor.py:613} INFO - Processing file /home/airflow/.local/lib/python3.8/site-packages/airflow/example_dags/example_xcom.py for tasks to queue
[2021-12-12 08:43:18,258] {logging_mixin.py:109} INFO - [2021-12-12 08:43:18,258] {dagbag.py:496} INFO - Filling up the DagBag from /home/airflow/.local/lib/python3.8/site-packages/airflow/example_dags/example_xcom.py
[2021-12-12 08:43:18,274] {processor.py:623} INFO - DAG(s) dict_keys(['example_xcom']) retrieved from /home/airflow/.local/lib/python3.8/site-packages/airflow/example_dags/example_xcom.py
[2021-12-12 08:43:18,328] {logging_mixin.py:109} INFO - [2021-12-12 08:43:18,328] {dag.py:1833} INFO - Sync 1 DAGs
[2021-12-12 08:43:18,357] {logging_mixin.py:109} INFO - [2021-12-12 08:43:18,356] {dag.py:2306} INFO - Setting next_dagrun for example_xcom to 2021-12-10 00:00:00+00:00
[2021-12-12 08:43:18,380] {processor.py:170} INFO - Processing /home/airflow/.local/lib/python3.8/site-packages/airflow/example_dags/example_xcom.py took 0.132 seconds
[2021-12-12 08:43:48,774] {processor.py:162} INFO - Started process (PID=765) to work on /home/airflow/.local/lib/python3.8/site-packages/airflow/example_dags/example_xcom.py
[2021-12-12 08:43:48,776] {processor.py:613} INFO - Processing file /home/airflow/.local/lib/python3.8/site-packages/airflow/example_dags/example_xcom.py for tasks to queue
[2021-12-12 08:43:48,777] {logging_mixin.py:109} INFO - [2021-12-12 08:43:48,777] {dagbag.py:496} INFO - Filling up the DagBag from /home/airflow/.local/lib/python3.8/site-packages/airflow/example_dags/example_xcom.py
[2021-12-12 08:43:48,796] {processor.py:623} INFO - DAG(s) dict_keys(['example_xcom']) retrieved from /home/airflow/.local/lib/python3.8/site-packages/airflow/example_dags/example_xcom.py
[2021-12-12 08:43:48,837] {logging_mixin.py:109} INFO - [2021-12-12 08:43:48,837] {dag.py:1833} INFO - Sync 1 DAGs
[2021-12-12 08:43:48,866] {logging_mixin.py:109} INFO - [2021-12-12 08:43:48,866] {dag.py:2306} INFO - Setting next_dagrun for example_xcom to 2021-12-10 00:00:00+00:00
[2021-12-12 08:43:48,884] {processor.py:170} INFO - Processing /home/airflow/.local/lib/python3.8/site-packages/airflow/example_dags/example_xcom.py took 0.115 seconds
[2021-12-12 08:44:19,029] {processor.py:162} INFO - Started process (PID=813) to work on /home/airflow/.local/lib/python3.8/site-packages/airflow/example_dags/example_xcom.py
[2021-12-12 08:44:19,031] {processor.py:613} INFO - Processing file /home/airflow/.local/lib/python3.8/site-packages/airflow/example_dags/example_xcom.py for tasks to queue
[2021-12-12 08:44:19,032] {logging_mixin.py:109} INFO - [2021-12-12 08:44:19,032] {dagbag.py:496} INFO - Filling up the DagBag from /home/airflow/.local/lib/python3.8/site-packages/airflow/example_dags/example_xcom.py
[2021-12-12 08:44:19,043] {processor.py:623} INFO - DAG(s) dict_keys(['example_xcom']) retrieved from /home/airflow/.local/lib/python3.8/site-packages/airflow/example_dags/example_xcom.py
[2021-12-12 08:44:19,062] {logging_mixin.py:109} INFO - [2021-12-12 08:44:19,062] {dag.py:1833} INFO - Sync 1 DAGs
[2021-12-12 08:44:19,074] {logging_mixin.py:109} INFO - [2021-12-12 08:44:19,074] {dag.py:2306} INFO - Setting next_dagrun for example_xcom to 2021-12-10 00:00:00+00:00
[2021-12-12 08:44:19,083] {processor.py:170} INFO - Processing /home/airflow/.local/lib/python3.8/site-packages/airflow/example_dags/example_xcom.py took 0.057 seconds
[2021-12-12 08:52:24,747] {processor.py:162} INFO - Started process (PID=56) to work on /home/airflow/.local/lib/python3.8/site-packages/airflow/example_dags/example_xcom.py
[2021-12-12 08:52:24,750] {processor.py:613} INFO - Processing file /home/airflow/.local/lib/python3.8/site-packages/airflow/example_dags/example_xcom.py for tasks to queue
[2021-12-12 08:52:24,752] {logging_mixin.py:109} INFO - [2021-12-12 08:52:24,752] {dagbag.py:496} INFO - Filling up the DagBag from /home/airflow/.local/lib/python3.8/site-packages/airflow/example_dags/example_xcom.py
[2021-12-12 08:52:24,775] {processor.py:623} INFO - DAG(s) dict_keys(['example_xcom']) retrieved from /home/airflow/.local/lib/python3.8/site-packages/airflow/example_dags/example_xcom.py
[2021-12-12 08:52:24,839] {logging_mixin.py:109} INFO - [2021-12-12 08:52:24,838] {dag.py:1833} INFO - Sync 1 DAGs
[2021-12-12 08:52:24,889] {logging_mixin.py:109} INFO - [2021-12-12 08:52:24,888] {dag.py:2306} INFO - Setting next_dagrun for example_xcom to 2021-12-10 00:00:00+00:00
[2021-12-12 08:52:24,915] {processor.py:170} INFO - Processing /home/airflow/.local/lib/python3.8/site-packages/airflow/example_dags/example_xcom.py took 0.173 seconds
[2021-12-12 08:52:55,040] {processor.py:162} INFO - Started process (PID=115) to work on /home/airflow/.local/lib/python3.8/site-packages/airflow/example_dags/example_xcom.py
[2021-12-12 08:52:55,042] {processor.py:613} INFO - Processing file /home/airflow/.local/lib/python3.8/site-packages/airflow/example_dags/example_xcom.py for tasks to queue
[2021-12-12 08:52:55,043] {logging_mixin.py:109} INFO - [2021-12-12 08:52:55,043] {dagbag.py:496} INFO - Filling up the DagBag from /home/airflow/.local/lib/python3.8/site-packages/airflow/example_dags/example_xcom.py
[2021-12-12 08:52:55,057] {processor.py:623} INFO - DAG(s) dict_keys(['example_xcom']) retrieved from /home/airflow/.local/lib/python3.8/site-packages/airflow/example_dags/example_xcom.py
[2021-12-12 08:52:55,079] {logging_mixin.py:109} INFO - [2021-12-12 08:52:55,079] {dag.py:1833} INFO - Sync 1 DAGs
[2021-12-12 08:52:55,093] {logging_mixin.py:109} INFO - [2021-12-12 08:52:55,093] {dag.py:2306} INFO - Setting next_dagrun for example_xcom to 2021-12-10 00:00:00+00:00
[2021-12-12 08:52:55,104] {processor.py:170} INFO - Processing /home/airflow/.local/lib/python3.8/site-packages/airflow/example_dags/example_xcom.py took 0.068 seconds
[2021-12-12 08:53:25,893] {processor.py:162} INFO - Started process (PID=164) to work on /home/airflow/.local/lib/python3.8/site-packages/airflow/example_dags/example_xcom.py
[2021-12-12 08:53:25,896] {processor.py:613} INFO - Processing file /home/airflow/.local/lib/python3.8/site-packages/airflow/example_dags/example_xcom.py for tasks to queue
[2021-12-12 08:53:25,899] {logging_mixin.py:109} INFO - [2021-12-12 08:53:25,899] {dagbag.py:496} INFO - Filling up the DagBag from /home/airflow/.local/lib/python3.8/site-packages/airflow/example_dags/example_xcom.py
[2021-12-12 08:53:25,924] {processor.py:623} INFO - DAG(s) dict_keys(['example_xcom']) retrieved from /home/airflow/.local/lib/python3.8/site-packages/airflow/example_dags/example_xcom.py
[2021-12-12 08:53:25,954] {logging_mixin.py:109} INFO - [2021-12-12 08:53:25,954] {dag.py:1833} INFO - Sync 1 DAGs
[2021-12-12 08:53:25,970] {logging_mixin.py:109} INFO - [2021-12-12 08:53:25,970] {dag.py:2306} INFO - Setting next_dagrun for example_xcom to 2021-12-10 00:00:00+00:00
[2021-12-12 08:53:25,982] {processor.py:170} INFO - Processing /home/airflow/.local/lib/python3.8/site-packages/airflow/example_dags/example_xcom.py took 0.093 seconds
[2021-12-12 08:53:56,349] {processor.py:162} INFO - Started process (PID=221) to work on /home/airflow/.local/lib/python3.8/site-packages/airflow/example_dags/example_xcom.py
[2021-12-12 08:53:56,365] {processor.py:613} INFO - Processing file /home/airflow/.local/lib/python3.8/site-packages/airflow/example_dags/example_xcom.py for tasks to queue
[2021-12-12 08:53:56,366] {logging_mixin.py:109} INFO - [2021-12-12 08:53:56,366] {dagbag.py:496} INFO - Filling up the DagBag from /home/airflow/.local/lib/python3.8/site-packages/airflow/example_dags/example_xcom.py
[2021-12-12 08:53:56,379] {processor.py:623} INFO - DAG(s) dict_keys(['example_xcom']) retrieved from /home/airflow/.local/lib/python3.8/site-packages/airflow/example_dags/example_xcom.py
[2021-12-12 08:53:56,403] {logging_mixin.py:109} INFO - [2021-12-12 08:53:56,402] {dag.py:1833} INFO - Sync 1 DAGs
[2021-12-12 08:53:56,418] {logging_mixin.py:109} INFO - [2021-12-12 08:53:56,418] {dag.py:2306} INFO - Setting next_dagrun for example_xcom to 2021-12-10 00:00:00+00:00
[2021-12-12 08:53:56,429] {processor.py:170} INFO - Processing /home/airflow/.local/lib/python3.8/site-packages/airflow/example_dags/example_xcom.py took 0.084 seconds
[2021-12-12 08:54:26,945] {processor.py:162} INFO - Started process (PID=271) to work on /home/airflow/.local/lib/python3.8/site-packages/airflow/example_dags/example_xcom.py
[2021-12-12 08:54:26,947] {processor.py:613} INFO - Processing file /home/airflow/.local/lib/python3.8/site-packages/airflow/example_dags/example_xcom.py for tasks to queue
[2021-12-12 08:54:26,948] {logging_mixin.py:109} INFO - [2021-12-12 08:54:26,948] {dagbag.py:496} INFO - Filling up the DagBag from /home/airflow/.local/lib/python3.8/site-packages/airflow/example_dags/example_xcom.py
[2021-12-12 08:54:26,961] {processor.py:623} INFO - DAG(s) dict_keys(['example_xcom']) retrieved from /home/airflow/.local/lib/python3.8/site-packages/airflow/example_dags/example_xcom.py
[2021-12-12 08:54:26,985] {logging_mixin.py:109} INFO - [2021-12-12 08:54:26,985] {dag.py:1833} INFO - Sync 1 DAGs
[2021-12-12 08:54:26,999] {logging_mixin.py:109} INFO - [2021-12-12 08:54:26,999] {dag.py:2306} INFO - Setting next_dagrun for example_xcom to 2021-12-10 00:00:00+00:00
[2021-12-12 08:54:27,016] {processor.py:170} INFO - Processing /home/airflow/.local/lib/python3.8/site-packages/airflow/example_dags/example_xcom.py took 0.075 seconds
[2021-12-12 08:54:57,374] {processor.py:162} INFO - Started process (PID=328) to work on /home/airflow/.local/lib/python3.8/site-packages/airflow/example_dags/example_xcom.py
[2021-12-12 08:54:57,376] {processor.py:613} INFO - Processing file /home/airflow/.local/lib/python3.8/site-packages/airflow/example_dags/example_xcom.py for tasks to queue
[2021-12-12 08:54:57,380] {logging_mixin.py:109} INFO - [2021-12-12 08:54:57,379] {dagbag.py:496} INFO - Filling up the DagBag from /home/airflow/.local/lib/python3.8/site-packages/airflow/example_dags/example_xcom.py
[2021-12-12 08:54:57,394] {processor.py:623} INFO - DAG(s) dict_keys(['example_xcom']) retrieved from /home/airflow/.local/lib/python3.8/site-packages/airflow/example_dags/example_xcom.py
[2021-12-12 08:54:57,424] {logging_mixin.py:109} INFO - [2021-12-12 08:54:57,424] {dag.py:1833} INFO - Sync 1 DAGs
[2021-12-12 08:54:57,452] {logging_mixin.py:109} INFO - [2021-12-12 08:54:57,452] {dag.py:2306} INFO - Setting next_dagrun for example_xcom to 2021-12-10 00:00:00+00:00
[2021-12-12 08:54:57,461] {processor.py:170} INFO - Processing /home/airflow/.local/lib/python3.8/site-packages/airflow/example_dags/example_xcom.py took 0.090 seconds
[2021-12-12 08:55:27,512] {processor.py:162} INFO - Started process (PID=376) to work on /home/airflow/.local/lib/python3.8/site-packages/airflow/example_dags/example_xcom.py
[2021-12-12 08:55:27,515] {processor.py:613} INFO - Processing file /home/airflow/.local/lib/python3.8/site-packages/airflow/example_dags/example_xcom.py for tasks to queue
[2021-12-12 08:55:27,516] {logging_mixin.py:109} INFO - [2021-12-12 08:55:27,516] {dagbag.py:496} INFO - Filling up the DagBag from /home/airflow/.local/lib/python3.8/site-packages/airflow/example_dags/example_xcom.py
[2021-12-12 08:55:27,530] {processor.py:623} INFO - DAG(s) dict_keys(['example_xcom']) retrieved from /home/airflow/.local/lib/python3.8/site-packages/airflow/example_dags/example_xcom.py
[2021-12-12 08:55:27,554] {logging_mixin.py:109} INFO - [2021-12-12 08:55:27,553] {dag.py:1833} INFO - Sync 1 DAGs
[2021-12-12 08:55:27,583] {logging_mixin.py:109} INFO - [2021-12-12 08:55:27,583] {dag.py:2306} INFO - Setting next_dagrun for example_xcom to 2021-12-10 00:00:00+00:00
[2021-12-12 08:55:27,610] {processor.py:170} INFO - Processing /home/airflow/.local/lib/python3.8/site-packages/airflow/example_dags/example_xcom.py took 0.101 seconds
[2021-12-12 08:55:58,075] {processor.py:162} INFO - Started process (PID=432) to work on /home/airflow/.local/lib/python3.8/site-packages/airflow/example_dags/example_xcom.py
[2021-12-12 08:55:58,079] {processor.py:613} INFO - Processing file /home/airflow/.local/lib/python3.8/site-packages/airflow/example_dags/example_xcom.py for tasks to queue
[2021-12-12 08:55:58,082] {logging_mixin.py:109} INFO - [2021-12-12 08:55:58,081] {dagbag.py:496} INFO - Filling up the DagBag from /home/airflow/.local/lib/python3.8/site-packages/airflow/example_dags/example_xcom.py
[2021-12-12 08:55:58,109] {processor.py:623} INFO - DAG(s) dict_keys(['example_xcom']) retrieved from /home/airflow/.local/lib/python3.8/site-packages/airflow/example_dags/example_xcom.py
[2021-12-12 08:55:58,157] {logging_mixin.py:109} INFO - [2021-12-12 08:55:58,157] {dag.py:1833} INFO - Sync 1 DAGs
[2021-12-12 08:55:58,197] {logging_mixin.py:109} INFO - [2021-12-12 08:55:58,197] {dag.py:2306} INFO - Setting next_dagrun for example_xcom to 2021-12-10 00:00:00+00:00
[2021-12-12 08:55:58,219] {processor.py:170} INFO - Processing /home/airflow/.local/lib/python3.8/site-packages/airflow/example_dags/example_xcom.py took 0.154 seconds
