[2021-12-12 08:38:44,673] {processor.py:162} INFO - Started process (PID=63) to work on /home/airflow/.local/lib/python3.8/site-packages/airflow/example_dags/tutorial_taskflow_api_etl.py
[2021-12-12 08:38:44,685] {processor.py:613} INFO - Processing file /home/airflow/.local/lib/python3.8/site-packages/airflow/example_dags/tutorial_taskflow_api_etl.py for tasks to queue
[2021-12-12 08:38:44,707] {logging_mixin.py:109} INFO - [2021-12-12 08:38:44,706] {dagbag.py:496} INFO - Filling up the DagBag from /home/airflow/.local/lib/python3.8/site-packages/airflow/example_dags/tutorial_taskflow_api_etl.py
[2021-12-12 08:38:44,806] {processor.py:623} INFO - DAG(s) dict_keys(['tutorial_taskflow_api_etl']) retrieved from /home/airflow/.local/lib/python3.8/site-packages/airflow/example_dags/tutorial_taskflow_api_etl.py
[2021-12-12 08:38:50,928] {logging_mixin.py:109} WARNING - /home/airflow/.local/lib/python3.8/site-packages/snowflake/connector/options.py:94 UserWarning: You have an incompatible version of 'pyarrow' installed (3.0.0), please install a version that adheres to: 'pyarrow<5.1.0,>=5.0.0; extra == "pandas"'
[2021-12-12 08:38:51,452] {logging_mixin.py:109} INFO - [2021-12-12 08:38:51,451] {dag.py:1833} INFO - Sync 1 DAGs
[2021-12-12 08:38:51,465] {logging_mixin.py:109} INFO - [2021-12-12 08:38:51,465] {dag.py:1852} INFO - Creating ORM DAG for tutorial_taskflow_api_etl
[2021-12-12 08:38:51,474] {logging_mixin.py:109} INFO - [2021-12-12 08:38:51,474] {dag.py:2306} INFO - Setting next_dagrun for tutorial_taskflow_api_etl to None
[2021-12-12 08:38:51,492] {processor.py:170} INFO - Processing /home/airflow/.local/lib/python3.8/site-packages/airflow/example_dags/tutorial_taskflow_api_etl.py took 6.834 seconds
[2021-12-12 08:39:42,650] {processor.py:162} INFO - Started process (PID=335) to work on /home/airflow/.local/lib/python3.8/site-packages/airflow/example_dags/tutorial_taskflow_api_etl.py
[2021-12-12 08:39:42,653] {processor.py:613} INFO - Processing file /home/airflow/.local/lib/python3.8/site-packages/airflow/example_dags/tutorial_taskflow_api_etl.py for tasks to queue
[2021-12-12 08:39:42,654] {logging_mixin.py:109} INFO - [2021-12-12 08:39:42,654] {dagbag.py:496} INFO - Filling up the DagBag from /home/airflow/.local/lib/python3.8/site-packages/airflow/example_dags/tutorial_taskflow_api_etl.py
[2021-12-12 08:39:42,676] {processor.py:623} INFO - DAG(s) dict_keys(['tutorial_taskflow_api_etl']) retrieved from /home/airflow/.local/lib/python3.8/site-packages/airflow/example_dags/tutorial_taskflow_api_etl.py
[2021-12-12 08:39:42,903] {logging_mixin.py:109} INFO - [2021-12-12 08:39:42,903] {dag.py:1833} INFO - Sync 1 DAGs
[2021-12-12 08:39:42,916] {logging_mixin.py:109} INFO - [2021-12-12 08:39:42,916] {dag.py:2306} INFO - Setting next_dagrun for tutorial_taskflow_api_etl to None
[2021-12-12 08:39:42,928] {processor.py:170} INFO - Processing /home/airflow/.local/lib/python3.8/site-packages/airflow/example_dags/tutorial_taskflow_api_etl.py took 0.281 seconds
[2021-12-12 08:40:13,750] {processor.py:162} INFO - Started process (PID=393) to work on /home/airflow/.local/lib/python3.8/site-packages/airflow/example_dags/tutorial_taskflow_api_etl.py
[2021-12-12 08:40:13,761] {processor.py:613} INFO - Processing file /home/airflow/.local/lib/python3.8/site-packages/airflow/example_dags/tutorial_taskflow_api_etl.py for tasks to queue
[2021-12-12 08:40:13,783] {logging_mixin.py:109} INFO - [2021-12-12 08:40:13,783] {dagbag.py:496} INFO - Filling up the DagBag from /home/airflow/.local/lib/python3.8/site-packages/airflow/example_dags/tutorial_taskflow_api_etl.py
[2021-12-12 08:40:13,807] {processor.py:623} INFO - DAG(s) dict_keys(['tutorial_taskflow_api_etl']) retrieved from /home/airflow/.local/lib/python3.8/site-packages/airflow/example_dags/tutorial_taskflow_api_etl.py
[2021-12-12 08:40:14,056] {logging_mixin.py:109} INFO - [2021-12-12 08:40:14,056] {dag.py:1833} INFO - Sync 1 DAGs
[2021-12-12 08:40:14,070] {logging_mixin.py:109} INFO - [2021-12-12 08:40:14,070] {dag.py:2306} INFO - Setting next_dagrun for tutorial_taskflow_api_etl to None
[2021-12-12 08:40:14,114] {processor.py:170} INFO - Processing /home/airflow/.local/lib/python3.8/site-packages/airflow/example_dags/tutorial_taskflow_api_etl.py took 0.369 seconds
[2021-12-12 08:40:44,223] {processor.py:162} INFO - Started process (PID=441) to work on /home/airflow/.local/lib/python3.8/site-packages/airflow/example_dags/tutorial_taskflow_api_etl.py
[2021-12-12 08:40:44,225] {processor.py:613} INFO - Processing file /home/airflow/.local/lib/python3.8/site-packages/airflow/example_dags/tutorial_taskflow_api_etl.py for tasks to queue
[2021-12-12 08:40:44,227] {logging_mixin.py:109} INFO - [2021-12-12 08:40:44,227] {dagbag.py:496} INFO - Filling up the DagBag from /home/airflow/.local/lib/python3.8/site-packages/airflow/example_dags/tutorial_taskflow_api_etl.py
[2021-12-12 08:40:44,248] {processor.py:623} INFO - DAG(s) dict_keys(['tutorial_taskflow_api_etl']) retrieved from /home/airflow/.local/lib/python3.8/site-packages/airflow/example_dags/tutorial_taskflow_api_etl.py
[2021-12-12 08:40:44,473] {logging_mixin.py:109} INFO - [2021-12-12 08:40:44,473] {dag.py:1833} INFO - Sync 1 DAGs
[2021-12-12 08:40:44,485] {logging_mixin.py:109} INFO - [2021-12-12 08:40:44,485] {dag.py:2306} INFO - Setting next_dagrun for tutorial_taskflow_api_etl to None
[2021-12-12 08:40:44,498] {processor.py:170} INFO - Processing /home/airflow/.local/lib/python3.8/site-packages/airflow/example_dags/tutorial_taskflow_api_etl.py took 0.279 seconds
[2021-12-12 08:41:14,727] {processor.py:162} INFO - Started process (PID=490) to work on /home/airflow/.local/lib/python3.8/site-packages/airflow/example_dags/tutorial_taskflow_api_etl.py
[2021-12-12 08:41:14,729] {processor.py:613} INFO - Processing file /home/airflow/.local/lib/python3.8/site-packages/airflow/example_dags/tutorial_taskflow_api_etl.py for tasks to queue
[2021-12-12 08:41:14,731] {logging_mixin.py:109} INFO - [2021-12-12 08:41:14,731] {dagbag.py:496} INFO - Filling up the DagBag from /home/airflow/.local/lib/python3.8/site-packages/airflow/example_dags/tutorial_taskflow_api_etl.py
[2021-12-12 08:41:14,751] {processor.py:623} INFO - DAG(s) dict_keys(['tutorial_taskflow_api_etl']) retrieved from /home/airflow/.local/lib/python3.8/site-packages/airflow/example_dags/tutorial_taskflow_api_etl.py
[2021-12-12 08:41:14,996] {logging_mixin.py:109} INFO - [2021-12-12 08:41:14,996] {dag.py:1833} INFO - Sync 1 DAGs
[2021-12-12 08:41:15,018] {logging_mixin.py:109} INFO - [2021-12-12 08:41:15,018] {dag.py:2306} INFO - Setting next_dagrun for tutorial_taskflow_api_etl to None
[2021-12-12 08:41:15,031] {processor.py:170} INFO - Processing /home/airflow/.local/lib/python3.8/site-packages/airflow/example_dags/tutorial_taskflow_api_etl.py took 0.308 seconds
[2021-12-12 08:41:45,119] {processor.py:162} INFO - Started process (PID=547) to work on /home/airflow/.local/lib/python3.8/site-packages/airflow/example_dags/tutorial_taskflow_api_etl.py
[2021-12-12 08:41:45,121] {processor.py:613} INFO - Processing file /home/airflow/.local/lib/python3.8/site-packages/airflow/example_dags/tutorial_taskflow_api_etl.py for tasks to queue
[2021-12-12 08:41:45,123] {logging_mixin.py:109} INFO - [2021-12-12 08:41:45,122] {dagbag.py:496} INFO - Filling up the DagBag from /home/airflow/.local/lib/python3.8/site-packages/airflow/example_dags/tutorial_taskflow_api_etl.py
[2021-12-12 08:41:45,143] {processor.py:623} INFO - DAG(s) dict_keys(['tutorial_taskflow_api_etl']) retrieved from /home/airflow/.local/lib/python3.8/site-packages/airflow/example_dags/tutorial_taskflow_api_etl.py
[2021-12-12 08:41:45,384] {logging_mixin.py:109} INFO - [2021-12-12 08:41:45,383] {dag.py:1833} INFO - Sync 1 DAGs
[2021-12-12 08:41:45,405] {logging_mixin.py:109} INFO - [2021-12-12 08:41:45,405] {dag.py:2306} INFO - Setting next_dagrun for tutorial_taskflow_api_etl to None
[2021-12-12 08:41:45,425] {processor.py:170} INFO - Processing /home/airflow/.local/lib/python3.8/site-packages/airflow/example_dags/tutorial_taskflow_api_etl.py took 0.312 seconds
[2021-12-12 08:42:16,187] {processor.py:162} INFO - Started process (PID=598) to work on /home/airflow/.local/lib/python3.8/site-packages/airflow/example_dags/tutorial_taskflow_api_etl.py
[2021-12-12 08:42:16,189] {processor.py:613} INFO - Processing file /home/airflow/.local/lib/python3.8/site-packages/airflow/example_dags/tutorial_taskflow_api_etl.py for tasks to queue
[2021-12-12 08:42:16,191] {logging_mixin.py:109} INFO - [2021-12-12 08:42:16,190] {dagbag.py:496} INFO - Filling up the DagBag from /home/airflow/.local/lib/python3.8/site-packages/airflow/example_dags/tutorial_taskflow_api_etl.py
[2021-12-12 08:42:16,209] {processor.py:623} INFO - DAG(s) dict_keys(['tutorial_taskflow_api_etl']) retrieved from /home/airflow/.local/lib/python3.8/site-packages/airflow/example_dags/tutorial_taskflow_api_etl.py
[2021-12-12 08:42:16,417] {logging_mixin.py:109} INFO - [2021-12-12 08:42:16,417] {dag.py:1833} INFO - Sync 1 DAGs
[2021-12-12 08:42:16,429] {logging_mixin.py:109} INFO - [2021-12-12 08:42:16,429] {dag.py:2306} INFO - Setting next_dagrun for tutorial_taskflow_api_etl to None
[2021-12-12 08:42:16,440] {processor.py:170} INFO - Processing /home/airflow/.local/lib/python3.8/site-packages/airflow/example_dags/tutorial_taskflow_api_etl.py took 0.259 seconds
[2021-12-12 08:42:46,926] {processor.py:162} INFO - Started process (PID=657) to work on /home/airflow/.local/lib/python3.8/site-packages/airflow/example_dags/tutorial_taskflow_api_etl.py
[2021-12-12 08:42:46,930] {processor.py:613} INFO - Processing file /home/airflow/.local/lib/python3.8/site-packages/airflow/example_dags/tutorial_taskflow_api_etl.py for tasks to queue
[2021-12-12 08:42:46,932] {logging_mixin.py:109} INFO - [2021-12-12 08:42:46,932] {dagbag.py:496} INFO - Filling up the DagBag from /home/airflow/.local/lib/python3.8/site-packages/airflow/example_dags/tutorial_taskflow_api_etl.py
[2021-12-12 08:42:46,958] {processor.py:623} INFO - DAG(s) dict_keys(['tutorial_taskflow_api_etl']) retrieved from /home/airflow/.local/lib/python3.8/site-packages/airflow/example_dags/tutorial_taskflow_api_etl.py
[2021-12-12 08:42:47,224] {logging_mixin.py:109} INFO - [2021-12-12 08:42:47,224] {dag.py:1833} INFO - Sync 1 DAGs
[2021-12-12 08:42:47,240] {logging_mixin.py:109} INFO - [2021-12-12 08:42:47,240] {dag.py:2306} INFO - Setting next_dagrun for tutorial_taskflow_api_etl to None
[2021-12-12 08:42:47,255] {processor.py:170} INFO - Processing /home/airflow/.local/lib/python3.8/site-packages/airflow/example_dags/tutorial_taskflow_api_etl.py took 0.333 seconds
[2021-12-12 08:43:17,901] {processor.py:162} INFO - Started process (PID=705) to work on /home/airflow/.local/lib/python3.8/site-packages/airflow/example_dags/tutorial_taskflow_api_etl.py
[2021-12-12 08:43:17,904] {processor.py:613} INFO - Processing file /home/airflow/.local/lib/python3.8/site-packages/airflow/example_dags/tutorial_taskflow_api_etl.py for tasks to queue
[2021-12-12 08:43:17,906] {logging_mixin.py:109} INFO - [2021-12-12 08:43:17,906] {dagbag.py:496} INFO - Filling up the DagBag from /home/airflow/.local/lib/python3.8/site-packages/airflow/example_dags/tutorial_taskflow_api_etl.py
[2021-12-12 08:43:17,928] {processor.py:623} INFO - DAG(s) dict_keys(['tutorial_taskflow_api_etl']) retrieved from /home/airflow/.local/lib/python3.8/site-packages/airflow/example_dags/tutorial_taskflow_api_etl.py
[2021-12-12 08:43:18,189] {logging_mixin.py:109} INFO - [2021-12-12 08:43:18,189] {dag.py:1833} INFO - Sync 1 DAGs
[2021-12-12 08:43:18,205] {logging_mixin.py:109} INFO - [2021-12-12 08:43:18,205] {dag.py:2306} INFO - Setting next_dagrun for tutorial_taskflow_api_etl to None
[2021-12-12 08:43:18,218] {processor.py:170} INFO - Processing /home/airflow/.local/lib/python3.8/site-packages/airflow/example_dags/tutorial_taskflow_api_etl.py took 0.322 seconds
[2021-12-12 08:43:48,424] {processor.py:162} INFO - Started process (PID=763) to work on /home/airflow/.local/lib/python3.8/site-packages/airflow/example_dags/tutorial_taskflow_api_etl.py
[2021-12-12 08:43:48,426] {processor.py:613} INFO - Processing file /home/airflow/.local/lib/python3.8/site-packages/airflow/example_dags/tutorial_taskflow_api_etl.py for tasks to queue
[2021-12-12 08:43:48,429] {logging_mixin.py:109} INFO - [2021-12-12 08:43:48,428] {dagbag.py:496} INFO - Filling up the DagBag from /home/airflow/.local/lib/python3.8/site-packages/airflow/example_dags/tutorial_taskflow_api_etl.py
[2021-12-12 08:43:48,452] {processor.py:623} INFO - DAG(s) dict_keys(['tutorial_taskflow_api_etl']) retrieved from /home/airflow/.local/lib/python3.8/site-packages/airflow/example_dags/tutorial_taskflow_api_etl.py
[2021-12-12 08:43:48,715] {logging_mixin.py:109} INFO - [2021-12-12 08:43:48,715] {dag.py:1833} INFO - Sync 1 DAGs
[2021-12-12 08:43:48,729] {logging_mixin.py:109} INFO - [2021-12-12 08:43:48,729] {dag.py:2306} INFO - Setting next_dagrun for tutorial_taskflow_api_etl to None
[2021-12-12 08:43:48,744] {processor.py:170} INFO - Processing /home/airflow/.local/lib/python3.8/site-packages/airflow/example_dags/tutorial_taskflow_api_etl.py took 0.324 seconds
[2021-12-12 08:44:18,792] {processor.py:162} INFO - Started process (PID=811) to work on /home/airflow/.local/lib/python3.8/site-packages/airflow/example_dags/tutorial_taskflow_api_etl.py
[2021-12-12 08:44:18,794] {processor.py:613} INFO - Processing file /home/airflow/.local/lib/python3.8/site-packages/airflow/example_dags/tutorial_taskflow_api_etl.py for tasks to queue
[2021-12-12 08:44:18,795] {logging_mixin.py:109} INFO - [2021-12-12 08:44:18,795] {dagbag.py:496} INFO - Filling up the DagBag from /home/airflow/.local/lib/python3.8/site-packages/airflow/example_dags/tutorial_taskflow_api_etl.py
[2021-12-12 08:44:18,809] {processor.py:623} INFO - DAG(s) dict_keys(['tutorial_taskflow_api_etl']) retrieved from /home/airflow/.local/lib/python3.8/site-packages/airflow/example_dags/tutorial_taskflow_api_etl.py
[2021-12-12 08:44:18,982] {logging_mixin.py:109} INFO - [2021-12-12 08:44:18,982] {dag.py:1833} INFO - Sync 1 DAGs
[2021-12-12 08:44:18,994] {logging_mixin.py:109} INFO - [2021-12-12 08:44:18,994] {dag.py:2306} INFO - Setting next_dagrun for tutorial_taskflow_api_etl to None
[2021-12-12 08:44:19,006] {processor.py:170} INFO - Processing /home/airflow/.local/lib/python3.8/site-packages/airflow/example_dags/tutorial_taskflow_api_etl.py took 0.217 seconds
[2021-12-12 08:52:23,846] {processor.py:162} INFO - Started process (PID=54) to work on /home/airflow/.local/lib/python3.8/site-packages/airflow/example_dags/tutorial_taskflow_api_etl.py
[2021-12-12 08:52:23,854] {processor.py:613} INFO - Processing file /home/airflow/.local/lib/python3.8/site-packages/airflow/example_dags/tutorial_taskflow_api_etl.py for tasks to queue
[2021-12-12 08:52:23,856] {logging_mixin.py:109} INFO - [2021-12-12 08:52:23,856] {dagbag.py:496} INFO - Filling up the DagBag from /home/airflow/.local/lib/python3.8/site-packages/airflow/example_dags/tutorial_taskflow_api_etl.py
[2021-12-12 08:52:23,898] {processor.py:623} INFO - DAG(s) dict_keys(['tutorial_taskflow_api_etl']) retrieved from /home/airflow/.local/lib/python3.8/site-packages/airflow/example_dags/tutorial_taskflow_api_etl.py
[2021-12-12 08:52:24,662] {logging_mixin.py:109} INFO - [2021-12-12 08:52:24,662] {dag.py:1833} INFO - Sync 1 DAGs
[2021-12-12 08:52:24,686] {logging_mixin.py:109} INFO - [2021-12-12 08:52:24,686] {dag.py:2306} INFO - Setting next_dagrun for tutorial_taskflow_api_etl to None
[2021-12-12 08:52:24,707] {processor.py:170} INFO - Processing /home/airflow/.local/lib/python3.8/site-packages/airflow/example_dags/tutorial_taskflow_api_etl.py took 0.867 seconds
[2021-12-12 08:52:54,778] {processor.py:162} INFO - Started process (PID=104) to work on /home/airflow/.local/lib/python3.8/site-packages/airflow/example_dags/tutorial_taskflow_api_etl.py
[2021-12-12 08:52:54,781] {processor.py:613} INFO - Processing file /home/airflow/.local/lib/python3.8/site-packages/airflow/example_dags/tutorial_taskflow_api_etl.py for tasks to queue
[2021-12-12 08:52:54,782] {logging_mixin.py:109} INFO - [2021-12-12 08:52:54,782] {dagbag.py:496} INFO - Filling up the DagBag from /home/airflow/.local/lib/python3.8/site-packages/airflow/example_dags/tutorial_taskflow_api_etl.py
[2021-12-12 08:52:54,802] {processor.py:623} INFO - DAG(s) dict_keys(['tutorial_taskflow_api_etl']) retrieved from /home/airflow/.local/lib/python3.8/site-packages/airflow/example_dags/tutorial_taskflow_api_etl.py
[2021-12-12 08:52:54,993] {logging_mixin.py:109} INFO - [2021-12-12 08:52:54,993] {dag.py:1833} INFO - Sync 1 DAGs
[2021-12-12 08:52:55,004] {logging_mixin.py:109} INFO - [2021-12-12 08:52:55,004] {dag.py:2306} INFO - Setting next_dagrun for tutorial_taskflow_api_etl to None
[2021-12-12 08:52:55,014] {processor.py:170} INFO - Processing /home/airflow/.local/lib/python3.8/site-packages/airflow/example_dags/tutorial_taskflow_api_etl.py took 0.241 seconds
[2021-12-12 08:53:25,296] {processor.py:162} INFO - Started process (PID=162) to work on /home/airflow/.local/lib/python3.8/site-packages/airflow/example_dags/tutorial_taskflow_api_etl.py
[2021-12-12 08:53:25,298] {processor.py:613} INFO - Processing file /home/airflow/.local/lib/python3.8/site-packages/airflow/example_dags/tutorial_taskflow_api_etl.py for tasks to queue
[2021-12-12 08:53:25,299] {logging_mixin.py:109} INFO - [2021-12-12 08:53:25,299] {dagbag.py:496} INFO - Filling up the DagBag from /home/airflow/.local/lib/python3.8/site-packages/airflow/example_dags/tutorial_taskflow_api_etl.py
[2021-12-12 08:53:25,319] {processor.py:623} INFO - DAG(s) dict_keys(['tutorial_taskflow_api_etl']) retrieved from /home/airflow/.local/lib/python3.8/site-packages/airflow/example_dags/tutorial_taskflow_api_etl.py
[2021-12-12 08:53:25,809] {logging_mixin.py:109} INFO - [2021-12-12 08:53:25,809] {dag.py:1833} INFO - Sync 1 DAGs
[2021-12-12 08:53:25,847] {logging_mixin.py:109} INFO - [2021-12-12 08:53:25,847] {dag.py:2306} INFO - Setting next_dagrun for tutorial_taskflow_api_etl to None
[2021-12-12 08:53:25,862] {processor.py:170} INFO - Processing /home/airflow/.local/lib/python3.8/site-packages/airflow/example_dags/tutorial_taskflow_api_etl.py took 0.570 seconds
[2021-12-12 08:53:56,092] {processor.py:162} INFO - Started process (PID=219) to work on /home/airflow/.local/lib/python3.8/site-packages/airflow/example_dags/tutorial_taskflow_api_etl.py
[2021-12-12 08:53:56,094] {processor.py:613} INFO - Processing file /home/airflow/.local/lib/python3.8/site-packages/airflow/example_dags/tutorial_taskflow_api_etl.py for tasks to queue
[2021-12-12 08:53:56,095] {logging_mixin.py:109} INFO - [2021-12-12 08:53:56,095] {dagbag.py:496} INFO - Filling up the DagBag from /home/airflow/.local/lib/python3.8/site-packages/airflow/example_dags/tutorial_taskflow_api_etl.py
[2021-12-12 08:53:56,112] {processor.py:623} INFO - DAG(s) dict_keys(['tutorial_taskflow_api_etl']) retrieved from /home/airflow/.local/lib/python3.8/site-packages/airflow/example_dags/tutorial_taskflow_api_etl.py
[2021-12-12 08:53:56,294] {logging_mixin.py:109} INFO - [2021-12-12 08:53:56,294] {dag.py:1833} INFO - Sync 1 DAGs
[2021-12-12 08:53:56,306] {logging_mixin.py:109} INFO - [2021-12-12 08:53:56,306] {dag.py:2306} INFO - Setting next_dagrun for tutorial_taskflow_api_etl to None
[2021-12-12 08:53:56,318] {processor.py:170} INFO - Processing /home/airflow/.local/lib/python3.8/site-packages/airflow/example_dags/tutorial_taskflow_api_etl.py took 0.230 seconds
[2021-12-12 08:54:26,590] {processor.py:162} INFO - Started process (PID=269) to work on /home/airflow/.local/lib/python3.8/site-packages/airflow/example_dags/tutorial_taskflow_api_etl.py
[2021-12-12 08:54:26,593] {processor.py:613} INFO - Processing file /home/airflow/.local/lib/python3.8/site-packages/airflow/example_dags/tutorial_taskflow_api_etl.py for tasks to queue
[2021-12-12 08:54:26,631] {logging_mixin.py:109} INFO - [2021-12-12 08:54:26,631] {dagbag.py:496} INFO - Filling up the DagBag from /home/airflow/.local/lib/python3.8/site-packages/airflow/example_dags/tutorial_taskflow_api_etl.py
[2021-12-12 08:54:26,652] {processor.py:623} INFO - DAG(s) dict_keys(['tutorial_taskflow_api_etl']) retrieved from /home/airflow/.local/lib/python3.8/site-packages/airflow/example_dags/tutorial_taskflow_api_etl.py
[2021-12-12 08:54:26,890] {logging_mixin.py:109} INFO - [2021-12-12 08:54:26,890] {dag.py:1833} INFO - Sync 1 DAGs
[2021-12-12 08:54:26,904] {logging_mixin.py:109} INFO - [2021-12-12 08:54:26,904] {dag.py:2306} INFO - Setting next_dagrun for tutorial_taskflow_api_etl to None
[2021-12-12 08:54:26,915] {processor.py:170} INFO - Processing /home/airflow/.local/lib/python3.8/site-packages/airflow/example_dags/tutorial_taskflow_api_etl.py took 0.330 seconds
[2021-12-12 08:54:57,131] {processor.py:162} INFO - Started process (PID=326) to work on /home/airflow/.local/lib/python3.8/site-packages/airflow/example_dags/tutorial_taskflow_api_etl.py
[2021-12-12 08:54:57,132] {processor.py:613} INFO - Processing file /home/airflow/.local/lib/python3.8/site-packages/airflow/example_dags/tutorial_taskflow_api_etl.py for tasks to queue
[2021-12-12 08:54:57,133] {logging_mixin.py:109} INFO - [2021-12-12 08:54:57,133] {dagbag.py:496} INFO - Filling up the DagBag from /home/airflow/.local/lib/python3.8/site-packages/airflow/example_dags/tutorial_taskflow_api_etl.py
[2021-12-12 08:54:57,153] {processor.py:623} INFO - DAG(s) dict_keys(['tutorial_taskflow_api_etl']) retrieved from /home/airflow/.local/lib/python3.8/site-packages/airflow/example_dags/tutorial_taskflow_api_etl.py
[2021-12-12 08:54:57,318] {logging_mixin.py:109} INFO - [2021-12-12 08:54:57,318] {dag.py:1833} INFO - Sync 1 DAGs
[2021-12-12 08:54:57,330] {logging_mixin.py:109} INFO - [2021-12-12 08:54:57,330] {dag.py:2306} INFO - Setting next_dagrun for tutorial_taskflow_api_etl to None
[2021-12-12 08:54:57,342] {processor.py:170} INFO - Processing /home/airflow/.local/lib/python3.8/site-packages/airflow/example_dags/tutorial_taskflow_api_etl.py took 0.215 seconds
[2021-12-12 08:55:27,508] {processor.py:162} INFO - Started process (PID=375) to work on /home/airflow/.local/lib/python3.8/site-packages/airflow/example_dags/tutorial_taskflow_api_etl.py
[2021-12-12 08:55:27,511] {processor.py:613} INFO - Processing file /home/airflow/.local/lib/python3.8/site-packages/airflow/example_dags/tutorial_taskflow_api_etl.py for tasks to queue
[2021-12-12 08:55:27,512] {logging_mixin.py:109} INFO - [2021-12-12 08:55:27,512] {dagbag.py:496} INFO - Filling up the DagBag from /home/airflow/.local/lib/python3.8/site-packages/airflow/example_dags/tutorial_taskflow_api_etl.py
[2021-12-12 08:55:27,531] {processor.py:623} INFO - DAG(s) dict_keys(['tutorial_taskflow_api_etl']) retrieved from /home/airflow/.local/lib/python3.8/site-packages/airflow/example_dags/tutorial_taskflow_api_etl.py
[2021-12-12 08:55:27,929] {logging_mixin.py:109} INFO - [2021-12-12 08:55:27,928] {dag.py:1833} INFO - Sync 1 DAGs
[2021-12-12 08:55:27,952] {logging_mixin.py:109} INFO - [2021-12-12 08:55:27,951] {dag.py:2306} INFO - Setting next_dagrun for tutorial_taskflow_api_etl to None
[2021-12-12 08:55:27,976] {processor.py:170} INFO - Processing /home/airflow/.local/lib/python3.8/site-packages/airflow/example_dags/tutorial_taskflow_api_etl.py took 0.472 seconds
[2021-12-12 08:55:58,248] {processor.py:162} INFO - Started process (PID=433) to work on /home/airflow/.local/lib/python3.8/site-packages/airflow/example_dags/tutorial_taskflow_api_etl.py
[2021-12-12 08:55:58,273] {processor.py:613} INFO - Processing file /home/airflow/.local/lib/python3.8/site-packages/airflow/example_dags/tutorial_taskflow_api_etl.py for tasks to queue
[2021-12-12 08:55:58,277] {logging_mixin.py:109} INFO - [2021-12-12 08:55:58,276] {dagbag.py:496} INFO - Filling up the DagBag from /home/airflow/.local/lib/python3.8/site-packages/airflow/example_dags/tutorial_taskflow_api_etl.py
[2021-12-12 08:55:58,310] {processor.py:623} INFO - DAG(s) dict_keys(['tutorial_taskflow_api_etl']) retrieved from /home/airflow/.local/lib/python3.8/site-packages/airflow/example_dags/tutorial_taskflow_api_etl.py
[2021-12-12 08:55:58,728] {logging_mixin.py:109} INFO - [2021-12-12 08:55:58,728] {dag.py:1833} INFO - Sync 1 DAGs
[2021-12-12 08:55:58,752] {logging_mixin.py:109} INFO - [2021-12-12 08:55:58,752] {dag.py:2306} INFO - Setting next_dagrun for tutorial_taskflow_api_etl to None
[2021-12-12 08:55:58,776] {processor.py:170} INFO - Processing /home/airflow/.local/lib/python3.8/site-packages/airflow/example_dags/tutorial_taskflow_api_etl.py took 0.533 seconds
