[2021-12-12 08:39:28,070] {processor.py:162} INFO - Started process (PID=250) to work on /home/airflow/.local/lib/python3.8/site-packages/airflow/example_dags/tutorial.py
[2021-12-12 08:39:28,072] {processor.py:613} INFO - Processing file /home/airflow/.local/lib/python3.8/site-packages/airflow/example_dags/tutorial.py for tasks to queue
[2021-12-12 08:39:28,074] {logging_mixin.py:109} INFO - [2021-12-12 08:39:28,074] {dagbag.py:496} INFO - Filling up the DagBag from /home/airflow/.local/lib/python3.8/site-packages/airflow/example_dags/tutorial.py
[2021-12-12 08:39:28,111] {processor.py:623} INFO - DAG(s) dict_keys(['tutorial']) retrieved from /home/airflow/.local/lib/python3.8/site-packages/airflow/example_dags/tutorial.py
[2021-12-12 08:39:30,443] {logging_mixin.py:109} WARNING - /home/airflow/.local/lib/python3.8/site-packages/snowflake/connector/options.py:94 UserWarning: You have an incompatible version of 'pyarrow' installed (3.0.0), please install a version that adheres to: 'pyarrow<5.1.0,>=5.0.0; extra == "pandas"'
[2021-12-12 08:39:30,720] {logging_mixin.py:109} INFO - [2021-12-12 08:39:30,720] {dag.py:1833} INFO - Sync 1 DAGs
[2021-12-12 08:39:30,730] {logging_mixin.py:109} INFO - [2021-12-12 08:39:30,730] {dag.py:1852} INFO - Creating ORM DAG for tutorial
[2021-12-12 08:39:30,738] {logging_mixin.py:109} INFO - [2021-12-12 08:39:30,738] {dag.py:2306} INFO - Setting next_dagrun for tutorial to 2021-12-10 00:00:00+00:00
[2021-12-12 08:39:30,752] {processor.py:170} INFO - Processing /home/airflow/.local/lib/python3.8/site-packages/airflow/example_dags/tutorial.py took 2.687 seconds
[2021-12-12 08:40:01,775] {processor.py:162} INFO - Started process (PID=373) to work on /home/airflow/.local/lib/python3.8/site-packages/airflow/example_dags/tutorial.py
[2021-12-12 08:40:01,778] {processor.py:613} INFO - Processing file /home/airflow/.local/lib/python3.8/site-packages/airflow/example_dags/tutorial.py for tasks to queue
[2021-12-12 08:40:01,781] {logging_mixin.py:109} INFO - [2021-12-12 08:40:01,781] {dagbag.py:496} INFO - Filling up the DagBag from /home/airflow/.local/lib/python3.8/site-packages/airflow/example_dags/tutorial.py
[2021-12-12 08:40:01,800] {processor.py:623} INFO - DAG(s) dict_keys(['tutorial']) retrieved from /home/airflow/.local/lib/python3.8/site-packages/airflow/example_dags/tutorial.py
[2021-12-12 08:40:01,847] {logging_mixin.py:109} INFO - [2021-12-12 08:40:01,847] {dag.py:1833} INFO - Sync 1 DAGs
[2021-12-12 08:40:01,867] {logging_mixin.py:109} INFO - [2021-12-12 08:40:01,867] {dag.py:2306} INFO - Setting next_dagrun for tutorial to 2021-12-10 00:00:00+00:00
[2021-12-12 08:40:01,883] {processor.py:170} INFO - Processing /home/airflow/.local/lib/python3.8/site-packages/airflow/example_dags/tutorial.py took 0.114 seconds
[2021-12-12 08:40:32,503] {processor.py:162} INFO - Started process (PID=421) to work on /home/airflow/.local/lib/python3.8/site-packages/airflow/example_dags/tutorial.py
[2021-12-12 08:40:32,505] {processor.py:613} INFO - Processing file /home/airflow/.local/lib/python3.8/site-packages/airflow/example_dags/tutorial.py for tasks to queue
[2021-12-12 08:40:32,507] {logging_mixin.py:109} INFO - [2021-12-12 08:40:32,507] {dagbag.py:496} INFO - Filling up the DagBag from /home/airflow/.local/lib/python3.8/site-packages/airflow/example_dags/tutorial.py
[2021-12-12 08:40:32,520] {processor.py:623} INFO - DAG(s) dict_keys(['tutorial']) retrieved from /home/airflow/.local/lib/python3.8/site-packages/airflow/example_dags/tutorial.py
[2021-12-12 08:40:32,546] {logging_mixin.py:109} INFO - [2021-12-12 08:40:32,546] {dag.py:1833} INFO - Sync 1 DAGs
[2021-12-12 08:40:32,562] {logging_mixin.py:109} INFO - [2021-12-12 08:40:32,562] {dag.py:2306} INFO - Setting next_dagrun for tutorial to 2021-12-10 00:00:00+00:00
[2021-12-12 08:40:32,574] {processor.py:170} INFO - Processing /home/airflow/.local/lib/python3.8/site-packages/airflow/example_dags/tutorial.py took 0.075 seconds
[2021-12-12 08:41:03,167] {processor.py:162} INFO - Started process (PID=478) to work on /home/airflow/.local/lib/python3.8/site-packages/airflow/example_dags/tutorial.py
[2021-12-12 08:41:03,176] {processor.py:613} INFO - Processing file /home/airflow/.local/lib/python3.8/site-packages/airflow/example_dags/tutorial.py for tasks to queue
[2021-12-12 08:41:03,179] {logging_mixin.py:109} INFO - [2021-12-12 08:41:03,179] {dagbag.py:496} INFO - Filling up the DagBag from /home/airflow/.local/lib/python3.8/site-packages/airflow/example_dags/tutorial.py
[2021-12-12 08:41:03,229] {processor.py:623} INFO - DAG(s) dict_keys(['tutorial']) retrieved from /home/airflow/.local/lib/python3.8/site-packages/airflow/example_dags/tutorial.py
[2021-12-12 08:41:03,310] {logging_mixin.py:109} INFO - [2021-12-12 08:41:03,309] {dag.py:1833} INFO - Sync 1 DAGs
[2021-12-12 08:41:03,346] {logging_mixin.py:109} INFO - [2021-12-12 08:41:03,345] {dag.py:2306} INFO - Setting next_dagrun for tutorial to 2021-12-10 00:00:00+00:00
[2021-12-12 08:41:03,363] {processor.py:170} INFO - Processing /home/airflow/.local/lib/python3.8/site-packages/airflow/example_dags/tutorial.py took 0.207 seconds
[2021-12-12 08:41:34,282] {processor.py:162} INFO - Started process (PID=527) to work on /home/airflow/.local/lib/python3.8/site-packages/airflow/example_dags/tutorial.py
[2021-12-12 08:41:34,284] {processor.py:613} INFO - Processing file /home/airflow/.local/lib/python3.8/site-packages/airflow/example_dags/tutorial.py for tasks to queue
[2021-12-12 08:41:34,286] {logging_mixin.py:109} INFO - [2021-12-12 08:41:34,286] {dagbag.py:496} INFO - Filling up the DagBag from /home/airflow/.local/lib/python3.8/site-packages/airflow/example_dags/tutorial.py
[2021-12-12 08:41:34,304] {processor.py:623} INFO - DAG(s) dict_keys(['tutorial']) retrieved from /home/airflow/.local/lib/python3.8/site-packages/airflow/example_dags/tutorial.py
[2021-12-12 08:41:34,341] {logging_mixin.py:109} INFO - [2021-12-12 08:41:34,341] {dag.py:1833} INFO - Sync 1 DAGs
[2021-12-12 08:41:34,359] {logging_mixin.py:109} INFO - [2021-12-12 08:41:34,359] {dag.py:2306} INFO - Setting next_dagrun for tutorial to 2021-12-10 00:00:00+00:00
[2021-12-12 08:41:34,372] {processor.py:170} INFO - Processing /home/airflow/.local/lib/python3.8/site-packages/airflow/example_dags/tutorial.py took 0.096 seconds
[2021-12-12 08:42:05,109] {processor.py:162} INFO - Started process (PID=586) to work on /home/airflow/.local/lib/python3.8/site-packages/airflow/example_dags/tutorial.py
[2021-12-12 08:42:05,114] {processor.py:613} INFO - Processing file /home/airflow/.local/lib/python3.8/site-packages/airflow/example_dags/tutorial.py for tasks to queue
[2021-12-12 08:42:05,117] {logging_mixin.py:109} INFO - [2021-12-12 08:42:05,116] {dagbag.py:496} INFO - Filling up the DagBag from /home/airflow/.local/lib/python3.8/site-packages/airflow/example_dags/tutorial.py
[2021-12-12 08:42:05,141] {processor.py:623} INFO - DAG(s) dict_keys(['tutorial']) retrieved from /home/airflow/.local/lib/python3.8/site-packages/airflow/example_dags/tutorial.py
[2021-12-12 08:42:05,183] {logging_mixin.py:109} INFO - [2021-12-12 08:42:05,183] {dag.py:1833} INFO - Sync 1 DAGs
[2021-12-12 08:42:05,202] {logging_mixin.py:109} INFO - [2021-12-12 08:42:05,202] {dag.py:2306} INFO - Setting next_dagrun for tutorial to 2021-12-10 00:00:00+00:00
[2021-12-12 08:42:05,219] {processor.py:170} INFO - Processing /home/airflow/.local/lib/python3.8/site-packages/airflow/example_dags/tutorial.py took 0.117 seconds
[2021-12-12 08:42:35,599] {processor.py:162} INFO - Started process (PID=636) to work on /home/airflow/.local/lib/python3.8/site-packages/airflow/example_dags/tutorial.py
[2021-12-12 08:42:35,603] {processor.py:613} INFO - Processing file /home/airflow/.local/lib/python3.8/site-packages/airflow/example_dags/tutorial.py for tasks to queue
[2021-12-12 08:42:35,606] {logging_mixin.py:109} INFO - [2021-12-12 08:42:35,606] {dagbag.py:496} INFO - Filling up the DagBag from /home/airflow/.local/lib/python3.8/site-packages/airflow/example_dags/tutorial.py
[2021-12-12 08:42:35,622] {processor.py:623} INFO - DAG(s) dict_keys(['tutorial']) retrieved from /home/airflow/.local/lib/python3.8/site-packages/airflow/example_dags/tutorial.py
[2021-12-12 08:42:35,648] {logging_mixin.py:109} INFO - [2021-12-12 08:42:35,648] {dag.py:1833} INFO - Sync 1 DAGs
[2021-12-12 08:42:35,662] {logging_mixin.py:109} INFO - [2021-12-12 08:42:35,662] {dag.py:2306} INFO - Setting next_dagrun for tutorial to 2021-12-10 00:00:00+00:00
[2021-12-12 08:42:35,672] {processor.py:170} INFO - Processing /home/airflow/.local/lib/python3.8/site-packages/airflow/example_dags/tutorial.py took 0.079 seconds
[2021-12-12 08:43:05,941] {processor.py:162} INFO - Started process (PID=685) to work on /home/airflow/.local/lib/python3.8/site-packages/airflow/example_dags/tutorial.py
[2021-12-12 08:43:05,944] {processor.py:613} INFO - Processing file /home/airflow/.local/lib/python3.8/site-packages/airflow/example_dags/tutorial.py for tasks to queue
[2021-12-12 08:43:05,946] {logging_mixin.py:109} INFO - [2021-12-12 08:43:05,945] {dagbag.py:496} INFO - Filling up the DagBag from /home/airflow/.local/lib/python3.8/site-packages/airflow/example_dags/tutorial.py
[2021-12-12 08:43:05,959] {processor.py:623} INFO - DAG(s) dict_keys(['tutorial']) retrieved from /home/airflow/.local/lib/python3.8/site-packages/airflow/example_dags/tutorial.py
[2021-12-12 08:43:05,991] {logging_mixin.py:109} INFO - [2021-12-12 08:43:05,991] {dag.py:1833} INFO - Sync 1 DAGs
[2021-12-12 08:43:06,010] {logging_mixin.py:109} INFO - [2021-12-12 08:43:06,010] {dag.py:2306} INFO - Setting next_dagrun for tutorial to 2021-12-10 00:00:00+00:00
[2021-12-12 08:43:06,021] {processor.py:170} INFO - Processing /home/airflow/.local/lib/python3.8/site-packages/airflow/example_dags/tutorial.py took 0.084 seconds
[2021-12-12 08:43:36,596] {processor.py:162} INFO - Started process (PID=743) to work on /home/airflow/.local/lib/python3.8/site-packages/airflow/example_dags/tutorial.py
[2021-12-12 08:43:36,599] {processor.py:613} INFO - Processing file /home/airflow/.local/lib/python3.8/site-packages/airflow/example_dags/tutorial.py for tasks to queue
[2021-12-12 08:43:36,600] {logging_mixin.py:109} INFO - [2021-12-12 08:43:36,600] {dagbag.py:496} INFO - Filling up the DagBag from /home/airflow/.local/lib/python3.8/site-packages/airflow/example_dags/tutorial.py
[2021-12-12 08:43:36,616] {processor.py:623} INFO - DAG(s) dict_keys(['tutorial']) retrieved from /home/airflow/.local/lib/python3.8/site-packages/airflow/example_dags/tutorial.py
[2021-12-12 08:43:36,653] {logging_mixin.py:109} INFO - [2021-12-12 08:43:36,653] {dag.py:1833} INFO - Sync 1 DAGs
[2021-12-12 08:43:36,669] {logging_mixin.py:109} INFO - [2021-12-12 08:43:36,669] {dag.py:2306} INFO - Setting next_dagrun for tutorial to 2021-12-10 00:00:00+00:00
[2021-12-12 08:43:36,682] {processor.py:170} INFO - Processing /home/airflow/.local/lib/python3.8/site-packages/airflow/example_dags/tutorial.py took 0.091 seconds
[2021-12-12 08:44:07,388] {processor.py:162} INFO - Started process (PID=798) to work on /home/airflow/.local/lib/python3.8/site-packages/airflow/example_dags/tutorial.py
[2021-12-12 08:44:07,392] {processor.py:613} INFO - Processing file /home/airflow/.local/lib/python3.8/site-packages/airflow/example_dags/tutorial.py for tasks to queue
[2021-12-12 08:44:07,396] {logging_mixin.py:109} INFO - [2021-12-12 08:44:07,396] {dagbag.py:496} INFO - Filling up the DagBag from /home/airflow/.local/lib/python3.8/site-packages/airflow/example_dags/tutorial.py
[2021-12-12 08:44:07,431] {processor.py:623} INFO - DAG(s) dict_keys(['tutorial']) retrieved from /home/airflow/.local/lib/python3.8/site-packages/airflow/example_dags/tutorial.py
[2021-12-12 08:44:07,472] {logging_mixin.py:109} INFO - [2021-12-12 08:44:07,472] {dag.py:1833} INFO - Sync 1 DAGs
[2021-12-12 08:44:07,491] {logging_mixin.py:109} INFO - [2021-12-12 08:44:07,490] {dag.py:2306} INFO - Setting next_dagrun for tutorial to 2021-12-10 00:00:00+00:00
[2021-12-12 08:44:07,508] {processor.py:170} INFO - Processing /home/airflow/.local/lib/python3.8/site-packages/airflow/example_dags/tutorial.py took 0.125 seconds
[2021-12-12 08:44:38,163] {processor.py:162} INFO - Started process (PID=849) to work on /home/airflow/.local/lib/python3.8/site-packages/airflow/example_dags/tutorial.py
[2021-12-12 08:44:38,166] {processor.py:613} INFO - Processing file /home/airflow/.local/lib/python3.8/site-packages/airflow/example_dags/tutorial.py for tasks to queue
[2021-12-12 08:44:38,168] {logging_mixin.py:109} INFO - [2021-12-12 08:44:38,167] {dagbag.py:496} INFO - Filling up the DagBag from /home/airflow/.local/lib/python3.8/site-packages/airflow/example_dags/tutorial.py
[2021-12-12 08:44:38,180] {processor.py:623} INFO - DAG(s) dict_keys(['tutorial']) retrieved from /home/airflow/.local/lib/python3.8/site-packages/airflow/example_dags/tutorial.py
[2021-12-12 08:44:38,208] {logging_mixin.py:109} INFO - [2021-12-12 08:44:38,207] {dag.py:1833} INFO - Sync 1 DAGs
[2021-12-12 08:44:38,226] {logging_mixin.py:109} INFO - [2021-12-12 08:44:38,226] {dag.py:2306} INFO - Setting next_dagrun for tutorial to 2021-12-10 00:00:00+00:00
[2021-12-12 08:44:38,240] {processor.py:170} INFO - Processing /home/airflow/.local/lib/python3.8/site-packages/airflow/example_dags/tutorial.py took 0.084 seconds
[2021-12-12 08:52:27,029] {processor.py:162} INFO - Started process (PID=73) to work on /home/airflow/.local/lib/python3.8/site-packages/airflow/example_dags/tutorial.py
[2021-12-12 08:52:27,033] {processor.py:613} INFO - Processing file /home/airflow/.local/lib/python3.8/site-packages/airflow/example_dags/tutorial.py for tasks to queue
[2021-12-12 08:52:27,037] {logging_mixin.py:109} INFO - [2021-12-12 08:52:27,036] {dagbag.py:496} INFO - Filling up the DagBag from /home/airflow/.local/lib/python3.8/site-packages/airflow/example_dags/tutorial.py
[2021-12-12 08:52:27,064] {processor.py:623} INFO - DAG(s) dict_keys(['tutorial']) retrieved from /home/airflow/.local/lib/python3.8/site-packages/airflow/example_dags/tutorial.py
[2021-12-12 08:52:27,126] {logging_mixin.py:109} INFO - [2021-12-12 08:52:27,126] {dag.py:1833} INFO - Sync 1 DAGs
[2021-12-12 08:52:27,167] {logging_mixin.py:109} INFO - [2021-12-12 08:52:27,166] {dag.py:2306} INFO - Setting next_dagrun for tutorial to 2021-12-10 00:00:00+00:00
[2021-12-12 08:52:27,192] {processor.py:170} INFO - Processing /home/airflow/.local/lib/python3.8/site-packages/airflow/example_dags/tutorial.py took 0.170 seconds
[2021-12-12 08:52:57,278] {processor.py:162} INFO - Started process (PID=133) to work on /home/airflow/.local/lib/python3.8/site-packages/airflow/example_dags/tutorial.py
[2021-12-12 08:52:57,280] {processor.py:613} INFO - Processing file /home/airflow/.local/lib/python3.8/site-packages/airflow/example_dags/tutorial.py for tasks to queue
[2021-12-12 08:52:57,282] {logging_mixin.py:109} INFO - [2021-12-12 08:52:57,282] {dagbag.py:496} INFO - Filling up the DagBag from /home/airflow/.local/lib/python3.8/site-packages/airflow/example_dags/tutorial.py
[2021-12-12 08:52:57,296] {processor.py:623} INFO - DAG(s) dict_keys(['tutorial']) retrieved from /home/airflow/.local/lib/python3.8/site-packages/airflow/example_dags/tutorial.py
[2021-12-12 08:52:57,319] {logging_mixin.py:109} INFO - [2021-12-12 08:52:57,319] {dag.py:1833} INFO - Sync 1 DAGs
[2021-12-12 08:52:57,333] {logging_mixin.py:109} INFO - [2021-12-12 08:52:57,333] {dag.py:2306} INFO - Setting next_dagrun for tutorial to 2021-12-10 00:00:00+00:00
[2021-12-12 08:52:57,344] {processor.py:170} INFO - Processing /home/airflow/.local/lib/python3.8/site-packages/airflow/example_dags/tutorial.py took 0.069 seconds
[2021-12-12 08:53:27,994] {processor.py:162} INFO - Started process (PID=181) to work on /home/airflow/.local/lib/python3.8/site-packages/airflow/example_dags/tutorial.py
[2021-12-12 08:53:27,998] {processor.py:613} INFO - Processing file /home/airflow/.local/lib/python3.8/site-packages/airflow/example_dags/tutorial.py for tasks to queue
[2021-12-12 08:53:28,005] {logging_mixin.py:109} INFO - [2021-12-12 08:53:28,005] {dagbag.py:496} INFO - Filling up the DagBag from /home/airflow/.local/lib/python3.8/site-packages/airflow/example_dags/tutorial.py
[2021-12-12 08:53:28,061] {processor.py:623} INFO - DAG(s) dict_keys(['tutorial']) retrieved from /home/airflow/.local/lib/python3.8/site-packages/airflow/example_dags/tutorial.py
[2021-12-12 08:53:28,111] {logging_mixin.py:109} INFO - [2021-12-12 08:53:28,111] {dag.py:1833} INFO - Sync 1 DAGs
[2021-12-12 08:53:28,133] {logging_mixin.py:109} INFO - [2021-12-12 08:53:28,133] {dag.py:2306} INFO - Setting next_dagrun for tutorial to 2021-12-10 00:00:00+00:00
[2021-12-12 08:53:28,149] {processor.py:170} INFO - Processing /home/airflow/.local/lib/python3.8/site-packages/airflow/example_dags/tutorial.py took 0.162 seconds
[2021-12-12 08:53:58,337] {processor.py:162} INFO - Started process (PID=238) to work on /home/airflow/.local/lib/python3.8/site-packages/airflow/example_dags/tutorial.py
[2021-12-12 08:53:58,339] {processor.py:613} INFO - Processing file /home/airflow/.local/lib/python3.8/site-packages/airflow/example_dags/tutorial.py for tasks to queue
[2021-12-12 08:53:58,340] {logging_mixin.py:109} INFO - [2021-12-12 08:53:58,340] {dagbag.py:496} INFO - Filling up the DagBag from /home/airflow/.local/lib/python3.8/site-packages/airflow/example_dags/tutorial.py
[2021-12-12 08:53:58,353] {processor.py:623} INFO - DAG(s) dict_keys(['tutorial']) retrieved from /home/airflow/.local/lib/python3.8/site-packages/airflow/example_dags/tutorial.py
[2021-12-12 08:53:58,378] {logging_mixin.py:109} INFO - [2021-12-12 08:53:58,378] {dag.py:1833} INFO - Sync 1 DAGs
[2021-12-12 08:53:58,393] {logging_mixin.py:109} INFO - [2021-12-12 08:53:58,393] {dag.py:2306} INFO - Setting next_dagrun for tutorial to 2021-12-10 00:00:00+00:00
[2021-12-12 08:53:58,404] {processor.py:170} INFO - Processing /home/airflow/.local/lib/python3.8/site-packages/airflow/example_dags/tutorial.py took 0.071 seconds
[2021-12-12 08:54:29,499] {processor.py:162} INFO - Started process (PID=297) to work on /home/airflow/.local/lib/python3.8/site-packages/airflow/example_dags/tutorial.py
[2021-12-12 08:54:29,502] {processor.py:613} INFO - Processing file /home/airflow/.local/lib/python3.8/site-packages/airflow/example_dags/tutorial.py for tasks to queue
[2021-12-12 08:54:29,504] {logging_mixin.py:109} INFO - [2021-12-12 08:54:29,503] {dagbag.py:496} INFO - Filling up the DagBag from /home/airflow/.local/lib/python3.8/site-packages/airflow/example_dags/tutorial.py
[2021-12-12 08:54:29,525] {processor.py:623} INFO - DAG(s) dict_keys(['tutorial']) retrieved from /home/airflow/.local/lib/python3.8/site-packages/airflow/example_dags/tutorial.py
[2021-12-12 08:54:29,582] {logging_mixin.py:109} INFO - [2021-12-12 08:54:29,581] {dag.py:1833} INFO - Sync 1 DAGs
[2021-12-12 08:54:29,623] {logging_mixin.py:109} INFO - [2021-12-12 08:54:29,623] {dag.py:2306} INFO - Setting next_dagrun for tutorial to 2021-12-10 00:00:00+00:00
[2021-12-12 08:54:29,644] {processor.py:170} INFO - Processing /home/airflow/.local/lib/python3.8/site-packages/airflow/example_dags/tutorial.py took 0.150 seconds
[2021-12-12 08:55:00,396] {processor.py:162} INFO - Started process (PID=345) to work on /home/airflow/.local/lib/python3.8/site-packages/airflow/example_dags/tutorial.py
[2021-12-12 08:55:00,398] {processor.py:613} INFO - Processing file /home/airflow/.local/lib/python3.8/site-packages/airflow/example_dags/tutorial.py for tasks to queue
[2021-12-12 08:55:00,399] {logging_mixin.py:109} INFO - [2021-12-12 08:55:00,399] {dagbag.py:496} INFO - Filling up the DagBag from /home/airflow/.local/lib/python3.8/site-packages/airflow/example_dags/tutorial.py
[2021-12-12 08:55:00,414] {processor.py:623} INFO - DAG(s) dict_keys(['tutorial']) retrieved from /home/airflow/.local/lib/python3.8/site-packages/airflow/example_dags/tutorial.py
[2021-12-12 08:55:00,441] {logging_mixin.py:109} INFO - [2021-12-12 08:55:00,441] {dag.py:1833} INFO - Sync 1 DAGs
[2021-12-12 08:55:00,456] {logging_mixin.py:109} INFO - [2021-12-12 08:55:00,456] {dag.py:2306} INFO - Setting next_dagrun for tutorial to 2021-12-10 00:00:00+00:00
[2021-12-12 08:55:00,472] {processor.py:170} INFO - Processing /home/airflow/.local/lib/python3.8/site-packages/airflow/example_dags/tutorial.py took 0.079 seconds
[2021-12-12 08:55:30,867] {processor.py:162} INFO - Started process (PID=403) to work on /home/airflow/.local/lib/python3.8/site-packages/airflow/example_dags/tutorial.py
[2021-12-12 08:55:30,870] {processor.py:613} INFO - Processing file /home/airflow/.local/lib/python3.8/site-packages/airflow/example_dags/tutorial.py for tasks to queue
[2021-12-12 08:55:30,872] {logging_mixin.py:109} INFO - [2021-12-12 08:55:30,872] {dagbag.py:496} INFO - Filling up the DagBag from /home/airflow/.local/lib/python3.8/site-packages/airflow/example_dags/tutorial.py
[2021-12-12 08:55:30,891] {processor.py:623} INFO - DAG(s) dict_keys(['tutorial']) retrieved from /home/airflow/.local/lib/python3.8/site-packages/airflow/example_dags/tutorial.py
[2021-12-12 08:55:30,921] {logging_mixin.py:109} INFO - [2021-12-12 08:55:30,920] {dag.py:1833} INFO - Sync 1 DAGs
[2021-12-12 08:55:30,941] {logging_mixin.py:109} INFO - [2021-12-12 08:55:30,941] {dag.py:2306} INFO - Setting next_dagrun for tutorial to 2021-12-10 00:00:00+00:00
[2021-12-12 08:55:30,955] {processor.py:170} INFO - Processing /home/airflow/.local/lib/python3.8/site-packages/airflow/example_dags/tutorial.py took 0.092 seconds
[2021-12-12 08:56:01,223] {processor.py:162} INFO - Started process (PID=451) to work on /home/airflow/.local/lib/python3.8/site-packages/airflow/example_dags/tutorial.py
[2021-12-12 08:56:01,225] {processor.py:613} INFO - Processing file /home/airflow/.local/lib/python3.8/site-packages/airflow/example_dags/tutorial.py for tasks to queue
[2021-12-12 08:56:01,227] {logging_mixin.py:109} INFO - [2021-12-12 08:56:01,227] {dagbag.py:496} INFO - Filling up the DagBag from /home/airflow/.local/lib/python3.8/site-packages/airflow/example_dags/tutorial.py
[2021-12-12 08:56:01,244] {processor.py:623} INFO - DAG(s) dict_keys(['tutorial']) retrieved from /home/airflow/.local/lib/python3.8/site-packages/airflow/example_dags/tutorial.py
[2021-12-12 08:56:01,272] {logging_mixin.py:109} INFO - [2021-12-12 08:56:01,272] {dag.py:1833} INFO - Sync 1 DAGs
[2021-12-12 08:56:01,289] {logging_mixin.py:109} INFO - [2021-12-12 08:56:01,288] {dag.py:2306} INFO - Setting next_dagrun for tutorial to 2021-12-10 00:00:00+00:00
[2021-12-12 08:56:01,301] {processor.py:170} INFO - Processing /home/airflow/.local/lib/python3.8/site-packages/airflow/example_dags/tutorial.py took 0.083 seconds
