[2021-12-23 14:17:25,353] {processor.py:162} INFO - Started process (PID=51) to work on /opt/airflow/dags/lineage_backend_demo.py
[2021-12-23 14:17:25,356] {processor.py:613} INFO - Processing file /opt/airflow/dags/lineage_backend_demo.py for tasks to queue
[2021-12-23 14:17:25,359] {logging_mixin.py:109} INFO - [2021-12-23 14:17:25,359] {dagbag.py:496} INFO - Filling up the DagBag from /opt/airflow/dags/lineage_backend_demo.py
[2021-12-23 14:17:25,431] {processor.py:623} INFO - DAG(s) dict_keys(['datahub_lineage_backend_demo']) retrieved from /opt/airflow/dags/lineage_backend_demo.py
[2021-12-23 14:17:44,247] {processor.py:162} INFO - Started process (PID=42) to work on /opt/airflow/dags/lineage_backend_demo.py
[2021-12-23 14:17:44,249] {processor.py:613} INFO - Processing file /opt/airflow/dags/lineage_backend_demo.py for tasks to queue
[2021-12-23 14:17:44,251] {logging_mixin.py:109} INFO - [2021-12-23 14:17:44,251] {dagbag.py:496} INFO - Filling up the DagBag from /opt/airflow/dags/lineage_backend_demo.py
[2021-12-23 14:17:44,270] {processor.py:623} INFO - DAG(s) dict_keys(['datahub_lineage_backend_demo']) retrieved from /opt/airflow/dags/lineage_backend_demo.py
[2021-12-23 14:17:48,291] {logging_mixin.py:109} WARNING - /home/airflow/.local/lib/python3.8/site-packages/azure/cosmos/session.py:186 SyntaxWarning: "is not" with a literal. Did you mean "!="?
[2021-12-23 14:17:48,352] {logging_mixin.py:109} WARNING - /home/airflow/.local/lib/python3.8/site-packages/azure/storage/common/_connection.py:82 SyntaxWarning: "is" with a literal. Did you mean "=="?
[2021-12-23 14:17:49,342] {logging_mixin.py:109} WARNING - /home/airflow/.local/lib/python3.8/site-packages/snowflake/connector/options.py:94 UserWarning: You have an incompatible version of 'pyarrow' installed (3.0.0), please install a version that adheres to: 'pyarrow<5.1.0,>=5.0.0; extra == "pandas"'
[2021-12-23 14:17:49,664] {logging_mixin.py:109} INFO - [2021-12-23 14:17:49,663] {dag.py:1833} INFO - Sync 1 DAGs
[2021-12-23 14:17:49,680] {logging_mixin.py:109} INFO - [2021-12-23 14:17:49,679] {dag.py:1852} INFO - Creating ORM DAG for datahub_lineage_backend_demo
[2021-12-23 14:17:49,691] {logging_mixin.py:109} INFO - [2021-12-23 14:17:49,691] {dag.py:2306} INFO - Setting next_dagrun for datahub_lineage_backend_demo to 2021-12-22 14:17:49.690967+00:00
[2021-12-23 14:17:49,708] {processor.py:170} INFO - Processing /opt/airflow/dags/lineage_backend_demo.py took 5.487 seconds
[2021-12-23 14:18:28,490] {processor.py:162} INFO - Started process (PID=319) to work on /opt/airflow/dags/lineage_backend_demo.py
[2021-12-23 14:18:28,492] {processor.py:613} INFO - Processing file /opt/airflow/dags/lineage_backend_demo.py for tasks to queue
[2021-12-23 14:18:28,494] {logging_mixin.py:109} INFO - [2021-12-23 14:18:28,494] {dagbag.py:496} INFO - Filling up the DagBag from /opt/airflow/dags/lineage_backend_demo.py
[2021-12-23 14:18:28,514] {processor.py:623} INFO - DAG(s) dict_keys(['datahub_lineage_backend_demo']) retrieved from /opt/airflow/dags/lineage_backend_demo.py
[2021-12-23 14:18:28,557] {logging_mixin.py:109} INFO - [2021-12-23 14:18:28,557] {dag.py:1833} INFO - Sync 1 DAGs
[2021-12-23 14:18:28,586] {logging_mixin.py:109} INFO - [2021-12-23 14:18:28,586] {dag.py:2306} INFO - Setting next_dagrun for datahub_lineage_backend_demo to 2021-12-22 14:18:28.585974+00:00
[2021-12-23 14:18:28,604] {processor.py:170} INFO - Processing /opt/airflow/dags/lineage_backend_demo.py took 0.118 seconds
[2021-12-23 14:18:58,936] {processor.py:162} INFO - Started process (PID=374) to work on /opt/airflow/dags/lineage_backend_demo.py
[2021-12-23 14:18:58,939] {processor.py:613} INFO - Processing file /opt/airflow/dags/lineage_backend_demo.py for tasks to queue
[2021-12-23 14:18:58,941] {logging_mixin.py:109} INFO - [2021-12-23 14:18:58,941] {dagbag.py:496} INFO - Filling up the DagBag from /opt/airflow/dags/lineage_backend_demo.py
[2021-12-23 14:18:58,965] {processor.py:623} INFO - DAG(s) dict_keys(['datahub_lineage_backend_demo']) retrieved from /opt/airflow/dags/lineage_backend_demo.py
[2021-12-23 14:18:58,993] {logging_mixin.py:109} INFO - [2021-12-23 14:18:58,993] {dag.py:1833} INFO - Sync 1 DAGs
[2021-12-23 14:18:59,012] {logging_mixin.py:109} INFO - [2021-12-23 14:18:59,012] {dag.py:2306} INFO - Setting next_dagrun for datahub_lineage_backend_demo to 2021-12-22 14:18:59.012540+00:00
[2021-12-23 14:18:59,026] {processor.py:170} INFO - Processing /opt/airflow/dags/lineage_backend_demo.py took 0.096 seconds
