[2021-12-23 14:18:13,626] {processor.py:162} INFO - Started process (PID=206) to work on /home/airflow/.local/lib/python3.8/site-packages/airflow/example_dags/example_short_circuit_operator.py
[2021-12-23 14:18:13,629] {processor.py:613} INFO - Processing file /home/airflow/.local/lib/python3.8/site-packages/airflow/example_dags/example_short_circuit_operator.py for tasks to queue
[2021-12-23 14:18:13,631] {logging_mixin.py:109} INFO - [2021-12-23 14:18:13,631] {dagbag.py:496} INFO - Filling up the DagBag from /home/airflow/.local/lib/python3.8/site-packages/airflow/example_dags/example_short_circuit_operator.py
[2021-12-23 14:18:13,648] {processor.py:623} INFO - DAG(s) dict_keys(['example_short_circuit_operator']) retrieved from /home/airflow/.local/lib/python3.8/site-packages/airflow/example_dags/example_short_circuit_operator.py
[2021-12-23 14:18:15,520] {logging_mixin.py:109} WARNING - /home/airflow/.local/lib/python3.8/site-packages/snowflake/connector/options.py:94 UserWarning: You have an incompatible version of 'pyarrow' installed (3.0.0), please install a version that adheres to: 'pyarrow<5.1.0,>=5.0.0; extra == "pandas"'
[2021-12-23 14:18:15,752] {logging_mixin.py:109} INFO - [2021-12-23 14:18:15,752] {dag.py:1833} INFO - Sync 1 DAGs
[2021-12-23 14:18:15,762] {logging_mixin.py:109} INFO - [2021-12-23 14:18:15,762] {dag.py:1852} INFO - Creating ORM DAG for example_short_circuit_operator
[2021-12-23 14:18:15,768] {logging_mixin.py:109} INFO - [2021-12-23 14:18:15,767] {dag.py:2306} INFO - Setting next_dagrun for example_short_circuit_operator to 2021-12-21 00:00:00+00:00
[2021-12-23 14:18:15,781] {processor.py:170} INFO - Processing /home/airflow/.local/lib/python3.8/site-packages/airflow/example_dags/example_short_circuit_operator.py took 2.158 seconds
[2021-12-23 14:18:46,557] {processor.py:162} INFO - Started process (PID=353) to work on /home/airflow/.local/lib/python3.8/site-packages/airflow/example_dags/example_short_circuit_operator.py
[2021-12-23 14:18:46,559] {processor.py:613} INFO - Processing file /home/airflow/.local/lib/python3.8/site-packages/airflow/example_dags/example_short_circuit_operator.py for tasks to queue
[2021-12-23 14:18:46,560] {logging_mixin.py:109} INFO - [2021-12-23 14:18:46,560] {dagbag.py:496} INFO - Filling up the DagBag from /home/airflow/.local/lib/python3.8/site-packages/airflow/example_dags/example_short_circuit_operator.py
[2021-12-23 14:18:46,573] {processor.py:623} INFO - DAG(s) dict_keys(['example_short_circuit_operator']) retrieved from /home/airflow/.local/lib/python3.8/site-packages/airflow/example_dags/example_short_circuit_operator.py
[2021-12-23 14:18:46,596] {logging_mixin.py:109} INFO - [2021-12-23 14:18:46,596] {dag.py:1833} INFO - Sync 1 DAGs
[2021-12-23 14:18:46,615] {logging_mixin.py:109} INFO - [2021-12-23 14:18:46,615] {dag.py:2306} INFO - Setting next_dagrun for example_short_circuit_operator to 2021-12-21 00:00:00+00:00
[2021-12-23 14:18:46,628] {processor.py:170} INFO - Processing /home/airflow/.local/lib/python3.8/site-packages/airflow/example_dags/example_short_circuit_operator.py took 0.074 seconds
[2021-12-23 14:19:17,071] {processor.py:162} INFO - Started process (PID=411) to work on /home/airflow/.local/lib/python3.8/site-packages/airflow/example_dags/example_short_circuit_operator.py
[2021-12-23 14:19:17,073] {processor.py:613} INFO - Processing file /home/airflow/.local/lib/python3.8/site-packages/airflow/example_dags/example_short_circuit_operator.py for tasks to queue
[2021-12-23 14:19:17,075] {logging_mixin.py:109} INFO - [2021-12-23 14:19:17,075] {dagbag.py:496} INFO - Filling up the DagBag from /home/airflow/.local/lib/python3.8/site-packages/airflow/example_dags/example_short_circuit_operator.py
[2021-12-23 14:19:17,102] {processor.py:623} INFO - DAG(s) dict_keys(['example_short_circuit_operator']) retrieved from /home/airflow/.local/lib/python3.8/site-packages/airflow/example_dags/example_short_circuit_operator.py
[2021-12-23 14:19:17,136] {logging_mixin.py:109} INFO - [2021-12-23 14:19:17,135] {dag.py:1833} INFO - Sync 1 DAGs
[2021-12-23 14:19:17,163] {logging_mixin.py:109} INFO - [2021-12-23 14:19:17,163] {dag.py:2306} INFO - Setting next_dagrun for example_short_circuit_operator to 2021-12-21 00:00:00+00:00
[2021-12-23 14:19:17,178] {processor.py:170} INFO - Processing /home/airflow/.local/lib/python3.8/site-packages/airflow/example_dags/example_short_circuit_operator.py took 0.112 seconds
