[2021-12-23 14:18:06,305] {processor.py:162} INFO - Started process (PID=157) to work on /home/airflow/.local/lib/python3.8/site-packages/airflow/example_dags/example_task_group.py
[2021-12-23 14:18:06,307] {processor.py:613} INFO - Processing file /home/airflow/.local/lib/python3.8/site-packages/airflow/example_dags/example_task_group.py for tasks to queue
[2021-12-23 14:18:06,309] {logging_mixin.py:109} INFO - [2021-12-23 14:18:06,309] {dagbag.py:496} INFO - Filling up the DagBag from /home/airflow/.local/lib/python3.8/site-packages/airflow/example_dags/example_task_group.py
[2021-12-23 14:18:06,326] {processor.py:623} INFO - DAG(s) dict_keys(['example_task_group']) retrieved from /home/airflow/.local/lib/python3.8/site-packages/airflow/example_dags/example_task_group.py
[2021-12-23 14:18:08,465] {logging_mixin.py:109} WARNING - /home/airflow/.local/lib/python3.8/site-packages/snowflake/connector/options.py:94 UserWarning: You have an incompatible version of 'pyarrow' installed (3.0.0), please install a version that adheres to: 'pyarrow<5.1.0,>=5.0.0; extra == "pandas"'
[2021-12-23 14:18:08,687] {logging_mixin.py:109} INFO - [2021-12-23 14:18:08,687] {dag.py:1833} INFO - Sync 1 DAGs
[2021-12-23 14:18:08,695] {logging_mixin.py:109} INFO - [2021-12-23 14:18:08,695] {dag.py:1852} INFO - Creating ORM DAG for example_task_group
[2021-12-23 14:18:08,700] {logging_mixin.py:109} INFO - [2021-12-23 14:18:08,700] {dag.py:2306} INFO - Setting next_dagrun for example_task_group to 2021-12-21 00:00:00+00:00
[2021-12-23 14:18:08,711] {processor.py:170} INFO - Processing /home/airflow/.local/lib/python3.8/site-packages/airflow/example_dags/example_task_group.py took 2.411 seconds
[2021-12-23 14:18:39,203] {processor.py:162} INFO - Started process (PID=338) to work on /home/airflow/.local/lib/python3.8/site-packages/airflow/example_dags/example_task_group.py
[2021-12-23 14:18:39,205] {processor.py:613} INFO - Processing file /home/airflow/.local/lib/python3.8/site-packages/airflow/example_dags/example_task_group.py for tasks to queue
[2021-12-23 14:18:39,207] {logging_mixin.py:109} INFO - [2021-12-23 14:18:39,207] {dagbag.py:496} INFO - Filling up the DagBag from /home/airflow/.local/lib/python3.8/site-packages/airflow/example_dags/example_task_group.py
[2021-12-23 14:18:39,223] {processor.py:623} INFO - DAG(s) dict_keys(['example_task_group']) retrieved from /home/airflow/.local/lib/python3.8/site-packages/airflow/example_dags/example_task_group.py
[2021-12-23 14:18:39,250] {logging_mixin.py:109} INFO - [2021-12-23 14:18:39,250] {dag.py:1833} INFO - Sync 1 DAGs
[2021-12-23 14:18:39,265] {logging_mixin.py:109} INFO - [2021-12-23 14:18:39,265] {dag.py:2306} INFO - Setting next_dagrun for example_task_group to 2021-12-21 00:00:00+00:00
[2021-12-23 14:18:39,277] {processor.py:170} INFO - Processing /home/airflow/.local/lib/python3.8/site-packages/airflow/example_dags/example_task_group.py took 0.078 seconds
[2021-12-23 14:19:09,609] {processor.py:162} INFO - Started process (PID=396) to work on /home/airflow/.local/lib/python3.8/site-packages/airflow/example_dags/example_task_group.py
[2021-12-23 14:19:09,612] {processor.py:613} INFO - Processing file /home/airflow/.local/lib/python3.8/site-packages/airflow/example_dags/example_task_group.py for tasks to queue
[2021-12-23 14:19:09,614] {logging_mixin.py:109} INFO - [2021-12-23 14:19:09,614] {dagbag.py:496} INFO - Filling up the DagBag from /home/airflow/.local/lib/python3.8/site-packages/airflow/example_dags/example_task_group.py
[2021-12-23 14:19:09,630] {processor.py:623} INFO - DAG(s) dict_keys(['example_task_group']) retrieved from /home/airflow/.local/lib/python3.8/site-packages/airflow/example_dags/example_task_group.py
[2021-12-23 14:19:09,658] {logging_mixin.py:109} INFO - [2021-12-23 14:19:09,658] {dag.py:1833} INFO - Sync 1 DAGs
[2021-12-23 14:19:09,678] {logging_mixin.py:109} INFO - [2021-12-23 14:19:09,678] {dag.py:2306} INFO - Setting next_dagrun for example_task_group to 2021-12-21 00:00:00+00:00
[2021-12-23 14:19:09,696] {processor.py:170} INFO - Processing /home/airflow/.local/lib/python3.8/site-packages/airflow/example_dags/example_task_group.py took 0.091 seconds
