[2021-12-23 14:17:49,769] {processor.py:162} INFO - Started process (PID=58) to work on /home/airflow/.local/lib/python3.8/site-packages/airflow/example_dags/example_python_operator.py
[2021-12-23 14:17:49,771] {processor.py:613} INFO - Processing file /home/airflow/.local/lib/python3.8/site-packages/airflow/example_dags/example_python_operator.py for tasks to queue
[2021-12-23 14:17:49,772] {logging_mixin.py:109} INFO - [2021-12-23 14:17:49,772] {dagbag.py:496} INFO - Filling up the DagBag from /home/airflow/.local/lib/python3.8/site-packages/airflow/example_dags/example_python_operator.py
[2021-12-23 14:17:49,794] {processor.py:623} INFO - DAG(s) dict_keys(['example_python_operator']) retrieved from /home/airflow/.local/lib/python3.8/site-packages/airflow/example_dags/example_python_operator.py
[2021-12-23 14:17:53,618] {logging_mixin.py:109} WARNING - /home/airflow/.local/lib/python3.8/site-packages/snowflake/connector/options.py:94 UserWarning: You have an incompatible version of 'pyarrow' installed (3.0.0), please install a version that adheres to: 'pyarrow<5.1.0,>=5.0.0; extra == "pandas"'
[2021-12-23 14:17:53,895] {logging_mixin.py:109} INFO - [2021-12-23 14:17:53,895] {dag.py:1833} INFO - Sync 1 DAGs
[2021-12-23 14:17:53,904] {logging_mixin.py:109} INFO - [2021-12-23 14:17:53,903] {dag.py:1852} INFO - Creating ORM DAG for example_python_operator
[2021-12-23 14:17:53,910] {logging_mixin.py:109} INFO - [2021-12-23 14:17:53,910] {dag.py:2306} INFO - Setting next_dagrun for example_python_operator to None
[2021-12-23 14:17:53,924] {processor.py:170} INFO - Processing /home/airflow/.local/lib/python3.8/site-packages/airflow/example_dags/example_python_operator.py took 4.162 seconds
[2021-12-23 14:18:28,731] {processor.py:162} INFO - Started process (PID=326) to work on /home/airflow/.local/lib/python3.8/site-packages/airflow/example_dags/example_python_operator.py
[2021-12-23 14:18:28,732] {processor.py:613} INFO - Processing file /home/airflow/.local/lib/python3.8/site-packages/airflow/example_dags/example_python_operator.py for tasks to queue
[2021-12-23 14:18:28,734] {logging_mixin.py:109} INFO - [2021-12-23 14:18:28,734] {dagbag.py:496} INFO - Filling up the DagBag from /home/airflow/.local/lib/python3.8/site-packages/airflow/example_dags/example_python_operator.py
[2021-12-23 14:18:28,747] {processor.py:623} INFO - DAG(s) dict_keys(['example_python_operator']) retrieved from /home/airflow/.local/lib/python3.8/site-packages/airflow/example_dags/example_python_operator.py
[2021-12-23 14:18:28,770] {logging_mixin.py:109} INFO - [2021-12-23 14:18:28,770] {dag.py:1833} INFO - Sync 1 DAGs
[2021-12-23 14:18:28,784] {logging_mixin.py:109} INFO - [2021-12-23 14:18:28,784] {dag.py:2306} INFO - Setting next_dagrun for example_python_operator to None
[2021-12-23 14:18:28,794] {processor.py:170} INFO - Processing /home/airflow/.local/lib/python3.8/site-packages/airflow/example_dags/example_python_operator.py took 0.067 seconds
[2021-12-23 14:18:59,052] {processor.py:162} INFO - Started process (PID=376) to work on /home/airflow/.local/lib/python3.8/site-packages/airflow/example_dags/example_python_operator.py
[2021-12-23 14:18:59,055] {processor.py:613} INFO - Processing file /home/airflow/.local/lib/python3.8/site-packages/airflow/example_dags/example_python_operator.py for tasks to queue
[2021-12-23 14:18:59,056] {logging_mixin.py:109} INFO - [2021-12-23 14:18:59,056] {dagbag.py:496} INFO - Filling up the DagBag from /home/airflow/.local/lib/python3.8/site-packages/airflow/example_dags/example_python_operator.py
[2021-12-23 14:18:59,072] {processor.py:623} INFO - DAG(s) dict_keys(['example_python_operator']) retrieved from /home/airflow/.local/lib/python3.8/site-packages/airflow/example_dags/example_python_operator.py
[2021-12-23 14:18:59,100] {logging_mixin.py:109} INFO - [2021-12-23 14:18:59,100] {dag.py:1833} INFO - Sync 1 DAGs
[2021-12-23 14:18:59,115] {logging_mixin.py:109} INFO - [2021-12-23 14:18:59,115] {dag.py:2306} INFO - Setting next_dagrun for example_python_operator to None
[2021-12-23 14:18:59,127] {processor.py:170} INFO - Processing /home/airflow/.local/lib/python3.8/site-packages/airflow/example_dags/example_python_operator.py took 0.079 seconds
