[2021-12-23 14:17:58,046] {processor.py:162} INFO - Started process (PID=100) to work on /home/airflow/.local/lib/python3.8/site-packages/airflow/example_dags/example_latest_only.py
[2021-12-23 14:17:58,048] {processor.py:613} INFO - Processing file /home/airflow/.local/lib/python3.8/site-packages/airflow/example_dags/example_latest_only.py for tasks to queue
[2021-12-23 14:17:58,050] {logging_mixin.py:109} INFO - [2021-12-23 14:17:58,050] {dagbag.py:496} INFO - Filling up the DagBag from /home/airflow/.local/lib/python3.8/site-packages/airflow/example_dags/example_latest_only.py
[2021-12-23 14:17:58,069] {processor.py:623} INFO - DAG(s) dict_keys(['latest_only']) retrieved from /home/airflow/.local/lib/python3.8/site-packages/airflow/example_dags/example_latest_only.py
[2021-12-23 14:18:00,323] {logging_mixin.py:109} WARNING - /home/airflow/.local/lib/python3.8/site-packages/snowflake/connector/options.py:94 UserWarning: You have an incompatible version of 'pyarrow' installed (3.0.0), please install a version that adheres to: 'pyarrow<5.1.0,>=5.0.0; extra == "pandas"'
[2021-12-23 14:18:00,565] {logging_mixin.py:109} INFO - [2021-12-23 14:18:00,565] {dag.py:1833} INFO - Sync 1 DAGs
[2021-12-23 14:18:00,572] {logging_mixin.py:109} INFO - [2021-12-23 14:18:00,572] {dag.py:1852} INFO - Creating ORM DAG for latest_only
[2021-12-23 14:18:00,578] {logging_mixin.py:109} INFO - [2021-12-23 14:18:00,578] {dag.py:2306} INFO - Setting next_dagrun for latest_only to 2021-12-21 00:00:00+00:00
[2021-12-23 14:18:00,592] {processor.py:170} INFO - Processing /home/airflow/.local/lib/python3.8/site-packages/airflow/example_dags/example_latest_only.py took 2.550 seconds
[2021-12-23 14:18:30,686] {processor.py:162} INFO - Started process (PID=332) to work on /home/airflow/.local/lib/python3.8/site-packages/airflow/example_dags/example_latest_only.py
[2021-12-23 14:18:30,688] {processor.py:613} INFO - Processing file /home/airflow/.local/lib/python3.8/site-packages/airflow/example_dags/example_latest_only.py for tasks to queue
[2021-12-23 14:18:30,689] {logging_mixin.py:109} INFO - [2021-12-23 14:18:30,689] {dagbag.py:496} INFO - Filling up the DagBag from /home/airflow/.local/lib/python3.8/site-packages/airflow/example_dags/example_latest_only.py
[2021-12-23 14:18:30,702] {processor.py:623} INFO - DAG(s) dict_keys(['latest_only']) retrieved from /home/airflow/.local/lib/python3.8/site-packages/airflow/example_dags/example_latest_only.py
[2021-12-23 14:18:30,742] {logging_mixin.py:109} INFO - [2021-12-23 14:18:30,742] {dag.py:1833} INFO - Sync 1 DAGs
[2021-12-23 14:18:30,758] {logging_mixin.py:109} INFO - [2021-12-23 14:18:30,758] {dag.py:2306} INFO - Setting next_dagrun for latest_only to 2021-12-21 00:00:00+00:00
[2021-12-23 14:18:30,773] {processor.py:170} INFO - Processing /home/airflow/.local/lib/python3.8/site-packages/airflow/example_dags/example_latest_only.py took 0.091 seconds
[2021-12-23 14:19:01,272] {processor.py:162} INFO - Started process (PID=380) to work on /home/airflow/.local/lib/python3.8/site-packages/airflow/example_dags/example_latest_only.py
[2021-12-23 14:19:01,275] {processor.py:613} INFO - Processing file /home/airflow/.local/lib/python3.8/site-packages/airflow/example_dags/example_latest_only.py for tasks to queue
[2021-12-23 14:19:01,277] {logging_mixin.py:109} INFO - [2021-12-23 14:19:01,277] {dagbag.py:496} INFO - Filling up the DagBag from /home/airflow/.local/lib/python3.8/site-packages/airflow/example_dags/example_latest_only.py
[2021-12-23 14:19:01,292] {processor.py:623} INFO - DAG(s) dict_keys(['latest_only']) retrieved from /home/airflow/.local/lib/python3.8/site-packages/airflow/example_dags/example_latest_only.py
[2021-12-23 14:19:01,314] {logging_mixin.py:109} INFO - [2021-12-23 14:19:01,314] {dag.py:1833} INFO - Sync 1 DAGs
[2021-12-23 14:19:01,328] {logging_mixin.py:109} INFO - [2021-12-23 14:19:01,328] {dag.py:2306} INFO - Setting next_dagrun for latest_only to 2021-12-21 00:00:00+00:00
[2021-12-23 14:19:01,351] {processor.py:170} INFO - Processing /home/airflow/.local/lib/python3.8/site-packages/airflow/example_dags/example_latest_only.py took 0.085 seconds
