[2021-12-23 14:18:00,752] {processor.py:162} INFO - Started process (PID=117) to work on /home/airflow/.local/lib/python3.8/site-packages/airflow/example_dags/example_trigger_target_dag.py
[2021-12-23 14:18:00,754] {processor.py:613} INFO - Processing file /home/airflow/.local/lib/python3.8/site-packages/airflow/example_dags/example_trigger_target_dag.py for tasks to queue
[2021-12-23 14:18:00,755] {logging_mixin.py:109} INFO - [2021-12-23 14:18:00,755] {dagbag.py:496} INFO - Filling up the DagBag from /home/airflow/.local/lib/python3.8/site-packages/airflow/example_dags/example_trigger_target_dag.py
[2021-12-23 14:18:00,770] {processor.py:623} INFO - DAG(s) dict_keys(['example_trigger_target_dag']) retrieved from /home/airflow/.local/lib/python3.8/site-packages/airflow/example_dags/example_trigger_target_dag.py
[2021-12-23 14:18:03,083] {logging_mixin.py:109} WARNING - /home/airflow/.local/lib/python3.8/site-packages/snowflake/connector/options.py:94 UserWarning: You have an incompatible version of 'pyarrow' installed (3.0.0), please install a version that adheres to: 'pyarrow<5.1.0,>=5.0.0; extra == "pandas"'
[2021-12-23 14:18:03,471] {logging_mixin.py:109} INFO - [2021-12-23 14:18:03,470] {dag.py:1833} INFO - Sync 1 DAGs
[2021-12-23 14:18:03,479] {logging_mixin.py:109} INFO - [2021-12-23 14:18:03,478] {dag.py:1852} INFO - Creating ORM DAG for example_trigger_target_dag
[2021-12-23 14:18:03,485] {logging_mixin.py:109} INFO - [2021-12-23 14:18:03,485] {dag.py:2306} INFO - Setting next_dagrun for example_trigger_target_dag to None
[2021-12-23 14:18:03,497] {processor.py:170} INFO - Processing /home/airflow/.local/lib/python3.8/site-packages/airflow/example_dags/example_trigger_target_dag.py took 2.749 seconds
[2021-12-23 14:18:33,889] {processor.py:162} INFO - Started process (PID=335) to work on /home/airflow/.local/lib/python3.8/site-packages/airflow/example_dags/example_trigger_target_dag.py
[2021-12-23 14:18:33,895] {processor.py:613} INFO - Processing file /home/airflow/.local/lib/python3.8/site-packages/airflow/example_dags/example_trigger_target_dag.py for tasks to queue
[2021-12-23 14:18:33,899] {logging_mixin.py:109} INFO - [2021-12-23 14:18:33,899] {dagbag.py:496} INFO - Filling up the DagBag from /home/airflow/.local/lib/python3.8/site-packages/airflow/example_dags/example_trigger_target_dag.py
[2021-12-23 14:18:33,946] {processor.py:623} INFO - DAG(s) dict_keys(['example_trigger_target_dag']) retrieved from /home/airflow/.local/lib/python3.8/site-packages/airflow/example_dags/example_trigger_target_dag.py
[2021-12-23 14:18:33,989] {logging_mixin.py:109} INFO - [2021-12-23 14:18:33,989] {dag.py:1833} INFO - Sync 1 DAGs
[2021-12-23 14:18:34,009] {logging_mixin.py:109} INFO - [2021-12-23 14:18:34,008] {dag.py:2306} INFO - Setting next_dagrun for example_trigger_target_dag to None
[2021-12-23 14:18:34,029] {processor.py:170} INFO - Processing /home/airflow/.local/lib/python3.8/site-packages/airflow/example_dags/example_trigger_target_dag.py took 0.150 seconds
[2021-12-23 14:19:04,396] {processor.py:162} INFO - Started process (PID=393) to work on /home/airflow/.local/lib/python3.8/site-packages/airflow/example_dags/example_trigger_target_dag.py
[2021-12-23 14:19:04,398] {processor.py:613} INFO - Processing file /home/airflow/.local/lib/python3.8/site-packages/airflow/example_dags/example_trigger_target_dag.py for tasks to queue
[2021-12-23 14:19:04,400] {logging_mixin.py:109} INFO - [2021-12-23 14:19:04,400] {dagbag.py:496} INFO - Filling up the DagBag from /home/airflow/.local/lib/python3.8/site-packages/airflow/example_dags/example_trigger_target_dag.py
[2021-12-23 14:19:04,418] {processor.py:623} INFO - DAG(s) dict_keys(['example_trigger_target_dag']) retrieved from /home/airflow/.local/lib/python3.8/site-packages/airflow/example_dags/example_trigger_target_dag.py
[2021-12-23 14:19:04,448] {logging_mixin.py:109} INFO - [2021-12-23 14:19:04,447] {dag.py:1833} INFO - Sync 1 DAGs
[2021-12-23 14:19:04,465] {logging_mixin.py:109} INFO - [2021-12-23 14:19:04,465] {dag.py:2306} INFO - Setting next_dagrun for example_trigger_target_dag to None
[2021-12-23 14:19:04,478] {processor.py:170} INFO - Processing /home/airflow/.local/lib/python3.8/site-packages/airflow/example_dags/example_trigger_target_dag.py took 0.088 seconds
