[2021-12-23 14:18:03,570] {processor.py:162} INFO - Started process (PID=133) to work on /home/airflow/.local/lib/python3.8/site-packages/airflow/example_dags/example_branch_datetime_operator.py
[2021-12-23 14:18:03,572] {processor.py:613} INFO - Processing file /home/airflow/.local/lib/python3.8/site-packages/airflow/example_dags/example_branch_datetime_operator.py for tasks to queue
[2021-12-23 14:18:03,574] {logging_mixin.py:109} INFO - [2021-12-23 14:18:03,574] {dagbag.py:496} INFO - Filling up the DagBag from /home/airflow/.local/lib/python3.8/site-packages/airflow/example_dags/example_branch_datetime_operator.py
[2021-12-23 14:18:03,598] {processor.py:623} INFO - DAG(s) dict_keys(['example_branch_datetime_operator_2']) retrieved from /home/airflow/.local/lib/python3.8/site-packages/airflow/example_dags/example_branch_datetime_operator.py
[2021-12-23 14:18:06,036] {logging_mixin.py:109} WARNING - /home/airflow/.local/lib/python3.8/site-packages/snowflake/connector/options.py:94 UserWarning: You have an incompatible version of 'pyarrow' installed (3.0.0), please install a version that adheres to: 'pyarrow<5.1.0,>=5.0.0; extra == "pandas"'
[2021-12-23 14:18:06,304] {logging_mixin.py:109} INFO - [2021-12-23 14:18:06,304] {dag.py:1833} INFO - Sync 1 DAGs
[2021-12-23 14:18:06,313] {logging_mixin.py:109} INFO - [2021-12-23 14:18:06,313] {dag.py:1852} INFO - Creating ORM DAG for example_branch_datetime_operator_2
[2021-12-23 14:18:06,324] {logging_mixin.py:109} INFO - [2021-12-23 14:18:06,324] {dag.py:2306} INFO - Setting next_dagrun for example_branch_datetime_operator_2 to 2021-12-21 00:00:00+00:00
[2021-12-23 14:18:06,338] {processor.py:170} INFO - Processing /home/airflow/.local/lib/python3.8/site-packages/airflow/example_dags/example_branch_datetime_operator.py took 2.773 seconds
[2021-12-23 14:18:37,080] {processor.py:162} INFO - Started process (PID=337) to work on /home/airflow/.local/lib/python3.8/site-packages/airflow/example_dags/example_branch_datetime_operator.py
[2021-12-23 14:18:37,083] {processor.py:613} INFO - Processing file /home/airflow/.local/lib/python3.8/site-packages/airflow/example_dags/example_branch_datetime_operator.py for tasks to queue
[2021-12-23 14:18:37,084] {logging_mixin.py:109} INFO - [2021-12-23 14:18:37,084] {dagbag.py:496} INFO - Filling up the DagBag from /home/airflow/.local/lib/python3.8/site-packages/airflow/example_dags/example_branch_datetime_operator.py
[2021-12-23 14:18:37,098] {processor.py:623} INFO - DAG(s) dict_keys(['example_branch_datetime_operator_2']) retrieved from /home/airflow/.local/lib/python3.8/site-packages/airflow/example_dags/example_branch_datetime_operator.py
[2021-12-23 14:18:37,132] {logging_mixin.py:109} INFO - [2021-12-23 14:18:37,131] {dag.py:1833} INFO - Sync 1 DAGs
[2021-12-23 14:18:37,156] {logging_mixin.py:109} INFO - [2021-12-23 14:18:37,155] {dag.py:2306} INFO - Setting next_dagrun for example_branch_datetime_operator_2 to 2021-12-21 00:00:00+00:00
[2021-12-23 14:18:37,168] {processor.py:170} INFO - Processing /home/airflow/.local/lib/python3.8/site-packages/airflow/example_dags/example_branch_datetime_operator.py took 0.092 seconds
[2021-12-23 14:19:07,509] {processor.py:162} INFO - Started process (PID=395) to work on /home/airflow/.local/lib/python3.8/site-packages/airflow/example_dags/example_branch_datetime_operator.py
[2021-12-23 14:19:07,511] {processor.py:613} INFO - Processing file /home/airflow/.local/lib/python3.8/site-packages/airflow/example_dags/example_branch_datetime_operator.py for tasks to queue
[2021-12-23 14:19:07,512] {logging_mixin.py:109} INFO - [2021-12-23 14:19:07,512] {dagbag.py:496} INFO - Filling up the DagBag from /home/airflow/.local/lib/python3.8/site-packages/airflow/example_dags/example_branch_datetime_operator.py
[2021-12-23 14:19:07,526] {processor.py:623} INFO - DAG(s) dict_keys(['example_branch_datetime_operator_2']) retrieved from /home/airflow/.local/lib/python3.8/site-packages/airflow/example_dags/example_branch_datetime_operator.py
[2021-12-23 14:19:07,547] {logging_mixin.py:109} INFO - [2021-12-23 14:19:07,547] {dag.py:1833} INFO - Sync 1 DAGs
[2021-12-23 14:19:07,564] {logging_mixin.py:109} INFO - [2021-12-23 14:19:07,564] {dag.py:2306} INFO - Setting next_dagrun for example_branch_datetime_operator_2 to 2021-12-21 00:00:00+00:00
[2021-12-23 14:19:07,574] {processor.py:170} INFO - Processing /home/airflow/.local/lib/python3.8/site-packages/airflow/example_dags/example_branch_datetime_operator.py took 0.068 seconds
