[2021-12-23 14:17:53,986] {processor.py:162} INFO - Started process (PID=83) to work on /home/airflow/.local/lib/python3.8/site-packages/airflow/example_dags/example_task_group_decorator.py
[2021-12-23 14:17:53,993] {processor.py:613} INFO - Processing file /home/airflow/.local/lib/python3.8/site-packages/airflow/example_dags/example_task_group_decorator.py for tasks to queue
[2021-12-23 14:17:53,998] {logging_mixin.py:109} INFO - [2021-12-23 14:17:53,997] {dagbag.py:496} INFO - Filling up the DagBag from /home/airflow/.local/lib/python3.8/site-packages/airflow/example_dags/example_task_group_decorator.py
[2021-12-23 14:17:54,041] {processor.py:623} INFO - DAG(s) dict_keys(['example_task_group_decorator']) retrieved from /home/airflow/.local/lib/python3.8/site-packages/airflow/example_dags/example_task_group_decorator.py
[2021-12-23 14:17:57,738] {logging_mixin.py:109} WARNING - /home/airflow/.local/lib/python3.8/site-packages/snowflake/connector/options.py:94 UserWarning: You have an incompatible version of 'pyarrow' installed (3.0.0), please install a version that adheres to: 'pyarrow<5.1.0,>=5.0.0; extra == "pandas"'
[2021-12-23 14:17:57,968] {logging_mixin.py:109} INFO - [2021-12-23 14:17:57,968] {dag.py:1833} INFO - Sync 1 DAGs
[2021-12-23 14:17:57,975] {logging_mixin.py:109} INFO - [2021-12-23 14:17:57,975] {dag.py:1852} INFO - Creating ORM DAG for example_task_group_decorator
[2021-12-23 14:17:57,981] {logging_mixin.py:109} INFO - [2021-12-23 14:17:57,981] {dag.py:2306} INFO - Setting next_dagrun for example_task_group_decorator to 2021-12-21 00:00:00+00:00
[2021-12-23 14:17:57,990] {processor.py:170} INFO - Processing /home/airflow/.local/lib/python3.8/site-packages/airflow/example_dags/example_task_group_decorator.py took 4.013 seconds
[2021-12-23 14:18:29,095] {processor.py:162} INFO - Started process (PID=328) to work on /home/airflow/.local/lib/python3.8/site-packages/airflow/example_dags/example_task_group_decorator.py
[2021-12-23 14:18:29,097] {processor.py:613} INFO - Processing file /home/airflow/.local/lib/python3.8/site-packages/airflow/example_dags/example_task_group_decorator.py for tasks to queue
[2021-12-23 14:18:29,099] {logging_mixin.py:109} INFO - [2021-12-23 14:18:29,099] {dagbag.py:496} INFO - Filling up the DagBag from /home/airflow/.local/lib/python3.8/site-packages/airflow/example_dags/example_task_group_decorator.py
[2021-12-23 14:18:29,126] {processor.py:623} INFO - DAG(s) dict_keys(['example_task_group_decorator']) retrieved from /home/airflow/.local/lib/python3.8/site-packages/airflow/example_dags/example_task_group_decorator.py
[2021-12-23 14:18:29,355] {logging_mixin.py:109} INFO - [2021-12-23 14:18:29,355] {dag.py:1833} INFO - Sync 1 DAGs
[2021-12-23 14:18:29,368] {logging_mixin.py:109} INFO - [2021-12-23 14:18:29,368] {dag.py:2306} INFO - Setting next_dagrun for example_task_group_decorator to 2021-12-21 00:00:00+00:00
[2021-12-23 14:18:29,381] {processor.py:170} INFO - Processing /home/airflow/.local/lib/python3.8/site-packages/airflow/example_dags/example_task_group_decorator.py took 0.289 seconds
[2021-12-23 14:19:00,161] {processor.py:162} INFO - Started process (PID=378) to work on /home/airflow/.local/lib/python3.8/site-packages/airflow/example_dags/example_task_group_decorator.py
[2021-12-23 14:19:00,164] {processor.py:613} INFO - Processing file /home/airflow/.local/lib/python3.8/site-packages/airflow/example_dags/example_task_group_decorator.py for tasks to queue
[2021-12-23 14:19:00,165] {logging_mixin.py:109} INFO - [2021-12-23 14:19:00,165] {dagbag.py:496} INFO - Filling up the DagBag from /home/airflow/.local/lib/python3.8/site-packages/airflow/example_dags/example_task_group_decorator.py
[2021-12-23 14:19:00,193] {processor.py:623} INFO - DAG(s) dict_keys(['example_task_group_decorator']) retrieved from /home/airflow/.local/lib/python3.8/site-packages/airflow/example_dags/example_task_group_decorator.py
[2021-12-23 14:19:00,399] {logging_mixin.py:109} INFO - [2021-12-23 14:19:00,399] {dag.py:1833} INFO - Sync 1 DAGs
[2021-12-23 14:19:00,410] {logging_mixin.py:109} INFO - [2021-12-23 14:19:00,410] {dag.py:2306} INFO - Setting next_dagrun for example_task_group_decorator to 2021-12-21 00:00:00+00:00
[2021-12-23 14:19:00,421] {processor.py:170} INFO - Processing /home/airflow/.local/lib/python3.8/site-packages/airflow/example_dags/example_task_group_decorator.py took 0.264 seconds
