[2021-12-23 14:18:11,295] {processor.py:162} INFO - Started process (PID=190) to work on /home/airflow/.local/lib/python3.8/site-packages/airflow/example_dags/example_branch_python_dop_operator_3.py
[2021-12-23 14:18:11,297] {processor.py:613} INFO - Processing file /home/airflow/.local/lib/python3.8/site-packages/airflow/example_dags/example_branch_python_dop_operator_3.py for tasks to queue
[2021-12-23 14:18:11,299] {logging_mixin.py:109} INFO - [2021-12-23 14:18:11,299] {dagbag.py:496} INFO - Filling up the DagBag from /home/airflow/.local/lib/python3.8/site-packages/airflow/example_dags/example_branch_python_dop_operator_3.py
[2021-12-23 14:18:11,316] {processor.py:623} INFO - DAG(s) dict_keys(['example_branch_dop_operator_v3']) retrieved from /home/airflow/.local/lib/python3.8/site-packages/airflow/example_dags/example_branch_python_dop_operator_3.py
[2021-12-23 14:18:13,325] {logging_mixin.py:109} WARNING - /home/airflow/.local/lib/python3.8/site-packages/snowflake/connector/options.py:94 UserWarning: You have an incompatible version of 'pyarrow' installed (3.0.0), please install a version that adheres to: 'pyarrow<5.1.0,>=5.0.0; extra == "pandas"'
[2021-12-23 14:18:13,529] {logging_mixin.py:109} INFO - [2021-12-23 14:18:13,528] {dag.py:1833} INFO - Sync 1 DAGs
[2021-12-23 14:18:13,537] {logging_mixin.py:109} INFO - [2021-12-23 14:18:13,536] {dag.py:1852} INFO - Creating ORM DAG for example_branch_dop_operator_v3
[2021-12-23 14:18:13,555] {logging_mixin.py:109} INFO - [2021-12-23 14:18:13,555] {dag.py:2306} INFO - Setting next_dagrun for example_branch_dop_operator_v3 to 2021-12-21 00:00:00+00:00
[2021-12-23 14:18:13,570] {processor.py:170} INFO - Processing /home/airflow/.local/lib/python3.8/site-packages/airflow/example_dags/example_branch_python_dop_operator_3.py took 2.282 seconds
[2021-12-23 14:18:44,437] {processor.py:162} INFO - Started process (PID=351) to work on /home/airflow/.local/lib/python3.8/site-packages/airflow/example_dags/example_branch_python_dop_operator_3.py
[2021-12-23 14:18:44,439] {processor.py:613} INFO - Processing file /home/airflow/.local/lib/python3.8/site-packages/airflow/example_dags/example_branch_python_dop_operator_3.py for tasks to queue
[2021-12-23 14:18:44,440] {logging_mixin.py:109} INFO - [2021-12-23 14:18:44,440] {dagbag.py:496} INFO - Filling up the DagBag from /home/airflow/.local/lib/python3.8/site-packages/airflow/example_dags/example_branch_python_dop_operator_3.py
[2021-12-23 14:18:44,456] {processor.py:623} INFO - DAG(s) dict_keys(['example_branch_dop_operator_v3']) retrieved from /home/airflow/.local/lib/python3.8/site-packages/airflow/example_dags/example_branch_python_dop_operator_3.py
[2021-12-23 14:18:44,481] {logging_mixin.py:109} INFO - [2021-12-23 14:18:44,481] {dag.py:1833} INFO - Sync 1 DAGs
[2021-12-23 14:18:44,510] {logging_mixin.py:109} INFO - [2021-12-23 14:18:44,510] {dag.py:2306} INFO - Setting next_dagrun for example_branch_dop_operator_v3 to 2021-12-21 00:00:00+00:00
[2021-12-23 14:18:44,522] {processor.py:170} INFO - Processing /home/airflow/.local/lib/python3.8/site-packages/airflow/example_dags/example_branch_python_dop_operator_3.py took 0.089 seconds
[2021-12-23 14:19:14,978] {processor.py:162} INFO - Started process (PID=401) to work on /home/airflow/.local/lib/python3.8/site-packages/airflow/example_dags/example_branch_python_dop_operator_3.py
[2021-12-23 14:19:14,980] {processor.py:613} INFO - Processing file /home/airflow/.local/lib/python3.8/site-packages/airflow/example_dags/example_branch_python_dop_operator_3.py for tasks to queue
[2021-12-23 14:19:14,981] {logging_mixin.py:109} INFO - [2021-12-23 14:19:14,981] {dagbag.py:496} INFO - Filling up the DagBag from /home/airflow/.local/lib/python3.8/site-packages/airflow/example_dags/example_branch_python_dop_operator_3.py
[2021-12-23 14:19:14,996] {processor.py:623} INFO - DAG(s) dict_keys(['example_branch_dop_operator_v3']) retrieved from /home/airflow/.local/lib/python3.8/site-packages/airflow/example_dags/example_branch_python_dop_operator_3.py
[2021-12-23 14:19:15,017] {logging_mixin.py:109} INFO - [2021-12-23 14:19:15,017] {dag.py:1833} INFO - Sync 1 DAGs
[2021-12-23 14:19:15,040] {logging_mixin.py:109} INFO - [2021-12-23 14:19:15,040] {dag.py:2306} INFO - Setting next_dagrun for example_branch_dop_operator_v3 to 2021-12-21 00:00:00+00:00
[2021-12-23 14:19:15,051] {processor.py:170} INFO - Processing /home/airflow/.local/lib/python3.8/site-packages/airflow/example_dags/example_branch_python_dop_operator_3.py took 0.076 seconds
