[2021-12-23 14:17:54,235] {processor.py:162} INFO - Started process (PID=85) to work on /home/airflow/.local/lib/python3.8/site-packages/airflow/example_dags/example_xcom.py
[2021-12-23 14:17:54,237] {processor.py:613} INFO - Processing file /home/airflow/.local/lib/python3.8/site-packages/airflow/example_dags/example_xcom.py for tasks to queue
[2021-12-23 14:17:54,239] {logging_mixin.py:109} INFO - [2021-12-23 14:17:54,239] {dagbag.py:496} INFO - Filling up the DagBag from /home/airflow/.local/lib/python3.8/site-packages/airflow/example_dags/example_xcom.py
[2021-12-23 14:17:54,255] {processor.py:623} INFO - DAG(s) dict_keys(['example_xcom']) retrieved from /home/airflow/.local/lib/python3.8/site-packages/airflow/example_dags/example_xcom.py
[2021-12-23 14:17:57,808] {logging_mixin.py:109} WARNING - /home/airflow/.local/lib/python3.8/site-packages/snowflake/connector/options.py:94 UserWarning: You have an incompatible version of 'pyarrow' installed (3.0.0), please install a version that adheres to: 'pyarrow<5.1.0,>=5.0.0; extra == "pandas"'
[2021-12-23 14:17:58,032] {logging_mixin.py:109} INFO - [2021-12-23 14:17:58,031] {dag.py:1833} INFO - Sync 1 DAGs
[2021-12-23 14:17:58,042] {logging_mixin.py:109} INFO - [2021-12-23 14:17:58,041] {dag.py:1852} INFO - Creating ORM DAG for example_xcom
[2021-12-23 14:17:58,047] {logging_mixin.py:109} INFO - [2021-12-23 14:17:58,047] {dag.py:2306} INFO - Setting next_dagrun for example_xcom to 2021-12-21 00:00:00+00:00
[2021-12-23 14:17:58,060] {processor.py:170} INFO - Processing /home/airflow/.local/lib/python3.8/site-packages/airflow/example_dags/example_xcom.py took 3.830 seconds
[2021-12-23 14:18:29,409] {processor.py:162} INFO - Started process (PID=329) to work on /home/airflow/.local/lib/python3.8/site-packages/airflow/example_dags/example_xcom.py
[2021-12-23 14:18:29,411] {processor.py:613} INFO - Processing file /home/airflow/.local/lib/python3.8/site-packages/airflow/example_dags/example_xcom.py for tasks to queue
[2021-12-23 14:18:29,413] {logging_mixin.py:109} INFO - [2021-12-23 14:18:29,413] {dagbag.py:496} INFO - Filling up the DagBag from /home/airflow/.local/lib/python3.8/site-packages/airflow/example_dags/example_xcom.py
[2021-12-23 14:18:29,426] {processor.py:623} INFO - DAG(s) dict_keys(['example_xcom']) retrieved from /home/airflow/.local/lib/python3.8/site-packages/airflow/example_dags/example_xcom.py
[2021-12-23 14:18:29,453] {logging_mixin.py:109} INFO - [2021-12-23 14:18:29,453] {dag.py:1833} INFO - Sync 1 DAGs
[2021-12-23 14:18:29,467] {logging_mixin.py:109} INFO - [2021-12-23 14:18:29,467] {dag.py:2306} INFO - Setting next_dagrun for example_xcom to 2021-12-21 00:00:00+00:00
[2021-12-23 14:18:29,480] {processor.py:170} INFO - Processing /home/airflow/.local/lib/python3.8/site-packages/airflow/example_dags/example_xcom.py took 0.075 seconds
[2021-12-23 14:19:00,167] {processor.py:162} INFO - Started process (PID=379) to work on /home/airflow/.local/lib/python3.8/site-packages/airflow/example_dags/example_xcom.py
[2021-12-23 14:19:00,170] {processor.py:613} INFO - Processing file /home/airflow/.local/lib/python3.8/site-packages/airflow/example_dags/example_xcom.py for tasks to queue
[2021-12-23 14:19:00,172] {logging_mixin.py:109} INFO - [2021-12-23 14:19:00,171] {dagbag.py:496} INFO - Filling up the DagBag from /home/airflow/.local/lib/python3.8/site-packages/airflow/example_dags/example_xcom.py
[2021-12-23 14:19:00,185] {processor.py:623} INFO - DAG(s) dict_keys(['example_xcom']) retrieved from /home/airflow/.local/lib/python3.8/site-packages/airflow/example_dags/example_xcom.py
[2021-12-23 14:19:00,210] {logging_mixin.py:109} INFO - [2021-12-23 14:19:00,210] {dag.py:1833} INFO - Sync 1 DAGs
[2021-12-23 14:19:00,227] {logging_mixin.py:109} INFO - [2021-12-23 14:19:00,227] {dag.py:2306} INFO - Setting next_dagrun for example_xcom to 2021-12-21 00:00:00+00:00
[2021-12-23 14:19:00,239] {processor.py:170} INFO - Processing /home/airflow/.local/lib/python3.8/site-packages/airflow/example_dags/example_xcom.py took 0.077 seconds
