[2021-12-23 14:18:08,846] {processor.py:162} INFO - Started process (PID=174) to work on /home/airflow/.local/lib/python3.8/site-packages/airflow/example_dags/example_kubernetes_executor_config.py
[2021-12-23 14:18:08,848] {processor.py:613} INFO - Processing file /home/airflow/.local/lib/python3.8/site-packages/airflow/example_dags/example_kubernetes_executor_config.py for tasks to queue
[2021-12-23 14:18:08,849] {logging_mixin.py:109} INFO - [2021-12-23 14:18:08,849] {dagbag.py:496} INFO - Filling up the DagBag from /home/airflow/.local/lib/python3.8/site-packages/airflow/example_dags/example_kubernetes_executor_config.py
[2021-12-23 14:18:08,866] {processor.py:623} INFO - DAG(s) dict_keys(['example_kubernetes_executor_config']) retrieved from /home/airflow/.local/lib/python3.8/site-packages/airflow/example_dags/example_kubernetes_executor_config.py
[2021-12-23 14:18:10,869] {logging_mixin.py:109} WARNING - /home/airflow/.local/lib/python3.8/site-packages/snowflake/connector/options.py:94 UserWarning: You have an incompatible version of 'pyarrow' installed (3.0.0), please install a version that adheres to: 'pyarrow<5.1.0,>=5.0.0; extra == "pandas"'
[2021-12-23 14:18:11,206] {logging_mixin.py:109} INFO - [2021-12-23 14:18:11,205] {dag.py:1833} INFO - Sync 1 DAGs
[2021-12-23 14:18:11,215] {logging_mixin.py:109} INFO - [2021-12-23 14:18:11,214] {dag.py:1852} INFO - Creating ORM DAG for example_kubernetes_executor_config
[2021-12-23 14:18:11,222] {logging_mixin.py:109} INFO - [2021-12-23 14:18:11,222] {dag.py:2306} INFO - Setting next_dagrun for example_kubernetes_executor_config to None
[2021-12-23 14:18:11,237] {processor.py:170} INFO - Processing /home/airflow/.local/lib/python3.8/site-packages/airflow/example_dags/example_kubernetes_executor_config.py took 2.395 seconds
[2021-12-23 14:18:41,311] {processor.py:162} INFO - Started process (PID=349) to work on /home/airflow/.local/lib/python3.8/site-packages/airflow/example_dags/example_kubernetes_executor_config.py
[2021-12-23 14:18:41,313] {processor.py:613} INFO - Processing file /home/airflow/.local/lib/python3.8/site-packages/airflow/example_dags/example_kubernetes_executor_config.py for tasks to queue
[2021-12-23 14:18:41,316] {logging_mixin.py:109} INFO - [2021-12-23 14:18:41,316] {dagbag.py:496} INFO - Filling up the DagBag from /home/airflow/.local/lib/python3.8/site-packages/airflow/example_dags/example_kubernetes_executor_config.py
[2021-12-23 14:18:41,331] {processor.py:623} INFO - DAG(s) dict_keys(['example_kubernetes_executor_config']) retrieved from /home/airflow/.local/lib/python3.8/site-packages/airflow/example_dags/example_kubernetes_executor_config.py
[2021-12-23 14:18:41,360] {logging_mixin.py:109} INFO - [2021-12-23 14:18:41,360] {dag.py:1833} INFO - Sync 1 DAGs
[2021-12-23 14:18:41,376] {logging_mixin.py:109} INFO - [2021-12-23 14:18:41,376] {dag.py:2306} INFO - Setting next_dagrun for example_kubernetes_executor_config to None
[2021-12-23 14:18:41,388] {processor.py:170} INFO - Processing /home/airflow/.local/lib/python3.8/site-packages/airflow/example_dags/example_kubernetes_executor_config.py took 0.081 seconds
[2021-12-23 14:19:11,834] {processor.py:162} INFO - Started process (PID=399) to work on /home/airflow/.local/lib/python3.8/site-packages/airflow/example_dags/example_kubernetes_executor_config.py
[2021-12-23 14:19:11,836] {processor.py:613} INFO - Processing file /home/airflow/.local/lib/python3.8/site-packages/airflow/example_dags/example_kubernetes_executor_config.py for tasks to queue
[2021-12-23 14:19:11,838] {logging_mixin.py:109} INFO - [2021-12-23 14:19:11,837] {dagbag.py:496} INFO - Filling up the DagBag from /home/airflow/.local/lib/python3.8/site-packages/airflow/example_dags/example_kubernetes_executor_config.py
[2021-12-23 14:19:11,852] {processor.py:623} INFO - DAG(s) dict_keys(['example_kubernetes_executor_config']) retrieved from /home/airflow/.local/lib/python3.8/site-packages/airflow/example_dags/example_kubernetes_executor_config.py
[2021-12-23 14:19:11,874] {logging_mixin.py:109} INFO - [2021-12-23 14:19:11,874] {dag.py:1833} INFO - Sync 1 DAGs
[2021-12-23 14:19:11,886] {logging_mixin.py:109} INFO - [2021-12-23 14:19:11,886] {dag.py:2306} INFO - Setting next_dagrun for example_kubernetes_executor_config to None
[2021-12-23 14:19:11,898] {processor.py:170} INFO - Processing /home/airflow/.local/lib/python3.8/site-packages/airflow/example_dags/example_kubernetes_executor_config.py took 0.068 seconds
