[2021-12-23 14:18:08,760] {processor.py:162} INFO - Started process (PID=173) to work on /home/airflow/.local/lib/python3.8/site-packages/airflow/example_dags/example_complex.py
[2021-12-23 14:18:08,762] {processor.py:613} INFO - Processing file /home/airflow/.local/lib/python3.8/site-packages/airflow/example_dags/example_complex.py for tasks to queue
[2021-12-23 14:18:08,763] {logging_mixin.py:109} INFO - [2021-12-23 14:18:08,763] {dagbag.py:496} INFO - Filling up the DagBag from /home/airflow/.local/lib/python3.8/site-packages/airflow/example_dags/example_complex.py
[2021-12-23 14:18:08,786] {processor.py:623} INFO - DAG(s) dict_keys(['example_complex']) retrieved from /home/airflow/.local/lib/python3.8/site-packages/airflow/example_dags/example_complex.py
[2021-12-23 14:18:10,834] {logging_mixin.py:109} WARNING - /home/airflow/.local/lib/python3.8/site-packages/snowflake/connector/options.py:94 UserWarning: You have an incompatible version of 'pyarrow' installed (3.0.0), please install a version that adheres to: 'pyarrow<5.1.0,>=5.0.0; extra == "pandas"'
[2021-12-23 14:18:11,173] {logging_mixin.py:109} INFO - [2021-12-23 14:18:11,172] {dag.py:1833} INFO - Sync 1 DAGs
[2021-12-23 14:18:11,180] {logging_mixin.py:109} INFO - [2021-12-23 14:18:11,179] {dag.py:1852} INFO - Creating ORM DAG for example_complex
[2021-12-23 14:18:11,185] {logging_mixin.py:109} INFO - [2021-12-23 14:18:11,185] {dag.py:2306} INFO - Setting next_dagrun for example_complex to None
[2021-12-23 14:18:11,199] {processor.py:170} INFO - Processing /home/airflow/.local/lib/python3.8/site-packages/airflow/example_dags/example_complex.py took 2.443 seconds
[2021-12-23 14:18:41,308] {processor.py:162} INFO - Started process (PID=348) to work on /home/airflow/.local/lib/python3.8/site-packages/airflow/example_dags/example_complex.py
[2021-12-23 14:18:41,310] {processor.py:613} INFO - Processing file /home/airflow/.local/lib/python3.8/site-packages/airflow/example_dags/example_complex.py for tasks to queue
[2021-12-23 14:18:41,312] {logging_mixin.py:109} INFO - [2021-12-23 14:18:41,311] {dagbag.py:496} INFO - Filling up the DagBag from /home/airflow/.local/lib/python3.8/site-packages/airflow/example_dags/example_complex.py
[2021-12-23 14:18:41,334] {processor.py:623} INFO - DAG(s) dict_keys(['example_complex']) retrieved from /home/airflow/.local/lib/python3.8/site-packages/airflow/example_dags/example_complex.py
[2021-12-23 14:18:41,371] {logging_mixin.py:109} INFO - [2021-12-23 14:18:41,371] {dag.py:1833} INFO - Sync 1 DAGs
[2021-12-23 14:18:41,394] {logging_mixin.py:109} INFO - [2021-12-23 14:18:41,394] {dag.py:2306} INFO - Setting next_dagrun for example_complex to None
[2021-12-23 14:18:41,409] {processor.py:170} INFO - Processing /home/airflow/.local/lib/python3.8/site-packages/airflow/example_dags/example_complex.py took 0.107 seconds
[2021-12-23 14:19:11,829] {processor.py:162} INFO - Started process (PID=398) to work on /home/airflow/.local/lib/python3.8/site-packages/airflow/example_dags/example_complex.py
[2021-12-23 14:19:11,831] {processor.py:613} INFO - Processing file /home/airflow/.local/lib/python3.8/site-packages/airflow/example_dags/example_complex.py for tasks to queue
[2021-12-23 14:19:11,832] {logging_mixin.py:109} INFO - [2021-12-23 14:19:11,832] {dagbag.py:496} INFO - Filling up the DagBag from /home/airflow/.local/lib/python3.8/site-packages/airflow/example_dags/example_complex.py
[2021-12-23 14:19:11,854] {processor.py:623} INFO - DAG(s) dict_keys(['example_complex']) retrieved from /home/airflow/.local/lib/python3.8/site-packages/airflow/example_dags/example_complex.py
[2021-12-23 14:19:11,879] {logging_mixin.py:109} INFO - [2021-12-23 14:19:11,879] {dag.py:1833} INFO - Sync 1 DAGs
[2021-12-23 14:19:11,895] {logging_mixin.py:109} INFO - [2021-12-23 14:19:11,895] {dag.py:2306} INFO - Setting next_dagrun for example_complex to None
[2021-12-23 14:19:11,941] {processor.py:170} INFO - Processing /home/airflow/.local/lib/python3.8/site-packages/airflow/example_dags/example_complex.py took 0.116 seconds
