[2021-12-23 14:18:11,272] {processor.py:162} INFO - Started process (PID=189) to work on /home/airflow/.local/lib/python3.8/site-packages/airflow/example_dags/example_kubernetes_executor.py
[2021-12-23 14:18:11,274] {processor.py:613} INFO - Processing file /home/airflow/.local/lib/python3.8/site-packages/airflow/example_dags/example_kubernetes_executor.py for tasks to queue
[2021-12-23 14:18:11,276] {logging_mixin.py:109} INFO - [2021-12-23 14:18:11,276] {dagbag.py:496} INFO - Filling up the DagBag from /home/airflow/.local/lib/python3.8/site-packages/airflow/example_dags/example_kubernetes_executor.py
[2021-12-23 14:18:11,295] {processor.py:623} INFO - DAG(s) dict_keys(['example_kubernetes_executor']) retrieved from /home/airflow/.local/lib/python3.8/site-packages/airflow/example_dags/example_kubernetes_executor.py
[2021-12-23 14:18:13,313] {logging_mixin.py:109} WARNING - /home/airflow/.local/lib/python3.8/site-packages/snowflake/connector/options.py:94 UserWarning: You have an incompatible version of 'pyarrow' installed (3.0.0), please install a version that adheres to: 'pyarrow<5.1.0,>=5.0.0; extra == "pandas"'
[2021-12-23 14:18:13,524] {logging_mixin.py:109} INFO - [2021-12-23 14:18:13,524] {dag.py:1833} INFO - Sync 1 DAGs
[2021-12-23 14:18:13,532] {logging_mixin.py:109} INFO - [2021-12-23 14:18:13,532] {dag.py:1852} INFO - Creating ORM DAG for example_kubernetes_executor
[2021-12-23 14:18:13,538] {logging_mixin.py:109} INFO - [2021-12-23 14:18:13,538] {dag.py:2306} INFO - Setting next_dagrun for example_kubernetes_executor to None
[2021-12-23 14:18:13,550] {processor.py:170} INFO - Processing /home/airflow/.local/lib/python3.8/site-packages/airflow/example_dags/example_kubernetes_executor.py took 2.282 seconds
[2021-12-23 14:18:44,433] {processor.py:162} INFO - Started process (PID=350) to work on /home/airflow/.local/lib/python3.8/site-packages/airflow/example_dags/example_kubernetes_executor.py
[2021-12-23 14:18:44,436] {processor.py:613} INFO - Processing file /home/airflow/.local/lib/python3.8/site-packages/airflow/example_dags/example_kubernetes_executor.py for tasks to queue
[2021-12-23 14:18:44,437] {logging_mixin.py:109} INFO - [2021-12-23 14:18:44,437] {dagbag.py:496} INFO - Filling up the DagBag from /home/airflow/.local/lib/python3.8/site-packages/airflow/example_dags/example_kubernetes_executor.py
[2021-12-23 14:18:44,451] {processor.py:623} INFO - DAG(s) dict_keys(['example_kubernetes_executor']) retrieved from /home/airflow/.local/lib/python3.8/site-packages/airflow/example_dags/example_kubernetes_executor.py
[2021-12-23 14:18:44,475] {logging_mixin.py:109} INFO - [2021-12-23 14:18:44,475] {dag.py:1833} INFO - Sync 1 DAGs
[2021-12-23 14:18:44,490] {logging_mixin.py:109} INFO - [2021-12-23 14:18:44,490] {dag.py:2306} INFO - Setting next_dagrun for example_kubernetes_executor to None
[2021-12-23 14:18:44,502] {processor.py:170} INFO - Processing /home/airflow/.local/lib/python3.8/site-packages/airflow/example_dags/example_kubernetes_executor.py took 0.073 seconds
[2021-12-23 14:19:14,976] {processor.py:162} INFO - Started process (PID=400) to work on /home/airflow/.local/lib/python3.8/site-packages/airflow/example_dags/example_kubernetes_executor.py
[2021-12-23 14:19:14,980] {processor.py:613} INFO - Processing file /home/airflow/.local/lib/python3.8/site-packages/airflow/example_dags/example_kubernetes_executor.py for tasks to queue
[2021-12-23 14:19:14,981] {logging_mixin.py:109} INFO - [2021-12-23 14:19:14,981] {dagbag.py:496} INFO - Filling up the DagBag from /home/airflow/.local/lib/python3.8/site-packages/airflow/example_dags/example_kubernetes_executor.py
[2021-12-23 14:19:14,995] {processor.py:623} INFO - DAG(s) dict_keys(['example_kubernetes_executor']) retrieved from /home/airflow/.local/lib/python3.8/site-packages/airflow/example_dags/example_kubernetes_executor.py
[2021-12-23 14:19:15,018] {logging_mixin.py:109} INFO - [2021-12-23 14:19:15,017] {dag.py:1833} INFO - Sync 1 DAGs
[2021-12-23 14:19:15,031] {logging_mixin.py:109} INFO - [2021-12-23 14:19:15,031] {dag.py:2306} INFO - Setting next_dagrun for example_kubernetes_executor to None
[2021-12-23 14:19:15,042] {processor.py:170} INFO - Processing /home/airflow/.local/lib/python3.8/site-packages/airflow/example_dags/example_kubernetes_executor.py took 0.070 seconds
