[2021-12-23 14:17:25,339] {processor.py:162} INFO - Started process (PID=52) to work on /home/airflow/.local/lib/python3.8/site-packages/airflow/example_dags/example_skip_dag.py
[2021-12-23 14:17:25,341] {processor.py:613} INFO - Processing file /home/airflow/.local/lib/python3.8/site-packages/airflow/example_dags/example_skip_dag.py for tasks to queue
[2021-12-23 14:17:25,343] {logging_mixin.py:109} INFO - [2021-12-23 14:17:25,342] {dagbag.py:496} INFO - Filling up the DagBag from /home/airflow/.local/lib/python3.8/site-packages/airflow/example_dags/example_skip_dag.py
[2021-12-23 14:17:25,378] {processor.py:623} INFO - DAG(s) dict_keys(['example_skip_dag']) retrieved from /home/airflow/.local/lib/python3.8/site-packages/airflow/example_dags/example_skip_dag.py
[2021-12-23 14:17:27,988] {logging_mixin.py:109} INFO - [2021-12-23 14:17:27,988] {process_utils.py:207} INFO - Waiting up to 5 seconds for processes to exit...
[2021-12-23 14:17:44,248] {processor.py:162} INFO - Started process (PID=43) to work on /home/airflow/.local/lib/python3.8/site-packages/airflow/example_dags/example_skip_dag.py
[2021-12-23 14:17:44,250] {processor.py:613} INFO - Processing file /home/airflow/.local/lib/python3.8/site-packages/airflow/example_dags/example_skip_dag.py for tasks to queue
[2021-12-23 14:17:44,251] {logging_mixin.py:109} INFO - [2021-12-23 14:17:44,251] {dagbag.py:496} INFO - Filling up the DagBag from /home/airflow/.local/lib/python3.8/site-packages/airflow/example_dags/example_skip_dag.py
[2021-12-23 14:17:44,263] {processor.py:623} INFO - DAG(s) dict_keys(['example_skip_dag']) retrieved from /home/airflow/.local/lib/python3.8/site-packages/airflow/example_dags/example_skip_dag.py
[2021-12-23 14:17:48,291] {logging_mixin.py:109} WARNING - /home/airflow/.local/lib/python3.8/site-packages/azure/cosmos/session.py:186 SyntaxWarning: "is not" with a literal. Did you mean "!="?
[2021-12-23 14:17:48,352] {logging_mixin.py:109} WARNING - /home/airflow/.local/lib/python3.8/site-packages/azure/storage/common/_connection.py:82 SyntaxWarning: "is" with a literal. Did you mean "=="?
[2021-12-23 14:17:49,341] {logging_mixin.py:109} WARNING - /home/airflow/.local/lib/python3.8/site-packages/snowflake/connector/options.py:94 UserWarning: You have an incompatible version of 'pyarrow' installed (3.0.0), please install a version that adheres to: 'pyarrow<5.1.0,>=5.0.0; extra == "pandas"'
[2021-12-23 14:17:49,656] {logging_mixin.py:109} INFO - [2021-12-23 14:17:49,655] {dag.py:1833} INFO - Sync 1 DAGs
[2021-12-23 14:17:49,679] {logging_mixin.py:109} INFO - [2021-12-23 14:17:49,678] {dag.py:1852} INFO - Creating ORM DAG for example_skip_dag
[2021-12-23 14:17:49,689] {logging_mixin.py:109} INFO - [2021-12-23 14:17:49,689] {dag.py:2306} INFO - Setting next_dagrun for example_skip_dag to 2021-12-21 00:00:00+00:00
[2021-12-23 14:17:49,702] {processor.py:170} INFO - Processing /home/airflow/.local/lib/python3.8/site-packages/airflow/example_dags/example_skip_dag.py took 5.478 seconds
[2021-12-23 14:18:28,630] {processor.py:162} INFO - Started process (PID=325) to work on /home/airflow/.local/lib/python3.8/site-packages/airflow/example_dags/example_skip_dag.py
[2021-12-23 14:18:28,632] {processor.py:613} INFO - Processing file /home/airflow/.local/lib/python3.8/site-packages/airflow/example_dags/example_skip_dag.py for tasks to queue
[2021-12-23 14:18:28,634] {logging_mixin.py:109} INFO - [2021-12-23 14:18:28,633] {dagbag.py:496} INFO - Filling up the DagBag from /home/airflow/.local/lib/python3.8/site-packages/airflow/example_dags/example_skip_dag.py
[2021-12-23 14:18:28,647] {processor.py:623} INFO - DAG(s) dict_keys(['example_skip_dag']) retrieved from /home/airflow/.local/lib/python3.8/site-packages/airflow/example_dags/example_skip_dag.py
[2021-12-23 14:18:28,679] {logging_mixin.py:109} INFO - [2021-12-23 14:18:28,679] {dag.py:1833} INFO - Sync 1 DAGs
[2021-12-23 14:18:28,695] {logging_mixin.py:109} INFO - [2021-12-23 14:18:28,695] {dag.py:2306} INFO - Setting next_dagrun for example_skip_dag to 2021-12-21 00:00:00+00:00
[2021-12-23 14:18:28,706] {processor.py:170} INFO - Processing /home/airflow/.local/lib/python3.8/site-packages/airflow/example_dags/example_skip_dag.py took 0.080 seconds
[2021-12-23 14:18:58,938] {processor.py:162} INFO - Started process (PID=375) to work on /home/airflow/.local/lib/python3.8/site-packages/airflow/example_dags/example_skip_dag.py
[2021-12-23 14:18:58,941] {processor.py:613} INFO - Processing file /home/airflow/.local/lib/python3.8/site-packages/airflow/example_dags/example_skip_dag.py for tasks to queue
[2021-12-23 14:18:58,944] {logging_mixin.py:109} INFO - [2021-12-23 14:18:58,944] {dagbag.py:496} INFO - Filling up the DagBag from /home/airflow/.local/lib/python3.8/site-packages/airflow/example_dags/example_skip_dag.py
[2021-12-23 14:18:58,962] {processor.py:623} INFO - DAG(s) dict_keys(['example_skip_dag']) retrieved from /home/airflow/.local/lib/python3.8/site-packages/airflow/example_dags/example_skip_dag.py
[2021-12-23 14:18:58,991] {logging_mixin.py:109} INFO - [2021-12-23 14:18:58,991] {dag.py:1833} INFO - Sync 1 DAGs
[2021-12-23 14:18:59,014] {logging_mixin.py:109} INFO - [2021-12-23 14:18:59,014] {dag.py:2306} INFO - Setting next_dagrun for example_skip_dag to 2021-12-21 00:00:00+00:00
[2021-12-23 14:18:59,029] {processor.py:170} INFO - Processing /home/airflow/.local/lib/python3.8/site-packages/airflow/example_dags/example_skip_dag.py took 0.095 seconds
