[2021-12-12 08:41:57,714] {taskinstance.py:903} INFO - Dependencies all met for <TaskInstance: datahub_lineage_backend_demo.run_data_task 2021-12-12T08:41:55.148792+00:00 [queued]>
[2021-12-12 08:41:57,783] {taskinstance.py:903} INFO - Dependencies all met for <TaskInstance: datahub_lineage_backend_demo.run_data_task 2021-12-12T08:41:55.148792+00:00 [queued]>
[2021-12-12 08:41:57,794] {taskinstance.py:1094} INFO - 
--------------------------------------------------------------------------------
[2021-12-12 08:41:57,798] {taskinstance.py:1095} INFO - Starting attempt 1 of 1
[2021-12-12 08:41:57,800] {taskinstance.py:1096} INFO - 
--------------------------------------------------------------------------------
[2021-12-12 08:41:57,836] {taskinstance.py:1114} INFO - Executing <Task(BashOperator): run_data_task> on 2021-12-12T08:41:55.148792+00:00
[2021-12-12 08:41:57,858] {standard_task_runner.py:52} INFO - Started process 299 to run task
[2021-12-12 08:41:57,880] {standard_task_runner.py:76} INFO - Running: ['***', 'tasks', 'run', 'datahub_lineage_backend_demo', 'run_data_task', '2021-12-12T08:41:55.148792+00:00', '--job-id', '4', '--pool', 'default_pool', '--raw', '--subdir', 'DAGS_FOLDER/lineage_backend_demo.py', '--cfg-path', '/tmp/tmpowrwb58f', '--error-file', '/tmp/tmpv3e8w9wp']
[2021-12-12 08:41:57,889] {standard_task_runner.py:77} INFO - Job 4: Subtask run_data_task
[2021-12-12 08:41:58,037] {logging_mixin.py:109} INFO - Running <TaskInstance: datahub_lineage_backend_demo.run_data_task 2021-12-12T08:41:55.148792+00:00 [running]> on host 6effc0683d2b
[2021-12-12 08:41:58,150] {taskinstance.py:1251} INFO - Exporting the following env vars:
AIRFLOW_CTX_DAG_EMAIL=jdoe@example.com
AIRFLOW_CTX_DAG_OWNER=***
AIRFLOW_CTX_DAG_ID=datahub_lineage_backend_demo
AIRFLOW_CTX_TASK_ID=run_data_task
AIRFLOW_CTX_EXECUTION_DATE=2021-12-12T08:41:55.148792+00:00
AIRFLOW_CTX_DAG_RUN_ID=manual__2021-12-12T08:41:55.148792+00:00
[2021-12-12 08:41:58,169] {subprocess.py:52} INFO - Tmp dir root location: 
 /tmp
[2021-12-12 08:41:58,182] {subprocess.py:63} INFO - Running command: ['bash', '-c', "echo 'This is where you might run your data tooling.'"]
[2021-12-12 08:41:58,214] {subprocess.py:74} INFO - Output:
[2021-12-12 08:41:58,216] {subprocess.py:78} INFO - This is where you might run your data tooling.
[2021-12-12 08:41:58,217] {subprocess.py:82} INFO - Command exited with return code 0
[2021-12-12 08:41:58,321] {_lineage_core.py:295} INFO - DataHub lineage backend - emitting metadata:
{"auditHeader": null, "proposedSnapshot": {"com.linkedin.pegasus2avro.metadata.snapshot.DataFlowSnapshot": {"urn": "urn:li:dataFlow:(***,datahub_lineage_backend_demo,prod)", "aspects": [{"com.linkedin.pegasus2avro.datajob.DataFlowInfo": {"customProperties": {"fileloc": "'/opt/***/dags/lineage_backend_demo.py'", "tags": "['example_tag']", "catchup": "False", "start_date": "1639094400.0", "timezone": "'UTC'", "is_paused_upon_creation": "None", "_concurrency": "16", "_access_control": "None", "_default_view": "'tree'"}, "externalUrl": "http://localhost:8080/tree?dag_id=datahub_lineage_backend_demo", "name": "datahub_lineage_backend_demo", "description": "An example DAG demonstrating the usage of DataHub's Airflow lineage backend.\n\n", "project": null}}, {"com.linkedin.pegasus2avro.common.Ownership": {"owners": [{"owner": "urn:li:corpuser:***", "type": "DEVELOPER", "source": {"type": "SERVICE", "url": "lineage_backend_demo.py"}}], "lastModified": {"time": 1639298515148, "actor": "urn:li:corpuser:***", "impersonator": null}}}, {"com.linkedin.pegasus2avro.common.GlobalTags": {"tags": [{"tag": "urn:li:tag:example_tag"}]}}]}}, "proposedDelta": null, "systemMetadata": null}
{"auditHeader": null, "proposedSnapshot": {"com.linkedin.pegasus2avro.metadata.snapshot.DataJobSnapshot": {"urn": "urn:li:dataJob:(urn:li:dataFlow:(***,datahub_lineage_backend_demo,prod),run_data_task)", "aspects": [{"com.linkedin.pegasus2avro.datajob.DataJobInfo": {"customProperties": {"email": "['jdoe@example.com']", "label": "'run_data_task'", "_downstream_task_ids": "[]", "_outlets": "[{<Encoding.VAR: '__var'>: {'datasets': [\"Dataset(platform='snowflake', name='mydb.schema.tableC', env='PROD')\"]}, <Encoding.TYPE: '__type'>: <DagAttributeTypes.DICT: 'dict'>}]", "task_id": "'run_data_task'", "_inlets": "[{<Encoding.VAR: '__var'>: {'datasets': [\"Dataset(platform='snowflake', name='mydb.schema.tableA', env='PROD')\", \"Dataset(platform='snowflake', name='mydb.schema.tableB', env='PROD')\"]}, <Encoding.TYPE: '__type'>: <DagAttributeTypes.DICT: 'dict'>}]", "execution_timeout": "300.0", "_task_type": "'BashOperator'", "_task_module": "'***.operators.bash'", "end_date": "None", "start_date": "datetime.datetime(2021, 12, 10, 0, 0, tzinfo=Timezone('UTC'))", "depends_on_past": "False", "wait_for_downstream": "False", "sla": "None", "trigger_rule": "'all_success'"}, "externalUrl": "http://localhost:8080/taskinstance/list/?flt1_dag_id_equals=datahub_lineage_backend_demo&_flt_3_task_id=run_data_task", "name": "run_data_task", "description": null, "type": {"string": "COMMAND"}, "flowUrn": null, "status": null}}, {"com.linkedin.pegasus2avro.datajob.DataJobInputOutput": {"inputDatasets": ["urn:li:dataset:(urn:li:dataPlatform:snowflake,mydb.schema.tableA,PROD)", "urn:li:dataset:(urn:li:dataPlatform:snowflake,mydb.schema.tableB,PROD)"], "outputDatasets": ["urn:li:dataset:(urn:li:dataPlatform:snowflake,mydb.schema.tableC,PROD)"], "inputDatajobs": []}}, {"com.linkedin.pegasus2avro.common.Ownership": {"owners": [{"owner": "urn:li:corpuser:***", "type": "DEVELOPER", "source": {"type": "SERVICE", "url": "lineage_backend_demo.py"}}], "lastModified": {"time": 1639298515148, "actor": "urn:li:corpuser:***", "impersonator": null}}}, {"com.linkedin.pegasus2avro.common.GlobalTags": {"tags": [{"tag": "urn:li:tag:example_tag"}]}}]}}, "proposedDelta": null, "systemMetadata": null}
{"auditHeader": null, "proposedSnapshot": {"com.linkedin.pegasus2avro.metadata.snapshot.DatasetSnapshot": {"urn": "urn:li:dataset:(urn:li:dataPlatform:snowflake,mydb.schema.tableA,PROD)", "aspects": [{"com.linkedin.pegasus2avro.common.Status": {"removed": false}}]}}, "proposedDelta": null, "systemMetadata": null}
{"auditHeader": null, "proposedSnapshot": {"com.linkedin.pegasus2avro.metadata.snapshot.DatasetSnapshot": {"urn": "urn:li:dataset:(urn:li:dataPlatform:snowflake,mydb.schema.tableB,PROD)", "aspects": [{"com.linkedin.pegasus2avro.common.Status": {"removed": false}}]}}, "proposedDelta": null, "systemMetadata": null}
{"auditHeader": null, "proposedSnapshot": {"com.linkedin.pegasus2avro.metadata.snapshot.DatasetSnapshot": {"urn": "urn:li:dataset:(urn:li:dataPlatform:snowflake,mydb.schema.tableC,PROD)", "aspects": [{"com.linkedin.pegasus2avro.common.Status": {"removed": false}}]}}, "proposedDelta": null, "systemMetadata": null}
[2021-12-12 08:41:58,345] {base.py:70} INFO - Using connection to: id: datahub_rest_default. Host: http://datahub-gms:8080, Port: None, Schema: None, Login: None, Password: None, extra: {}
[2021-12-12 08:41:58,371] {base.py:70} INFO - Using connection to: id: datahub_rest_default. Host: http://datahub-gms:8080, Port: None, Schema: None, Login: None, Password: None, extra: {}
[2021-12-12 08:41:59,114] {taskinstance.py:1211} INFO - Marking task as SUCCESS. dag_id=datahub_lineage_backend_demo, task_id=run_data_task, execution_date=20211212T084155, start_date=20211212T084157, end_date=20211212T084159
[2021-12-12 08:41:59,188] {local_task_job.py:151} INFO - Task exited with return code 0
[2021-12-12 08:41:59,244] {local_task_job.py:261} INFO - 0 downstream tasks scheduled from follow-on schedule check
